<?xml version="1.0" encoding="utf-8"?>
<TestRun id="27282897-7ed9-43f9-b946-0d6d9cf85dc2" name="mwiemer@CPC-mwiem-JQR2A 2026-09-17 12:50:53" runUser="REDMOND\mwiemer" xmlns="http://microsoft.com/schemas/VisualStudio/TeamTest/2010">
  <Times creation="2026-09-17T12:50:53.2479791-07:00" queuing="2026-09-17T12:50:53.2479791-07:00" start="2026-09-17T12:48:22.0783515-07:00" finish="2026-09-17T13:00:05.1333954-07:00" />
  <TestSettings name="default" id="a235c37e-7ab8-49d6-84df-d705d52b14de">
    <Deployment runDeploymentRoot="mwiemer_CPC-mwiem-JQR2A_2026-09-17_12_50_53" />
  </TestSettings>
  <Results>
    <UnitTestResult executionId="2bd17e75-1c1e-4281-93fe-76f1349c07af" testId="1315110f-f3ba-e50d-5143-86253b5a3a36" testName="Roslyn.VisualStudio.NewIntegrationTests.VisualBasic.BasicArgumentProvider.ImplicitArgumentSwitching (VS18)" computerName="CPC-mwiem-JQR2A" duration="00:00:01.8870000" startTime="2026-09-17T12:56:05.8922789-07:00" endTime="2026-09-17T12:56:09.4037574-07:00" testType="13cdc9d9-ddb5-4fa4-a97d-d965ccfc6d4b" outcome="Passed" testListId="8c84fa94-04c1-424b-9868-57a2d4851a1d" relativeResultsDirectory="2bd17e75-1c1e-4281-93fe-76f1349c07af" />
    <UnitTestResult executionId="81b0a4b8-1eac-451e-850f-ae9b6b9b7688" testId="d2831788-3d3b-3b8a-a018-4e06e757cf51" testName="Roslyn.VisualStudio.NewIntegrationTests.VisualBasic.BasicArgumentProvider.SimpleTabTabCompletion (VS18)" computerName="CPC-mwiem-JQR2A" duration="00:00:01.0540000" startTime="2026-09-17T12:56:16.2482178-07:00" endTime="2026-09-17T12:56:18.8385884-07:00" testType="13cdc9d9-ddb5-4fa4-a97d-d965ccfc6d4b" outcome="Passed" testListId="8c84fa94-04c1-424b-9868-57a2d4851a1d" relativeResultsDirectory="81b0a4b8-1eac-451e-850f-ae9b6b9b7688" />
    <UnitTestResult executionId="751e0550-5d82-4cdd-a77f-5fe037b51947" testId="6079787d-61c8-ac5f-456c-88c013808fa1" testName="Roslyn.VisualStudio.NewIntegrationTests.VisualBasic.BasicGenerateTypeDialog.BasicToCSharp (VS18)" computerName="CPC-mwiem-JQR2A" duration="00:00:06" startTime="2026-09-17T12:52:21.2677895-07:00" endTime="2026-09-17T12:52:28.7489576-07:00" testType="13cdc9d9-ddb5-4fa4-a97d-d965ccfc6d4b" outcome="Passed" testListId="8c84fa94-04c1-424b-9868-57a2d4851a1d" relativeResultsDirectory="751e0550-5d82-4cdd-a77f-5fe037b51947" />
    <UnitTestResult executionId="794677f4-e28a-4948-9af1-a09321f10b0c" testId="47a9ba6c-1447-1dde-89e1-82fe0d7db80d" testName="Roslyn.VisualStudio.NewIntegrationTests.VisualBasic.BasicIntelliSense.TypeAVariableDeclaration (VS18)" computerName="CPC-mwiem-JQR2A" duration="00:00:18.4120000" startTime="2026-09-17T12:51:00.2375616-07:00" endTime="2026-09-17T12:51:19.8833939-07:00" testType="13cdc9d9-ddb5-4fa4-a97d-d965ccfc6d4b" outcome="Passed" testListId="8c84fa94-04c1-424b-9868-57a2d4851a1d" relativeResultsDirectory="794677f4-e28a-4948-9af1-a09321f10b0c" />
    <UnitTestResult executionId="a4280727-6cfb-4f1b-9220-0c153731d729" testId="1d536fe2-93ad-85d2-60fd-7f07c2fca1a6" testName="Roslyn.VisualStudio.NewIntegrationTests.VisualBasic.BasicIntelliSense.DismissAndRetriggerIntelliSenseOnEquals (VS18)" computerName="CPC-mwiem-JQR2A" duration="00:00:02.3500000" startTime="2026-09-17T12:50:53.2580308-07:00" endTime="2026-09-17T12:50:56.8049865-07:00" testType="13cdc9d9-ddb5-4fa4-a97d-d965ccfc6d4b" outcome="Passed" testListId="8c84fa94-04c1-424b-9868-57a2d4851a1d" relativeResultsDirectory="a4280727-6cfb-4f1b-9220-0c153731d729" />
    <UnitTestResult executionId="f667765b-0a5d-40e1-bf3b-114df5d8e144" testId="b3f03e6f-9e61-697f-be1c-94ba99092a0b" testName="Roslyn.VisualStudio.NewIntegrationTests.VisualBasic.BasicAutomaticBraceCompletion.Negative_NoCompletionInComments (VS18)" computerName="CPC-mwiem-JQR2A" duration="00:00:00.3170000" startTime="2026-09-17T12:55:39.8327312-07:00" endTime="2026-09-17T12:55:41.7477457-07:00" testType="13cdc9d9-ddb5-4fa4-a97d-d965ccfc6d4b" outcome="Passed" testListId="8c84fa94-04c1-424b-9868-57a2d4851a1d" relativeResultsDirectory="f667765b-0a5d-40e1-bf3b-114df5d8e144" />
    <UnitTestResult executionId="082bf091-d4d9-4d96-a80d-7a50c007173a" testId="e77056e5-ec1b-aedc-5f30-9f3f1822e20f" testName="Roslyn.VisualStudio.NewIntegrationTests.VisualBasic.BasicGoToImplementation.SimpleGoToImplementation(asyncNavigation: True) (VS18)" computerName="CPC-mwiem-JQR2A" duration="00:00:07.0020000" startTime="2026-09-17T12:58:26.2167758-07:00" endTime="2026-09-17T12:58:42.0125433-07:00" testType="13cdc9d9-ddb5-4fa4-a97d-d965ccfc6d4b" outcome="Failed" testListId="8c84fa94-04c1-424b-9868-57a2d4851a1d" relativeResultsDirectory="082bf091-d4d9-4d96-a80d-7a50c007173a">
      <Output>
        <ErrorInfo>
          <Message>Assert.Equal() Failure: Strings differ&#xD;
           ↓ (pos 0)&#xD;
Expected: "'IGoo' implementations - Entire solution"&#xD;
Actual:   "FileInterface.vb*"&#xD;
           ↑ (pos 0)</Message>
          <StackTrace>   at Roslyn.VisualStudio.NewIntegrationTests.VisualBasic.BasicGoToImplementation.&lt;SimpleGoToImplementation&gt;d__3.MoveNext() in Q:\src\roslyn\roslyn-main\src\VisualStudio\IntegrationTest\New.IntegrationTests\VisualBasic\BasicGoToImplementation.cs:line 56&#xD;
--- End of stack trace from previous location where exception was thrown ---&#xD;
   at System.Runtime.ExceptionServices.ExceptionDispatchInfo.Throw()&#xD;
   at System.Runtime.CompilerServices.TaskAwaiter.HandleNonSuccessAndDebuggerNotification(Task task)&#xD;
   at System.Runtime.CompilerServices.ConfiguredTaskAwaitable.ConfiguredTaskAwaiter.GetResult()&#xD;
--- End of stack trace from previous location where exception was thrown ---&#xD;
   at System.Runtime.ExceptionServices.ExceptionDispatchInfo.Throw()&#xD;
   at System.Runtime.CompilerServices.TaskAwaiter.HandleNonSuccessAndDebuggerNotification(Task task)&#xD;
--- End of stack trace from previous location where exception was thrown ---&#xD;
   at System.Runtime.ExceptionServices.ExceptionDispatchInfo.Throw()&#xD;
   at System.Runtime.CompilerServices.TaskAwaiter.HandleNonSuccessAndDebuggerNotification(Task task)</StackTrace>
        </ErrorInfo>
      </Output>
    </UnitTestResult>
    <UnitTestResult executionId="f7056f9f-e64f-43d0-8f45-2a6e04f78ed9" testId="bbe9aad2-f845-ac88-83df-93e7130a9d68" testName="Roslyn.VisualStudio.NewIntegrationTests.VisualBasic.BasicGenerateConstructorDialog.VerifyCodeRefactoringOfferedAndAccepted (VS18)" computerName="CPC-mwiem-JQR2A" duration="00:00:00.6170000" startTime="2026-09-17T12:52:43.9118145-07:00" endTime="2026-09-17T12:52:46.0269495-07:00" testType="13cdc9d9-ddb5-4fa4-a97d-d965ccfc6d4b" outcome="Passed" testListId="8c84fa94-04c1-424b-9868-57a2d4851a1d" relativeResultsDirectory="f7056f9f-e64f-43d0-8f45-2a6e04f78ed9" />
    <UnitTestResult executionId="d22ada12-fa41-4f35-b16f-47b0a734c47a" testId="e6783cb7-1fa3-dbbb-1368-9c4ba768f04d" testName="Roslyn.VisualStudio.NewIntegrationTests.VisualBasic.BasicEditAndContinue+CommonProjectSystem.UpdateActiveStatementLeafNode (VS18)" computerName="CPC-mwiem-JQR2A" duration="00:00:00.0010000" startTime="2026-09-17T12:54:44.8249063-07:00" endTime="2026-09-17T12:54:44.8289258-07:00" testType="13cdc9d9-ddb5-4fa4-a97d-d965ccfc6d4b" outcome="NotExecuted" testListId="8c84fa94-04c1-424b-9868-57a2d4851a1d" relativeResultsDirectory="d22ada12-fa41-4f35-b16f-47b0a734c47a">
      <Output>
        <ErrorInfo>
          <Message>https://github.com/dotnet/roslyn/issues/75456</Message>
        </ErrorInfo>
      </Output>
    </UnitTestResult>
    <UnitTestResult executionId="a18f2d04-e56d-48e3-b138-d098d04f6875" testId="bd680783-0dc1-e12d-33b2-6adc7987604b" testName="Roslyn.VisualStudio.NewIntegrationTests.VisualBasic.BasicGoToDefinition.GoToClassDeclaration (VS18)" computerName="CPC-mwiem-JQR2A" duration="00:00:01.8290000" startTime="2026-09-17T12:52:01.8799138-07:00" endTime="2026-09-17T12:52:06.4321368-07:00" testType="13cdc9d9-ddb5-4fa4-a97d-d965ccfc6d4b" outcome="Passed" testListId="8c84fa94-04c1-424b-9868-57a2d4851a1d" relativeResultsDirectory="a18f2d04-e56d-48e3-b138-d098d04f6875" />
    <UnitTestResult executionId="8663873b-6aaf-4888-83cd-16fd923a6fde" testId="45e9e122-5398-2a94-9b0d-fe38968f060e" testName="Roslyn.VisualStudio.NewIntegrationTests.VisualBasic.BasicGoToImplementation.SimpleGoToImplementation(asyncNavigation: False) (VS18)" computerName="CPC-mwiem-JQR2A" duration="00:00:00.0010000" startTime="2026-09-17T12:51:47.6847882-07:00" endTime="2026-09-17T12:51:52.7932880-07:00" testType="13cdc9d9-ddb5-4fa4-a97d-d965ccfc6d4b" outcome="NotExecuted" testListId="8c84fa94-04c1-424b-9868-57a2d4851a1d" relativeResultsDirectory="8663873b-6aaf-4888-83cd-16fd923a6fde">
      <Output>
        <ErrorInfo>
          <Message>Test will automatically retry.</Message>
        </ErrorInfo>
      </Output>
    </UnitTestResult>
    <UnitTestResult executionId="6f09fc64-5518-4410-9453-366eb90ff1fd" testId="e5024fe3-278e-252f-1c2b-362c3492ca99" testName="Roslyn.VisualStudio.NewIntegrationTests.VisualBasic.BasicArgumentProvider.SmartBreakLineWithTabTabCompletion (VS18)" computerName="CPC-mwiem-JQR2A" duration="00:00:01.3120000" startTime="2026-09-17T12:55:59.7939431-07:00" endTime="2026-09-17T12:56:02.9577547-07:00" testType="13cdc9d9-ddb5-4fa4-a97d-d965ccfc6d4b" outcome="Passed" testListId="8c84fa94-04c1-424b-9868-57a2d4851a1d" relativeResultsDirectory="6f09fc64-5518-4410-9453-366eb90ff1fd" />
    <UnitTestResult executionId="ce77e61d-6c5c-422d-a12a-0aa01ff307c1" testId="ba8fc696-4c6e-6bf8-6cf6-4e6596903fc4" testName="Roslyn.VisualStudio.NewIntegrationTests.VisualBasic.BasicAutomaticBraceCompletion.Negative_NoCompletionInXmlDocCommentAtEndOfTag (VS18)" computerName="CPC-mwiem-JQR2A" duration="00:00:00.3150000" startTime="2026-09-17T12:55:54.8987672-07:00" endTime="2026-09-17T12:55:56.6545854-07:00" testType="13cdc9d9-ddb5-4fa4-a97d-d965ccfc6d4b" outcome="Passed" testListId="8c84fa94-04c1-424b-9868-57a2d4851a1d" relativeResultsDirectory="ce77e61d-6c5c-422d-a12a-0aa01ff307c1" />
    <UnitTestResult executionId="7d03ceb5-fca8-4600-bfd2-e6895c04aa40" testId="45e9e122-5398-2a94-9b0d-fe38968f060e" testName="Roslyn.VisualStudio.NewIntegrationTests.VisualBasic.BasicGoToImplementation.SimpleGoToImplementation(asyncNavigation: False) (VS18)" computerName="CPC-mwiem-JQR2A" duration="00:00:02.8990000" startTime="2026-09-17T12:58:42.0643542-07:00" endTime="2026-09-17T12:58:46.2289851-07:00" testType="13cdc9d9-ddb5-4fa4-a97d-d965ccfc6d4b" outcome="Failed" testListId="8c84fa94-04c1-424b-9868-57a2d4851a1d" relativeResultsDirectory="7d03ceb5-fca8-4600-bfd2-e6895c04aa40">
      <Output>
        <ErrorInfo>
          <Message>Assert.Equal() Failure: Strings differ&#xD;
                ↓ (pos 5)&#xD;
Expected: "FileImplementation.vb"&#xD;
Actual:   "FileInterface.vb"&#xD;
                ↑ (pos 5)</Message>
          <StackTrace>   at Roslyn.VisualStudio.NewIntegrationTests.VisualBasic.BasicGoToImplementation.&lt;SimpleGoToImplementation&gt;d__3.MoveNext() in Q:\src\roslyn\roslyn-main\src\VisualStudio\IntegrationTest\New.IntegrationTests\VisualBasic\BasicGoToImplementation.cs:line 66&#xD;
--- End of stack trace from previous location where exception was thrown ---&#xD;
   at System.Runtime.ExceptionServices.ExceptionDispatchInfo.Throw()&#xD;
   at System.Runtime.CompilerServices.TaskAwaiter.HandleNonSuccessAndDebuggerNotification(Task task)&#xD;
   at System.Runtime.CompilerServices.ConfiguredTaskAwaitable.ConfiguredTaskAwaiter.GetResult()&#xD;
--- End of stack trace from previous location where exception was thrown ---&#xD;
   at System.Runtime.ExceptionServices.ExceptionDispatchInfo.Throw()&#xD;
   at System.Runtime.CompilerServices.TaskAwaiter.HandleNonSuccessAndDebuggerNotification(Task task)&#xD;
--- End of stack trace from previous location where exception was thrown ---&#xD;
   at System.Runtime.ExceptionServices.ExceptionDispatchInfo.Throw()&#xD;
   at System.Runtime.CompilerServices.TaskAwaiter.HandleNonSuccessAndDebuggerNotification(Task task)</StackTrace>
        </ErrorInfo>
      </Output>
    </UnitTestResult>
    <UnitTestResult executionId="ad26c401-e72c-48f5-a820-c5150c0d16c5" testId="e655241f-7303-0995-785e-da886bad389a" testName="Roslyn.VisualStudio.NewIntegrationTests.VisualBasic.BasicIntelliSense.TypeLeftAngleAfterImports (VS18)" computerName="CPC-mwiem-JQR2A" duration="00:00:03.3030000" startTime="2026-09-17T12:51:19.9227908-07:00" endTime="2026-09-17T12:51:24.4107786-07:00" testType="13cdc9d9-ddb5-4fa4-a97d-d965ccfc6d4b" outcome="Passed" testListId="8c84fa94-04c1-424b-9868-57a2d4851a1d" relativeResultsDirectory="ad26c401-e72c-48f5-a820-c5150c0d16c5" />
    <UnitTestResult executionId="dfb938f2-8841-44a1-ba19-2b178a59fc4d" testId="e8d619c6-e64e-034f-d186-23a421bbcbab" testName="Roslyn.VisualStudio.NewIntegrationTests.VisualBasic.BasicArgumentProvider.FullCycle (VS18)" computerName="CPC-mwiem-JQR2A" duration="00:00:02.4510000" startTime="2026-09-17T12:56:12.0650617-07:00" endTime="2026-09-17T12:56:16.2067673-07:00" testType="13cdc9d9-ddb5-4fa4-a97d-d965ccfc6d4b" outcome="Passed" testListId="8c84fa94-04c1-424b-9868-57a2d4851a1d" relativeResultsDirectory="dfb938f2-8841-44a1-ba19-2b178a59fc4d" />
    <UnitTestResult executionId="3b46e1f9-e3e7-4c29-8236-2f0efcc29256" testId="547af93a-9f88-4ceb-a541-e9c4e22d8c3f" testName="Roslyn.VisualStudio.NewIntegrationTests.VisualBasic.BasicErrorListNetCore.ErrorList (VS18)" computerName="CPC-mwiem-JQR2A" duration="00:00:00.0010000" startTime="2026-09-17T12:54:25.4916606-07:00" endTime="2026-09-17T12:54:25.4976908-07:00" testType="13cdc9d9-ddb5-4fa4-a97d-d965ccfc6d4b" outcome="NotExecuted" testListId="8c84fa94-04c1-424b-9868-57a2d4851a1d" relativeResultsDirectory="3b46e1f9-e3e7-4c29-8236-2f0efcc29256">
      <Output>
        <ErrorInfo>
          <Message>https://github.com/dotnet/roslyn/issues/63041</Message>
        </ErrorInfo>
      </Output>
    </UnitTestResult>
    <UnitTestResult executionId="1e31f49a-d3c4-4d2f-8d62-3aaf2059836d" testId="2d5ad29a-6e46-ebe0-fd22-b7ff64550a6d" testName="Roslyn.VisualStudio.NewIntegrationTests.VisualBasic.BasicIntelliSense.IntelliSenseTriggersOnParenWithBraceCompletionAndCorrectUndoMerging (VS18)" computerName="CPC-mwiem-JQR2A" duration="00:00:06.1620000" startTime="2026-09-17T12:50:39.0754739-07:00" endTime="2026-09-17T12:50:53.1896018-07:00" testType="13cdc9d9-ddb5-4fa4-a97d-d965ccfc6d4b" outcome="Passed" testListId="8c84fa94-04c1-424b-9868-57a2d4851a1d" relativeResultsDirectory="1e31f49a-d3c4-4d2f-8d62-3aaf2059836d" />
    <UnitTestResult executionId="fce938b9-4ede-4be9-945c-109879a8a505" testId="0678481f-61df-0afc-6383-58850cc0e5e9" testName="Roslyn.VisualStudio.NewIntegrationTests.VisualBasic.BasicCodeActions.GenerateMethodInClosedFile (VS18)" computerName="CPC-mwiem-JQR2A" duration="00:00:00.9200000" startTime="2026-09-17T12:54:53.8232762-07:00" endTime="2026-09-17T12:54:56.1500690-07:00" testType="13cdc9d9-ddb5-4fa4-a97d-d965ccfc6d4b" outcome="Passed" testListId="8c84fa94-04c1-424b-9868-57a2d4851a1d" relativeResultsDirectory="fce938b9-4ede-4be9-945c-109879a8a505" />
    <UnitTestResult executionId="8f6cfbb9-02c3-4c88-8517-3d5a3b3400e6" testId="b1c62bf2-a87d-5ca6-66e6-9cef1ca8e16c" testName="Roslyn.VisualStudio.NewIntegrationTests.VisualBasic.BasicEndConstruct.IntelliSenseCompletedWhile (VS18)" computerName="CPC-mwiem-JQR2A" duration="00:00:00.7730000" startTime="2026-09-17T12:54:25.7643385-07:00" endTime="2026-09-17T12:54:28.0228958-07:00" testType="13cdc9d9-ddb5-4fa4-a97d-d965ccfc6d4b" outcome="Passed" testListId="8c84fa94-04c1-424b-9868-57a2d4851a1d" relativeResultsDirectory="8f6cfbb9-02c3-4c88-8517-3d5a3b3400e6" />
    <UnitTestResult executionId="d0a3bd13-d509-4362-80e8-604922eceaed" testId="f0124eaf-d963-8f0d-8a34-36fbea64d665" testName="Roslyn.VisualStudio.NewIntegrationTests.VisualBasic.BasicExtractInterfaceDialog.CheckSameFile (VS18)" computerName="CPC-mwiem-JQR2A" duration="00:00:01.5800000" startTime="2026-09-17T12:54:11.9034262-07:00" endTime="2026-09-17T12:54:14.9258675-07:00" testType="13cdc9d9-ddb5-4fa4-a97d-d965ccfc6d4b" outcome="Passed" testListId="8c84fa94-04c1-424b-9868-57a2d4851a1d" relativeResultsDirectory="d0a3bd13-d509-4362-80e8-604922eceaed" />
    <UnitTestResult executionId="fc420a47-08d6-4144-8723-17f3a2c332dd" testId="853fbd8e-0402-e314-c604-f86b0b5f0b02" testName="Roslyn.VisualStudio.NewIntegrationTests.VisualBasic.BasicExpressionEvaluator.EvaluateLambdaExpressions (VS18)" computerName="CPC-mwiem-JQR2A" duration="00:00:00.0010000" startTime="2026-09-17T12:54:25.3234888-07:00" endTime="2026-09-17T12:54:25.3295219-07:00" testType="13cdc9d9-ddb5-4fa4-a97d-d965ccfc6d4b" outcome="NotExecuted" testListId="8c84fa94-04c1-424b-9868-57a2d4851a1d" relativeResultsDirectory="fc420a47-08d6-4144-8723-17f3a2c332dd">
      <Output>
        <ErrorInfo>
          <Message>https://github.com/dotnet/roslyn/issues/75456</Message>
        </ErrorInfo>
      </Output>
    </UnitTestResult>
    <UnitTestResult executionId="1ef179c1-80f3-45b0-8c46-1269209facf2" testId="e77056e5-ec1b-aedc-5f30-9f3f1822e20f" testName="Roslyn.VisualStudio.NewIntegrationTests.VisualBasic.BasicGoToImplementation.SimpleGoToImplementation(asyncNavigation: True) (VS18)" computerName="CPC-mwiem-JQR2A" duration="00:00:00.0010000" startTime="2026-09-17T12:51:41.1578986-07:00" endTime="2026-09-17T12:51:47.6490886-07:00" testType="13cdc9d9-ddb5-4fa4-a97d-d965ccfc6d4b" outcome="NotExecuted" testListId="8c84fa94-04c1-424b-9868-57a2d4851a1d" relativeResultsDirectory="1ef179c1-80f3-45b0-8c46-1269209facf2">
      <Output>
        <ErrorInfo>
          <Message>Test will automatically retry.</Message>
        </ErrorInfo>
      </Output>
    </UnitTestResult>
    <UnitTestResult executionId="c6d52a31-5a74-4a6a-bbc4-33a8712c72e6" testId="c926a7ba-3358-7ae9-cde8-c83f050d54ae" testName="Roslyn.VisualStudio.NewIntegrationTests.VisualBasic.BasicAutomaticBraceCompletion.Bracket_Insertion (VS18)" computerName="CPC-mwiem-JQR2A" duration="00:00:00.4280000" startTime="2026-09-17T12:55:26.2925888-07:00" endTime="2026-09-17T12:55:28.4323512-07:00" testType="13cdc9d9-ddb5-4fa4-a97d-d965ccfc6d4b" outcome="Passed" testListId="8c84fa94-04c1-424b-9868-57a2d4851a1d" relativeResultsDirectory="c6d52a31-5a74-4a6a-bbc4-33a8712c72e6" />
    <UnitTestResult executionId="c6026b4c-2030-4567-abc0-54c5e74eb5d3" testId="45cf9c63-1035-dc86-44a2-a9e31027bbab" testName="Roslyn.VisualStudio.NewIntegrationTests.VisualBasic.BasicAutomaticBraceCompletion.Nested_AllKinds_2 (VS18)" computerName="CPC-mwiem-JQR2A" duration="00:00:00.9050000" startTime="2026-09-17T12:55:30.7426362-07:00" endTime="2026-09-17T12:55:33.2032377-07:00" testType="13cdc9d9-ddb5-4fa4-a97d-d965ccfc6d4b" outcome="Passed" testListId="8c84fa94-04c1-424b-9868-57a2d4851a1d" relativeResultsDirectory="c6026b4c-2030-4567-abc0-54c5e74eb5d3" />
    <UnitTestResult executionId="3b34f69c-d88d-4a09-9ac3-2e333229ff91" testId="67ba7d1b-5c32-c875-c916-9f08c85cf7bf" testName="Roslyn.VisualStudio.NewIntegrationTests.VisualBasic.BasicGenerateTypeDialog.CheckFoldersPopulateComboBox (VS18)" computerName="CPC-mwiem-JQR2A" duration="00:00:02.7010000" startTime="2026-09-17T12:52:16.9082779-07:00" endTime="2026-09-17T12:52:21.2296597-07:00" testType="13cdc9d9-ddb5-4fa4-a97d-d965ccfc6d4b" outcome="Passed" testListId="8c84fa94-04c1-424b-9868-57a2d4851a1d" relativeResultsDirectory="3b34f69c-d88d-4a09-9ac3-2e333229ff91" />
    <UnitTestResult executionId="86b570ad-e219-4c50-8832-3687523166ef" testId="74fd202a-c11e-b663-49c1-f79cad0c5c47" testName="Roslyn.VisualStudio.NewIntegrationTests.VisualBasic.BasicExtractMethod.ExtractViaCodeAction (VS18)" computerName="CPC-mwiem-JQR2A" duration="00:00:00.0010000" startTime="2026-09-17T12:53:36.1783148-07:00" endTime="2026-09-17T12:54:08.3826878-07:00" testType="13cdc9d9-ddb5-4fa4-a97d-d965ccfc6d4b" outcome="NotExecuted" testListId="8c84fa94-04c1-424b-9868-57a2d4851a1d" relativeResultsDirectory="86b570ad-e219-4c50-8832-3687523166ef">
      <Output>
        <ErrorInfo>
          <Message>Test will automatically retry.</Message>
        </ErrorInfo>
      </Output>
    </UnitTestResult>
    <UnitTestResult executionId="06799d2c-8e50-43ab-af9a-350f739e6abf" testId="b7867ab6-f6b7-7b81-5d10-2010e60e111c" testName="Roslyn.VisualStudio.NewIntegrationTests.VisualBasic.BasicGenerateConstructorDialog.VerifyDeselect (VS18)" computerName="CPC-mwiem-JQR2A" duration="00:00:00.7690000" startTime="2026-09-17T12:52:46.0615702-07:00" endTime="2026-09-17T12:52:48.3776940-07:00" testType="13cdc9d9-ddb5-4fa4-a97d-d965ccfc6d4b" outcome="Passed" testListId="8c84fa94-04c1-424b-9868-57a2d4851a1d" relativeResultsDirectory="06799d2c-8e50-43ab-af9a-350f739e6abf" />
    <UnitTestResult executionId="05147a71-9b24-4429-9541-47c222a8701f" testId="3efbe81d-8c88-32d4-2eab-f23d11e6e213" testName="Roslyn.VisualStudio.NewIntegrationTests.VisualBasic.BasicAutomaticBraceCompletion.Negative_NoCompletionInXmlDocComment (VS18)" computerName="CPC-mwiem-JQR2A" duration="00:00:00.7710000" startTime="2026-09-17T12:55:46.2461427-07:00" endTime="2026-09-17T12:55:48.3963515-07:00" testType="13cdc9d9-ddb5-4fa4-a97d-d965ccfc6d4b" outcome="Passed" testListId="8c84fa94-04c1-424b-9868-57a2d4851a1d" relativeResultsDirectory="05147a71-9b24-4429-9541-47c222a8701f" />
    <UnitTestResult executionId="8acd596a-4185-4fcb-a0be-10a1eff4be6b" testId="cdcd8301-395e-b362-9603-071c5e3c8bf7" testName="Roslyn.VisualStudio.NewIntegrationTests.VisualBasic.BasicEditAndContinue+CommonProjectSystem.MultiProjectDebuggingWhereNotAllModulesAreLoaded (VS18)" computerName="CPC-mwiem-JQR2A" duration="00:00:00.0010000" startTime="2026-09-17T12:54:44.9613959-07:00" endTime="2026-09-17T12:54:44.9654243-07:00" testType="13cdc9d9-ddb5-4fa4-a97d-d965ccfc6d4b" outcome="NotExecuted" testListId="8c84fa94-04c1-424b-9868-57a2d4851a1d" relativeResultsDirectory="8acd596a-4185-4fcb-a0be-10a1eff4be6b">
      <Output>
        <ErrorInfo>
          <Message>https://github.com/dotnet/roslyn/issues/75456</Message>
        </ErrorInfo>
      </Output>
    </UnitTestResult>
    <UnitTestResult executionId="1829db7b-4a06-49fa-ba36-96aa6e5f3e51" testId="b2978f05-5083-8d87-f91f-692429e77092" testName="Roslyn.VisualStudio.NewIntegrationTests.VisualBasic.BasicExtractMethod.SimpleExtractMethod (VS18)" computerName="CPC-mwiem-JQR2A" duration="00:00:34.3480000" startTime="2026-09-17T12:58:52.7002807-07:00" endTime="2026-09-17T12:59:28.3131679-07:00" testType="13cdc9d9-ddb5-4fa4-a97d-d965ccfc6d4b" outcome="Failed" testListId="8c84fa94-04c1-424b-9868-57a2d4851a1d" relativeResultsDirectory="1829db7b-4a06-49fa-ba36-96aa6e5f3e51">
      <Output>
        <ErrorInfo>
          <Message>System.OperationCanceledException : The operation was canceled.</Message>
          <StackTrace>   at System.Threading.CancellationToken.ThrowOperationCanceledException()&#xD;
   at Microsoft.VisualStudio.Threading.ThreadingTools.&lt;WithCancellationSlow&gt;d__9.MoveNext()&#xD;
--- End of stack trace from previous location where exception was thrown ---&#xD;
   at System.Runtime.ExceptionServices.ExceptionDispatchInfo.Throw()&#xD;
   at System.Runtime.CompilerServices.TaskAwaiter.ThrowForNonSuccess(Task task)&#xD;
   at System.Runtime.CompilerServices.TaskAwaiter.HandleNonSuccessAndDebuggerNotification(Task task)&#xD;
   at System.Runtime.CompilerServices.TaskAwaiter.GetResult()&#xD;
   at Microsoft.VisualStudio.Extensibility.Testing.WorkspaceInProcess.&lt;WaitForAllAsyncOperationsAsync&gt;d__13.MoveNext() in Q:\src\roslyn\roslyn-main\src\VisualStudio\IntegrationTest\New.IntegrationTests\InProcess\WorkspaceInProcess.cs:line 161&#xD;
--- End of stack trace from previous location where exception was thrown ---&#xD;
   at System.Runtime.ExceptionServices.ExceptionDispatchInfo.Throw()&#xD;
   at System.Runtime.CompilerServices.TaskAwaiter.ThrowForNonSuccess(Task task)&#xD;
   at System.Runtime.CompilerServices.TaskAwaiter.HandleNonSuccessAndDebuggerNotification(Task task)&#xD;
   at System.Runtime.CompilerServices.TaskAwaiter.GetResult()&#xD;
   at Microsoft.VisualStudio.Extensibility.Testing.EditorInProcess.&lt;GetRenameTagsAsync&gt;d__29.MoveNext() in Q:\src\roslyn\roslyn-main\src\VisualStudio\IntegrationTest\New.IntegrationTests\InProcess\EditorInProcess.cs:line 449&#xD;
--- End of stack trace from previous location where exception was thrown ---&#xD;
   at System.Runtime.ExceptionServices.ExceptionDispatchInfo.Throw()&#xD;
   at System.Runtime.CompilerServices.TaskAwaiter.ThrowForNonSuccess(Task task)&#xD;
   at System.Runtime.CompilerServices.TaskAwaiter.HandleNonSuccessAndDebuggerNotification(Task task)&#xD;
   at System.Runtime.CompilerServices.TaskAwaiter`1.GetResult()&#xD;
   at Roslyn.VisualStudio.NewIntegrationTests.VisualBasic.BasicExtractMethod.&lt;SimpleExtractMethod&gt;d__4.MoveNext() in Q:\src\roslyn\roslyn-main\src\VisualStudio\IntegrationTest\New.IntegrationTests\VisualBasic\BasicExtractMethod.cs:line 84&#xD;
--- End of stack trace from previous location where exception was thrown ---&#xD;
   at System.Runtime.ExceptionServices.ExceptionDispatchInfo.Throw()&#xD;
   at System.Runtime.CompilerServices.TaskAwaiter.ThrowForNonSuccess(Task task)&#xD;
   at System.Runtime.CompilerServices.TaskAwaiter.HandleNonSuccessAndDebuggerNotification(Task task)&#xD;
   at System.Runtime.CompilerServices.ConfiguredTaskAwaitable.ConfiguredTaskAwaiter.GetResult()&#xD;
--- End of stack trace from previous location where exception was thrown ---&#xD;
   at System.Runtime.ExceptionServices.ExceptionDispatchInfo.Throw()&#xD;
   at System.Runtime.CompilerServices.TaskAwaiter.ThrowForNonSuccess(Task task)&#xD;
   at System.Runtime.CompilerServices.TaskAwaiter.HandleNonSuccessAndDebuggerNotification(Task task)&#xD;
--- End of stack trace from previous location where exception was thrown ---&#xD;
   at System.Runtime.ExceptionServices.ExceptionDispatchInfo.Throw()&#xD;
   at System.Runtime.CompilerServices.TaskAwaiter.ThrowForNonSuccess(Task task)&#xD;
   at System.Runtime.CompilerServices.TaskAwaiter.HandleNonSuccessAndDebuggerNotification(Task task)</StackTrace>
        </ErrorInfo>
      </Output>
    </UnitTestResult>
    <UnitTestResult executionId="74ee8fb6-e97b-4988-bdaa-a7dcb535c434" testId="458a2899-1c2f-d3bc-4637-592dd7ed8278" testName="Roslyn.VisualStudio.NewIntegrationTests.VisualBasic.BasicGenerateTypeDialog.SameProject (VS18)" computerName="CPC-mwiem-JQR2A" duration="00:00:02.4190000" startTime="2026-09-17T12:52:28.7836494-07:00" endTime="2026-09-17T12:52:32.8898545-07:00" testType="13cdc9d9-ddb5-4fa4-a97d-d965ccfc6d4b" outcome="Passed" testListId="8c84fa94-04c1-424b-9868-57a2d4851a1d" relativeResultsDirectory="74ee8fb6-e97b-4988-bdaa-a7dcb535c434" />
    <UnitTestResult executionId="9a4c9453-079b-497f-ba25-1b09d016f418" testId="ea2dd35c-a7c7-8bf0-d21d-b1e17942827f" testName="Roslyn.VisualStudio.NewIntegrationTests.VisualBasic.BasicGoToDefinition.ObjectBrowserNavigation(navigateToObjectBrowser: False) (VS18)" computerName="CPC-mwiem-JQR2A" duration="00:00:02.7810000" startTime="2026-09-17T12:52:06.4672228-07:00" endTime="2026-09-17T12:52:12.0780515-07:00" testType="13cdc9d9-ddb5-4fa4-a97d-d965ccfc6d4b" outcome="Passed" testListId="8c84fa94-04c1-424b-9868-57a2d4851a1d" relativeResultsDirectory="9a4c9453-079b-497f-ba25-1b09d016f418" />
    <UnitTestResult executionId="2c4edea4-8301-45bd-8fc4-d34c906124cf" testId="daff084f-00f7-3878-3f97-7be86a712abe" testName="Roslyn.VisualStudio.NewIntegrationTests.VisualBasic.BasicF1Help.F1Help (VS18)" computerName="CPC-mwiem-JQR2A" duration="00:00:00.8490000" startTime="2026-09-17T12:53:01.0177530-07:00" endTime="2026-09-17T12:53:03.6662336-07:00" testType="13cdc9d9-ddb5-4fa4-a97d-d965ccfc6d4b" outcome="Passed" testListId="8c84fa94-04c1-424b-9868-57a2d4851a1d" relativeResultsDirectory="2c4edea4-8301-45bd-8fc4-d34c906124cf" />
    <UnitTestResult executionId="eb982150-a050-4ca2-8dc8-876aa9ba2b88" testId="a3a0687d-849c-60e4-230f-52d818b2a269" testName="Roslyn.VisualStudio.NewIntegrationTests.VisualBasic.BasicExpressionEvaluator.EvaluatePrimitiveValues (VS18)" computerName="CPC-mwiem-JQR2A" duration="00:00:00.0010000" startTime="2026-09-17T12:54:25.2938468-07:00" endTime="2026-09-17T12:54:25.2978674-07:00" testType="13cdc9d9-ddb5-4fa4-a97d-d965ccfc6d4b" outcome="NotExecuted" testListId="8c84fa94-04c1-424b-9868-57a2d4851a1d" relativeResultsDirectory="eb982150-a050-4ca2-8dc8-876aa9ba2b88">
      <Output>
        <ErrorInfo>
          <Message>https://github.com/dotnet/roslyn/issues/75456</Message>
        </ErrorInfo>
      </Output>
    </UnitTestResult>
    <UnitTestResult executionId="e8628836-35fe-444f-90c5-e60e97c3ae6e" testId="3f9402c9-3edd-67e4-75da-b1f67ca25b53" testName="Roslyn.VisualStudio.NewIntegrationTests.VisualBasic.BasicFindReferences.FindReferencesToLocals (VS18)" computerName="CPC-mwiem-JQR2A" duration="00:00:01.2470000" startTime="2026-09-17T12:52:57.9825245-07:00" endTime="2026-09-17T12:53:00.9697392-07:00" testType="13cdc9d9-ddb5-4fa4-a97d-d965ccfc6d4b" outcome="Passed" testListId="8c84fa94-04c1-424b-9868-57a2d4851a1d" relativeResultsDirectory="e8628836-35fe-444f-90c5-e60e97c3ae6e" />
    <UnitTestResult executionId="1435f198-e6db-4d12-bfe3-f4ed9a68bcdc" testId="bee1eee9-2189-4e47-1618-6dba39c4499e" testName="Roslyn.VisualStudio.NewIntegrationTests.VisualBasic.BasicEncapsulateField.EncapsulateThroughLightbulbIncludingReferences (VS18)" computerName="CPC-mwiem-JQR2A" duration="00:00:01.0740000" startTime="2026-09-17T12:54:37.5312747-07:00" endTime="2026-09-17T12:54:40.2004453-07:00" testType="13cdc9d9-ddb5-4fa4-a97d-d965ccfc6d4b" outcome="Passed" testListId="8c84fa94-04c1-424b-9868-57a2d4851a1d" relativeResultsDirectory="1435f198-e6db-4d12-bfe3-f4ed9a68bcdc" />
    <UnitTestResult executionId="cd086e7f-2e32-48a0-8ea5-26dc0ae48b80" testId="06150483-5e52-a6c8-7e41-de8cf659cd37" testName="Roslyn.VisualStudio.NewIntegrationTests.VisualBasic.BasicExpressionEvaluator.EvaluateInvalidExpressions (VS18)" computerName="CPC-mwiem-JQR2A" duration="00:00:00.0010000" startTime="2026-09-17T12:54:25.3863550-07:00" endTime="2026-09-17T12:54:25.3923908-07:00" testType="13cdc9d9-ddb5-4fa4-a97d-d965ccfc6d4b" outcome="NotExecuted" testListId="8c84fa94-04c1-424b-9868-57a2d4851a1d" relativeResultsDirectory="cd086e7f-2e32-48a0-8ea5-26dc0ae48b80">
      <Output>
        <ErrorInfo>
          <Message>https://github.com/dotnet/roslyn/issues/75456</Message>
        </ErrorInfo>
      </Output>
    </UnitTestResult>
    <UnitTestResult executionId="542a6339-5492-45ee-a389-c234296abfb5" testId="db0314d5-e193-4c69-d930-77d295bc58af" testName="Roslyn.VisualStudio.NewIntegrationTests.VisualBasic.BasicChangeSignatureDialog.VerifyAddParameter (VS18)" computerName="CPC-mwiem-JQR2A" duration="00:00:03.6210000" startTime="2026-09-17T12:55:09.3018042-07:00" endTime="2026-09-17T12:55:14.3171042-07:00" testType="13cdc9d9-ddb5-4fa4-a97d-d965ccfc6d4b" outcome="Passed" testListId="8c84fa94-04c1-424b-9868-57a2d4851a1d" relativeResultsDirectory="542a6339-5492-45ee-a389-c234296abfb5" />
    <UnitTestResult executionId="cb142d9d-9546-4356-a772-e603ec4ddcd3" testId="b644f3b0-5553-2c99-ec2c-235f4d407ae4" testName="Roslyn.VisualStudio.NewIntegrationTests.VisualBasic.BasicGenerateEqualsAndGetHashCodeDialog.VerifyCodeRefactoringOfferedAndCanceled (VS18)" computerName="CPC-mwiem-JQR2A" duration="00:00:01.4320000" startTime="2026-09-17T12:58:50.0744605-07:00" endTime="2026-09-17T12:58:52.6262067-07:00" testType="13cdc9d9-ddb5-4fa4-a97d-d965ccfc6d4b" outcome="Failed" testListId="8c84fa94-04c1-424b-9868-57a2d4851a1d" relativeResultsDirectory="cb142d9d-9546-4356-a772-e603ec4ddcd3">
      <Output>
        <ErrorInfo>
          <Message>System.Exception : The following expected item(s) not found:&#xD;
Generate Equals(object)...&#xD;
Actual items:&#xD;
Generate Equals(...)...&#xD;
Preview changes&#xD;
Generate Equals and GetHashCode...&#xD;
Preview changes&#xD;
Generate constructor from members...&#xD;
Preview changes&#xD;
Generate overrides...&#xD;
Preview changes&#xD;
</Message>
          <StackTrace>   at Microsoft.VisualStudio.IntegrationTest.Utilities.TestUtilities.ThrowIfExpectedItemNotFound[TCollection](IEnumerable`1 actual, IEnumerable`1 expected) in Q:\src\roslyn\roslyn-main\src\VisualStudio\IntegrationTest\New.IntegrationTests\TestUtilities.cs:line 38&#xD;
   at Roslyn.VisualStudio.NewIntegrationTests.InProcess.ITextViewWindowVerifierInProcessExtensions.&lt;CodeActionsAsync&gt;d__1.MoveNext() in Q:\src\roslyn\roslyn-main\src\VisualStudio\IntegrationTest\New.IntegrationTests\InProcess\ITextViewWindowVerifierInProcessExtensions.cs:line 90&#xD;
--- End of stack trace from previous location where exception was thrown ---&#xD;
   at System.Runtime.ExceptionServices.ExceptionDispatchInfo.Throw()&#xD;
   at System.Runtime.CompilerServices.TaskAwaiter.HandleNonSuccessAndDebuggerNotification(Task task)&#xD;
   at System.Runtime.CompilerServices.TaskAwaiter`1.GetResult()&#xD;
   at Roslyn.VisualStudio.NewIntegrationTests.InProcess.ITextViewWindowVerifierInProcessExtensions.&lt;CodeActionAsync&gt;d__0.MoveNext() in Q:\src\roslyn\roslyn-main\src\VisualStudio\IntegrationTest\New.IntegrationTests\InProcess\ITextViewWindowVerifierInProcessExtensions.cs:line 43&#xD;
--- End of stack trace from previous location where exception was thrown ---&#xD;
   at System.Runtime.ExceptionServices.ExceptionDispatchInfo.Throw()&#xD;
   at System.Runtime.CompilerServices.TaskAwaiter.HandleNonSuccessAndDebuggerNotification(Task task)&#xD;
   at System.Runtime.CompilerServices.TaskAwaiter.GetResult()&#xD;
   at Roslyn.VisualStudio.NewIntegrationTests.VisualBasic.BasicGenerateEqualsAndGetHashCodeDialog.&lt;VerifyCodeRefactoringOfferedAndCanceled&gt;d__3.MoveNext() in Q:\src\roslyn\roslyn-main\src\VisualStudio\IntegrationTest\New.IntegrationTests\VisualBasic\BasicGenerateEqualsAndGetHashCodeDialog.cs:line 39&#xD;
--- End of stack trace from previous location where exception was thrown ---&#xD;
   at System.Runtime.ExceptionServices.ExceptionDispatchInfo.Throw()&#xD;
   at System.Runtime.CompilerServices.TaskAwaiter.HandleNonSuccessAndDebuggerNotification(Task task)&#xD;
   at System.Runtime.CompilerServices.ConfiguredTaskAwaitable.ConfiguredTaskAwaiter.GetResult()&#xD;
--- End of stack trace from previous location where exception was thrown ---&#xD;
   at System.Runtime.ExceptionServices.ExceptionDispatchInfo.Throw()&#xD;
   at System.Runtime.CompilerServices.TaskAwaiter.HandleNonSuccessAndDebuggerNotification(Task task)&#xD;
--- End of stack trace from previous location where exception was thrown ---&#xD;
   at System.Runtime.ExceptionServices.ExceptionDispatchInfo.Throw()&#xD;
   at System.Runtime.CompilerServices.TaskAwaiter.HandleNonSuccessAndDebuggerNotification(Task task)</StackTrace>
        </ErrorInfo>
      </Output>
    </UnitTestResult>
    <UnitTestResult executionId="f39c5f71-9c22-4a19-8548-8b7a4910835c" testId="5e3ad151-d1ec-eec4-dab1-4620ac790623" testName="Roslyn.VisualStudio.NewIntegrationTests.VisualBasic.BasicGenerateConstructorDialog.VerifyReordering (VS18)" computerName="CPC-mwiem-JQR2A" duration="00:00:01.0060000" startTime="2026-09-17T12:52:39.0790907-07:00" endTime="2026-09-17T12:52:41.5456299-07:00" testType="13cdc9d9-ddb5-4fa4-a97d-d965ccfc6d4b" outcome="Passed" testListId="8c84fa94-04c1-424b-9868-57a2d4851a1d" relativeResultsDirectory="f39c5f71-9c22-4a19-8548-8b7a4910835c" />
    <UnitTestResult executionId="bf6fc5d4-6c01-4601-bc61-06683365aa0d" testId="f3fee724-eb2b-c3c7-ae20-2266c9174461" testName="Roslyn.VisualStudio.NewIntegrationTests.VisualBasic.BasicExtractInterfaceDialog.CheckSameFileNamespace (VS18)" computerName="CPC-mwiem-JQR2A" duration="00:00:01.8900000" startTime="2026-09-17T12:54:14.9645986-07:00" endTime="2026-09-17T12:54:18.2340970-07:00" testType="13cdc9d9-ddb5-4fa4-a97d-d965ccfc6d4b" outcome="Passed" testListId="8c84fa94-04c1-424b-9868-57a2d4851a1d" relativeResultsDirectory="bf6fc5d4-6c01-4601-bc61-06683365aa0d" />
    <UnitTestResult executionId="1c38afa3-d207-4d1b-a3d1-28ce6b873e31" testId="d890e505-924e-8a8b-bd50-4b0c7a524376" testName="Roslyn.VisualStudio.NewIntegrationTests.VisualBasic.BasicFormatting.VerifyCaseCorrection (VS18)" computerName="CPC-mwiem-JQR2A" duration="00:00:00.3940000" startTime="2026-09-17T12:52:50.5158852-07:00" endTime="2026-09-17T12:52:52.2502001-07:00" testType="13cdc9d9-ddb5-4fa4-a97d-d965ccfc6d4b" outcome="Passed" testListId="8c84fa94-04c1-424b-9868-57a2d4851a1d" relativeResultsDirectory="1c38afa3-d207-4d1b-a3d1-28ce6b873e31" />
    <UnitTestResult executionId="fa7c1f07-d2d3-4825-bbe3-c4121920088b" testId="1113211d-88f4-8226-e40d-0feca2ed0143" testName="Roslyn.VisualStudio.NewIntegrationTests.VisualBasic.BasicEncapsulateField.EncapsulateThroughCommand (VS18)" computerName="CPC-mwiem-JQR2A" duration="00:00:02.6860000" startTime="2026-09-17T12:54:40.2330504-07:00" endTime="2026-09-17T12:54:44.6965631-07:00" testType="13cdc9d9-ddb5-4fa4-a97d-d965ccfc6d4b" outcome="Passed" testListId="8c84fa94-04c1-424b-9868-57a2d4851a1d" relativeResultsDirectory="fa7c1f07-d2d3-4825-bbe3-c4121920088b" />
    <UnitTestResult executionId="6bd1ac81-b964-4b91-9101-84046021401b" testId="01519456-6115-24f5-51a9-deb391b5290b" testName="Roslyn.VisualStudio.NewIntegrationTests.VisualBasic.BasicEncapsulateField.EncapsulateThroughLightbulbDefinitionsOnly (VS18)" computerName="CPC-mwiem-JQR2A" duration="00:00:01.5830000" startTime="2026-09-17T12:54:34.3942460-07:00" endTime="2026-09-17T12:54:37.4985465-07:00" testType="13cdc9d9-ddb5-4fa4-a97d-d965ccfc6d4b" outcome="Passed" testListId="8c84fa94-04c1-424b-9868-57a2d4851a1d" relativeResultsDirectory="6bd1ac81-b964-4b91-9101-84046021401b" />
    <UnitTestResult executionId="04d4831e-91f0-4ea8-9641-104cf46b53dd" testId="13c7ab55-9b1f-6acd-04ea-dfb7378b3b3b" testName="Roslyn.VisualStudio.NewIntegrationTests.VisualBasic.BasicAutomaticBraceCompletion.Nested_AllKinds_1 (VS18)" computerName="CPC-mwiem-JQR2A" duration="00:00:00.9330000" startTime="2026-09-17T12:55:56.6918285-07:00" endTime="2026-09-17T12:55:59.6748778-07:00" testType="13cdc9d9-ddb5-4fa4-a97d-d965ccfc6d4b" outcome="Passed" testListId="8c84fa94-04c1-424b-9868-57a2d4851a1d" relativeResultsDirectory="04d4831e-91f0-4ea8-9641-104cf46b53dd" />
    <UnitTestResult executionId="227ec7a3-f739-4c81-b57c-fa323b163b1d" testId="fa07b54a-d9e0-fed7-56ca-67637a3704d0" testName="Roslyn.VisualStudio.NewIntegrationTests.VisualBasic.BasicAutomaticBraceCompletion.CompletionWithIntelliSenseWindowUp (VS18)" computerName="CPC-mwiem-JQR2A" duration="00:00:00.5530000" startTime="2026-09-17T12:55:41.7830079-07:00" endTime="2026-09-17T12:55:44.0135579-07:00" testType="13cdc9d9-ddb5-4fa4-a97d-d965ccfc6d4b" outcome="Passed" testListId="8c84fa94-04c1-424b-9868-57a2d4851a1d" relativeResultsDirectory="227ec7a3-f739-4c81-b57c-fa323b163b1d" />
    <UnitTestResult executionId="7737cad4-a9ee-45e6-adcc-b995354b71ac" testId="a9491c23-fbaa-f8fc-9fc7-5818d247e028" testName="Roslyn.VisualStudio.NewIntegrationTests.VisualBasic.BasicChangeSignatureDialog.VerifyCodeRefactoringOffered (VS18)" computerName="CPC-mwiem-JQR2A" duration="00:00:00.2710000" startTime="2026-09-17T12:55:19.9268015-07:00" endTime="2026-09-17T12:55:21.5326536-07:00" testType="13cdc9d9-ddb5-4fa4-a97d-d965ccfc6d4b" outcome="Passed" testListId="8c84fa94-04c1-424b-9868-57a2d4851a1d" relativeResultsDirectory="7737cad4-a9ee-45e6-adcc-b995354b71ac" />
    <UnitTestResult executionId="13a1aed2-eb81-4b0f-a603-80f8c7a758b1" testId="1a9fb056-4c10-4b22-7a72-80f1af0acbe1" testName="Roslyn.VisualStudio.NewIntegrationTests.VisualBasic.BasicChangeSignatureDialog.VerifyRefactoringCancelled (VS18)" computerName="CPC-mwiem-JQR2A" duration="00:00:00.9010000" startTime="2026-09-17T12:55:07.0540776-07:00" endTime="2026-09-17T12:55:09.2680312-07:00" testType="13cdc9d9-ddb5-4fa4-a97d-d965ccfc6d4b" outcome="Passed" testListId="8c84fa94-04c1-424b-9868-57a2d4851a1d" relativeResultsDirectory="13a1aed2-eb81-4b0f-a603-80f8c7a758b1" />
    <UnitTestResult executionId="3101b251-47f3-4e81-ac13-f6bf74913642" testId="6391eeef-357d-9562-ec4d-3955f1036b0e" testName="Roslyn.VisualStudio.NewIntegrationTests.VisualBasic.BasicAutomaticBraceCompletion.Braces_Overtyping (VS18)" computerName="CPC-mwiem-JQR2A" duration="00:00:00.7730000" startTime="2026-09-17T12:55:35.2109355-07:00" endTime="2026-09-17T12:55:37.4712064-07:00" testType="13cdc9d9-ddb5-4fa4-a97d-d965ccfc6d4b" outcome="Passed" testListId="8c84fa94-04c1-424b-9868-57a2d4851a1d" relativeResultsDirectory="3101b251-47f3-4e81-ac13-f6bf74913642" />
    <UnitTestResult executionId="be49ffd1-e5d9-4c03-8212-efa4869cf64c" testId="dd0305e3-c427-a4d5-7bc7-ad1ae75a9e7b" testName="Roslyn.VisualStudio.NewIntegrationTests.VisualBasic.BasicAutomaticBraceCompletion.Braces_OnReturnNoFormattingOnlyIndentationBeforeCloseBrace (VS18)" computerName="CPC-mwiem-JQR2A" duration="00:00:00.8390000" startTime="2026-09-17T12:55:48.4320293-07:00" endTime="2026-09-17T12:55:50.6377679-07:00" testType="13cdc9d9-ddb5-4fa4-a97d-d965ccfc6d4b" outcome="Passed" testListId="8c84fa94-04c1-424b-9868-57a2d4851a1d" relativeResultsDirectory="be49ffd1-e5d9-4c03-8212-efa4869cf64c" />
    <UnitTestResult executionId="ca2153d6-d52f-4263-85cb-01b496148739" testId="31a58429-3651-de16-d1b2-2b986cb11daf" testName="Roslyn.VisualStudio.NewIntegrationTests.VisualBasic.BasicEditAndContinue+CommonProjectSystem.LocalsWindowUpdatesCorrectlyDuringEnC (VS18)" computerName="CPC-mwiem-JQR2A" duration="00:00:00.0010000" startTime="2026-09-17T12:54:44.9867932-07:00" endTime="2026-09-17T12:54:44.9908338-07:00" testType="13cdc9d9-ddb5-4fa4-a97d-d965ccfc6d4b" outcome="NotExecuted" testListId="8c84fa94-04c1-424b-9868-57a2d4851a1d" relativeResultsDirectory="ca2153d6-d52f-4263-85cb-01b496148739">
      <Output>
        <ErrorInfo>
          <Message>https://github.com/dotnet/roslyn/issues/75456</Message>
        </ErrorInfo>
      </Output>
    </UnitTestResult>
    <UnitTestResult executionId="9588c9ad-d0e0-45f7-aaaa-872e90d2691f" testId="2a095a41-16e7-8f79-b1bf-10c31894c951" testName="Roslyn.VisualStudio.NewIntegrationTests.VisualBasic.BasicErrorListDesktop.ErrorsDuringMethodBodyEditing (VS18)" computerName="CPC-mwiem-JQR2A" duration="00:00:00.0010000" startTime="2026-09-17T12:54:25.6891869-07:00" endTime="2026-09-17T12:54:25.6932056-07:00" testType="13cdc9d9-ddb5-4fa4-a97d-d965ccfc6d4b" outcome="NotExecuted" testListId="8c84fa94-04c1-424b-9868-57a2d4851a1d" relativeResultsDirectory="9588c9ad-d0e0-45f7-aaaa-872e90d2691f">
      <Output>
        <ErrorInfo>
          <Message>https://github.com/dotnet/roslyn/issues/63981 and https://github.com/dotnet/roslyn/issues/63982</Message>
        </ErrorInfo>
      </Output>
    </UnitTestResult>
    <UnitTestResult executionId="a7a596f4-5a8c-4935-9305-cf85ef6d3c69" testId="7d235fb2-1ba5-6804-8354-76df5933e650" testName="Roslyn.VisualStudio.NewIntegrationTests.VisualBasic.BasicGoToDefinition.ObjectBrowserNavigation(navigateToObjectBrowser: True) (VS18)" computerName="CPC-mwiem-JQR2A" duration="00:00:01.9940000" startTime="2026-09-17T12:52:12.1070004-07:00" endTime="2026-09-17T12:52:16.8417637-07:00" testType="13cdc9d9-ddb5-4fa4-a97d-d965ccfc6d4b" outcome="Passed" testListId="8c84fa94-04c1-424b-9868-57a2d4851a1d" relativeResultsDirectory="a7a596f4-5a8c-4935-9305-cf85ef6d3c69" />
    <UnitTestResult executionId="02399323-40db-481d-9924-b1f87ccbcfee" testId="3c384cfc-d7d1-30ee-6e7d-30a6e2716cb7" testName="Roslyn.VisualStudio.NewIntegrationTests.VisualBasic.BasicErrorListNetCore.BuildErrorsInClosedFiles (VS18)" computerName="CPC-mwiem-JQR2A" duration="00:00:00.0010000" startTime="2026-09-17T12:54:25.5291211-07:00" endTime="2026-09-17T12:54:25.5331402-07:00" testType="13cdc9d9-ddb5-4fa4-a97d-d965ccfc6d4b" outcome="NotExecuted" testListId="8c84fa94-04c1-424b-9868-57a2d4851a1d" relativeResultsDirectory="02399323-40db-481d-9924-b1f87ccbcfee">
      <Output>
        <ErrorInfo>
          <Message>https://github.com/dotnet/roslyn/issues/72428</Message>
        </ErrorInfo>
      </Output>
    </UnitTestResult>
    <UnitTestResult executionId="11fb87c9-61a5-4fb8-b427-b587a9822c3f" testId="5b197746-0365-f24f-4bf4-2285707b8213" testName="Roslyn.VisualStudio.NewIntegrationTests.VisualBasic.BasicAutomaticBraceCompletion.Paren_Overtyping (VS18)" computerName="CPC-mwiem-JQR2A" duration="00:00:00.5500000" startTime="2026-09-17T12:55:28.4693027-07:00" endTime="2026-09-17T12:55:30.7074988-07:00" testType="13cdc9d9-ddb5-4fa4-a97d-d965ccfc6d4b" outcome="Passed" testListId="8c84fa94-04c1-424b-9868-57a2d4851a1d" relativeResultsDirectory="11fb87c9-61a5-4fb8-b427-b587a9822c3f" />
    <UnitTestResult executionId="1d80024f-f09c-44f6-a821-d2aca6017348" testId="364ef8e8-9861-b3f6-89d8-3f58d3adf010" testName="Roslyn.VisualStudio.NewIntegrationTests.VisualBasic.BasicAutomaticBraceCompletion.ParenthesesTypeoverAfterStringLiterals (VS18)" computerName="CPC-mwiem-JQR2A" duration="00:00:00.6230000" startTime="2026-09-17T12:55:37.5103077-07:00" endTime="2026-09-17T12:55:39.7926662-07:00" testType="13cdc9d9-ddb5-4fa4-a97d-d965ccfc6d4b" outcome="Passed" testListId="8c84fa94-04c1-424b-9868-57a2d4851a1d" relativeResultsDirectory="1d80024f-f09c-44f6-a821-d2aca6017348" />
    <UnitTestResult executionId="a635a6e7-a36f-4cc9-9bc2-c720366b8a44" testId="5e3f2dd4-be0e-2b9c-1ad3-4c41d4663ed7" testName="Roslyn.VisualStudio.NewIntegrationTests.VisualBasic.BasicAddMissingReference.InvokeSomeFixesInVisualBasicThenVerifyReferences (VS18)" computerName="CPC-mwiem-JQR2A" duration="00:00:02.8300000" startTime="2026-09-17T12:56:28.2526198-07:00" endTime="2026-09-17T12:56:36.7273747-07:00" testType="13cdc9d9-ddb5-4fa4-a97d-d965ccfc6d4b" outcome="Passed" testListId="8c84fa94-04c1-424b-9868-57a2d4851a1d" relativeResultsDirectory="a635a6e7-a36f-4cc9-9bc2-c720366b8a44" />
    <UnitTestResult executionId="3c35c5f3-26a6-49d4-8ac6-30fff6db3c3d" testId="50671f36-d5a7-7867-d5d6-29e0b1ac4c49" testName="Roslyn.VisualStudio.NewIntegrationTests.VisualBasic.BasicChangeSignatureDialog.VerifyReorderParameters (VS18)" computerName="CPC-mwiem-JQR2A" duration="00:00:00.9960000" startTime="2026-09-17T12:55:17.5479617-07:00" endTime="2026-09-17T12:55:19.8894936-07:00" testType="13cdc9d9-ddb5-4fa4-a97d-d965ccfc6d4b" outcome="Passed" testListId="8c84fa94-04c1-424b-9868-57a2d4851a1d" relativeResultsDirectory="3c35c5f3-26a6-49d4-8ac6-30fff6db3c3d" />
    <UnitTestResult executionId="da00af8a-530e-4db0-9fd8-73a8729f7c6f" testId="e2929b63-a734-acd1-b354-5660b411bdbb" testName="Roslyn.VisualStudio.NewIntegrationTests.VisualBasic.BasicAutomaticBraceCompletion.Bracket_Overtyping (VS18)" computerName="CPC-mwiem-JQR2A" duration="00:00:00.5840000" startTime="2026-09-17T12:55:52.7606957-07:00" endTime="2026-09-17T12:55:54.8625528-07:00" testType="13cdc9d9-ddb5-4fa4-a97d-d965ccfc6d4b" outcome="Passed" testListId="8c84fa94-04c1-424b-9868-57a2d4851a1d" relativeResultsDirectory="da00af8a-530e-4db0-9fd8-73a8729f7c6f" />
    <UnitTestResult executionId="54a902da-843c-419a-923d-ba612f90fb78" testId="3a221607-bf73-ef20-e50c-3277d8d8a3dd" testName="Roslyn.VisualStudio.NewIntegrationTests.VisualBasic.BasicExtractInterfaceDialog.CheckSameFileOnlySelectedItems (VS18)" computerName="CPC-mwiem-JQR2A" duration="00:00:02.0530000" startTime="2026-09-17T12:54:08.4650545-07:00" endTime="2026-09-17T12:54:11.8697263-07:00" testType="13cdc9d9-ddb5-4fa4-a97d-d965ccfc6d4b" outcome="Passed" testListId="8c84fa94-04c1-424b-9868-57a2d4851a1d" relativeResultsDirectory="54a902da-843c-419a-923d-ba612f90fb78" />
    <UnitTestResult executionId="21403096-f46d-4398-924f-d4d3cbd5b5f4" testId="ddb56e84-fad7-973a-413a-4d2b57e30869" testName="Roslyn.VisualStudio.NewIntegrationTests.VisualBasic.BasicCodeDefinitionWindow.CodeDefinitionWindowOpensMetadataAsSource(enableDecompilation: False) (VS18)" computerName="CPC-mwiem-JQR2A" duration="00:00:01.0720000" startTime="2026-09-17T12:54:45.0418356-07:00" endTime="2026-09-17T12:54:48.3250331-07:00" testType="13cdc9d9-ddb5-4fa4-a97d-d965ccfc6d4b" outcome="Passed" testListId="8c84fa94-04c1-424b-9868-57a2d4851a1d" relativeResultsDirectory="21403096-f46d-4398-924f-d4d3cbd5b5f4" />
    <UnitTestResult executionId="7b4c2ea9-c88a-4246-9530-6fbffef54e1e" testId="09d8fcc9-e982-201e-47f6-a47ad68f217f" testName="Roslyn.VisualStudio.NewIntegrationTests.VisualBasic.BasicImmediate.DumpLocalVariableValue (VS18)" computerName="CPC-mwiem-JQR2A" duration="00:00:09.0350000" startTime="2026-09-17T12:51:28.8908880-07:00" endTime="2026-09-17T12:51:41.0269148-07:00" testType="13cdc9d9-ddb5-4fa4-a97d-d965ccfc6d4b" outcome="Passed" testListId="8c84fa94-04c1-424b-9868-57a2d4851a1d" relativeResultsDirectory="7b4c2ea9-c88a-4246-9530-6fbffef54e1e" />
    <UnitTestResult executionId="d4c1397e-f102-461b-bb0a-f438589c082f" testId="1ca3db00-b4f5-35be-3a26-b40949fe7b60" testName="Roslyn.VisualStudio.NewIntegrationTests.VisualBasic.BasicArgumentProvider.TabTabCompletionWithArguments (VS18)" computerName="CPC-mwiem-JQR2A" duration="00:00:00.0010000" startTime="2026-09-17T12:56:09.4317776-07:00" endTime="2026-09-17T12:56:09.4358235-07:00" testType="13cdc9d9-ddb5-4fa4-a97d-d965ccfc6d4b" outcome="NotExecuted" testListId="8c84fa94-04c1-424b-9868-57a2d4851a1d" relativeResultsDirectory="d4c1397e-f102-461b-bb0a-f438589c082f">
      <Output>
        <ErrorInfo>
          <Message>https://github.com/dotnet/roslyn/issues/63043</Message>
        </ErrorInfo>
      </Output>
    </UnitTestResult>
    <UnitTestResult executionId="fcc89f16-4d15-45eb-99e9-509942150d2a" testId="aaa8580b-bc0a-3c50-042d-ac47076a6e0e" testName="Roslyn.VisualStudio.NewIntegrationTests.VisualBasic.BasicGoToDefinition.GoToBaseFromMetadataAsSource (VS18)" computerName="CPC-mwiem-JQR2A" duration="00:00:03.0330000" startTime="2026-09-17T12:51:52.8700227-07:00" endTime="2026-09-17T12:52:01.8403801-07:00" testType="13cdc9d9-ddb5-4fa4-a97d-d965ccfc6d4b" outcome="Passed" testListId="8c84fa94-04c1-424b-9868-57a2d4851a1d" relativeResultsDirectory="fcc89f16-4d15-45eb-99e9-509942150d2a" />
    <UnitTestResult executionId="557b81ae-199b-443e-866b-592d79e11f5f" testId="93cce84e-4583-f2be-2eb2-9ac5602c0165" testName="Roslyn.VisualStudio.NewIntegrationTests.VisualBasic.BasicExtractInterfaceDialog.CheckFileName (VS18)" computerName="CPC-mwiem-JQR2A" duration="00:00:01.3920000" startTime="2026-09-17T12:54:22.2305872-07:00" endTime="2026-09-17T12:54:25.2165563-07:00" testType="13cdc9d9-ddb5-4fa4-a97d-d965ccfc6d4b" outcome="Passed" testListId="8c84fa94-04c1-424b-9868-57a2d4851a1d" relativeResultsDirectory="557b81ae-199b-443e-866b-592d79e11f5f" />
    <UnitTestResult executionId="46fc39a4-f008-4bfb-83cd-f544ef7db0f8" testId="66b0c854-cad2-6ce9-d8ee-cd53dc64848d" testName="Roslyn.VisualStudio.NewIntegrationTests.VisualBasic.BasicEditAndContinue+CommonProjectSystem.EnCWhileDebuggingFromImmediateWindow (VS18)" computerName="CPC-mwiem-JQR2A" duration="00:00:00.0010000" startTime="2026-09-17T12:54:44.9357746-07:00" endTime="2026-09-17T12:54:44.9397940-07:00" testType="13cdc9d9-ddb5-4fa4-a97d-d965ccfc6d4b" outcome="NotExecuted" testListId="8c84fa94-04c1-424b-9868-57a2d4851a1d" relativeResultsDirectory="46fc39a4-f008-4bfb-83cd-f544ef7db0f8">
      <Output>
        <ErrorInfo>
          <Message>https://github.com/dotnet/roslyn/issues/75456</Message>
        </ErrorInfo>
      </Output>
    </UnitTestResult>
    <UnitTestResult executionId="06697f62-af84-4dd1-9a0e-d837446fc129" testId="76f2c6c1-44dc-46ed-fad2-346577947680" testName="Roslyn.VisualStudio.NewIntegrationTests.VisualBasic.BasicEditAndContinue+CommonProjectSystem.LocalsWindowUpdatesAfterLocalGetsItsTypeUpdatedDuringEnC (VS18)" computerName="CPC-mwiem-JQR2A" duration="00:00:00.0010000" startTime="2026-09-17T12:54:44.9103951-07:00" endTime="2026-09-17T12:54:44.9139218-07:00" testType="13cdc9d9-ddb5-4fa4-a97d-d965ccfc6d4b" outcome="NotExecuted" testListId="8c84fa94-04c1-424b-9868-57a2d4851a1d" relativeResultsDirectory="06697f62-af84-4dd1-9a0e-d837446fc129">
      <Output>
        <ErrorInfo>
          <Message>https://github.com/dotnet/roslyn/issues/75456</Message>
        </ErrorInfo>
      </Output>
    </UnitTestResult>
    <UnitTestResult executionId="854a6907-d8b4-4e67-9366-d50a28506d67" testId="c499453c-4c0a-a9ef-a3d1-6338e9ef7d71" testName="Roslyn.VisualStudio.NewIntegrationTests.VisualBasic.BasicArgumentProvider.TabTabCompleteObjectEquals (VS18)" computerName="CPC-mwiem-JQR2A" duration="00:00:00.8750000" startTime="2026-09-17T12:56:09.4673705-07:00" endTime="2026-09-17T12:56:12.0261924-07:00" testType="13cdc9d9-ddb5-4fa4-a97d-d965ccfc6d4b" outcome="Passed" testListId="8c84fa94-04c1-424b-9868-57a2d4851a1d" relativeResultsDirectory="854a6907-d8b4-4e67-9366-d50a28506d67" />
    <UnitTestResult executionId="91d7f8c5-fefb-4b59-a749-b0fbfc82742d" testId="9b45ec35-9ce3-9bd1-a44c-a329291461d3" testName="Roslyn.VisualStudio.NewIntegrationTests.VisualBasic.BasicChangeSignatureDialog.VerifyReorderAndRemoveParametersAcrossLanguages (VS18)" computerName="CPC-mwiem-JQR2A" duration="00:00:04.1170000" startTime="2026-09-17T12:54:56.2504633-07:00" endTime="2026-09-17T12:55:02.0910825-07:00" testType="13cdc9d9-ddb5-4fa4-a97d-d965ccfc6d4b" outcome="Passed" testListId="8c84fa94-04c1-424b-9868-57a2d4851a1d" relativeResultsDirectory="91d7f8c5-fefb-4b59-a749-b0fbfc82742d" />
    <UnitTestResult executionId="a88a4a8e-d578-476c-9bae-dca52b67a9ea" testId="69acdac2-172c-e826-17b4-39e757b785b5" testName="Roslyn.VisualStudio.NewIntegrationTests.VisualBasic.BasicEndConstruct.CaseInsensitiveSubToFunction (VS18)" computerName="CPC-mwiem-JQR2A" duration="00:00:00.5550000" startTime="2026-09-17T12:54:32.2040767-07:00" endTime="2026-09-17T12:54:34.3217848-07:00" testType="13cdc9d9-ddb5-4fa4-a97d-d965ccfc6d4b" outcome="Passed" testListId="8c84fa94-04c1-424b-9868-57a2d4851a1d" relativeResultsDirectory="a88a4a8e-d578-476c-9bae-dca52b67a9ea" />
    <UnitTestResult executionId="252e0734-4528-4346-8a72-0b4fb2f73bef" testId="57cc0bb6-fe69-2a83-3622-9062f6423e06" testName="Roslyn.VisualStudio.NewIntegrationTests.VisualBasic.BasicAutomaticBraceCompletion.VirtualWhitespaceIssue (VS18)" computerName="CPC-mwiem-JQR2A" duration="00:00:00.4650000" startTime="2026-09-17T12:55:24.2888520-07:00" endTime="2026-09-17T12:55:26.2477642-07:00" testType="13cdc9d9-ddb5-4fa4-a97d-d965ccfc6d4b" outcome="Passed" testListId="8c84fa94-04c1-424b-9868-57a2d4851a1d" relativeResultsDirectory="252e0734-4528-4346-8a72-0b4fb2f73bef" />
    <UnitTestResult executionId="91ca2b81-d40d-48d9-9668-434ba43a4971" testId="b644f3b0-5553-2c99-ec2c-235f4d407ae4" testName="Roslyn.VisualStudio.NewIntegrationTests.VisualBasic.BasicGenerateEqualsAndGetHashCodeDialog.VerifyCodeRefactoringOfferedAndCanceled (VS18)" computerName="CPC-mwiem-JQR2A" duration="00:00:00.0010000" startTime="2026-09-17T12:52:35.7178768-07:00" endTime="2026-09-17T12:52:39.0024594-07:00" testType="13cdc9d9-ddb5-4fa4-a97d-d965ccfc6d4b" outcome="NotExecuted" testListId="8c84fa94-04c1-424b-9868-57a2d4851a1d" relativeResultsDirectory="91ca2b81-d40d-48d9-9668-434ba43a4971">
      <Output>
        <ErrorInfo>
          <Message>Test will automatically retry.</Message>
        </ErrorInfo>
      </Output>
    </UnitTestResult>
    <UnitTestResult executionId="d84f7c3b-6940-4cb6-acd2-7a4d46bb98ef" testId="0b964082-6f2e-f20b-022f-b59c5458195c" testName="Roslyn.VisualStudio.NewIntegrationTests.VisualBasic.BasicErrorListDesktop.ErrorList (VS18)" computerName="CPC-mwiem-JQR2A" duration="00:00:00.0010000" startTime="2026-09-17T12:54:25.6617733-07:00" endTime="2026-09-17T12:54:25.6655400-07:00" testType="13cdc9d9-ddb5-4fa4-a97d-d965ccfc6d4b" outcome="NotExecuted" testListId="8c84fa94-04c1-424b-9868-57a2d4851a1d" relativeResultsDirectory="d84f7c3b-6940-4cb6-acd2-7a4d46bb98ef">
      <Output>
        <ErrorInfo>
          <Message>https://github.com/dotnet/roslyn/issues/63041</Message>
        </ErrorInfo>
      </Output>
    </UnitTestResult>
    <UnitTestResult executionId="2799ffa5-b2af-4cb1-94de-0f0b2b397cda" testId="a5b8d245-4dff-ffc7-02c3-cc26fd3e9171" testName="Roslyn.VisualStudio.NewIntegrationTests.VisualBasic.BasicAutomaticBraceCompletion.Paren_InsertionAndTabCompleting (VS18)" computerName="CPC-mwiem-JQR2A" duration="00:00:00.9670000" startTime="2026-09-17T12:55:21.7236610-07:00" endTime="2026-09-17T12:55:24.2491115-07:00" testType="13cdc9d9-ddb5-4fa4-a97d-d965ccfc6d4b" outcome="Passed" testListId="8c84fa94-04c1-424b-9868-57a2d4851a1d" relativeResultsDirectory="2799ffa5-b2af-4cb1-94de-0f0b2b397cda" />
    <UnitTestResult executionId="c172231d-977f-4aef-ac73-cb83dc4a3c3d" testId="e2250520-66fc-761d-bab1-8326277b1c41" testName="Roslyn.VisualStudio.NewIntegrationTests.VisualBasic.BasicErrorListDesktop.BuildErrorsInClosedFiles (VS18)" computerName="CPC-mwiem-JQR2A" duration="00:00:00.0010000" startTime="2026-09-17T12:54:25.6243203-07:00" endTime="2026-09-17T12:54:25.6283407-07:00" testType="13cdc9d9-ddb5-4fa4-a97d-d965ccfc6d4b" outcome="NotExecuted" testListId="8c84fa94-04c1-424b-9868-57a2d4851a1d" relativeResultsDirectory="c172231d-977f-4aef-ac73-cb83dc4a3c3d">
      <Output>
        <ErrorInfo>
          <Message>https://github.com/dotnet/roslyn/issues/72428</Message>
        </ErrorInfo>
      </Output>
    </UnitTestResult>
    <UnitTestResult executionId="22704b92-0220-460f-903c-1ebe1881ab1a" testId="a103dc77-ec08-dba3-202e-6a557b951edd" testName="Roslyn.VisualStudio.NewIntegrationTests.VisualBasic.BasicAutomaticBraceCompletion.Negative_NoCompletionInStringLiterals (VS18)" computerName="CPC-mwiem-JQR2A" duration="00:00:00.5510000" startTime="2026-09-17T12:55:50.6717200-07:00" endTime="2026-09-17T12:55:52.7223976-07:00" testType="13cdc9d9-ddb5-4fa4-a97d-d965ccfc6d4b" outcome="Passed" testListId="8c84fa94-04c1-424b-9868-57a2d4851a1d" relativeResultsDirectory="22704b92-0220-460f-903c-1ebe1881ab1a" />
    <UnitTestResult executionId="627de21b-0a3c-4f82-bff3-7da461f8280e" testId="2b87843e-9444-976c-fd30-0a8d35555e85" testName="Roslyn.VisualStudio.NewIntegrationTests.VisualBasic.BasicAutomaticBraceCompletion.LineCommittingIssue (VS18)" computerName="CPC-mwiem-JQR2A" duration="00:00:00.4390000" startTime="2026-09-17T12:55:33.3046212-07:00" endTime="2026-09-17T12:55:35.1734403-07:00" testType="13cdc9d9-ddb5-4fa4-a97d-d965ccfc6d4b" outcome="Passed" testListId="8c84fa94-04c1-424b-9868-57a2d4851a1d" relativeResultsDirectory="627de21b-0a3c-4f82-bff3-7da461f8280e" />
    <UnitTestResult executionId="baacd6b6-da51-47c5-b9e9-eb1207aec07e" testId="eb4e1f35-6e79-d2d8-e269-7567cf68d24c" testName="Roslyn.VisualStudio.NewIntegrationTests.VisualBasic.BasicIntelliSense.DismissIntelliSenseOnApostrophe (VS18)" computerName="CPC-mwiem-JQR2A" duration="00:00:02.2240000" startTime="2026-09-17T12:50:56.8403243-07:00" endTime="2026-09-17T12:51:00.2040475-07:00" testType="13cdc9d9-ddb5-4fa4-a97d-d965ccfc6d4b" outcome="Passed" testListId="8c84fa94-04c1-424b-9868-57a2d4851a1d" relativeResultsDirectory="baacd6b6-da51-47c5-b9e9-eb1207aec07e" />
    <UnitTestResult executionId="7bd1ffec-9b06-433c-b16d-073aa7250abe" testId="3916b7a5-b6dc-a3cc-b44a-8a85d7ff0339" testName="Roslyn.VisualStudio.NewIntegrationTests.VisualBasic.BasicErrorListNetCore.ErrorsDuringMethodBodyEditing (VS18)" computerName="CPC-mwiem-JQR2A" duration="00:00:00.0010000" startTime="2026-09-17T12:54:25.5610746-07:00" endTime="2026-09-17T12:54:25.5650982-07:00" testType="13cdc9d9-ddb5-4fa4-a97d-d965ccfc6d4b" outcome="NotExecuted" testListId="8c84fa94-04c1-424b-9868-57a2d4851a1d" relativeResultsDirectory="7bd1ffec-9b06-433c-b16d-073aa7250abe">
      <Output>
        <ErrorInfo>
          <Message>https://github.com/dotnet/roslyn/issues/63981 and https://github.com/dotnet/roslyn/issues/63982</Message>
        </ErrorInfo>
      </Output>
    </UnitTestResult>
    <UnitTestResult executionId="7381a2ba-5d23-4b5d-beea-872cb5aed341" testId="af3e65b2-aab6-2ff2-8e1c-1e8129b94481" testName="Roslyn.VisualStudio.NewIntegrationTests.VisualBasic.BasicAutomaticBraceCompletion.Braces_InsertionAndTabCompleting (VS18)" computerName="CPC-mwiem-JQR2A" duration="00:00:00.0010000" startTime="2026-09-17T12:55:33.2657400-07:00" endTime="2026-09-17T12:55:33.2708094-07:00" testType="13cdc9d9-ddb5-4fa4-a97d-d965ccfc6d4b" outcome="NotExecuted" testListId="8c84fa94-04c1-424b-9868-57a2d4851a1d" relativeResultsDirectory="7381a2ba-5d23-4b5d-beea-872cb5aed341">
      <Output>
        <ErrorInfo>
          <Message>https://github.com/dotnet/roslyn/issues/63576</Message>
        </ErrorInfo>
      </Output>
    </UnitTestResult>
    <UnitTestResult executionId="a037385b-deaa-4c89-b09a-62796d8ff38d" testId="d3c75dd9-8f7c-3654-e18b-9f30da5d194c" testName="Roslyn.VisualStudio.NewIntegrationTests.VisualBasic.BasicFindReferences.FindReferencesToSharedField (VS18)" computerName="CPC-mwiem-JQR2A" duration="00:00:02.2870000" startTime="2026-09-17T12:52:53.9706743-07:00" endTime="2026-09-17T12:52:57.9466947-07:00" testType="13cdc9d9-ddb5-4fa4-a97d-d965ccfc6d4b" outcome="Passed" testListId="8c84fa94-04c1-424b-9868-57a2d4851a1d" relativeResultsDirectory="a037385b-deaa-4c89-b09a-62796d8ff38d" />
    <UnitTestResult executionId="9a4ae05f-7204-499a-8edf-e2747c73aed0" testId="20661c47-f355-9a36-681c-10ee5d3e2dfc" testName="Roslyn.VisualStudio.NewIntegrationTests.VisualBasic.BasicGenerateEqualsAndGetHashCodeDialog.VerifyCodeRefactoringOfferedAndAccepted (VS18)" computerName="CPC-mwiem-JQR2A" duration="00:00:02.5690000" startTime="2026-09-17T12:58:46.3014704-07:00" endTime="2026-09-17T12:58:50.0256381-07:00" testType="13cdc9d9-ddb5-4fa4-a97d-d965ccfc6d4b" outcome="Failed" testListId="8c84fa94-04c1-424b-9868-57a2d4851a1d" relativeResultsDirectory="9a4ae05f-7204-499a-8edf-e2747c73aed0">
      <Output>
        <ErrorInfo>
          <Message>System.Exception : The following expected item(s) not found:&#xD;
Generate Equals(object)...&#xD;
Actual items:&#xD;
Generate Equals(...)...&#xD;
Preview changes&#xD;
Generate Equals and GetHashCode...&#xD;
Preview changes&#xD;
Generate constructor from members...&#xD;
Preview changes&#xD;
Generate overrides...&#xD;
Preview changes&#xD;
</Message>
          <StackTrace>   at Microsoft.VisualStudio.IntegrationTest.Utilities.TestUtilities.ThrowIfExpectedItemNotFound[TCollection](IEnumerable`1 actual, IEnumerable`1 expected) in Q:\src\roslyn\roslyn-main\src\VisualStudio\IntegrationTest\New.IntegrationTests\TestUtilities.cs:line 38&#xD;
   at Roslyn.VisualStudio.NewIntegrationTests.InProcess.ITextViewWindowVerifierInProcessExtensions.&lt;CodeActionsAsync&gt;d__1.MoveNext() in Q:\src\roslyn\roslyn-main\src\VisualStudio\IntegrationTest\New.IntegrationTests\InProcess\ITextViewWindowVerifierInProcessExtensions.cs:line 90&#xD;
--- End of stack trace from previous location where exception was thrown ---&#xD;
   at System.Runtime.ExceptionServices.ExceptionDispatchInfo.Throw()&#xD;
   at System.Runtime.CompilerServices.TaskAwaiter.HandleNonSuccessAndDebuggerNotification(Task task)&#xD;
   at System.Runtime.CompilerServices.TaskAwaiter`1.GetResult()&#xD;
   at Roslyn.VisualStudio.NewIntegrationTests.InProcess.ITextViewWindowVerifierInProcessExtensions.&lt;CodeActionAsync&gt;d__0.MoveNext() in Q:\src\roslyn\roslyn-main\src\VisualStudio\IntegrationTest\New.IntegrationTests\InProcess\ITextViewWindowVerifierInProcessExtensions.cs:line 43&#xD;
--- End of stack trace from previous location where exception was thrown ---&#xD;
   at System.Runtime.ExceptionServices.ExceptionDispatchInfo.Throw()&#xD;
   at System.Runtime.CompilerServices.TaskAwaiter.HandleNonSuccessAndDebuggerNotification(Task task)&#xD;
   at System.Runtime.CompilerServices.TaskAwaiter.GetResult()&#xD;
   at Roslyn.VisualStudio.NewIntegrationTests.VisualBasic.BasicGenerateEqualsAndGetHashCodeDialog.&lt;VerifyCodeRefactoringOfferedAndAccepted&gt;d__4.MoveNext() in Q:\src\roslyn\roslyn-main\src\VisualStudio\IntegrationTest\New.IntegrationTests\VisualBasic\BasicGenerateEqualsAndGetHashCodeDialog.cs:line 72&#xD;
--- End of stack trace from previous location where exception was thrown ---&#xD;
   at System.Runtime.ExceptionServices.ExceptionDispatchInfo.Throw()&#xD;
   at System.Runtime.CompilerServices.TaskAwaiter.HandleNonSuccessAndDebuggerNotification(Task task)&#xD;
   at System.Runtime.CompilerServices.ConfiguredTaskAwaitable.ConfiguredTaskAwaiter.GetResult()&#xD;
--- End of stack trace from previous location where exception was thrown ---&#xD;
   at System.Runtime.ExceptionServices.ExceptionDispatchInfo.Throw()&#xD;
   at System.Runtime.CompilerServices.TaskAwaiter.HandleNonSuccessAndDebuggerNotification(Task task)&#xD;
--- End of stack trace from previous location where exception was thrown ---&#xD;
   at System.Runtime.ExceptionServices.ExceptionDispatchInfo.Throw()&#xD;
   at System.Runtime.CompilerServices.TaskAwaiter.HandleNonSuccessAndDebuggerNotification(Task task)</StackTrace>
        </ErrorInfo>
      </Output>
    </UnitTestResult>
    <UnitTestResult executionId="1d56b451-b159-4d37-a233-9a55604a1b4b" testId="8d7ff3f7-18ce-f0ba-21d0-d1f242c43d0e" testName="Roslyn.VisualStudio.NewIntegrationTests.VisualBasic.BasicEditAndContinue+CommonProjectSystem.EditLambdaExpression (VS18)" computerName="CPC-mwiem-JQR2A" duration="00:00:00.0010000" startTime="2026-09-17T12:54:44.7990340-07:00" endTime="2026-09-17T12:54:44.8030543-07:00" testType="13cdc9d9-ddb5-4fa4-a97d-d965ccfc6d4b" outcome="NotExecuted" testListId="8c84fa94-04c1-424b-9868-57a2d4851a1d" relativeResultsDirectory="1d56b451-b159-4d37-a233-9a55604a1b4b">
      <Output>
        <ErrorInfo>
          <Message>https://github.com/dotnet/roslyn/issues/75456</Message>
        </ErrorInfo>
      </Output>
    </UnitTestResult>
    <UnitTestResult executionId="7dd6bc0f-b757-4639-938c-8de7b3570b25" testId="1dd0f73a-137e-76c1-d2ca-817806647945" testName="Roslyn.VisualStudio.NewIntegrationTests.VisualBasic.BasicEditAndContinue+CommonProjectSystem.WatchWindowUpdatesCorrectlyDuringEnC (VS18)" computerName="CPC-mwiem-JQR2A" duration="00:00:00.0010000" startTime="2026-09-17T12:54:44.8837294-07:00" endTime="2026-09-17T12:54:44.8877497-07:00" testType="13cdc9d9-ddb5-4fa4-a97d-d965ccfc6d4b" outcome="NotExecuted" testListId="8c84fa94-04c1-424b-9868-57a2d4851a1d" relativeResultsDirectory="7dd6bc0f-b757-4639-938c-8de7b3570b25">
      <Output>
        <ErrorInfo>
          <Message>https://github.com/dotnet/roslyn/issues/75456</Message>
        </ErrorInfo>
      </Output>
    </UnitTestResult>
    <UnitTestResult executionId="0b844b90-2c8f-4583-842d-cbb4e09d938e" testId="60854f06-49ad-83f5-6655-dae8bce8666e" testName="Roslyn.VisualStudio.NewIntegrationTests.VisualBasic.BasicChangeSignatureDialog.VerifyAddParameterRefactoringCancelled (VS18)" computerName="CPC-mwiem-JQR2A" duration="00:00:01.3740000" startTime="2026-09-17T12:55:14.3545435-07:00" endTime="2026-09-17T12:55:17.5075139-07:00" testType="13cdc9d9-ddb5-4fa4-a97d-d965ccfc6d4b" outcome="Passed" testListId="8c84fa94-04c1-424b-9868-57a2d4851a1d" relativeResultsDirectory="0b844b90-2c8f-4583-842d-cbb4e09d938e" />
    <UnitTestResult executionId="9910a9a8-1713-4f68-a2b9-12952f64bb65" testId="6e4d0ffe-8c8e-d861-f28d-45bd612b06eb" testName="Roslyn.VisualStudio.NewIntegrationTests.VisualBasic.BasicEndConstruct.InterfaceToClassFixup (VS18)" computerName="CPC-mwiem-JQR2A" duration="00:00:00.5340000" startTime="2026-09-17T12:54:28.0540373-07:00" endTime="2026-09-17T12:54:30.3954389-07:00" testType="13cdc9d9-ddb5-4fa4-a97d-d965ccfc6d4b" outcome="Passed" testListId="8c84fa94-04c1-424b-9868-57a2d4851a1d" relativeResultsDirectory="9910a9a8-1713-4f68-a2b9-12952f64bb65" />
    <UnitTestResult executionId="46d054a0-a10c-464b-aa5c-79e47d33260a" testId="12454d77-7e28-d016-be50-08c3693bfe0f" testName="Roslyn.VisualStudio.NewIntegrationTests.VisualBasic.BasicExtractInterfaceDialog.CoreScenario (VS18)" computerName="CPC-mwiem-JQR2A" duration="00:00:02.3870000" startTime="2026-09-17T12:54:18.2756345-07:00" endTime="2026-09-17T12:54:22.1930491-07:00" testType="13cdc9d9-ddb5-4fa4-a97d-d965ccfc6d4b" outcome="Passed" testListId="8c84fa94-04c1-424b-9868-57a2d4851a1d" relativeResultsDirectory="46d054a0-a10c-464b-aa5c-79e47d33260a" />
    <UnitTestResult executionId="e84eda66-2d9a-41db-b08d-4ff17cb815c7" testId="1eca010f-c44d-307a-d758-d092ffa2f030" testName="Roslyn.VisualStudio.NewIntegrationTests.VisualBasic.BasicIntelliSense.EnterTriggerCompletionListAndImplementInterface (VS18)" computerName="CPC-mwiem-JQR2A" duration="00:00:03.1870000" startTime="2026-09-17T12:51:24.4500241-07:00" endTime="2026-09-17T12:51:28.8263275-07:00" testType="13cdc9d9-ddb5-4fa4-a97d-d965ccfc6d4b" outcome="Passed" testListId="8c84fa94-04c1-424b-9868-57a2d4851a1d" relativeResultsDirectory="e84eda66-2d9a-41db-b08d-4ff17cb815c7" />
    <UnitTestResult executionId="678e748a-da27-4571-818c-22e9e06c52b8" testId="5c5d5503-61e6-2dfa-a7e2-c16520f993e9" testName="Roslyn.VisualStudio.NewIntegrationTests.VisualBasic.BasicChangeSignatureDialog.VerifyAddParametersAcrossLanguages (VS18)" computerName="CPC-mwiem-JQR2A" duration="00:00:03.3230000" startTime="2026-09-17T12:55:02.1273325-07:00" endTime="2026-09-17T12:55:07.0178726-07:00" testType="13cdc9d9-ddb5-4fa4-a97d-d965ccfc6d4b" outcome="Passed" testListId="8c84fa94-04c1-424b-9868-57a2d4851a1d" relativeResultsDirectory="678e748a-da27-4571-818c-22e9e06c52b8" />
    <UnitTestResult executionId="33682301-4950-4a04-a044-f1bb744247c4" testId="914e6032-f14e-9609-7c9f-c2e48b592377" testName="Roslyn.VisualStudio.NewIntegrationTests.VisualBasic.BasicFormatting.ShiftEnterWithIntelliSenseAndBraceMatching (VS18)" computerName="CPC-mwiem-JQR2A" duration="00:00:00.5700000" startTime="2026-09-17T12:52:48.4408005-07:00" endTime="2026-09-17T12:52:50.4809620-07:00" testType="13cdc9d9-ddb5-4fa4-a97d-d965ccfc6d4b" outcome="Passed" testListId="8c84fa94-04c1-424b-9868-57a2d4851a1d" relativeResultsDirectory="33682301-4950-4a04-a044-f1bb744247c4" />
    <UnitTestResult executionId="9c7aca41-e13e-45ae-8035-d0c8118a5aff" testId="97d960b8-3af1-e9f4-815e-7e755b362e33" testName="Roslyn.VisualStudio.NewIntegrationTests.VisualBasic.BasicEndConstruct.EndConstruct (VS18)" computerName="CPC-mwiem-JQR2A" duration="00:00:00.3430000" startTime="2026-09-17T12:54:30.4288952-07:00" endTime="2026-09-17T12:54:32.1668253-07:00" testType="13cdc9d9-ddb5-4fa4-a97d-d965ccfc6d4b" outcome="Passed" testListId="8c84fa94-04c1-424b-9868-57a2d4851a1d" relativeResultsDirectory="9c7aca41-e13e-45ae-8035-d0c8118a5aff" />
    <UnitTestResult executionId="35df6db5-8e91-4e50-af73-f2ec286c1487" testId="b6d8a921-9166-7173-6647-029e8bdfee05" testName="Roslyn.VisualStudio.NewIntegrationTests.VisualBasic.BasicAutomaticBraceCompletion.DoubleQuote_InsertionAndTabCompletion (VS18)" computerName="CPC-mwiem-JQR2A" duration="00:00:00.0010000" startTime="2026-09-17T12:55:33.2332145-07:00" endTime="2026-09-17T12:55:33.2372541-07:00" testType="13cdc9d9-ddb5-4fa4-a97d-d965ccfc6d4b" outcome="NotExecuted" testListId="8c84fa94-04c1-424b-9868-57a2d4851a1d" relativeResultsDirectory="35df6db5-8e91-4e50-af73-f2ec286c1487">
      <Output>
        <ErrorInfo>
          <Message>https://github.com/dotnet/roslyn/issues/63576</Message>
        </ErrorInfo>
      </Output>
    </UnitTestResult>
    <UnitTestResult executionId="d4bf7e67-c45a-429c-84c0-a0f18c0708d0" testId="0426d250-5b9d-32bf-4eef-eeb2cb474fbd" testName="Roslyn.VisualStudio.NewIntegrationTests.VisualBasic.BasicCodeDefinitionWindow.CodeDefinitionWindowOpensMetadataAsSource(enableDecompilation: True) (VS18)" computerName="CPC-mwiem-JQR2A" duration="00:00:03.7390000" startTime="2026-09-17T12:54:48.3510490-07:00" endTime="2026-09-17T12:54:53.7690120-07:00" testType="13cdc9d9-ddb5-4fa4-a97d-d965ccfc6d4b" outcome="Passed" testListId="8c84fa94-04c1-424b-9868-57a2d4851a1d" relativeResultsDirectory="d4bf7e67-c45a-429c-84c0-a0f18c0708d0" />
    <UnitTestResult executionId="b33df7a8-471f-43d6-8df6-9084edf138d3" testId="07a5043e-bd68-4d3f-5b35-c613f3f1a70c" testName="Roslyn.VisualStudio.NewIntegrationTests.VisualBasic.BasicArgumentProvider.TabTabCompleteNewObject (VS18)" computerName="CPC-mwiem-JQR2A" duration="00:00:01.0340000" startTime="2026-09-17T12:56:02.9929418-07:00" endTime="2026-09-17T12:56:05.8468075-07:00" testType="13cdc9d9-ddb5-4fa4-a97d-d965ccfc6d4b" outcome="Passed" testListId="8c84fa94-04c1-424b-9868-57a2d4851a1d" relativeResultsDirectory="b33df7a8-471f-43d6-8df6-9084edf138d3" />
    <UnitTestResult executionId="7a12b2e8-fb06-4dbb-a155-1528cbba6f74" testId="74fd202a-c11e-b663-49c1-f79cad0c5c47" testName="Roslyn.VisualStudio.NewIntegrationTests.VisualBasic.BasicExtractMethod.ExtractViaCodeAction (VS18)" computerName="CPC-mwiem-JQR2A" duration="00:00:34.2920000" startTime="2026-09-17T12:59:28.3516783-07:00" endTime="2026-09-17T13:00:03.9369686-07:00" testType="13cdc9d9-ddb5-4fa4-a97d-d965ccfc6d4b" outcome="Failed" testListId="8c84fa94-04c1-424b-9868-57a2d4851a1d" relativeResultsDirectory="7a12b2e8-fb06-4dbb-a155-1528cbba6f74">
      <Output>
        <ErrorInfo>
          <Message>System.OperationCanceledException : The operation was canceled.</Message>
          <StackTrace>   at System.Threading.CancellationToken.ThrowOperationCanceledException()&#xD;
   at Microsoft.VisualStudio.Threading.ThreadingTools.&lt;WithCancellationSlow&gt;d__9.MoveNext()&#xD;
--- End of stack trace from previous location where exception was thrown ---&#xD;
   at System.Runtime.ExceptionServices.ExceptionDispatchInfo.Throw()&#xD;
   at System.Runtime.CompilerServices.TaskAwaiter.ThrowForNonSuccess(Task task)&#xD;
   at System.Runtime.CompilerServices.TaskAwaiter.HandleNonSuccessAndDebuggerNotification(Task task)&#xD;
   at System.Runtime.CompilerServices.TaskAwaiter.GetResult()&#xD;
   at Microsoft.VisualStudio.Extensibility.Testing.WorkspaceInProcess.&lt;WaitForAllAsyncOperationsAsync&gt;d__13.MoveNext() in Q:\src\roslyn\roslyn-main\src\VisualStudio\IntegrationTest\New.IntegrationTests\InProcess\WorkspaceInProcess.cs:line 161&#xD;
--- End of stack trace from previous location where exception was thrown ---&#xD;
   at System.Runtime.ExceptionServices.ExceptionDispatchInfo.Throw()&#xD;
   at System.Runtime.CompilerServices.TaskAwaiter.ThrowForNonSuccess(Task task)&#xD;
   at System.Runtime.CompilerServices.TaskAwaiter.HandleNonSuccessAndDebuggerNotification(Task task)&#xD;
   at System.Runtime.CompilerServices.TaskAwaiter.GetResult()&#xD;
   at Roslyn.VisualStudio.NewIntegrationTests.InProcess.ITextViewWindowVerifierInProcessExtensions.&lt;CodeActionsAsync&gt;d__1.MoveNext() in Q:\src\roslyn\roslyn-main\src\VisualStudio\IntegrationTest\New.IntegrationTests\InProcess\ITextViewWindowVerifierInProcessExtensions.cs:line 111&#xD;
--- End of stack trace from previous location where exception was thrown ---&#xD;
   at System.Runtime.ExceptionServices.ExceptionDispatchInfo.Throw()&#xD;
   at System.Runtime.CompilerServices.TaskAwaiter.ThrowForNonSuccess(Task task)&#xD;
   at System.Runtime.CompilerServices.TaskAwaiter.HandleNonSuccessAndDebuggerNotification(Task task)&#xD;
   at System.Runtime.CompilerServices.TaskAwaiter`1.GetResult()&#xD;
   at Roslyn.VisualStudio.NewIntegrationTests.InProcess.ITextViewWindowVerifierInProcessExtensions.&lt;CodeActionAsync&gt;d__0.MoveNext() in Q:\src\roslyn\roslyn-main\src\VisualStudio\IntegrationTest\New.IntegrationTests\InProcess\ITextViewWindowVerifierInProcessExtensions.cs:line 43&#xD;
--- End of stack trace from previous location where exception was thrown ---&#xD;
   at System.Runtime.ExceptionServices.ExceptionDispatchInfo.Throw()&#xD;
   at System.Runtime.CompilerServices.TaskAwaiter.ThrowForNonSuccess(Task task)&#xD;
   at System.Runtime.CompilerServices.TaskAwaiter.HandleNonSuccessAndDebuggerNotification(Task task)&#xD;
   at System.Runtime.CompilerServices.TaskAwaiter.GetResult()&#xD;
   at Roslyn.VisualStudio.NewIntegrationTests.VisualBasic.BasicExtractMethod.&lt;ExtractViaCodeAction&gt;d__5.MoveNext() in Q:\src\roslyn\roslyn-main\src\VisualStudio\IntegrationTest\New.IntegrationTests\VisualBasic\BasicExtractMethod.cs:line 101&#xD;
--- End of stack trace from previous location where exception was thrown ---&#xD;
   at System.Runtime.ExceptionServices.ExceptionDispatchInfo.Throw()&#xD;
   at System.Runtime.CompilerServices.TaskAwaiter.ThrowForNonSuccess(Task task)&#xD;
   at System.Runtime.CompilerServices.TaskAwaiter.HandleNonSuccessAndDebuggerNotification(Task task)&#xD;
   at System.Runtime.CompilerServices.ConfiguredTaskAwaitable.ConfiguredTaskAwaiter.GetResult()&#xD;
--- End of stack trace from previous location where exception was thrown ---&#xD;
   at System.Runtime.ExceptionServices.ExceptionDispatchInfo.Throw()&#xD;
   at System.Runtime.CompilerServices.TaskAwaiter.ThrowForNonSuccess(Task task)&#xD;
   at System.Runtime.CompilerServices.TaskAwaiter.HandleNonSuccessAndDebuggerNotification(Task task)&#xD;
--- End of stack trace from previous location where exception was thrown ---&#xD;
   at System.Runtime.ExceptionServices.ExceptionDispatchInfo.Throw()&#xD;
   at System.Runtime.CompilerServices.TaskAwaiter.ThrowForNonSuccess(Task task)&#xD;
   at System.Runtime.CompilerServices.TaskAwaiter.HandleNonSuccessAndDebuggerNotification(Task task)</StackTrace>
        </ErrorInfo>
      </Output>
    </UnitTestResult>
    <UnitTestResult executionId="29038ef9-2697-4db5-83cb-2cf888ce6626" testId="13bd1640-a017-3863-6ffe-ddb3623c648f" testName="Roslyn.VisualStudio.NewIntegrationTests.VisualBasic.BasicAddMissingReference.VerifyAvailableCodeActions (VS18)" computerName="CPC-mwiem-JQR2A" duration="00:00:02.9030000" startTime="2026-09-17T12:56:18.9002897-07:00" endTime="2026-09-17T12:56:28.2123505-07:00" testType="13cdc9d9-ddb5-4fa4-a97d-d965ccfc6d4b" outcome="Passed" testListId="8c84fa94-04c1-424b-9868-57a2d4851a1d" relativeResultsDirectory="29038ef9-2697-4db5-83cb-2cf888ce6626" />
    <UnitTestResult executionId="3926c9f4-c62c-4dff-b78b-58a0d82ea0c4" testId="7a6c3d8e-8e5c-e3da-44fe-7ef93c8ee99d" testName="Roslyn.VisualStudio.NewIntegrationTests.VisualBasic.BasicExpressionEvaluator.ValidateLocalsWindow (VS18)" computerName="CPC-mwiem-JQR2A" duration="00:00:00.0010000" startTime="2026-09-17T12:54:25.3531358-07:00" endTime="2026-09-17T12:54:25.3571564-07:00" testType="13cdc9d9-ddb5-4fa4-a97d-d965ccfc6d4b" outcome="NotExecuted" testListId="8c84fa94-04c1-424b-9868-57a2d4851a1d" relativeResultsDirectory="3926c9f4-c62c-4dff-b78b-58a0d82ea0c4">
      <Output>
        <ErrorInfo>
          <Message>https://github.com/dotnet/roslyn/issues/75456</Message>
        </ErrorInfo>
      </Output>
    </UnitTestResult>
    <UnitTestResult executionId="15f5083f-d348-4ef5-b866-546ffc2b58f1" testId="1443046b-d078-c113-5d84-bf3171033d93" testName="Roslyn.VisualStudio.NewIntegrationTests.VisualBasic.BasicGenerateConstructorDialog.VerifyCodeRefactoringOfferedAndCanceled (VS18)" computerName="CPC-mwiem-JQR2A" duration="00:00:00.5360000" startTime="2026-09-17T12:52:41.5816322-07:00" endTime="2026-09-17T12:52:43.8751413-07:00" testType="13cdc9d9-ddb5-4fa4-a97d-d965ccfc6d4b" outcome="Passed" testListId="8c84fa94-04c1-424b-9868-57a2d4851a1d" relativeResultsDirectory="15f5083f-d348-4ef5-b866-546ffc2b58f1" />
    <UnitTestResult executionId="ba34dc87-eb55-4fd9-944a-2fa96727faac" testId="20661c47-f355-9a36-681c-10ee5d3e2dfc" testName="Roslyn.VisualStudio.NewIntegrationTests.VisualBasic.BasicGenerateEqualsAndGetHashCodeDialog.VerifyCodeRefactoringOfferedAndAccepted (VS18)" computerName="CPC-mwiem-JQR2A" duration="00:00:00.0010000" startTime="2026-09-17T12:52:32.9461927-07:00" endTime="2026-09-17T12:52:35.6813947-07:00" testType="13cdc9d9-ddb5-4fa4-a97d-d965ccfc6d4b" outcome="NotExecuted" testListId="8c84fa94-04c1-424b-9868-57a2d4851a1d" relativeResultsDirectory="ba34dc87-eb55-4fd9-944a-2fa96727faac">
      <Output>
        <ErrorInfo>
          <Message>Test will automatically retry.</Message>
        </ErrorInfo>
      </Output>
    </UnitTestResult>
[...]
[xUnit.net 00:11:05.09]         --- End of stack trace from previous location where exception was thrown ---&#xD;
[xUnit.net 00:11:05.09]            at System.Runtime.ExceptionServices.ExceptionDispatchInfo.Throw()&#xD;
[xUnit.net 00:11:05.09]            at System.Runtime.CompilerServices.TaskAwaiter.ThrowForNonSuccess(Task task)&#xD;
[xUnit.net 00:11:05.09]            at System.Runtime.CompilerServices.TaskAwaiter.HandleNonSuccessAndDebuggerNotification(Task task)&#xD;
[xUnit.net 00:11:05.09]            at System.Runtime.CompilerServices.TaskAwaiter.GetResult()&#xD;
[xUnit.net 00:11:05.09]         src\VisualStudio\IntegrationTest\New.IntegrationTests\InProcess\WorkspaceInProcess.cs(161,0): at Microsoft.VisualStudio.Extensibility.Testing.WorkspaceInProcess.&lt;WaitForAllAsyncOperationsAsync&gt;d__13.MoveNext()&#xD;
[xUnit.net 00:11:05.09]         --- End of stack trace from previous location where exception was thrown ---&#xD;
[xUnit.net 00:11:05.09]            at System.Runtime.ExceptionServices.ExceptionDispatchInfo.Throw()&#xD;
[xUnit.net 00:11:05.09]            at System.Runtime.CompilerServices.TaskAwaiter.ThrowForNonSuccess(Task task)&#xD;
[xUnit.net 00:11:05.09]            at System.Runtime.CompilerServices.TaskAwaiter.HandleNonSuccessAndDebuggerNotification(Task task)&#xD;
[xUnit.net 00:11:05.09]            at System.Runtime.CompilerServices.TaskAwaiter.GetResult()&#xD;
[xUnit.net 00:11:05.09]         src\VisualStudio\IntegrationTest\New.IntegrationTests\InProcess\EditorInProcess.cs(449,0): at Microsoft.VisualStudio.Extensibility.Testing.EditorInProcess.&lt;GetRenameTagsAsync&gt;d__29.MoveNext()&#xD;
[xUnit.net 00:11:05.09]         --- End of stack trace from previous location where exception was thrown ---&#xD;
[xUnit.net 00:11:05.09]            at System.Runtime.ExceptionServices.ExceptionDispatchInfo.Throw()&#xD;
[xUnit.net 00:11:05.09]            at System.Runtime.CompilerServices.TaskAwaiter.ThrowForNonSuccess(Task task)&#xD;
[xUnit.net 00:11:05.09]            at System.Runtime.CompilerServices.TaskAwaiter.HandleNonSuccessAndDebuggerNotification(Task task)&#xD;
[xUnit.net 00:11:05.09]            at System.Runtime.CompilerServices.TaskAwaiter`1.GetResult()&#xD;
[xUnit.net 00:11:05.09]         src\VisualStudio\IntegrationTest\New.IntegrationTests\VisualBasic\BasicExtractMethod.cs(84,0): at Roslyn.VisualStudio.NewIntegrationTests.VisualBasic.BasicExtractMethod.&lt;SimpleExtractMethod&gt;d__4.MoveNext()&#xD;
[xUnit.net 00:11:05.09]         --- End of stack trace from previous location where exception was thrown ---&#xD;
[xUnit.net 00:11:05.09]            at System.Runtime.ExceptionServices.ExceptionDispatchInfo.Throw()&#xD;
[xUnit.net 00:11:05.09]            at System.Runtime.CompilerServices.TaskAwaiter.ThrowForNonSuccess(Task task)&#xD;
[xUnit.net 00:11:05.09]            at System.Runtime.CompilerServices.TaskAwaiter.HandleNonSuccessAndDebuggerNotification(Task task)&#xD;
[xUnit.net 00:11:05.09]            at System.Runtime.CompilerServices.ConfiguredTaskAwaitable.ConfiguredTaskAwaiter.GetResult()&#xD;
[xUnit.net 00:11:05.09]         --- End of stack trace from previous location where exception was thrown ---&#xD;
[xUnit.net 00:11:05.09]            at System.Runtime.ExceptionServices.ExceptionDispatchInfo.Throw()&#xD;
[xUnit.net 00:11:05.09]            at System.Runtime.CompilerServices.TaskAwaiter.ThrowForNonSuccess(Task task)&#xD;
[xUnit.net 00:11:05.09]            at System.Runtime.CompilerServices.TaskAwaiter.HandleNonSuccessAndDebuggerNotification(Task task)&#xD;
[xUnit.net 00:11:05.09]         --- End of stack trace from previous location where exception was thrown ---&#xD;
[xUnit.net 00:11:05.09]            at System.Runtime.ExceptionServices.ExceptionDispatchInfo.Throw()&#xD;
[xUnit.net 00:11:05.09]            at System.Runtime.CompilerServices.TaskAwaiter.ThrowForNonSuccess(Task task)&#xD;
[xUnit.net 00:11:05.09]            at System.Runtime.CompilerServices.TaskAwaiter.HandleNonSuccessAndDebuggerNotification(Task task)&#xD;
[xUnit.net 00:11:40.72]       System.OperationCanceledException : The operation was canceled.&#xD;
[xUnit.net 00:11:40.72]       Stack Trace:&#xD;
[xUnit.net 00:11:40.72]            at System.Threading.CancellationToken.ThrowOperationCanceledException()&#xD;
[xUnit.net 00:11:40.72]            at Microsoft.VisualStudio.Threading.ThreadingTools.&lt;WithCancellationSlow&gt;d__9.MoveNext()&#xD;
[xUnit.net 00:11:40.72]         --- End of stack trace from previous location where exception was thrown ---&#xD;
[xUnit.net 00:11:40.72]            at System.Runtime.ExceptionServices.ExceptionDispatchInfo.Throw()&#xD;
[xUnit.net 00:11:40.72]            at System.Runtime.CompilerServices.TaskAwaiter.ThrowForNonSuccess(Task task)&#xD;
[xUnit.net 00:11:40.72]            at System.Runtime.CompilerServices.TaskAwaiter.HandleNonSuccessAndDebuggerNotification(Task task)&#xD;
[xUnit.net 00:11:40.72]            at System.Runtime.CompilerServices.TaskAwaiter.GetResult()&#xD;
[xUnit.net 00:11:40.72]         src\VisualStudio\IntegrationTest\New.IntegrationTests\InProcess\WorkspaceInProcess.cs(161,0): at Microsoft.VisualStudio.Extensibility.Testing.WorkspaceInProcess.&lt;WaitForAllAsyncOperationsAsync&gt;d__13.MoveNext()&#xD;
[xUnit.net 00:11:40.72]         --- End of stack trace from previous location where exception was thrown ---&#xD;
[xUnit.net 00:11:40.72]            at System.Runtime.ExceptionServices.ExceptionDispatchInfo.Throw()&#xD;
[xUnit.net 00:11:40.72]            at System.Runtime.CompilerServices.TaskAwaiter.ThrowForNonSuccess(Task task)&#xD;
[xUnit.net 00:11:40.72]            at System.Runtime.CompilerServices.TaskAwaiter.HandleNonSuccessAndDebuggerNotification(Task task)&#xD;
[xUnit.net 00:11:40.72]            at System.Runtime.CompilerServices.TaskAwaiter.GetResult()&#xD;
[xUnit.net 00:11:40.72]         src\VisualStudio\IntegrationTest\New.IntegrationTests\InProcess\ITextViewWindowVerifierInProcessExtensions.cs(111,0): at Roslyn.VisualStudio.NewIntegrationTests.InProcess.ITextViewWindowVerifierInProcessExtensions.&lt;CodeActionsAsync&gt;d__1.MoveNext()&#xD;
[xUnit.net 00:11:40.72]         --- End of stack trace from previous location where exception was thrown ---&#xD;
[xUnit.net 00:11:40.72]            at System.Runtime.ExceptionServices.ExceptionDispatchInfo.Throw()&#xD;
[xUnit.net 00:11:40.72]            at System.Runtime.CompilerServices.TaskAwaiter.ThrowForNonSuccess(Task task)&#xD;
[xUnit.net 00:11:40.72]            at System.Runtime.CompilerServices.TaskAwaiter.HandleNonSuccessAndDebuggerNotification(Task task)&#xD;
[xUnit.net 00:11:40.72]            at System.Runtime.CompilerServices.TaskAwaiter`1.GetResult()&#xD;
[xUnit.net 00:11:40.72]         src\VisualStudio\IntegrationTest\New.IntegrationTests\InProcess\ITextViewWindowVerifierInProcessExtensions.cs(43,0): at Roslyn.VisualStudio.NewIntegrationTests.InProcess.ITextViewWindowVerifierInProcessExtensions.&lt;CodeActionAsync&gt;d__0.MoveNext()&#xD;
[xUnit.net 00:11:40.72]         --- End of stack trace from previous location where exception was thrown ---&#xD;
[xUnit.net 00:11:40.72]            at System.Runtime.ExceptionServices.ExceptionDispatchInfo.Throw()&#xD;
[xUnit.net 00:11:40.72]            at System.Runtime.CompilerServices.TaskAwaiter.ThrowForNonSuccess(Task task)&#xD;
[xUnit.net 00:11:40.72]            at System.Runtime.CompilerServices.TaskAwaiter.HandleNonSuccessAndDebuggerNotification(Task task)&#xD;
[xUnit.net 00:11:40.72]            at System.Runtime.CompilerServices.TaskAwaiter.GetResult()&#xD;
[xUnit.net 00:11:40.72]         src\VisualStudio\IntegrationTest\New.IntegrationTests\VisualBasic\BasicExtractMethod.cs(101,0): at Roslyn.VisualStudio.NewIntegrationTests.VisualBasic.BasicExtractMethod.&lt;ExtractViaCodeAction&gt;d__5.MoveNext()&#xD;
[xUnit.net 00:11:40.72]         --- End of stack trace from previous location where exception was thrown ---&#xD;
[xUnit.net 00:11:40.72]            at System.Runtime.ExceptionServices.ExceptionDispatchInfo.Throw()&#xD;
[xUnit.net 00:11:40.72]            at System.Runtime.CompilerServices.TaskAwaiter.ThrowForNonSuccess(Task task)&#xD;
[xUnit.net 00:11:40.72]            at System.Runtime.CompilerServices.TaskAwaiter.HandleNonSuccessAndDebuggerNotification(Task task)&#xD;
[xUnit.net 00:11:40.72]            at System.Runtime.CompilerServices.ConfiguredTaskAwaitable.ConfiguredTaskAwaiter.GetResult()&#xD;
[xUnit.net 00:11:40.72]         --- End of stack trace from previous location where exception was thrown ---&#xD;
[xUnit.net 00:11:40.72]            at System.Runtime.ExceptionServices.ExceptionDispatchInfo.Throw()&#xD;
[xUnit.net 00:11:40.72]            at System.Runtime.CompilerServices.TaskAwaiter.ThrowForNonSuccess(Task task)&#xD;
[xUnit.net 00:11:40.72]            at System.Runtime.CompilerServices.TaskAwaiter.HandleNonSuccessAndDebuggerNotification(Task task)&#xD;
[xUnit.net 00:11:40.72]         --- End of stack trace from previous location where exception was thrown ---&#xD;
[xUnit.net 00:11:40.72]            at System.Runtime.ExceptionServices.ExceptionDispatchInfo.Throw()&#xD;
[xUnit.net 00:11:40.72]            at System.Runtime.CompilerServices.TaskAwaiter.ThrowForNonSuccess(Task task)&#xD;
[xUnit.net 00:11:40.72]            at System.Runtime.CompilerServices.TaskAwaiter.HandleNonSuccessAndDebuggerNotification(Task task)&#xD;
[xUnit.net 00:11:41.79]   Finished:    Microsoft.VisualStudio.LanguageServices.New.IntegrationTests&#xD;
</StdOut>
    </Output>
    <RunInfos>
      <RunInfo computerName="CPC-mwiem-JQR2A" outcome="Warning" timestamp="2026-09-17T12:51:47.6531162-07:00">
        <Text>[xUnit.net 00:03:24.41]     Roslyn.VisualStudio.NewIntegrationTests.VisualBasic.BasicGoToImplementation.SimpleGoToImplementation(asyncNavigation: True) (VS18) [SKIP]</Text>
      </RunInfo>
      <RunInfo computerName="CPC-mwiem-JQR2A" outcome="Warning" timestamp="2026-09-17T12:51:52.7942836-07:00">
        <Text>[xUnit.net 00:03:29.55]     Roslyn.VisualStudio.NewIntegrationTests.VisualBasic.BasicGoToImplementation.SimpleGoToImplementation(asyncNavigation: False) (VS18) [SKIP]</Text>
      </RunInfo>
      <RunInfo computerName="CPC-mwiem-JQR2A" outcome="Warning" timestamp="2026-09-17T12:52:35.6817151-07:00">
        <Text>[xUnit.net 00:04:12.44]     Roslyn.VisualStudio.NewIntegrationTests.VisualBasic.BasicGenerateEqualsAndGetHashCodeDialog.VerifyCodeRefactoringOfferedAndAccepted (VS18) [SKIP]</Text>
      </RunInfo>
      <RunInfo computerName="CPC-mwiem-JQR2A" outcome="Warning" timestamp="2026-09-17T12:52:39.0034593-07:00">
        <Text>[xUnit.net 00:04:15.76]     Roslyn.VisualStudio.NewIntegrationTests.VisualBasic.BasicGenerateEqualsAndGetHashCodeDialog.VerifyCodeRefactoringOfferedAndCanceled (VS18) [SKIP]</Text>
      </RunInfo>
      <RunInfo computerName="CPC-mwiem-JQR2A" outcome="Warning" timestamp="2026-09-17T12:53:36.1413655-07:00">
        <Text>[xUnit.net 00:05:12.90]     Roslyn.VisualStudio.NewIntegrationTests.VisualBasic.BasicExtractMethod.SimpleExtractMethod (VS18) [SKIP]</Text>
      </RunInfo>
      <RunInfo computerName="CPC-mwiem-JQR2A" outcome="Warning" timestamp="2026-09-17T12:54:08.3826878-07:00">
        <Text>[xUnit.net 00:05:45.14]     Roslyn.VisualStudio.NewIntegrationTests.VisualBasic.BasicExtractMethod.ExtractViaCodeAction (VS18) [SKIP]</Text>
      </RunInfo>
      <RunInfo computerName="CPC-mwiem-JQR2A" outcome="Warning" timestamp="2026-09-17T12:54:25.2998774-07:00">
        <Text>[xUnit.net 00:06:02.06]     Roslyn.VisualStudio.NewIntegrationTests.VisualBasic.BasicExpressionEvaluator.EvaluatePrimitiveValues (VS18) [SKIP]</Text>
      </RunInfo>
      <RunInfo computerName="CPC-mwiem-JQR2A" outcome="Warning" timestamp="2026-09-17T12:54:25.3295219-07:00">
        <Text>[xUnit.net 00:06:02.09]     Roslyn.VisualStudio.NewIntegrationTests.VisualBasic.BasicExpressionEvaluator.EvaluateLambdaExpressions (VS18) [SKIP]</Text>
      </RunInfo>
      <RunInfo computerName="CPC-mwiem-JQR2A" outcome="Warning" timestamp="2026-09-17T12:54:25.3591674-07:00">
        <Text>[xUnit.net 00:06:02.12]     Roslyn.VisualStudio.NewIntegrationTests.VisualBasic.BasicExpressionEvaluator.ValidateLocalsWindow (VS18) [SKIP]</Text>
      </RunInfo>
      <RunInfo computerName="CPC-mwiem-JQR2A" outcome="Warning" timestamp="2026-09-17T12:54:25.3939029-07:00">
        <Text>[xUnit.net 00:06:02.15]     Roslyn.VisualStudio.NewIntegrationTests.VisualBasic.BasicExpressionEvaluator.EvaluateInvalidExpressions (VS18) [SKIP]</Text>
      </RunInfo>
      <RunInfo computerName="CPC-mwiem-JQR2A" outcome="Warning" timestamp="2026-09-17T12:54:25.4238329-07:00">
        <Text>[xUnit.net 00:06:02.19]     Roslyn.VisualStudio.NewIntegrationTests.VisualBasic.BasicExpressionEvaluator.StateMachineTypeParameters (VS18) [SKIP]</Text>
      </RunInfo>
      <RunInfo computerName="CPC-mwiem-JQR2A" outcome="Warning" timestamp="2026-09-17T12:54:25.4976908-07:00">
        <Text>[xUnit.net 00:06:02.26]     Roslyn.VisualStudio.NewIntegrationTests.VisualBasic.BasicErrorListNetCore.ErrorList (VS18) [SKIP]</Text>
      </RunInfo>
      <RunInfo computerName="CPC-mwiem-JQR2A" outcome="Warning" timestamp="2026-09-17T12:54:25.5331402-07:00">
        <Text>[xUnit.net 00:06:02.30]     Roslyn.VisualStudio.NewIntegrationTests.VisualBasic.BasicErrorListNetCore.BuildErrorsInClosedFiles (VS18) [SKIP]</Text>
      </RunInfo>
      <RunInfo computerName="CPC-mwiem-JQR2A" outcome="Warning" timestamp="2026-09-17T12:54:25.5650982-07:00">
        <Text>[xUnit.net 00:06:02.33]     Roslyn.VisualStudio.NewIntegrationTests.VisualBasic.BasicErrorListNetCore.ErrorsDuringMethodBodyEditing (VS18) [SKIP]</Text>
      </RunInfo>
      <RunInfo computerName="CPC-mwiem-JQR2A" outcome="Warning" timestamp="2026-09-17T12:54:25.6303506-07:00">
        <Text>[xUnit.net 00:06:02.39]     Roslyn.VisualStudio.NewIntegrationTests.VisualBasic.BasicErrorListDesktop.BuildErrorsInClosedFiles (VS18) [SKIP]</Text>
      </RunInfo>
      <RunInfo computerName="CPC-mwiem-JQR2A" outcome="Warning" timestamp="2026-09-17T12:54:25.6655400-07:00">
        <Text>[xUnit.net 00:06:02.43]     Roslyn.VisualStudio.NewIntegrationTests.VisualBasic.BasicErrorListDesktop.ErrorList (VS18) [SKIP]</Text>
      </RunInfo>
      <RunInfo computerName="CPC-mwiem-JQR2A" outcome="Warning" timestamp="2026-09-17T12:54:25.6949603-07:00">
        <Text>[xUnit.net 00:06:02.46]     Roslyn.VisualStudio.NewIntegrationTests.VisualBasic.BasicErrorListDesktop.ErrorsDuringMethodBodyEditing (VS18) [SKIP]</Text>
      </RunInfo>
      <RunInfo computerName="CPC-mwiem-JQR2A" outcome="Warning" timestamp="2026-09-17T12:54:44.8030543-07:00">
        <Text>[xUnit.net 00:06:21.57]     Roslyn.VisualStudio.NewIntegrationTests.VisualBasic.BasicEditAndContinue+CommonProjectSystem.EditLambdaExpression (VS18) [SKIP]</Text>
      </RunInfo>
      <RunInfo computerName="CPC-mwiem-JQR2A" outcome="Warning" timestamp="2026-09-17T12:54:44.8304363-07:00">
        <Text>[xUnit.net 00:06:21.59]     Roslyn.VisualStudio.NewIntegrationTests.VisualBasic.BasicEditAndContinue+CommonProjectSystem.UpdateActiveStatementLeafNode (VS18) [SKIP]</Text>
      </RunInfo>
      <RunInfo computerName="CPC-mwiem-JQR2A" outcome="Warning" timestamp="2026-09-17T12:54:44.8618686-07:00">
        <Text>[xUnit.net 00:06:21.62]     Roslyn.VisualStudio.NewIntegrationTests.VisualBasic.BasicEditAndContinue+CommonProjectSystem.AddTryCatchAroundActiveStatement (VS18) [SKIP]</Text>
      </RunInfo>
      <RunInfo computerName="CPC-mwiem-JQR2A" outcome="Warning" timestamp="2026-09-17T12:54:44.8877497-07:00">
        <Text>[xUnit.net 00:06:21.65]     Roslyn.VisualStudio.NewIntegrationTests.VisualBasic.BasicEditAndContinue+CommonProjectSystem.WatchWindowUpdatesCorrectlyDuringEnC (VS18) [SKIP]</Text>
      </RunInfo>
      <RunInfo computerName="CPC-mwiem-JQR2A" outcome="Warning" timestamp="2026-09-17T12:54:44.9159311-07:00">
        <Text>[xUnit.net 00:06:21.68]     Roslyn.VisualStudio.NewIntegrationTests.VisualBasic.BasicEditAndContinue+CommonProjectSystem.LocalsWindowUpdatesAfterLocalGetsItsTypeUpdatedDuringEnC (VS18) [SKIP]</Text>
      </RunInfo>
      <RunInfo computerName="CPC-mwiem-JQR2A" outcome="Warning" timestamp="2026-09-17T12:54:44.9397940-07:00">
        <Text>[xUnit.net 00:06:21.70]     Roslyn.VisualStudio.NewIntegrationTests.VisualBasic.BasicEditAndContinue+CommonProjectSystem.EnCWhileDebuggingFromImmediateWindow (VS18) [SKIP]</Text>
      </RunInfo>
      <RunInfo computerName="CPC-mwiem-JQR2A" outcome="Warning" timestamp="2026-09-17T12:54:44.9674340-07:00">
        <Text>[xUnit.net 00:06:21.73]     Roslyn.VisualStudio.NewIntegrationTests.VisualBasic.BasicEditAndContinue+CommonProjectSystem.MultiProjectDebuggingWhereNotAllModulesAreLoaded (VS18) [SKIP]</Text>
      </RunInfo>
      <RunInfo computerName="CPC-mwiem-JQR2A" outcome="Warning" timestamp="2026-09-17T12:54:44.9908338-07:00">
        <Text>[xUnit.net 00:06:21.75]     Roslyn.VisualStudio.NewIntegrationTests.VisualBasic.BasicEditAndContinue+CommonProjectSystem.LocalsWindowUpdatesCorrectlyDuringEnC (VS18) [SKIP]</Text>
      </RunInfo>
      <RunInfo computerName="CPC-mwiem-JQR2A" outcome="Warning" timestamp="2026-09-17T12:55:33.2372541-07:00">
        <Text>[xUnit.net 00:07:10.00]     Roslyn.VisualStudio.NewIntegrationTests.VisualBasic.BasicAutomaticBraceCompletion.DoubleQuote_InsertionAndTabCompletion (VS18) [SKIP]</Text>
      </RunInfo>
      <RunInfo computerName="CPC-mwiem-JQR2A" outcome="Warning" timestamp="2026-09-17T12:55:33.2708094-07:00">
        <Text>[xUnit.net 00:07:10.04]     Roslyn.VisualStudio.NewIntegrationTests.VisualBasic.BasicAutomaticBraceCompletion.Braces_InsertionAndTabCompleting (VS18) [SKIP]</Text>
      </RunInfo>
      <RunInfo computerName="CPC-mwiem-JQR2A" outcome="Warning" timestamp="2026-09-17T12:56:09.4358235-07:00">
        <Text>[xUnit.net 00:07:46.20]     Roslyn.VisualStudio.NewIntegrationTests.VisualBasic.BasicArgumentProvider.TabTabCompletionWithArguments (VS18) [SKIP]</Text>
      </RunInfo>
      <RunInfo computerName="CPC-mwiem-JQR2A" outcome="Error" timestamp="2026-09-17T12:58:42.0209781-07:00">
        <Text>[xUnit.net 00:10:18.79]     Roslyn.VisualStudio.NewIntegrationTests.VisualBasic.BasicGoToImplementation.SimpleGoToImplementation(asyncNavigation: True) (VS18) [FAIL]</Text>
      </RunInfo>
      <RunInfo computerName="CPC-mwiem-JQR2A" outcome="Error" timestamp="2026-09-17T12:58:46.2309975-07:00">
        <Text>[xUnit.net 00:10:23.00]     Roslyn.VisualStudio.NewIntegrationTests.VisualBasic.BasicGoToImplementation.SimpleGoToImplementation(asyncNavigation: False) (VS18) [FAIL]</Text>
      </RunInfo>
      <RunInfo computerName="CPC-mwiem-JQR2A" outcome="Error" timestamp="2026-09-17T12:58:50.0276598-07:00">
        <Text>[xUnit.net 00:10:26.80]     Roslyn.VisualStudio.NewIntegrationTests.VisualBasic.BasicGenerateEqualsAndGetHashCodeDialog.VerifyCodeRefactoringOfferedAndAccepted (VS18) [FAIL]</Text>
      </RunInfo>
      <RunInfo computerName="CPC-mwiem-JQR2A" outcome="Error" timestamp="2026-09-17T12:58:52.6262067-07:00">
        <Text>[xUnit.net 00:10:29.40]     Roslyn.VisualStudio.NewIntegrationTests.VisualBasic.BasicGenerateEqualsAndGetHashCodeDialog.VerifyCodeRefactoringOfferedAndCanceled (VS18) [FAIL]</Text>
      </RunInfo>
      <RunInfo computerName="CPC-mwiem-JQR2A" outcome="Error" timestamp="2026-09-17T12:59:28.3131679-07:00">
        <Text>[xUnit.net 00:11:05.09]     Roslyn.VisualStudio.NewIntegrationTests.VisualBasic.BasicExtractMethod.SimpleExtractMethod (VS18) [FAIL]</Text>
      </RunInfo>
      <RunInfo computerName="CPC-mwiem-JQR2A" outcome="Error" timestamp="2026-09-17T13:00:03.9389784-07:00">
        <Text>[xUnit.net 00:11:40.72]     Roslyn.VisualStudio.NewIntegrationTests.VisualBasic.BasicExtractMethod.ExtractViaCodeAction (VS18) [FAIL]</Text>
      </RunInfo>
    </RunInfos>
  </ResultSummary>
</TestRun>