<?xml version="1.0" encoding="utf-8"?>
<TestRun id="cd0d017d-6c06-408e-a8a3-75c35b9a36d8" name="mwiemer@CPC-mwiem-FX2AW 2026-09-17 12:46:13" runUser="REDMOND\mwiemer" xmlns="http://microsoft.com/schemas/VisualStudio/TeamTest/2010">
  <Times creation="2026-09-17T12:46:13.6728980-07:00" queuing="2026-09-17T12:46:13.6728980-07:00" start="2026-09-17T12:44:05.9945212-07:00" finish="2026-09-17T12:50:11.2460401-07:00" />
  <TestSettings name="default" id="3f001cd9-86eb-48ca-864d-0487f370365d">
    <Deployment runDeploymentRoot="mwiemer_CPC-mwiem-FX2AW_2026-09-17_12_46_13" />
  </TestSettings>
  <Results>
    <UnitTestResult executionId="84a4bf9f-842d-4380-93ac-2a1846048f21" testId="e48e4906-6079-647b-5d6a-956e5710cee9" testName="Roslyn.VisualStudio.NewIntegrationTests.CSharp.CSharpAutomaticBraceCompletion.AutoBraceCompleteFormatsBracePairInClassDeclarationAndAutoProperty(showCompletionInArgumentLists: True) (VS18)" computerName="CPC-mwiem-FX2AW" duration="00:00:00.1810000" startTime="2026-09-17T12:47:04.8327603-07:00" endTime="2026-09-17T12:47:06.0830765-07:00" testType="13cdc9d9-ddb5-4fa4-a97d-d965ccfc6d4b" outcome="Passed" testListId="8c84fa94-04c1-424b-9868-57a2d4851a1d" relativeResultsDirectory="84a4bf9f-842d-4380-93ac-2a1846048f21" />
    <UnitTestResult executionId="8c02266b-ff62-482c-b88f-cbee26deb5a6" testId="cac26334-a84d-b872-39cf-cbdf5eae4fe4" testName="Roslyn.VisualStudio.NewIntegrationTests.CSharp.CSharpAutomaticBraceCompletion.Braces_Overtyping_ObjectInitializer (VS18)" computerName="CPC-mwiem-FX2AW" duration="00:00:00.2490000" startTime="2026-09-17T12:47:07.4187210-07:00" endTime="2026-09-17T12:47:08.7021232-07:00" testType="13cdc9d9-ddb5-4fa4-a97d-d965ccfc6d4b" outcome="Passed" testListId="8c84fa94-04c1-424b-9868-57a2d4851a1d" relativeResultsDirectory="8c02266b-ff62-482c-b88f-cbee26deb5a6" />
    <UnitTestResult executionId="09268ac0-a3b9-4733-8e76-917a75fa4dfb" testId="29b7f05f-a7c5-edad-07e8-72bd3677db62" testName="Roslyn.VisualStudio.NewIntegrationTests.CSharp.CSharpArgumentProvider.ImplicitArgumentSwitching (VS18)" computerName="CPC-mwiem-FX2AW" duration="00:00:00.5100000" startTime="2026-09-17T12:47:32.2625315-07:00" endTime="2026-09-17T12:47:33.8307240-07:00" testType="13cdc9d9-ddb5-4fa4-a97d-d965ccfc6d4b" outcome="Passed" testListId="8c84fa94-04c1-424b-9868-57a2d4851a1d" relativeResultsDirectory="09268ac0-a3b9-4733-8e76-917a75fa4dfb" />
    <UnitTestResult executionId="c2dac1a6-f48d-4267-a2ba-011a80b43b9c" testId="b0ec3952-6113-541a-f7ee-09262953206c" testName="Roslyn.VisualStudio.NewIntegrationTests.CSharp.CSharpAutomaticBraceCompletion.Braces_InsertionOnNewLine(showCompletionInArgumentLists: True) (VS18)" computerName="CPC-mwiem-FX2AW" duration="00:00:00.1790000" startTime="2026-09-17T12:46:42.3152552-07:00" endTime="2026-09-17T12:46:43.4150217-07:00" testType="13cdc9d9-ddb5-4fa4-a97d-d965ccfc6d4b" outcome="Passed" testListId="8c84fa94-04c1-424b-9868-57a2d4851a1d" relativeResultsDirectory="c2dac1a6-f48d-4267-a2ba-011a80b43b9c" />
    <UnitTestResult executionId="3d26ce29-f02c-47ff-a7ca-f9ae30694af5" testId="aa6ecf85-2e91-adc5-1add-d38e45ec476e" testName="Roslyn.VisualStudio.NewIntegrationTests.CSharp.CSharpAutomaticBraceCompletion.Braces_Overtyping(showCompletionInArgumentLists: False) (VS18)" computerName="CPC-mwiem-FX2AW" duration="00:00:00.1610000" startTime="2026-09-17T12:46:27.3481201-07:00" endTime="2026-09-17T12:46:28.3820564-07:00" testType="13cdc9d9-ddb5-4fa4-a97d-d965ccfc6d4b" outcome="Passed" testListId="8c84fa94-04c1-424b-9868-57a2d4851a1d" relativeResultsDirectory="3d26ce29-f02c-47ff-a7ca-f9ae30694af5" />
    <UnitTestResult executionId="fa6b536d-84c8-45ef-9235-5cb1048ba785" testId="9436aa77-d6cd-1df5-70d3-85279e0ebf75" testName="Roslyn.VisualStudio.NewIntegrationTests.CSharp.CSharpAutomaticBraceCompletion.Negative_NoCompletionInDisabledPreprocesser(showCompletionInArgumentLists: False) (VS18)" computerName="CPC-mwiem-FX2AW" duration="00:00:00.1070000" startTime="2026-09-17T12:46:37.6550396-07:00" endTime="2026-09-17T12:46:38.6687133-07:00" testType="13cdc9d9-ddb5-4fa4-a97d-d965ccfc6d4b" outcome="Passed" testListId="8c84fa94-04c1-424b-9868-57a2d4851a1d" relativeResultsDirectory="fa6b536d-84c8-45ef-9235-5cb1048ba785" />
    <UnitTestResult executionId="49d21694-ad10-496d-9062-155501f6e681" testId="4f6c4b7e-cadf-d7f8-64ae-1556aae2e427" testName="Roslyn.VisualStudio.NewIntegrationTests.CSharp.CSharpAutomaticBraceCompletion.InteractionWithOverrideStubGeneration(showCompletionInArgumentLists: True) (VS18)" computerName="CPC-mwiem-FX2AW" duration="00:00:01.2890000" startTime="2026-09-17T12:46:21.7936812-07:00" endTime="2026-09-17T12:46:24.0598621-07:00" testType="13cdc9d9-ddb5-4fa4-a97d-d965ccfc6d4b" outcome="Passed" testListId="8c84fa94-04c1-424b-9868-57a2d4851a1d" relativeResultsDirectory="49d21694-ad10-496d-9062-155501f6e681" />
    <UnitTestResult executionId="8ba63af1-8477-4272-b642-d90989e52052" testId="0c0aa5ff-6965-bf33-1ceb-2ad9424cb6b0" testName="Roslyn.VisualStudio.NewIntegrationTests.CSharp.CSharpAutomaticBraceCompletion.CompleteStatementTriggersCompletion(showCompletionInArgumentLists: False) (VS18)" computerName="CPC-mwiem-FX2AW" duration="00:00:00.2800000" startTime="2026-09-17T12:46:59.9859806-07:00" endTime="2026-09-17T12:47:01.3599790-07:00" testType="13cdc9d9-ddb5-4fa4-a97d-d965ccfc6d4b" outcome="Passed" testListId="8c84fa94-04c1-424b-9868-57a2d4851a1d" relativeResultsDirectory="8ba63af1-8477-4272-b642-d90989e52052" />
    <UnitTestResult executionId="1a3d4120-e2bd-499d-bc8d-8fc35d36962d" testId="f4790b05-cdb5-a452-f478-2dddfec158bb" testName="Roslyn.VisualStudio.NewIntegrationTests.CSharp.CSharpAutomaticBraceCompletion.Negative_NoCompletionAfterPragmaPreprocesser(showCompletionInArgumentLists: False) (VS18)" computerName="CPC-mwiem-FX2AW" duration="00:00:00.0970000" startTime="2026-09-17T12:46:49.3950585-07:00" endTime="2026-09-17T12:46:50.4560661-07:00" testType="13cdc9d9-ddb5-4fa4-a97d-d965ccfc6d4b" outcome="Passed" testListId="8c84fa94-04c1-424b-9868-57a2d4851a1d" relativeResultsDirectory="1a3d4120-e2bd-499d-bc8d-8fc35d36962d" />
    <UnitTestResult executionId="5259ee63-2638-4c71-9bc5-083b1b949fd8" testId="d4462a48-215c-41ff-2ef2-6ffec678480e" testName="Roslyn.VisualStudio.NewIntegrationTests.CSharp.CSharpAddMissingUsingsOnPaste.VerifyAddImportsOnPaste (VS18)" computerName="CPC-mwiem-FX2AW" duration="00:00:00.9480000" startTime="2026-09-17T12:47:41.0476402-07:00" endTime="2026-09-17T12:47:42.9031501-07:00" testType="13cdc9d9-ddb5-4fa4-a97d-d965ccfc6d4b" outcome="Passed" testListId="8c84fa94-04c1-424b-9868-57a2d4851a1d" relativeResultsDirectory="5259ee63-2638-4c71-9bc5-083b1b949fd8" />
    <UnitTestResult executionId="46901f73-7c37-4f12-9c0d-ebd12bec6ce0" testId="d70fecdc-d481-680a-1951-22087c2450ef" testName="Roslyn.VisualStudio.NewIntegrationTests.CSharp.CSharpAutomaticBraceCompletion.Negative_NoCompletionInSingleLineComments(showCompletionInArgumentLists: False) (VS18)" computerName="CPC-mwiem-FX2AW" duration="00:00:00.0680000" startTime="2026-09-17T12:46:25.1083163-07:00" endTime="2026-09-17T12:46:26.0750862-07:00" testType="13cdc9d9-ddb5-4fa4-a97d-d965ccfc6d4b" outcome="Passed" testListId="8c84fa94-04c1-424b-9868-57a2d4851a1d" relativeResultsDirectory="46901f73-7c37-4f12-9c0d-ebd12bec6ce0" />
    <UnitTestResult executionId="f8aff1f4-0772-4ff7-8b51-62c734503a63" testId="e4d4e141-75f8-83c2-3813-8e56f36dd0be" testName="Roslyn.VisualStudio.NewIntegrationTests.CSharp.CSharpAutomaticBraceCompletion.Negative_NoCompletionAfterPragmaPreprocesser(showCompletionInArgumentLists: True) (VS18)" computerName="CPC-mwiem-FX2AW" duration="00:00:00.0640000" startTime="2026-09-17T12:46:50.4860586-07:00" endTime="2026-09-17T12:46:51.4599005-07:00" testType="13cdc9d9-ddb5-4fa4-a97d-d965ccfc6d4b" outcome="Passed" testListId="8c84fa94-04c1-424b-9868-57a2d4851a1d" relativeResultsDirectory="f8aff1f4-0772-4ff7-8b51-62c734503a63" />
    <UnitTestResult executionId="de0a4184-eadc-492f-94cd-ddcf0fcd3f00" testId="ca120dfb-928e-46ee-85c3-2103d4612e42" testName="Roslyn.VisualStudio.NewIntegrationTests.CSharp.CSharpAutomaticBraceCompletion.Negative_NoCompletionInDisabledPreprocesser(showCompletionInArgumentLists: True) (VS18)" computerName="CPC-mwiem-FX2AW" duration="00:00:00.0790000" startTime="2026-09-17T12:46:38.6956589-07:00" endTime="2026-09-17T12:46:39.6632455-07:00" testType="13cdc9d9-ddb5-4fa4-a97d-d965ccfc6d4b" outcome="Passed" testListId="8c84fa94-04c1-424b-9868-57a2d4851a1d" relativeResultsDirectory="de0a4184-eadc-492f-94cd-ddcf0fcd3f00" />
    <UnitTestResult executionId="d2804a31-7557-447d-8454-dcb77fee9a02" testId="f1c0ba52-9b4f-acb8-0905-c9cda69d7748" testName="Roslyn.VisualStudio.NewIntegrationTests.CSharp.CSharpAutomaticBraceCompletion.DoubleQuote_InsertionAndOvertyping(showCompletionInArgumentLists: False) (VS18)" computerName="CPC-mwiem-FX2AW" duration="00:00:00.1820000" startTime="2026-09-17T12:46:32.9792851-07:00" endTime="2026-09-17T12:46:34.1796791-07:00" testType="13cdc9d9-ddb5-4fa4-a97d-d965ccfc6d4b" outcome="Passed" testListId="8c84fa94-04c1-424b-9868-57a2d4851a1d" relativeResultsDirectory="d2804a31-7557-447d-8454-dcb77fee9a02" />
    <UnitTestResult executionId="e378afad-8d7b-4ffd-9815-f26bf87159cd" testId="18eb0290-5c73-0339-dfc3-a347d6ad64f5" testName="Roslyn.VisualStudio.NewIntegrationTests.CSharp.CSharpArgumentProvider.SmartBreakLineWithTabTabCompletion2 (VS18)" computerName="CPC-mwiem-FX2AW" duration="00:00:00.8300000" startTime="2026-09-17T12:47:18.2080224-07:00" endTime="2026-09-17T12:47:19.9791173-07:00" testType="13cdc9d9-ddb5-4fa4-a97d-d965ccfc6d4b" outcome="Passed" testListId="8c84fa94-04c1-424b-9868-57a2d4851a1d" relativeResultsDirectory="e378afad-8d7b-4ffd-9815-f26bf87159cd" />
    <UnitTestResult executionId="517bee5d-d27a-4f1b-bac9-983f8a34cbde" testId="83fac7ed-e8c2-c899-fda5-19a45d1168d0" testName="Roslyn.VisualStudio.NewIntegrationTests.CSharp.CSharpAddMissingUsingsOnPaste.VerifyIndentation (VS18)" computerName="CPC-mwiem-FX2AW" duration="00:00:00.0010000" startTime="2026-09-17T12:47:36.7174655-07:00" endTime="2026-09-17T12:47:39.7235960-07:00" testType="13cdc9d9-ddb5-4fa4-a97d-d965ccfc6d4b" outcome="NotExecuted" testListId="8c84fa94-04c1-424b-9868-57a2d4851a1d" relativeResultsDirectory="517bee5d-d27a-4f1b-bac9-983f8a34cbde">
      <Output>
        <ErrorInfo>
          <Message>Test will automatically retry.</Message>
        </ErrorInfo>
      </Output>
    </UnitTestResult>
    <UnitTestResult executionId="a5bb16d0-7c51-4270-afdf-8d9f27c33820" testId="6d5b43b1-30ae-7341-1b4d-6c2c09eea6d1" testName="Roslyn.VisualStudio.NewIntegrationTests.CSharp.CSharpAutomaticBraceCompletion.Negative_NoCompletionStringVerbatimStringOrCharLiterals(showCompletionInArgumentLists: False) (VS18)" computerName="CPC-mwiem-FX2AW" duration="00:00:00.7940000" startTime="2026-09-17T12:46:13.6809694-07:00" endTime="2026-09-17T12:46:15.6060734-07:00" testType="13cdc9d9-ddb5-4fa4-a97d-d965ccfc6d4b" outcome="Passed" testListId="8c84fa94-04c1-424b-9868-57a2d4851a1d" relativeResultsDirectory="a5bb16d0-7c51-4270-afdf-8d9f27c33820" />
    <UnitTestResult executionId="8639c628-d140-4b60-9be5-dddcba1332e7" testId="f9c5606f-bade-d681-9cb7-1cb5708d30f1" testName="Roslyn.VisualStudio.NewIntegrationTests.CSharp.CSharpArgumentProvider.SimpleTabTabCompletion (VS18)" computerName="CPC-mwiem-FX2AW" duration="00:00:00.4390000" startTime="2026-09-17T12:47:35.3115041-07:00" endTime="2026-09-17T12:47:36.6538639-07:00" testType="13cdc9d9-ddb5-4fa4-a97d-d965ccfc6d4b" outcome="Passed" testListId="8c84fa94-04c1-424b-9868-57a2d4851a1d" relativeResultsDirectory="8639c628-d140-4b60-9be5-dddcba1332e7" />
    <UnitTestResult executionId="9336f2e6-d353-47fe-aa3d-501641e5913b" testId="28d9a008-85c1-3dc7-900f-4f2534d5bb2a" testName="Roslyn.VisualStudio.NewIntegrationTests.CSharp.CSharpArgumentProvider.EnsureParameterContentPreserved(parameterText: &quot;\&quot;&gt;\&quot;&quot;) (VS18)" computerName="CPC-mwiem-FX2AW" duration="00:00:00.4880000" startTime="2026-09-17T12:47:16.6885422-07:00" endTime="2026-09-17T12:47:18.1765754-07:00" testType="13cdc9d9-ddb5-4fa4-a97d-d965ccfc6d4b" outcome="Passed" testListId="8c84fa94-04c1-424b-9868-57a2d4851a1d" relativeResultsDirectory="9336f2e6-d353-47fe-aa3d-501641e5913b" />
    <UnitTestResult executionId="00ef78cf-8d72-42d9-abf0-c7a605a772c0" testId="f96373a7-e890-322f-4dae-13d8bed5f3b3" testName="Roslyn.VisualStudio.NewIntegrationTests.CSharp.CSharpAutomaticBraceCompletion.SingleQuote_InsertionAndCompletion(showCompletionInArgumentLists: True) (VS18)" computerName="CPC-mwiem-FX2AW" duration="00:00:00.1800000" startTime="2026-09-17T12:46:31.7078578-07:00" endTime="2026-09-17T12:46:32.9478336-07:00" testType="13cdc9d9-ddb5-4fa4-a97d-d965ccfc6d4b" outcome="Passed" testListId="8c84fa94-04c1-424b-9868-57a2d4851a1d" relativeResultsDirectory="00ef78cf-8d72-42d9-abf0-c7a605a772c0" />
    <UnitTestResult executionId="9120e195-0d01-4867-97c9-1f53fbceb503" testId="fdb5a360-3e52-0333-dcb8-57ba3cdab53b" testName="Roslyn.VisualStudio.NewIntegrationTests.CSharp.CSharpAutomaticBraceCompletion.Negative_NoCompletionInMultiLineComments(showCompletionInArgumentLists: True) (VS18)" computerName="CPC-mwiem-FX2AW" duration="00:00:00.0610000" startTime="2026-09-17T12:46:28.4166535-07:00" endTime="2026-09-17T12:46:29.4455566-07:00" testType="13cdc9d9-ddb5-4fa4-a97d-d965ccfc6d4b" outcome="Passed" testListId="8c84fa94-04c1-424b-9868-57a2d4851a1d" relativeResultsDirectory="9120e195-0d01-4867-97c9-1f53fbceb503" />
    <UnitTestResult executionId="5b54f1d2-b7cc-4e96-a25b-e4b79f66dc0c" testId="594c4671-9374-99b5-20e3-496a6c2b1247" testName="Roslyn.VisualStudio.NewIntegrationTests.CSharp.CSharpAutomaticBraceCompletion.Negative_NoCompletionAfterEndregionPreprocesser(showCompletionInArgumentLists: True) (VS18)" computerName="CPC-mwiem-FX2AW" duration="00:00:00.0530000" startTime="2026-09-17T12:47:03.7766553-07:00" endTime="2026-09-17T12:47:04.7987737-07:00" testType="13cdc9d9-ddb5-4fa4-a97d-d965ccfc6d4b" outcome="Passed" testListId="8c84fa94-04c1-424b-9868-57a2d4851a1d" relativeResultsDirectory="5b54f1d2-b7cc-4e96-a25b-e4b79f66dc0c" />
    <UnitTestResult executionId="04ca4e94-b142-45b3-84f2-2d5f7d4cc22d" testId="019b0be8-9f89-5817-dfe6-0a10ddee42f4" testName="Roslyn.VisualStudio.NewIntegrationTests.CSharp.CSharpAutomaticBraceCompletion.Nested_AllKinds(showCompletionInArgumentLists: True) (VS18)" computerName="CPC-mwiem-FX2AW" duration="00:00:01.9660000" startTime="2026-09-17T12:46:51.4913421-07:00" endTime="2026-09-17T12:46:54.4363968-07:00" testType="13cdc9d9-ddb5-4fa4-a97d-d965ccfc6d4b" outcome="Passed" testListId="8c84fa94-04c1-424b-9868-57a2d4851a1d" relativeResultsDirectory="04ca4e94-b142-45b3-84f2-2d5f7d4cc22d" />
    <UnitTestResult executionId="5e418907-92ab-4983-9f58-56ec92a6512c" testId="52595781-c917-5dd4-5c23-4ac7af93eabe" testName="Roslyn.VisualStudio.NewIntegrationTests.CSharp.CSharpArgumentProvider.TabTabCompletionWithArguments (VS18)" computerName="CPC-mwiem-FX2AW" duration="00:00:00.9790000" startTime="2026-09-17T12:47:22.6925530-07:00" endTime="2026-09-17T12:47:24.6520928-07:00" testType="13cdc9d9-ddb5-4fa4-a97d-d965ccfc6d4b" outcome="Passed" testListId="8c84fa94-04c1-424b-9868-57a2d4851a1d" relativeResultsDirectory="5e418907-92ab-4983-9f58-56ec92a6512c" />
    <UnitTestResult executionId="01291ee2-9e83-4dd5-a79b-d7606d050503" testId="8e19c3c9-587b-2b30-3f55-9cadadc989f2" testName="Roslyn.VisualStudio.NewIntegrationTests.CSharp.CSharpAutomaticBraceCompletion.Nested_AllKinds(showCompletionInArgumentLists: False) (VS18)" computerName="CPC-mwiem-FX2AW" duration="00:00:00.6480000" startTime="2026-09-17T12:46:54.4640576-07:00" endTime="2026-09-17T12:46:55.9871149-07:00" testType="13cdc9d9-ddb5-4fa4-a97d-d965ccfc6d4b" outcome="Passed" testListId="8c84fa94-04c1-424b-9868-57a2d4851a1d" relativeResultsDirectory="01291ee2-9e83-4dd5-a79b-d7606d050503" />
    <UnitTestResult executionId="dc024a71-f150-40a1-b704-cecb9a88f3af" testId="d89dfaa1-4f72-dd95-c006-9452f0cc1e49" testName="Roslyn.VisualStudio.NewIntegrationTests.CSharp.CSharpAutomaticBraceCompletion.Braces_Overtyping(showCompletionInArgumentLists: True) (VS18)" computerName="CPC-mwiem-FX2AW" duration="00:00:00.1480000" startTime="2026-09-17T12:46:26.1080361-07:00" endTime="2026-09-17T12:46:27.3204173-07:00" testType="13cdc9d9-ddb5-4fa4-a97d-d965ccfc6d4b" outcome="Passed" testListId="8c84fa94-04c1-424b-9868-57a2d4851a1d" relativeResultsDirectory="dc024a71-f150-40a1-b704-cecb9a88f3af" />
    <UnitTestResult executionId="261c0757-f029-4d06-b46a-9500d4c052fd" testId="a95e7f1c-8a9c-6dd0-f036-6722fa571d93" testName="Roslyn.VisualStudio.NewIntegrationTests.CSharp.CSharpAutomaticBraceCompletion.Negative_NoCompletionStringVerbatimStringOrCharLiterals(showCompletionInArgumentLists: True) (VS18)" computerName="CPC-mwiem-FX2AW" duration="00:00:03.5920000" startTime="2026-09-17T12:46:02.3616353-07:00" endTime="2026-09-17T12:46:13.6184390-07:00" testType="13cdc9d9-ddb5-4fa4-a97d-d965ccfc6d4b" outcome="Passed" testListId="8c84fa94-04c1-424b-9868-57a2d4851a1d" relativeResultsDirectory="261c0757-f029-4d06-b46a-9500d4c052fd" />
    <UnitTestResult executionId="28205cd9-5634-43ba-8347-7f16cb8e0835" testId="0398a866-1e74-9e79-5c51-c70e0c399083" testName="Roslyn.VisualStudio.NewIntegrationTests.CSharp.CSharpArgumentProvider.EnsureParameterContentPreserved(parameterText: &quot;\&quot;&amp;\&quot;&quot;) (VS18)" computerName="CPC-mwiem-FX2AW" duration="00:00:00.5580000" startTime="2026-09-17T12:47:10.5402331-07:00" endTime="2026-09-17T12:47:12.1060232-07:00" testType="13cdc9d9-ddb5-4fa4-a97d-d965ccfc6d4b" outcome="Passed" testListId="8c84fa94-04c1-424b-9868-57a2d4851a1d" relativeResultsDirectory="28205cd9-5634-43ba-8347-7f16cb8e0835" />
    <UnitTestResult executionId="79ebc2f3-5e73-4714-8c80-4d5b78cee48e" testId="964ae4c0-c220-bd58-50ed-8b328faaf369" testName="Roslyn.VisualStudio.NewIntegrationTests.CSharp.CSharpAutomaticBraceCompletion.SquareBracket_Insertion (VS18)" computerName="CPC-mwiem-FX2AW" duration="00:00:00.0010000" startTime="2026-09-17T12:46:44.6980290-07:00" endTime="2026-09-17T12:46:44.7025856-07:00" testType="13cdc9d9-ddb5-4fa4-a97d-d965ccfc6d4b" outcome="NotExecuted" testListId="8c84fa94-04c1-424b-9868-57a2d4851a1d" relativeResultsDirectory="79ebc2f3-5e73-4714-8c80-4d5b78cee48e">
      <Output>
        <ErrorInfo>
          <Message>https://github.com/dotnet/roslyn/issues/70671</Message>
        </ErrorInfo>
      </Output>
    </UnitTestResult>
    <UnitTestResult executionId="188271f8-8b4f-4171-8628-a2bcec505f7f" testId="378d85c9-2cc8-a268-cfe9-f5384b5ccdba" testName="Roslyn.VisualStudio.NewIntegrationTests.CSharp.CSharpAutomaticBraceCompletion.Braces_OnReturnOvertypingTheClosingBrace(showCompletionInArgumentLists: False) (VS18)" computerName="CPC-mwiem-FX2AW" duration="00:00:01.0910000" startTime="2026-09-17T12:46:15.6475040-07:00" endTime="2026-09-17T12:46:17.6575206-07:00" testType="13cdc9d9-ddb5-4fa4-a97d-d965ccfc6d4b" outcome="Passed" testListId="8c84fa94-04c1-424b-9868-57a2d4851a1d" relativeResultsDirectory="188271f8-8b4f-4171-8628-a2bcec505f7f" />
    <UnitTestResult executionId="c7135bb2-9630-41f7-b13a-8833c6e86f7a" testId="1a8a3a57-ec73-7cb9-547e-0b068707db01" testName="Roslyn.VisualStudio.NewIntegrationTests.CSharp.CSharpAutomaticBraceCompletion.Braces_Overtyping_CollectionInitializer (VS18)" computerName="CPC-mwiem-FX2AW" duration="00:00:00.5000000" startTime="2026-09-17T12:46:56.0181650-07:00" endTime="2026-09-17T12:46:57.6008297-07:00" testType="13cdc9d9-ddb5-4fa4-a97d-d965ccfc6d4b" outcome="Passed" testListId="8c84fa94-04c1-424b-9868-57a2d4851a1d" relativeResultsDirectory="c7135bb2-9630-41f7-b13a-8833c6e86f7a" />
    <UnitTestResult executionId="e8778142-5562-439f-ba05-835cb1a6f741" testId="7775e839-0dac-0fa4-cf2f-cc0ea4fe2a07" testName="Roslyn.VisualStudio.NewIntegrationTests.CSharp.CSharpAutomaticBraceCompletion.InteractionWithCompletionList(showCompletionInArgumentLists: True) (VS18)" computerName="CPC-mwiem-FX2AW" duration="00:00:01.4870000" startTime="2026-09-17T12:46:44.7385268-07:00" endTime="2026-09-17T12:46:47.1707281-07:00" testType="13cdc9d9-ddb5-4fa4-a97d-d965ccfc6d4b" outcome="Passed" testListId="8c84fa94-04c1-424b-9868-57a2d4851a1d" relativeResultsDirectory="e8778142-5562-439f-ba05-835cb1a6f741" />
    <UnitTestResult executionId="97c59b11-e109-4b43-9824-704f013db65a" testId="fd22ead8-e940-b038-d390-9461753347ee" testName="Roslyn.VisualStudio.NewIntegrationTests.CSharp.CSharpAutomaticBraceCompletion.Negative_NoCompletionInSingleLineComments(showCompletionInArgumentLists: True) (VS18)" computerName="CPC-mwiem-FX2AW" duration="00:00:00.0660000" startTime="2026-09-17T12:46:24.0928445-07:00" endTime="2026-09-17T12:46:25.0805643-07:00" testType="13cdc9d9-ddb5-4fa4-a97d-d965ccfc6d4b" outcome="Passed" testListId="8c84fa94-04c1-424b-9868-57a2d4851a1d" relativeResultsDirectory="97c59b11-e109-4b43-9824-704f013db65a" />
    <UnitTestResult executionId="f7fb100e-8438-47d3-9051-a64c930f12aa" testId="5c72e11d-8135-78bb-59da-494556ddb6ad" testName="Roslyn.VisualStudio.NewIntegrationTests.CSharp.CSharpAutomaticBraceCompletion.Braces_OnReturnWithNonWhitespaceSpanInside(showCompletionInArgumentLists: True) (VS18)" computerName="CPC-mwiem-FX2AW" duration="00:00:00.1960000" startTime="2026-09-17T12:46:39.6968482-07:00" endTime="2026-09-17T12:46:41.0383431-07:00" testType="13cdc9d9-ddb5-4fa4-a97d-d965ccfc6d4b" outcome="Passed" testListId="8c84fa94-04c1-424b-9868-57a2d4851a1d" relativeResultsDirectory="f7fb100e-8438-47d3-9051-a64c930f12aa" />
    <UnitTestResult executionId="83bd97cf-2ca9-472d-8b83-6281e6b45e38" testId="abb4ce61-3092-4ba3-637e-9fe7f75f76db" testName="Roslyn.VisualStudio.NewIntegrationTests.CSharp.CSharpAutomaticBraceCompletion.CompleteStatementTriggersCompletion(showCompletionInArgumentLists: True) (VS18)" computerName="CPC-mwiem-FX2AW" duration="00:00:01.3990000" startTime="2026-09-17T12:46:57.6353078-07:00" endTime="2026-09-17T12:46:59.9600410-07:00" testType="13cdc9d9-ddb5-4fa4-a97d-d965ccfc6d4b" outcome="Passed" testListId="8c84fa94-04c1-424b-9868-57a2d4851a1d" relativeResultsDirectory="83bd97cf-2ca9-472d-8b83-6281e6b45e38" />
    <UnitTestResult executionId="3ee2648e-585a-4390-b68f-d8102eee5175" testId="3fed2b45-a73b-e475-60fa-d6f8ab58765f" testName="Roslyn.VisualStudio.NewIntegrationTests.CSharp.CSharpAutomaticBraceCompletion.InteractionWithCompletionList(showCompletionInArgumentLists: False) (VS18)" computerName="CPC-mwiem-FX2AW" duration="00:00:01.2400000" startTime="2026-09-17T12:46:47.1977154-07:00" endTime="2026-09-17T12:46:49.3610685-07:00" testType="13cdc9d9-ddb5-4fa4-a97d-d965ccfc6d4b" outcome="Passed" testListId="8c84fa94-04c1-424b-9868-57a2d4851a1d" relativeResultsDirectory="3ee2648e-585a-4390-b68f-d8102eee5175" />
    <UnitTestResult executionId="092b42d8-786d-430e-911e-f2f8ea99e2a9" testId="d963ef98-56ab-fa1f-6237-b39a50c79c3e" testName="Roslyn.VisualStudio.NewIntegrationTests.CSharp.CSharpAutomaticBraceCompletion.Braces_Overtyping_Property (VS18)" computerName="CPC-mwiem-FX2AW" duration="00:00:00.2170000" startTime="2026-09-17T12:47:01.3935694-07:00" endTime="2026-09-17T12:47:02.6413379-07:00" testType="13cdc9d9-ddb5-4fa4-a97d-d965ccfc6d4b" outcome="Passed" testListId="8c84fa94-04c1-424b-9868-57a2d4851a1d" relativeResultsDirectory="092b42d8-786d-430e-911e-f2f8ea99e2a9" />
    <UnitTestResult executionId="79089f61-d0e2-4a26-a8fa-af823ea3e18b" testId="fc6682f5-7e9a-2fab-2cab-bd300aba3a42" testName="Roslyn.VisualStudio.NewIntegrationTests.CSharp.CSharpAddMissingUsingsOnPaste.VerifyDisabled (VS18)" computerName="CPC-mwiem-FX2AW" duration="00:00:00.1960000" startTime="2026-09-17T12:47:39.7576278-07:00" endTime="2026-09-17T12:47:41.0141429-07:00" testType="13cdc9d9-ddb5-4fa4-a97d-d965ccfc6d4b" outcome="Passed" testListId="8c84fa94-04c1-424b-9868-57a2d4851a1d" relativeResultsDirectory="79089f61-d0e2-4a26-a8fa-af823ea3e18b" />
    <UnitTestResult executionId="e92a4d9e-7fd5-41ba-a9a3-45f59c45dea5" testId="aec8fa8a-8919-999d-9354-9aaaedbc1194" testName="Roslyn.VisualStudio.NewIntegrationTests.CSharp.CSharpAutomaticBraceCompletion.SquareBracket_Overtyping (VS18)" computerName="CPC-mwiem-FX2AW" duration="00:00:00.0010000" startTime="2026-09-17T12:47:08.7262707-07:00" endTime="2026-09-17T12:47:08.7313426-07:00" testType="13cdc9d9-ddb5-4fa4-a97d-d965ccfc6d4b" outcome="NotExecuted" testListId="8c84fa94-04c1-424b-9868-57a2d4851a1d" relativeResultsDirectory="e92a4d9e-7fd5-41ba-a9a3-45f59c45dea5">
      <Output>
        <ErrorInfo>
          <Message>https://github.com/dotnet/roslyn/issues/70671</Message>
        </ErrorInfo>
      </Output>
    </UnitTestResult>
    <UnitTestResult executionId="cb5097ff-db49-41b1-b15c-c926a6383dd4" testId="a167298a-f64d-280f-8fa7-aa2bad2ec78d" testName="Roslyn.VisualStudio.NewIntegrationTests.CSharp.CSharpAutomaticBraceCompletion.InteractionWithOverrideStubGeneration(showCompletionInArgumentLists: False) (VS18)" computerName="CPC-mwiem-FX2AW" duration="00:00:01.8510000" startTime="2026-09-17T12:46:18.9501846-07:00" endTime="2026-09-17T12:46:21.7643655-07:00" testType="13cdc9d9-ddb5-4fa4-a97d-d965ccfc6d4b" outcome="Passed" testListId="8c84fa94-04c1-424b-9868-57a2d4851a1d" relativeResultsDirectory="cb5097ff-db49-41b1-b15c-c926a6383dd4" />
    <UnitTestResult executionId="251ccf35-1ac6-43b5-9219-360224d64986" testId="19ccae13-0f22-ab82-28f3-1ed5e1a2c0e7" testName="Roslyn.VisualStudio.NewIntegrationTests.CSharp.CSharpAutomaticBraceCompletion.SingleQuote_InsertionAndCompletion(showCompletionInArgumentLists: False) (VS18)" computerName="CPC-mwiem-FX2AW" duration="00:00:00.2060000" startTime="2026-09-17T12:46:30.5194905-07:00" endTime="2026-09-17T12:46:31.6810469-07:00" testType="13cdc9d9-ddb5-4fa4-a97d-d965ccfc6d4b" outcome="Passed" testListId="8c84fa94-04c1-424b-9868-57a2d4851a1d" relativeResultsDirectory="251ccf35-1ac6-43b5-9219-360224d64986" />
    <UnitTestResult executionId="37a7127c-be48-4015-abfd-21114109d2d8" testId="83fac7ed-e8c2-c899-fda5-19a45d1168d0" testName="Roslyn.VisualStudio.NewIntegrationTests.CSharp.CSharpAddMissingUsingsOnPaste.VerifyIndentation (VS18)" computerName="CPC-mwiem-FX2AW" duration="00:00:03.5150000" startTime="2026-09-17T12:49:59.0617504-07:00" endTime="2026-09-17T12:50:10.3070428-07:00" testType="13cdc9d9-ddb5-4fa4-a97d-d965ccfc6d4b" outcome="Passed" testListId="8c84fa94-04c1-424b-9868-57a2d4851a1d" relativeResultsDirectory="37a7127c-be48-4015-abfd-21114109d2d8" />
    <UnitTestResult executionId="7875664a-e935-403a-b229-ab1cc2fccbbb" testId="5be9943e-3de5-ab69-2eef-c154d713b33d" testName="Roslyn.VisualStudio.NewIntegrationTests.CSharp.CSharpAutomaticBraceCompletion.AutoBraceCompleteFormatsBracePairInClassDeclarationAndAutoProperty(showCompletionInArgumentLists: False) (VS18)" computerName="CPC-mwiem-FX2AW" duration="00:00:00.1910000" startTime="2026-09-17T12:47:06.1110252-07:00" endTime="2026-09-17T12:47:07.3851441-07:00" testType="13cdc9d9-ddb5-4fa4-a97d-d965ccfc6d4b" outcome="Passed" testListId="8c84fa94-04c1-424b-9868-57a2d4851a1d" relativeResultsDirectory="7875664a-e935-403a-b229-ab1cc2fccbbb" />
    <UnitTestResult executionId="29d190dc-9d27-43bf-a259-f27bf388d830" testId="d235dcad-1111-fa8a-aff8-c693b391c3e2" testName="Roslyn.VisualStudio.NewIntegrationTests.CSharp.CSharpAutomaticBraceCompletion.Braces_OnReturnWithNonWhitespaceSpanInside(showCompletionInArgumentLists: False) (VS18)" computerName="CPC-mwiem-FX2AW" duration="00:00:00.1840000" startTime="2026-09-17T12:46:41.0657722-07:00" endTime="2026-09-17T12:46:42.2842330-07:00" testType="13cdc9d9-ddb5-4fa4-a97d-d965ccfc6d4b" outcome="Passed" testListId="8c84fa94-04c1-424b-9868-57a2d4851a1d" relativeResultsDirectory="29d190dc-9d27-43bf-a259-f27bf388d830" />
    <UnitTestResult executionId="f6da389d-082f-4aef-bb59-00509871cdac" testId="6ed2902f-bcbf-ca7d-ad7e-bf943eff6f73" testName="Roslyn.VisualStudio.NewIntegrationTests.CSharp.CSharpAutomaticBraceCompletion.Braces_InsertionOnNewLine(showCompletionInArgumentLists: False) (VS18)" computerName="CPC-mwiem-FX2AW" duration="00:00:00.2040000" startTime="2026-09-17T12:46:43.4424976-07:00" endTime="2026-09-17T12:46:44.6726170-07:00" testType="13cdc9d9-ddb5-4fa4-a97d-d965ccfc6d4b" outcome="Passed" testListId="8c84fa94-04c1-424b-9868-57a2d4851a1d" relativeResultsDirectory="f6da389d-082f-4aef-bb59-00509871cdac" />
    <UnitTestResult executionId="61741f2b-e5f4-481b-bee4-4d56cec8452f" testId="f5a4d222-3af2-06c6-5178-7e76d6c1c712" testName="Roslyn.VisualStudio.NewIntegrationTests.CSharp.CSharpArgumentProvider.InsertPreprocessorSnippet (VS18)" computerName="CPC-mwiem-FX2AW" duration="00:00:00.2640000" startTime="2026-09-17T12:47:21.3277199-07:00" endTime="2026-09-17T12:47:22.6630589-07:00" testType="13cdc9d9-ddb5-4fa4-a97d-d965ccfc6d4b" outcome="Passed" testListId="8c84fa94-04c1-424b-9868-57a2d4851a1d" relativeResultsDirectory="61741f2b-e5f4-481b-bee4-4d56cec8452f" />
    <UnitTestResult executionId="11a9b0f5-b4b4-488d-b3b6-ca9b9c0f2a08" testId="1edda68f-d08d-15fe-8363-0f2d4f412c86" testName="Roslyn.VisualStudio.NewIntegrationTests.CSharp.CSharpArgumentProvider.FullCycle (VS18)" computerName="CPC-mwiem-FX2AW" duration="00:00:00.7290000" startTime="2026-09-17T12:47:30.3800961-07:00" endTime="2026-09-17T12:47:32.2328332-07:00" testType="13cdc9d9-ddb5-4fa4-a97d-d965ccfc6d4b" outcome="Passed" testListId="8c84fa94-04c1-424b-9868-57a2d4851a1d" relativeResultsDirectory="11a9b0f5-b4b4-488d-b3b6-ca9b9c0f2a08" />
    <UnitTestResult executionId="7dab8233-1a50-4c3a-ba5a-e4236004a80c" testId="aa3b7dab-007a-7017-b75b-4a1b0d5b2e16" testName="Roslyn.VisualStudio.NewIntegrationTests.CSharp.CSharpArgumentProvider.EnsureParameterContentPreserved(parameterText: &quot;\&quot;$end$\&quot;&quot;) (VS18)" computerName="CPC-mwiem-FX2AW" duration="00:00:00.5250000" startTime="2026-09-17T12:47:13.7198333-07:00" endTime="2026-09-17T12:47:15.2348615-07:00" testType="13cdc9d9-ddb5-4fa4-a97d-d965ccfc6d4b" outcome="Passed" testListId="8c84fa94-04c1-424b-9868-57a2d4851a1d" relativeResultsDirectory="7dab8233-1a50-4c3a-ba5a-e4236004a80c" />
    <UnitTestResult executionId="162b0283-a2ff-4617-b582-254571b4575c" testId="dd2325a7-9cdc-cd75-40be-6cda6adf0d7c" testName="Roslyn.VisualStudio.NewIntegrationTests.CSharp.CSharpArgumentProvider.SmartBreakLineWithTabTabCompletion1 (VS18)" computerName="CPC-mwiem-FX2AW" duration="00:00:00.4420000" startTime="2026-09-17T12:47:28.9810514-07:00" endTime="2026-09-17T12:47:30.3486298-07:00" testType="13cdc9d9-ddb5-4fa4-a97d-d965ccfc6d4b" outcome="Passed" testListId="8c84fa94-04c1-424b-9868-57a2d4851a1d" relativeResultsDirectory="162b0283-a2ff-4617-b582-254571b4575c" />
    <UnitTestResult executionId="8e6865f4-09e6-4f89-9069-ed2699daacac" testId="99646c87-b63a-25ee-3d05-e7279ff0c40a" testName="Roslyn.VisualStudio.NewIntegrationTests.CSharp.CSharpArgumentProvider.EnsureParameterContentPreserved(parameterText: &quot;\&quot;$placeholder$\&quot;&quot;) (VS18)" computerName="CPC-mwiem-FX2AW" duration="00:00:00.5390000" startTime="2026-09-17T12:47:12.1342169-07:00" endTime="2026-09-17T12:47:13.6944268-07:00" testType="13cdc9d9-ddb5-4fa4-a97d-d965ccfc6d4b" outcome="Passed" testListId="8c84fa94-04c1-424b-9868-57a2d4851a1d" relativeResultsDirectory="8e6865f4-09e6-4f89-9069-ed2699daacac" />
    <UnitTestResult executionId="d6f14a91-60e8-490b-b7fe-382cbb9758d8" testId="87e6211a-5562-182d-9bfd-f7062f87d470" testName="Roslyn.VisualStudio.NewIntegrationTests.CSharp.CSharpArgumentProvider.TabTabBeforeSemicolon (VS18)" computerName="CPC-mwiem-FX2AW" duration="00:00:00.3230000" startTime="2026-09-17T12:47:24.6820131-07:00" endTime="2026-09-17T12:47:26.0728659-07:00" testType="13cdc9d9-ddb5-4fa4-a97d-d965ccfc6d4b" outcome="Passed" testListId="8c84fa94-04c1-424b-9868-57a2d4851a1d" relativeResultsDirectory="d6f14a91-60e8-490b-b7fe-382cbb9758d8" />
    <UnitTestResult executionId="e87d9cf7-7912-4278-be2e-90512617e2dd" testId="b415369a-b150-baee-bc0e-d3f992f04320" testName="Roslyn.VisualStudio.NewIntegrationTests.CSharp.CSharpArgumentProvider.EnsureParameterContentPreserved(parameterText: &quot;\&quot;  \&quot;&quot;) (VS18)" computerName="CPC-mwiem-FX2AW" duration="00:00:00.3010000" startTime="2026-09-17T12:47:15.2602494-07:00" endTime="2026-09-17T12:47:16.6633488-07:00" testType="13cdc9d9-ddb5-4fa4-a97d-d965ccfc6d4b" outcome="Passed" testListId="8c84fa94-04c1-424b-9868-57a2d4851a1d" relativeResultsDirectory="e87d9cf7-7912-4278-be2e-90512617e2dd" />
    <UnitTestResult executionId="1d6370d1-ff02-41cb-8182-a977823cd789" testId="c77acbbf-effa-155a-50bd-9ee54f22fda8" testName="Roslyn.VisualStudio.NewIntegrationTests.CSharp.CSharpAutomaticBraceCompletion.DoubleQuote_FixedInterpolatedVerbatimString(showCompletionInArgumentLists: False) (VS18)" computerName="CPC-mwiem-FX2AW" duration="00:00:00.1820000" startTime="2026-09-17T12:46:35.3413294-07:00" endTime="2026-09-17T12:46:36.5997588-07:00" testType="13cdc9d9-ddb5-4fa4-a97d-d965ccfc6d4b" outcome="Passed" testListId="8c84fa94-04c1-424b-9868-57a2d4851a1d" relativeResultsDirectory="1d6370d1-ff02-41cb-8182-a977823cd789" />
    <UnitTestResult executionId="5418fe55-9933-42d7-a16a-a821a918d2d6" testId="a9ffbcab-9192-9ec5-1b9a-25fee2b55aab" testName="Roslyn.VisualStudio.NewIntegrationTests.CSharp.CSharpAutomaticBraceCompletion.DoubleQuote_FixedInterpolatedVerbatimString(showCompletionInArgumentLists: True) (VS18)" computerName="CPC-mwiem-FX2AW" duration="00:00:00.1410000" startTime="2026-09-17T12:46:36.6262389-07:00" endTime="2026-09-17T12:46:37.6251247-07:00" testType="13cdc9d9-ddb5-4fa4-a97d-d965ccfc6d4b" outcome="Passed" testListId="8c84fa94-04c1-424b-9868-57a2d4851a1d" relativeResultsDirectory="5418fe55-9933-42d7-a16a-a821a918d2d6" />
    <UnitTestResult executionId="119ebd05-9146-4454-bb69-d089ae666224" testId="36ec3343-949b-616f-c4d5-b8e0111801e9" testName="Roslyn.VisualStudio.NewIntegrationTests.CSharp.CSharpArgumentProvider.TabTabCompleteObjectEquals (VS18)" computerName="CPC-mwiem-FX2AW" duration="00:00:00.4710000" startTime="2026-09-17T12:47:33.8640112-07:00" endTime="2026-09-17T12:47:35.2780415-07:00" testType="13cdc9d9-ddb5-4fa4-a97d-d965ccfc6d4b" outcome="Passed" testListId="8c84fa94-04c1-424b-9868-57a2d4851a1d" relativeResultsDirectory="119ebd05-9146-4454-bb69-d089ae666224" />
    <UnitTestResult executionId="dab78078-3a0f-4e96-bf2b-bc61d121b7b3" testId="34ce3c71-407b-ca49-cda3-0ec78b9dd8e7" testName="Roslyn.VisualStudio.NewIntegrationTests.CSharp.CSharpAutomaticBraceCompletion.Negative_NoCompletionAfterEndregionPreprocesser(showCompletionInArgumentLists: False) (VS18)" computerName="CPC-mwiem-FX2AW" duration="00:00:00.0750000" startTime="2026-09-17T12:47:02.7128472-07:00" endTime="2026-09-17T12:47:03.7492215-07:00" testType="13cdc9d9-ddb5-4fa4-a97d-d965ccfc6d4b" outcome="Passed" testListId="8c84fa94-04c1-424b-9868-57a2d4851a1d" relativeResultsDirectory="dab78078-3a0f-4e96-bf2b-bc61d121b7b3" />
    <UnitTestResult executionId="2382b622-d86b-431a-8281-646b54c78cca" testId="9ac08a52-4b4a-3e6f-d054-0779ef41c4e7" testName="Roslyn.VisualStudio.NewIntegrationTests.CSharp.CSharpArgumentProvider.SemicolonWithTabTabCompletion3 (VS18)" computerName="CPC-mwiem-FX2AW" duration="00:00:00.4950000" startTime="2026-09-17T12:47:26.1058495-07:00" endTime="2026-09-17T12:47:27.5068447-07:00" testType="13cdc9d9-ddb5-4fa4-a97d-d965ccfc6d4b" outcome="Passed" testListId="8c84fa94-04c1-424b-9868-57a2d4851a1d" relativeResultsDirectory="2382b622-d86b-431a-8281-646b54c78cca" />
    <UnitTestResult executionId="a21c6f6a-dc0e-4875-98a8-69bd2a577408" testId="7b0a7b9e-2d84-72e4-2e8f-6550237ffe0a" testName="Roslyn.VisualStudio.NewIntegrationTests.CSharp.CSharpAutomaticBraceCompletion.AngleBracket_PossibleGenerics_InsertionAndCompletion (VS18)" computerName="CPC-mwiem-FX2AW" duration="00:00:00.0010000" startTime="2026-09-17T12:47:02.6688090-07:00" endTime="2026-09-17T12:47:02.6728415-07:00" testType="13cdc9d9-ddb5-4fa4-a97d-d965ccfc6d4b" outcome="NotExecuted" testListId="8c84fa94-04c1-424b-9868-57a2d4851a1d" relativeResultsDirectory="a21c6f6a-dc0e-4875-98a8-69bd2a577408">
      <Output>
        <ErrorInfo>
          <Message>https://github.com/dotnet/roslyn/issues/63576</Message>
        </ErrorInfo>
      </Output>
    </UnitTestResult>
    <UnitTestResult executionId="fbe72719-8888-4f69-afbc-e5430d57f4e6" testId="1bc96c97-5b65-ef51-7b32-75ab17b36c4d" testName="Roslyn.VisualStudio.NewIntegrationTests.CSharp.CSharpArgumentProvider.SemicolonWithTabTabCompletion1 (VS18)" computerName="CPC-mwiem-FX2AW" duration="00:00:00.2840000" startTime="2026-09-17T12:47:20.0100745-07:00" endTime="2026-09-17T12:47:21.2957623-07:00" testType="13cdc9d9-ddb5-4fa4-a97d-d965ccfc6d4b" outcome="Passed" testListId="8c84fa94-04c1-424b-9868-57a2d4851a1d" relativeResultsDirectory="fbe72719-8888-4f69-afbc-e5430d57f4e6" />
    <UnitTestResult executionId="edc9dae6-be8a-4687-b8cd-6fd6dd44be67" testId="a9e8297a-bb10-ef52-abd8-6b04a3aa0a35" testName="Roslyn.VisualStudio.NewIntegrationTests.CSharp.CSharpArgumentProvider.TabTabCompleteNewObject (VS18)" computerName="CPC-mwiem-FX2AW" duration="00:00:00.6320000" startTime="2026-09-17T12:47:08.8995984-07:00" endTime="2026-09-17T12:47:10.5062558-07:00" testType="13cdc9d9-ddb5-4fa4-a97d-d965ccfc6d4b" outcome="Passed" testListId="8c84fa94-04c1-424b-9868-57a2d4851a1d" relativeResultsDirectory="edc9dae6-be8a-4687-b8cd-6fd6dd44be67" />
    <UnitTestResult executionId="73e6d839-367b-4ac1-9f67-019fb4ae5485" testId="04f07a3f-01ea-6126-3bd7-15d7e75735fd" testName="Roslyn.VisualStudio.NewIntegrationTests.CSharp.CSharpAddMissingReference.VerifyAvailableCodeActions (VS18)" computerName="CPC-mwiem-FX2AW" duration="00:00:03.2000000" startTime="2026-09-17T12:47:42.9603741-07:00" endTime="2026-09-17T12:47:54.7899220-07:00" testType="13cdc9d9-ddb5-4fa4-a97d-d965ccfc6d4b" outcome="Passed" testListId="8c84fa94-04c1-424b-9868-57a2d4851a1d" relativeResultsDirectory="73e6d839-367b-4ac1-9f67-019fb4ae5485" />
    <UnitTestResult executionId="0fb45420-3110-4760-95ad-f2b9adff486a" testId="9f15d43d-82b9-8c46-24ce-c8c611814eb4" testName="Roslyn.VisualStudio.NewIntegrationTests.CSharp.CSharpAddMissingReference.InvokeSomeFixesInCSharpThenVerifyReferences (VS18)" computerName="CPC-mwiem-FX2AW" duration="00:00:02.3750000" startTime="2026-09-17T12:47:54.8229126-07:00" endTime="2026-09-17T12:48:01.6128306-07:00" testType="13cdc9d9-ddb5-4fa4-a97d-d965ccfc6d4b" outcome="Passed" testListId="8c84fa94-04c1-424b-9868-57a2d4851a1d" relativeResultsDirectory="0fb45420-3110-4760-95ad-f2b9adff486a" />
    <UnitTestResult executionId="7d3b75f9-8670-4fba-8eb2-e665fbacdcc2" testId="a78310ae-425b-4dc5-0ccf-ced642d058bb" testName="Roslyn.VisualStudio.NewIntegrationTests.CSharp.CSharpArgumentProvider.SemicolonWithTabTabCompletion2 (VS18)" computerName="CPC-mwiem-FX2AW" duration="00:00:00.5000000" startTime="2026-09-17T12:47:27.5402810-07:00" endTime="2026-09-17T12:47:28.9495936-07:00" testType="13cdc9d9-ddb5-4fa4-a97d-d965ccfc6d4b" outcome="Passed" testListId="8c84fa94-04c1-424b-9868-57a2d4851a1d" relativeResultsDirectory="7d3b75f9-8670-4fba-8eb2-e665fbacdcc2" />
    <UnitTestResult executionId="45d58036-84da-446c-8c04-e35b198ed0ea" testId="5a8645f0-b03f-5b8e-964e-18a829cad0b1" testName="Roslyn.VisualStudio.NewIntegrationTests.CSharp.CSharpAutomaticBraceCompletion.Braces_OnReturnOvertypingTheClosingBrace(showCompletionInArgumentLists: True) (VS18)" computerName="CPC-mwiem-FX2AW" duration="00:00:00.2230000" startTime="2026-09-17T12:46:17.6865599-07:00" endTime="2026-09-17T12:46:18.9186911-07:00" testType="13cdc9d9-ddb5-4fa4-a97d-d965ccfc6d4b" outcome="Passed" testListId="8c84fa94-04c1-424b-9868-57a2d4851a1d" relativeResultsDirectory="45d58036-84da-446c-8c04-e35b198ed0ea" />
    <UnitTestResult executionId="2bbeeb68-3ea6-4a9e-90c8-34177340ecba" testId="d1c2813b-bb7d-1d5c-859c-ef4697994e1d" testName="Roslyn.VisualStudio.NewIntegrationTests.CSharp.CSharpAutomaticBraceCompletion.Negative_NoCompletionInMultiLineComments(showCompletionInArgumentLists: False) (VS18)" computerName="CPC-mwiem-FX2AW" duration="00:00:00.0580000" startTime="2026-09-17T12:46:29.4750412-07:00" endTime="2026-09-17T12:46:30.4866849-07:00" testType="13cdc9d9-ddb5-4fa4-a97d-d965ccfc6d4b" outcome="Passed" testListId="8c84fa94-04c1-424b-9868-57a2d4851a1d" relativeResultsDirectory="2bbeeb68-3ea6-4a9e-90c8-34177340ecba" />
    <UnitTestResult executionId="973fa46a-9972-484b-8be6-b042266dcc0a" testId="192a3b93-6093-3a4a-5ab7-fa0de407c7cd" testName="Roslyn.VisualStudio.NewIntegrationTests.CSharp.CSharpAutomaticBraceCompletion.DoubleQuote_InsertionAndOvertyping(showCompletionInArgumentLists: True) (VS18)" computerName="CPC-mwiem-FX2AW" duration="00:00:00.1740000" startTime="2026-09-17T12:46:34.2077442-07:00" endTime="2026-09-17T12:46:35.3057227-07:00" testType="13cdc9d9-ddb5-4fa4-a97d-d965ccfc6d4b" outcome="Passed" testListId="8c84fa94-04c1-424b-9868-57a2d4851a1d" relativeResultsDirectory="973fa46a-9972-484b-8be6-b042266dcc0a" />
  </Results>
  <TestDefinitions>
    <UnitTest name="Roslyn.VisualStudio.NewIntegrationTests.CSharp.CSharpAutomaticBraceCompletion.Braces_Overtyping(showCompletionInArgumentLists: False) (VS18)" storage="q:\src\roslyn\roslyn-main\artifacts\bin\microsoft.visualstudio.languageservices.new.integrationtests\debug\net472\microsoft.visualstudio.languageservices.new.integrationtests.dll" id="aa6ecf85-2e91-adc5-1add-d38e45ec476e">
      <Execution id="3d26ce29-f02c-47ff-a7ca-f9ae30694af5" />
      <TestMethod codeBase="Q:\src\roslyn\roslyn-main\artifacts\bin\Microsoft.VisualStudio.LanguageServices.New.IntegrationTests\Debug\net472\Microsoft.VisualStudio.LanguageServices.New.IntegrationTests.dll" adapterTypeName="executor://xunit/VsTestRunner3/netfx/" className="Roslyn.VisualStudio.NewIntegrationTests.CSharp.CSharpAutomaticBraceCompletion" name="Braces_Overtyping" />
    </UnitTest>
    <UnitTest name="Roslyn.VisualStudio.NewIntegrationTests.CSharp.CSharpArgumentProvider.TabTabBeforeSemicolon (VS18)" storage="q:\src\roslyn\roslyn-main\artifacts\bin\microsoft.visualstudio.languageservices.new.integrationtests\debug\net472\microsoft.visualstudio.languageservices.new.integrationtests.dll" id="87e6211a-5562-182d-9bfd-f7062f87d470">
      <Execution id="d6f14a91-60e8-490b-b7fe-382cbb9758d8" />
      <TestMethod codeBase="Q:\src\roslyn\roslyn-main\artifacts\bin\Microsoft.VisualStudio.LanguageServices.New.IntegrationTests\Debug\net472\Microsoft.VisualStudio.LanguageServices.New.IntegrationTests.dll" adapterTypeName="executor://xunit/VsTestRunner3/netfx/" className="Roslyn.VisualStudio.NewIntegrationTests.CSharp.CSharpArgumentProvider" name="TabTabBeforeSemicolon" />
    </UnitTest>
    <UnitTest name="Roslyn.VisualStudio.NewIntegrationTests.CSharp.CSharpAddMissingReference.InvokeSomeFixesInCSharpThenVerifyReferences (VS18)" storage="q:\src\roslyn\roslyn-main\artifacts\bin\microsoft.visualstudio.languageservices.new.integrationtests\debug\net472\microsoft.visualstudio.languageservices.new.integrationtests.dll" id="9f15d43d-82b9-8c46-24ce-c8c611814eb4">
      <Execution id="0fb45420-3110-4760-95ad-f2b9adff486a" />
      <TestMethod codeBase="Q:\src\roslyn\roslyn-main\artifacts\bin\Microsoft.VisualStudio.LanguageServices.New.IntegrationTests\Debug\net472\Microsoft.VisualStudio.LanguageServices.New.IntegrationTests.dll" adapterTypeName="executor://xunit/VsTestRunner3/netfx/" className="Roslyn.VisualStudio.NewIntegrationTests.CSharp.CSharpAddMissingReference" name="InvokeSomeFixesInCSharpThenVerifyReferences" />
    </UnitTest>
    <UnitTest name="Roslyn.VisualStudio.NewIntegrationTests.CSharp.CSharpArgumentProvider.ImplicitArgumentSwitching (VS18)" storage="q:\src\roslyn\roslyn-main\artifacts\bin\microsoft.visualstudio.languageservices.new.integrationtests\debug\net472\microsoft.visualstudio.languageservices.new.integrationtests.dll" id="29b7f05f-a7c5-edad-07e8-72bd3677db62">
      <Execution id="09268ac0-a3b9-4733-8e76-917a75fa4dfb" />
      <TestMethod codeBase="Q:\src\roslyn\roslyn-main\artifacts\bin\Microsoft.VisualStudio.LanguageServices.New.IntegrationTests\Debug\net472\Microsoft.VisualStudio.LanguageServices.New.IntegrationTests.dll" adapterTypeName="executor://xunit/VsTestRunner3/netfx/" className="Roslyn.VisualStudio.NewIntegrationTests.CSharp.CSharpArgumentProvider" name="ImplicitArgumentSwitching" />
    </UnitTest>
    <UnitTest name="Roslyn.VisualStudio.NewIntegrationTests.CSharp.CSharpAutomaticBraceCompletion.DoubleQuote_FixedInterpolatedVerbatimString(showCompletionInArgumentLists: True) (VS18)" storage="q:\src\roslyn\roslyn-main\artifacts\bin\microsoft.visualstudio.languageservices.new.integrationtests\debug\net472\microsoft.visualstudio.languageservices.new.integrationtests.dll" id="a9ffbcab-9192-9ec5-1b9a-25fee2b55aab">
      <Execution id="5418fe55-9933-42d7-a16a-a821a918d2d6" />
      <TestMethod codeBase="Q:\src\roslyn\roslyn-main\artifacts\bin\Microsoft.VisualStudio.LanguageServices.New.IntegrationTests\Debug\net472\Microsoft.VisualStudio.LanguageServices.New.IntegrationTests.dll" adapterTypeName="executor://xunit/VsTestRunner3/netfx/" className="Roslyn.VisualStudio.NewIntegrationTests.CSharp.CSharpAutomaticBraceCompletion" name="DoubleQuote_FixedInterpolatedVerbatimString" />
    </UnitTest>
    <UnitTest name="Roslyn.VisualStudio.NewIntegrationTests.CSharp.CSharpAutomaticBraceCompletion.InteractionWithCompletionList(showCompletionInArgumentLists: True) (VS18)" storage="q:\src\roslyn\roslyn-main\artifacts\bin\microsoft.visualstudio.languageservices.new.integrationtests\debug\net472\microsoft.visualstudio.languageservices.new.integrationtests.dll" id="7775e839-0dac-0fa4-cf2f-cc0ea4fe2a07">
      <Execution id="e8778142-5562-439f-ba05-835cb1a6f741" />
      <TestMethod codeBase="Q:\src\roslyn\roslyn-main\artifacts\bin\Microsoft.VisualStudio.LanguageServices.New.IntegrationTests\Debug\net472\Microsoft.VisualStudio.LanguageServices.New.IntegrationTests.dll" adapterTypeName="executor://xunit/VsTestRunner3/netfx/" className="Roslyn.VisualStudio.NewIntegrationTests.CSharp.CSharpAutomaticBraceCompletion" name="InteractionWithCompletionList" />
    </UnitTest>
    <UnitTest name="Roslyn.VisualStudio.NewIntegrationTests.CSharp.CSharpArgumentProvider.SimpleTabTabCompletion (VS18)" storage="q:\src\roslyn\roslyn-main\artifacts\bin\microsoft.visualstudio.languageservices.new.integrationtests\debug\net472\microsoft.visualstudio.languageservices.new.integrationtests.dll" id="f9c5606f-bade-d681-9cb7-1cb5708d30f1">
      <Execution id="8639c628-d140-4b60-9be5-dddcba1332e7" />
      <TestMethod codeBase="Q:\src\roslyn\roslyn-main\artifacts\bin\Microsoft.VisualStudio.LanguageServices.New.IntegrationTests\Debug\net472\Microsoft.VisualStudio.LanguageServices.New.IntegrationTests.dll" adapterTypeName="executor://xunit/VsTestRunner3/netfx/" className="Roslyn.VisualStudio.NewIntegrationTests.CSharp.CSharpArgumentProvider" name="SimpleTabTabCompletion" />
    </UnitTest>
    <UnitTest name="Roslyn.VisualStudio.NewIntegrationTests.CSharp.CSharpArgumentProvider.TabTabCompletionWithArguments (VS18)" storage="q:\src\roslyn\roslyn-main\artifacts\bin\microsoft.visualstudio.languageservices.new.integrationtests\debug\net472\microsoft.visualstudio.languageservices.new.integrationtests.dll" id="52595781-c917-5dd4-5c23-4ac7af93eabe">
      <Execution id="5e418907-92ab-4983-9f58-56ec92a6512c" />
      <TestMethod codeBase="Q:\src\roslyn\roslyn-main\artifacts\bin\Microsoft.VisualStudio.LanguageServices.New.IntegrationTests\Debug\net472\Microsoft.VisualStudio.LanguageServices.New.IntegrationTests.dll" adapterTypeName="executor://xunit/VsTestRunner3/netfx/" className="Roslyn.VisualStudio.NewIntegrationTests.CSharp.CSharpArgumentProvider" name="TabTabCompletionWithArguments" />
    </UnitTest>
    <UnitTest name="Roslyn.VisualStudio.NewIntegrationTests.CSharp.CSharpArgumentProvider.EnsureParameterContentPreserved(parameterText: &quot;\&quot;&amp;\&quot;&quot;) (VS18)" storage="q:\src\roslyn\roslyn-main\artifacts\bin\microsoft.visualstudio.languageservices.new.integrationtests\debug\net472\microsoft.visualstudio.languageservices.new.integrationtests.dll" id="0398a866-1e74-9e79-5c51-c70e0c399083">
      <Execution id="28205cd9-5634-43ba-8347-7f16cb8e0835" />
      <TestMethod codeBase="Q:\src\roslyn\roslyn-main\artifacts\bin\Microsoft.VisualStudio.LanguageServices.New.IntegrationTests\Debug\net472\Microsoft.VisualStudio.LanguageServices.New.IntegrationTests.dll" adapterTypeName="executor://xunit/VsTestRunner3/netfx/" className="Roslyn.VisualStudio.NewIntegrationTests.CSharp.CSharpArgumentProvider" name="EnsureParameterContentPreserved" />
    </UnitTest>
    <UnitTest name="Roslyn.VisualStudio.NewIntegrationTests.CSharp.CSharpAddMissingUsingsOnPaste.VerifyIndentation (VS18)" storage="q:\src\roslyn\roslyn-main\artifacts\bin\microsoft.visualstudio.languageservices.new.integrationtests\debug\net472\microsoft.visualstudio.languageservices.new.integrationtests.dll" id="83fac7ed-e8c2-c899-fda5-19a45d1168d0">
      <Execution id="517bee5d-d27a-4f1b-bac9-983f8a34cbde" />
      <TestMethod codeBase="Q:\src\roslyn\roslyn-main\artifacts\bin\Microsoft.VisualStudio.LanguageServices.New.IntegrationTests\Debug\net472\Microsoft.VisualStudio.LanguageServices.New.IntegrationTests.dll" adapterTypeName="executor://xunit/VsTestRunner3/netfx/" className="Roslyn.VisualStudio.NewIntegrationTests.CSharp.CSharpAddMissingUsingsOnPaste" name="VerifyIndentation" />
    </UnitTest>
    <UnitTest name="Roslyn.VisualStudio.NewIntegrationTests.CSharp.CSharpAutomaticBraceCompletion.DoubleQuote_InsertionAndOvertyping(showCompletionInArgumentLists: True) (VS18)" storage="q:\src\roslyn\roslyn-main\artifacts\bin\microsoft.visualstudio.languageservices.new.integrationtests\debug\net472\microsoft.visualstudio.languageservices.new.integrationtests.dll" id="192a3b93-6093-3a4a-5ab7-fa0de407c7cd">
      <Execution id="973fa46a-9972-484b-8be6-b042266dcc0a" />
      <TestMethod codeBase="Q:\src\roslyn\roslyn-main\artifacts\bin\Microsoft.VisualStudio.LanguageServices.New.IntegrationTests\Debug\net472\Microsoft.VisualStudio.LanguageServices.New.IntegrationTests.dll" adapterTypeName="executor://xunit/VsTestRunner3/netfx/" className="Roslyn.VisualStudio.NewIntegrationTests.CSharp.CSharpAutomaticBraceCompletion" name="DoubleQuote_InsertionAndOvertyping" />
    </UnitTest>
    <UnitTest name="Roslyn.VisualStudio.NewIntegrationTests.CSharp.CSharpAddMissingReference.VerifyAvailableCodeActions (VS18)" storage="q:\src\roslyn\roslyn-main\artifacts\bin\microsoft.visualstudio.languageservices.new.integrationtests\debug\net472\microsoft.visualstudio.languageservices.new.integrationtests.dll" id="04f07a3f-01ea-6126-3bd7-15d7e75735fd">
      <Execution id="73e6d839-367b-4ac1-9f67-019fb4ae5485" />
      <TestMethod codeBase="Q:\src\roslyn\roslyn-main\artifacts\bin\Microsoft.VisualStudio.LanguageServices.New.IntegrationTests\Debug\net472\Microsoft.VisualStudio.LanguageServices.New.IntegrationTests.dll" adapterTypeName="executor://xunit/VsTestRunner3/netfx/" className="Roslyn.VisualStudio.NewIntegrationTests.CSharp.CSharpAddMissingReference" name="VerifyAvailableCodeActions" />
    </UnitTest>
    <UnitTest name="Roslyn.VisualStudio.NewIntegrationTests.CSharp.CSharpAutomaticBraceCompletion.Negative_NoCompletionInSingleLineComments(showCompletionInArgumentLists: True) (VS18)" storage="q:\src\roslyn\roslyn-main\artifacts\bin\microsoft.visualstudio.languageservices.new.integrationtests\debug\net472\microsoft.visualstudio.languageservices.new.integrationtests.dll" id="fd22ead8-e940-b038-d390-9461753347ee">
      <Execution id="97c59b11-e109-4b43-9824-704f013db65a" />
      <TestMethod codeBase="Q:\src\roslyn\roslyn-main\artifacts\bin\Microsoft.VisualStudio.LanguageServices.New.IntegrationTests\Debug\net472\Microsoft.VisualStudio.LanguageServices.New.IntegrationTests.dll" adapterTypeName="executor://xunit/VsTestRunner3/netfx/" className="Roslyn.VisualStudio.NewIntegrationTests.CSharp.CSharpAutomaticBraceCompletion" name="Negative_NoCompletionInSingleLineComments" />
    </UnitTest>
    <UnitTest name="Roslyn.VisualStudio.NewIntegrationTests.CSharp.CSharpAutomaticBraceCompletion.SquareBracket_Overtyping (VS18)" storage="q:\src\roslyn\roslyn-main\artifacts\bin\microsoft.visualstudio.languageservices.new.integrationtests\debug\net472\microsoft.visualstudio.languageservices.new.integrationtests.dll" id="aec8fa8a-8919-999d-9354-9aaaedbc1194">
      <Execution id="e92a4d9e-7fd5-41ba-a9a3-45f59c45dea5" />
      <TestMethod codeBase="Q:\src\roslyn\roslyn-main\artifacts\bin\Microsoft.VisualStudio.LanguageServices.New.IntegrationTests\Debug\net472\Microsoft.VisualStudio.LanguageServices.New.IntegrationTests.dll" adapterTypeName="executor://xunit/VsTestRunner3/netfx/" className="Roslyn.VisualStudio.NewIntegrationTests.CSharp.CSharpAutomaticBraceCompletion" name="SquareBracket_Overtyping" />
    </UnitTest>
    <UnitTest name="Roslyn.VisualStudio.NewIntegrationTests.CSharp.CSharpArgumentProvider.EnsureParameterContentPreserved(parameterText: &quot;\&quot;  \&quot;&quot;) (VS18)" storage="q:\src\roslyn\roslyn-main\artifacts\bin\microsoft.visualstudio.languageservices.new.integrationtests\debug\net472\microsoft.visualstudio.languageservices.new.integrationtests.dll" id="b415369a-b150-baee-bc0e-d3f992f04320">
      <Execution id="e87d9cf7-7912-4278-be2e-90512617e2dd" />
      <TestMethod codeBase="Q:\src\roslyn\roslyn-main\artifacts\bin\Microsoft.VisualStudio.LanguageServices.New.IntegrationTests\Debug\net472\Microsoft.VisualStudio.LanguageServices.New.IntegrationTests.dll" adapterTypeName="executor://xunit/VsTestRunner3/netfx/" className="Roslyn.VisualStudio.NewIntegrationTests.CSharp.CSharpArgumentProvider" name="EnsureParameterContentPreserved" />
    </UnitTest>
    <UnitTest name="Roslyn.VisualStudio.NewIntegrationTests.CSharp.CSharpArgumentProvider.EnsureParameterContentPreserved(parameterText: &quot;\&quot;$placeholder$\&quot;&quot;) (VS18)" storage="q:\src\roslyn\roslyn-main\artifacts\bin\microsoft.visualstudio.languageservices.new.integrationtests\debug\net472\microsoft.visualstudio.languageservices.new.integrationtests.dll" id="99646c87-b63a-25ee-3d05-e7279ff0c40a">
      <Execution id="8e6865f4-09e6-4f89-9069-ed2699daacac" />
      <TestMethod codeBase="Q:\src\roslyn\roslyn-main\artifacts\bin\Microsoft.VisualStudio.LanguageServices.New.IntegrationTests\Debug\net472\Microsoft.VisualStudio.LanguageServices.New.IntegrationTests.dll" adapterTypeName="executor://xunit/VsTestRunner3/netfx/" className="Roslyn.VisualStudio.NewIntegrationTests.CSharp.CSharpArgumentProvider" name="EnsureParameterContentPreserved" />
    </UnitTest>
    <UnitTest name="Roslyn.VisualStudio.NewIntegrationTests.CSharp.CSharpAutomaticBraceCompletion.SingleQuote_InsertionAndCompletion(showCompletionInArgumentLists: True) (VS18)" storage="q:\src\roslyn\roslyn-main\artifacts\bin\microsoft.visualstudio.languageservices.new.integrationtests\debug\net472\microsoft.visualstudio.languageservices.new.integrationtests.dll" id="f96373a7-e890-322f-4dae-13d8bed5f3b3">
      <Execution id="00ef78cf-8d72-42d9-abf0-c7a605a772c0" />
      <TestMethod codeBase="Q:\src\roslyn\roslyn-main\artifacts\bin\Microsoft.VisualStudio.LanguageServices.New.IntegrationTests\Debug\net472\Microsoft.VisualStudio.LanguageServices.New.IntegrationTests.dll" adapterTypeName="executor://xunit/VsTestRunner3/netfx/" className="Roslyn.VisualStudio.NewIntegrationTests.CSharp.CSharpAutomaticBraceCompletion" name="SingleQuote_InsertionAndCompletion" />
    </UnitTest>
    <UnitTest name="Roslyn.VisualStudio.NewIntegrationTests.CSharp.CSharpAutomaticBraceCompletion.Negative_NoCompletionStringVerbatimStringOrCharLiterals(showCompletionInArgumentLists: False) (VS18)" storage="q:\src\roslyn\roslyn-main\artifacts\bin\microsoft.visualstudio.languageservices.new.integrationtests\debug\net472\microsoft.visualstudio.languageservices.new.integrationtests.dll" id="6d5b43b1-30ae-7341-1b4d-6c2c09eea6d1">
      <Execution id="a5bb16d0-7c51-4270-afdf-8d9f27c33820" />
      <TestMethod codeBase="Q:\src\roslyn\roslyn-main\artifacts\bin\Microsoft.VisualStudio.LanguageServices.New.IntegrationTests\Debug\net472\Microsoft.VisualStudio.LanguageServices.New.IntegrationTests.dll" adapterTypeName="executor://xunit/VsTestRunner3/netfx/" className="Roslyn.VisualStudio.NewIntegrationTests.CSharp.CSharpAutomaticBraceCompletion" name="Negative_NoCompletionStringVerbatimStringOrCharLiterals" />
    </UnitTest>
    <UnitTest name="Roslyn.VisualStudio.NewIntegrationTests.CSharp.CSharpAutomaticBraceCompletion.Braces_OnReturnOvertypingTheClosingBrace(showCompletionInArgumentLists: False) (VS18)" storage="q:\src\roslyn\roslyn-main\artifacts\bin\microsoft.visualstudio.languageservices.new.integrationtests\debug\net472\microsoft.visualstudio.languageservices.new.integrationtests.dll" id="378d85c9-2cc8-a268-cfe9-f5384b5ccdba">
      <Execution id="188271f8-8b4f-4171-8628-a2bcec505f7f" />
      <TestMethod codeBase="Q:\src\roslyn\roslyn-main\artifacts\bin\Microsoft.VisualStudio.LanguageServices.New.IntegrationTests\Debug\net472\Microsoft.VisualStudio.LanguageServices.New.IntegrationTests.dll" adapterTypeName="executor://xunit/VsTestRunner3/netfx/" className="Roslyn.VisualStudio.NewIntegrationTests.CSharp.CSharpAutomaticBraceCompletion" name="Braces_OnReturnOvertypingTheClosingBrace" />
    </UnitTest>
    <UnitTest name="Roslyn.VisualStudio.NewIntegrationTests.CSharp.CSharpAutomaticBraceCompletion.Negative_NoCompletionInMultiLineComments(showCompletionInArgumentLists: True) (VS18)" storage="q:\src\roslyn\roslyn-main\artifacts\bin\microsoft.visualstudio.languageservices.new.integrationtests\debug\net472\microsoft.visualstudio.languageservices.new.integrationtests.dll" id="fdb5a360-3e52-0333-dcb8-57ba3cdab53b">
      <Execution id="9120e195-0d01-4867-97c9-1f53fbceb503" />
      <TestMethod codeBase="Q:\src\roslyn\roslyn-main\artifacts\bin\Microsoft.VisualStudio.LanguageServices.New.IntegrationTests\Debug\net472\Microsoft.VisualStudio.LanguageServices.New.IntegrationTests.dll" adapterTypeName="executor://xunit/VsTestRunner3/netfx/" className="Roslyn.VisualStudio.NewIntegrationTests.CSharp.CSharpAutomaticBraceCompletion" name="Negative_NoCompletionInMultiLineComments" />
    </UnitTest>
    <UnitTest name="Roslyn.VisualStudio.NewIntegrationTests.CSharp.CSharpAutomaticBraceCompletion.Negative_NoCompletionStringVerbatimStringOrCharLiterals(showCompletionInArgumentLists: True) (VS18)" storage="q:\src\roslyn\roslyn-main\artifacts\bin\microsoft.visualstudio.languageservices.new.integrationtests\debug\net472\microsoft.visualstudio.languageservices.new.integrationtests.dll" id="a95e7f1c-8a9c-6dd0-f036-6722fa571d93">
      <Execution id="261c0757-f029-4d06-b46a-9500d4c052fd" />
      <TestMethod codeBase="Q:\src\roslyn\roslyn-main\artifacts\bin\Microsoft.VisualStudio.LanguageServices.New.IntegrationTests\Debug\net472\Microsoft.VisualStudio.LanguageServices.New.IntegrationTests.dll" adapterTypeName="executor://xunit/VsTestRunner3/netfx/" className="Roslyn.VisualStudio.NewIntegrationTests.CSharp.CSharpAutomaticBraceCompletion" name="Negative_NoCompletionStringVerbatimStringOrCharLiterals" />
    </UnitTest>
    <UnitTest name="Roslyn.VisualStudio.NewIntegrationTests.CSharp.CSharpAutomaticBraceCompletion.Negative_NoCompletionAfterPragmaPreprocesser(showCompletionInArgumentLists: True) (VS18)" storage="q:\src\roslyn\roslyn-main\artifacts\bin\microsoft.visualstudio.languageservices.new.integrationtests\debug\net472\microsoft.visualstudio.languageservices.new.integrationtests.dll" id="e4d4e141-75f8-83c2-3813-8e56f36dd0be">
      <Execution id="f8aff1f4-0772-4ff7-8b51-62c734503a63" />
      <TestMethod codeBase="Q:\src\roslyn\roslyn-main\artifacts\bin\Microsoft.VisualStudio.LanguageServices.New.IntegrationTests\Debug\net472\Microsoft.VisualStudio.LanguageServices.New.IntegrationTests.dll" adapterTypeName="executor://xunit/VsTestRunner3/netfx/" className="Roslyn.VisualStudio.NewIntegrationTests.CSharp.CSharpAutomaticBraceCompletion" name="Negative_NoCompletionAfterPragmaPreprocesser" />
    </UnitTest>
    <UnitTest name="Roslyn.VisualStudio.NewIntegrationTests.CSharp.CSharpAutomaticBraceCompletion.Nested_AllKinds(showCompletionInArgumentLists: False) (VS18)" storage="q:\src\roslyn\roslyn-main\artifacts\bin\microsoft.visualstudio.languageservices.new.integrationtests\debug\net472\microsoft.visualstudio.languageservices.new.integrationtests.dll" id="8e19c3c9-587b-2b30-3f55-9cadadc989f2">
      <Execution id="01291ee2-9e83-4dd5-a79b-d7606d050503" />
      <TestMethod codeBase="Q:\src\roslyn\roslyn-main\artifacts\bin\Microsoft.VisualStudio.LanguageServices.New.IntegrationTests\Debug\net472\Microsoft.VisualStudio.LanguageServices.New.IntegrationTests.dll" adapterTypeName="executor://xunit/VsTestRunner3/netfx/" className="Roslyn.VisualStudio.NewIntegrationTests.CSharp.CSharpAutomaticBraceCompletion" name="Nested_AllKinds" />
    </UnitTest>
    <UnitTest name="Roslyn.VisualStudio.NewIntegrationTests.CSharp.CSharpAutomaticBraceCompletion.DoubleQuote_InsertionAndOvertyping(showCompletionInArgumentLists: False) (VS18)" storage="q:\src\roslyn\roslyn-main\artifacts\bin\microsoft.visualstudio.languageservices.new.integrationtests\debug\net472\microsoft.visualstudio.languageservices.new.integrationtests.dll" id="f1c0ba52-9b4f-acb8-0905-c9cda69d7748">
      <Execution id="d2804a31-7557-447d-8454-dcb77fee9a02" />
      <TestMethod codeBase="Q:\src\roslyn\roslyn-main\artifacts\bin\Microsoft.VisualStudio.LanguageServices.New.IntegrationTests\Debug\net472\Microsoft.VisualStudio.LanguageServices.New.IntegrationTests.dll" adapterTypeName="executor://xunit/VsTestRunner3/netfx/" className="Roslyn.VisualStudio.NewIntegrationTests.CSharp.CSharpAutomaticBraceCompletion" name="DoubleQuote_InsertionAndOvertyping" />
    </UnitTest>
    <UnitTest name="Roslyn.VisualStudio.NewIntegrationTests.CSharp.CSharpAutomaticBraceCompletion.Negative_NoCompletionAfterEndregionPreprocesser(showCompletionInArgumentLists: True) (VS18)" storage="q:\src\roslyn\roslyn-main\artifacts\bin\microsoft.visualstudio.languageservices.new.integrationtests\debug\net472\microsoft.visualstudio.languageservices.new.integrationtests.dll" id="594c4671-9374-99b5-20e3-496a6c2b1247">
      <Execution id="5b54f1d2-b7cc-4e96-a25b-e4b79f66dc0c" />
      <TestMethod codeBase="Q:\src\roslyn\roslyn-main\artifacts\bin\Microsoft.VisualStudio.LanguageServices.New.IntegrationTests\Debug\net472\Microsoft.VisualStudio.LanguageServices.New.IntegrationTests.dll" adapterTypeName="executor://xunit/VsTestRunner3/netfx/" className="Roslyn.VisualStudio.NewIntegrationTests.CSharp.CSharpAutomaticBraceCompletion" name="Negative_NoCompletionAfterEndregionPreprocesser" />
    </UnitTest>
    <UnitTest name="Roslyn.VisualStudio.NewIntegrationTests.CSharp.CSharpArgumentProvider.SemicolonWithTabTabCompletion1 (VS18)" storage="q:\src\roslyn\roslyn-main\artifacts\bin\microsoft.visualstudio.languageservices.new.integrationtests\debug\net472\microsoft.visualstudio.languageservices.new.integrationtests.dll" id="1bc96c97-5b65-ef51-7b32-75ab17b36c4d">
      <Execution id="fbe72719-8888-4f69-afbc-e5430d57f4e6" />
      <TestMethod codeBase="Q:\src\roslyn\roslyn-main\artifacts\bin\Microsoft.VisualStudio.LanguageServices.New.IntegrationTests\Debug\net472\Microsoft.VisualStudio.LanguageServices.New.IntegrationTests.dll" adapterTypeName="executor://xunit/VsTestRunner3/netfx/" className="Roslyn.VisualStudio.NewIntegrationTests.CSharp.CSharpArgumentProvider" name="SemicolonWithTabTabCompletion1" />
    </UnitTest>
    <UnitTest name="Roslyn.VisualStudio.NewIntegrationTests.CSharp.CSharpAutomaticBraceCompletion.Negative_NoCompletionAfterEndregionPreprocesser(showCompletionInArgumentLists: False) (VS18)" storage="q:\src\roslyn\roslyn-main\artifacts\bin\microsoft.visualstudio.languageservices.new.integrationtests\debug\net472\microsoft.visualstudio.languageservices.new.integrationtests.dll" id="34ce3c71-407b-ca49-cda3-0ec78b9dd8e7">
      <Execution id="dab78078-3a0f-4e96-bf2b-bc61d121b7b3" />
      <TestMethod codeBase="Q:\src\roslyn\roslyn-main\artifacts\bin\Microsoft.VisualStudio.LanguageServices.New.IntegrationTests\Debug\net472\Microsoft.VisualStudio.LanguageServices.New.IntegrationTests.dll" adapterTypeName="executor://xunit/VsTestRunner3/netfx/" className="Roslyn.VisualStudio.NewIntegrationTests.CSharp.CSharpAutomaticBraceCompletion" name="Negative_NoCompletionAfterEndregionPreprocesser" />
    </UnitTest>
    <UnitTest name="Roslyn.VisualStudio.NewIntegrationTests.CSharp.CSharpAutomaticBraceCompletion.SingleQuote_InsertionAndCompletion(showCompletionInArgumentLists: False) (VS18)" storage="q:\src\roslyn\roslyn-main\artifacts\bin\microsoft.visualstudio.languageservices.new.integrationtests\debug\net472\microsoft.visualstudio.languageservices.new.integrationtests.dll" id="19ccae13-0f22-ab82-28f3-1ed5e1a2c0e7">
      <Execution id="251ccf35-1ac6-43b5-9219-360224d64986" />
      <TestMethod codeBase="Q:\src\roslyn\roslyn-main\artifacts\bin\Microsoft.VisualStudio.LanguageServices.New.IntegrationTests\Debug\net472\Microsoft.VisualStudio.LanguageServices.New.IntegrationTests.dll" adapterTypeName="executor://xunit/VsTestRunner3/netfx/" className="Roslyn.VisualStudio.NewIntegrationTests.CSharp.CSharpAutomaticBraceCompletion" name="SingleQuote_InsertionAndCompletion" />
    </UnitTest>
    <UnitTest name="Roslyn.VisualStudio.NewIntegrationTests.CSharp.CSharpAutomaticBraceCompletion.Braces_Overtyping_Property (VS18)" storage="q:\src\roslyn\roslyn-main\artifacts\bin\microsoft.visualstudio.languageservices.new.integrationtests\debug\net472\microsoft.visualstudio.languageservices.new.integrationtests.dll" id="d963ef98-56ab-fa1f-6237-b39a50c79c3e">
      <Execution id="092b42d8-786d-430e-911e-f2f8ea99e2a9" />
      <TestMethod codeBase="Q:\src\roslyn\roslyn-main\artifacts\bin\Microsoft.VisualStudio.LanguageServices.New.IntegrationTests\Debug\net472\Microsoft.VisualStudio.LanguageServices.New.IntegrationTests.dll" adapterTypeName="executor://xunit/VsTestRunner3/netfx/" className="Roslyn.VisualStudio.NewIntegrationTests.CSharp.CSharpAutomaticBraceCompletion" name="Braces_Overtyping_Property" />
    </UnitTest>
    <UnitTest name="Roslyn.VisualStudio.NewIntegrationTests.CSharp.CSharpArgumentProvider.InsertPreprocessorSnippet (VS18)" storage="q:\src\roslyn\roslyn-main\artifacts\bin\microsoft.visualstudio.languageservices.new.integrationtests\debug\net472\microsoft.visualstudio.languageservices.new.integrationtests.dll" id="f5a4d222-3af2-06c6-5178-7e76d6c1c712">
      <Execution id="61741f2b-e5f4-481b-bee4-4d56cec8452f" />
      <TestMethod codeBase="Q:\src\roslyn\roslyn-main\artifacts\bin\Microsoft.VisualStudio.LanguageServices.New.IntegrationTests\Debug\net472\Microsoft.VisualStudio.LanguageServices.New.IntegrationTests.dll" adapterTypeName="executor://xunit/VsTestRunner3/netfx/" className="Roslyn.VisualStudio.NewIntegrationTests.CSharp.CSharpArgumentProvider" name="InsertPreprocessorSnippet" />
    </UnitTest>
    <UnitTest name="Roslyn.VisualStudio.NewIntegrationTests.CSharp.CSharpArgumentProvider.TabTabCompleteNewObject (VS18)" storage="q:\src\roslyn\roslyn-main\artifacts\bin\microsoft.visualstudio.languageservices.new.integrationtests\debug\net472\microsoft.visualstudio.languageservices.new.integrationtests.dll" id="a9e8297a-bb10-ef52-abd8-6b04a3aa0a35">
      <Execution id="edc9dae6-be8a-4687-b8cd-6fd6dd44be67" />
      <TestMethod codeBase="Q:\src\roslyn\roslyn-main\artifacts\bin\Microsoft.VisualStudio.LanguageServices.New.IntegrationTests\Debug\net472\Microsoft.VisualStudio.LanguageServices.New.IntegrationTests.dll" adapterTypeName="executor://xunit/VsTestRunner3/netfx/" className="Roslyn.VisualStudio.NewIntegrationTests.CSharp.CSharpArgumentProvider" name="TabTabCompleteNewObject" />
    </UnitTest>
    <UnitTest name="Roslyn.VisualStudio.NewIntegrationTests.CSharp.CSharpArgumentProvider.SmartBreakLineWithTabTabCompletion1 (VS18)" storage="q:\src\roslyn\roslyn-main\artifacts\bin\microsoft.visualstudio.languageservices.new.integrationtests\debug\net472\microsoft.visualstudio.languageservices.new.integrationtests.dll" id="dd2325a7-9cdc-cd75-40be-6cda6adf0d7c">
      <Execution id="162b0283-a2ff-4617-b582-254571b4575c" />
      <TestMethod codeBase="Q:\src\roslyn\roslyn-main\artifacts\bin\Microsoft.VisualStudio.LanguageServices.New.IntegrationTests\Debug\net472\Microsoft.VisualStudio.LanguageServices.New.IntegrationTests.dll" adapterTypeName="executor://xunit/VsTestRunner3/netfx/" className="Roslyn.VisualStudio.NewIntegrationTests.CSharp.CSharpArgumentProvider" name="SmartBreakLineWithTabTabCompletion1" />
    </UnitTest>
    <UnitTest name="Roslyn.VisualStudio.NewIntegrationTests.CSharp.CSharpArgumentProvider.EnsureParameterContentPreserved(parameterText: &quot;\&quot;$end$\&quot;&quot;) (VS18)" storage="q:\src\roslyn\roslyn-main\artifacts\bin\microsoft.visualstudio.languageservices.new.integrationtests\debug\net472\microsoft.visualstudio.languageservices.new.integrationtests.dll" id="aa3b7dab-007a-7017-b75b-4a1b0d5b2e16">
      <Execution id="7dab8233-1a50-4c3a-ba5a-e4236004a80c" />
      <TestMethod codeBase="Q:\src\roslyn\roslyn-main\artifacts\bin\Microsoft.VisualStudio.LanguageServices.New.IntegrationTests\Debug\net472\Microsoft.VisualStudio.LanguageServices.New.IntegrationTests.dll" adapterTypeName="executor://xunit/VsTestRunner3/netfx/" className="Roslyn.VisualStudio.NewIntegrationTests.CSharp.CSharpArgumentProvider" name="EnsureParameterContentPreserved" />
    </UnitTest>
    <UnitTest name="Roslyn.VisualStudio.NewIntegrationTests.CSharp.CSharpArgumentProvider.FullCycle (VS18)" storage="q:\src\roslyn\roslyn-main\artifacts\bin\microsoft.visualstudio.languageservices.new.integrationtests\debug\net472\microsoft.visualstudio.languageservices.new.integrationtests.dll" id="1edda68f-d08d-15fe-8363-0f2d4f412c86">
      <Execution id="11a9b0f5-b4b4-488d-b3b6-ca9b9c0f2a08" />
      <TestMethod codeBase="Q:\src\roslyn\roslyn-main\artifacts\bin\Microsoft.VisualStudio.LanguageServices.New.IntegrationTests\Debug\net472\Microsoft.VisualStudio.LanguageServices.New.IntegrationTests.dll" adapterTypeName="executor://xunit/VsTestRunner3/netfx/" className="Roslyn.VisualStudio.NewIntegrationTests.CSharp.CSharpArgumentProvider" name="FullCycle" />
    </UnitTest>
    <UnitTest name="Roslyn.VisualStudio.NewIntegrationTests.CSharp.CSharpAutomaticBraceCompletion.Negative_NoCompletionInMultiLineComments(showCompletionInArgumentLists: False) (VS18)" storage="q:\src\roslyn\roslyn-main\artifacts\bin\microsoft.visualstudio.languageservices.new.integrationtests\debug\net472\microsoft.visualstudio.languageservices.new.integrationtests.dll" id="d1c2813b-bb7d-1d5c-859c-ef4697994e1d">
      <Execution id="2bbeeb68-3ea6-4a9e-90c8-34177340ecba" />
      <TestMethod codeBase="Q:\src\roslyn\roslyn-main\artifacts\bin\Microsoft.VisualStudio.LanguageServices.New.IntegrationTests\Debug\net472\Microsoft.VisualStudio.LanguageServices.New.IntegrationTests.dll" adapterTypeName="executor://xunit/VsTestRunner3/netfx/" className="Roslyn.VisualStudio.NewIntegrationTests.CSharp.CSharpAutomaticBraceCompletion" name="Negative_NoCompletionInMultiLineComments" />
    </UnitTest>
    <UnitTest name="Roslyn.VisualStudio.NewIntegrationTests.CSharp.CSharpAutomaticBraceCompletion.Negative_NoCompletionInDisabledPreprocesser(showCompletionInArgumentLists: True) (VS18)" storage="q:\src\roslyn\roslyn-main\artifacts\bin\microsoft.visualstudio.languageservices.new.integrationtests\debug\net472\microsoft.visualstudio.languageservices.new.integrationtests.dll" id="ca120dfb-928e-46ee-85c3-2103d4612e42">
      <Execution id="de0a4184-eadc-492f-94cd-ddcf0fcd3f00" />
      <TestMethod codeBase="Q:\src\roslyn\roslyn-main\artifacts\bin\Microsoft.VisualStudio.LanguageServices.New.IntegrationTests\Debug\net472\Microsoft.VisualStudio.LanguageServices.New.IntegrationTests.dll" adapterTypeName="executor://xunit/VsTestRunner3/netfx/" className="Roslyn.VisualStudio.NewIntegrationTests.CSharp.CSharpAutomaticBraceCompletion" name="Negative_NoCompletionInDisabledPreprocesser" />
    </UnitTest>
    <UnitTest name="Roslyn.VisualStudio.NewIntegrationTests.CSharp.CSharpArgumentProvider.SemicolonWithTabTabCompletion3 (VS18)" storage="q:\src\roslyn\roslyn-main\artifacts\bin\microsoft.visualstudio.languageservices.new.integrationtests\debug\net472\microsoft.visualstudio.languageservices.new.integrationtests.dll" id="9ac08a52-4b4a-3e6f-d054-0779ef41c4e7">
      <Execution id="2382b622-d86b-431a-8281-646b54c78cca" />
      <TestMethod codeBase="Q:\src\roslyn\roslyn-main\artifacts\bin\Microsoft.VisualStudio.LanguageServices.New.IntegrationTests\Debug\net472\Microsoft.VisualStudio.LanguageServices.New.IntegrationTests.dll" adapterTypeName="executor://xunit/VsTestRunner3/netfx/" className="Roslyn.VisualStudio.NewIntegrationTests.CSharp.CSharpArgumentProvider" name="SemicolonWithTabTabCompletion3" />
    </UnitTest>
    <UnitTest name="Roslyn.VisualStudio.NewIntegrationTests.CSharp.CSharpAutomaticBraceCompletion.Braces_InsertionOnNewLine(showCompletionInArgumentLists: False) (VS18)" storage="q:\src\roslyn\roslyn-main\artifacts\bin\microsoft.visualstudio.languageservices.new.integrationtests\debug\net472\microsoft.visualstudio.languageservices.new.integrationtests.dll" id="6ed2902f-bcbf-ca7d-ad7e-bf943eff6f73">
      <Execution id="f6da389d-082f-4aef-bb59-00509871cdac" />
      <TestMethod codeBase="Q:\src\roslyn\roslyn-main\artifacts\bin\Microsoft.VisualStudio.LanguageServices.New.IntegrationTests\Debug\net472\Microsoft.VisualStudio.LanguageServices.New.IntegrationTests.dll" adapterTypeName="executor://xunit/VsTestRunner3/netfx/" className="Roslyn.VisualStudio.NewIntegrationTests.CSharp.CSharpAutomaticBraceCompletion" name="Braces_InsertionOnNewLine" />
    </UnitTest>
    <UnitTest name="Roslyn.VisualStudio.NewIntegrationTests.CSharp.CSharpAutomaticBraceCompletion.InteractionWithCompletionList(showCompletionInArgumentLists: False) (VS18)" storage="q:\src\roslyn\roslyn-main\artifacts\bin\microsoft.visualstudio.languageservices.new.integrationtests\debug\net472\microsoft.visualstudio.languageservices.new.integrationtests.dll" id="3fed2b45-a73b-e475-60fa-d6f8ab58765f">
      <Execution id="3ee2648e-585a-4390-b68f-d8102eee5175" />
      <TestMethod codeBase="Q:\src\roslyn\roslyn-main\artifacts\bin\Microsoft.VisualStudio.LanguageServices.New.IntegrationTests\Debug\net472\Microsoft.VisualStudio.LanguageServices.New.IntegrationTests.dll" adapterTypeName="executor://xunit/VsTestRunner3/netfx/" className="Roslyn.VisualStudio.NewIntegrationTests.CSharp.CSharpAutomaticBraceCompletion" name="InteractionWithCompletionList" />
    </UnitTest>
    <UnitTest name="Roslyn.VisualStudio.NewIntegrationTests.CSharp.CSharpAutomaticBraceCompletion.Braces_OnReturnOvertypingTheClosingBrace(showCompletionInArgumentLists: True) (VS18)" storage="q:\src\roslyn\roslyn-main\artifacts\bin\microsoft.visualstudio.languageservices.new.integrationtests\debug\net472\microsoft.visualstudio.languageservices.new.integrationtests.dll" id="5a8645f0-b03f-5b8e-964e-18a829cad0b1">
      <Execution id="45d58036-84da-446c-8c04-e35b198ed0ea" />
      <TestMethod codeBase="Q:\src\roslyn\roslyn-main\artifacts\bin\Microsoft.VisualStudio.LanguageServices.New.IntegrationTests\Debug\net472\Microsoft.VisualStudio.LanguageServices.New.IntegrationTests.dll" adapterTypeName="executor://xunit/VsTestRunner3/netfx/" className="Roslyn.VisualStudio.NewIntegrationTests.CSharp.CSharpAutomaticBraceCompletion" name="Braces_OnReturnOvertypingTheClosingBrace" />
    </UnitTest>
    <UnitTest name="Roslyn.VisualStudio.NewIntegrationTests.CSharp.CSharpArgumentProvider.SmartBreakLineWithTabTabCompletion2 (VS18)" storage="q:\src\roslyn\roslyn-main\artifacts\bin\microsoft.visualstudio.languageservices.new.integrationtests\debug\net472\microsoft.visualstudio.languageservices.new.integrationtests.dll" id="18eb0290-5c73-0339-dfc3-a347d6ad64f5">
      <Execution id="e378afad-8d7b-4ffd-9815-f26bf87159cd" />
      <TestMethod codeBase="Q:\src\roslyn\roslyn-main\artifacts\bin\Microsoft.VisualStudio.LanguageServices.New.IntegrationTests\Debug\net472\Microsoft.VisualStudio.LanguageServices.New.IntegrationTests.dll" adapterTypeName="executor://xunit/VsTestRunner3/netfx/" className="Roslyn.VisualStudio.NewIntegrationTests.CSharp.CSharpArgumentProvider" name="SmartBreakLineWithTabTabCompletion2" />
    </UnitTest>
    <UnitTest name="Roslyn.VisualStudio.NewIntegrationTests.CSharp.CSharpAutomaticBraceCompletion.InteractionWithOverrideStubGeneration(showCompletionInArgumentLists: False) (VS18)" storage="q:\src\roslyn\roslyn-main\artifacts\bin\microsoft.visualstudio.languageservices.new.integrationtests\debug\net472\microsoft.visualstudio.languageservices.new.integrationtests.dll" id="a167298a-f64d-280f-8fa7-aa2bad2ec78d">
      <Execution id="cb5097ff-db49-41b1-b15c-c926a6383dd4" />
      <TestMethod codeBase="Q:\src\roslyn\roslyn-main\artifacts\bin\Microsoft.VisualStudio.LanguageServices.New.IntegrationTests\Debug\net472\Microsoft.VisualStudio.LanguageServices.New.IntegrationTests.dll" adapterTypeName="executor://xunit/VsTestRunner3/netfx/" className="Roslyn.VisualStudio.NewIntegrationTests.CSharp.CSharpAutomaticBraceCompletion" name="InteractionWithOverrideStubGeneration" />
    </UnitTest>
    <UnitTest name="Roslyn.VisualStudio.NewIntegrationTests.CSharp.CSharpArgumentProvider.EnsureParameterContentPreserved(parameterText: &quot;\&quot;&gt;\&quot;&quot;) (VS18)" storage="q:\src\roslyn\roslyn-main\artifacts\bin\microsoft.visualstudio.languageservices.new.integrationtests\debug\net472\microsoft.visualstudio.languageservices.new.integrationtests.dll" id="28d9a008-85c1-3dc7-900f-4f2534d5bb2a">
      <Execution id="9336f2e6-d353-47fe-aa3d-501641e5913b" />
      <TestMethod codeBase="Q:\src\roslyn\roslyn-main\artifacts\bin\Microsoft.VisualStudio.LanguageServices.New.IntegrationTests\Debug\net472\Microsoft.VisualStudio.LanguageServices.New.IntegrationTests.dll" adapterTypeName="executor://xunit/VsTestRunner3/netfx/" className="Roslyn.VisualStudio.NewIntegrationTests.CSharp.CSharpArgumentProvider" name="EnsureParameterContentPreserved" />
    </UnitTest>
    <UnitTest name="Roslyn.VisualStudio.NewIntegrationTests.CSharp.CSharpAddMissingUsingsOnPaste.VerifyAddImportsOnPaste (VS18)" storage="q:\src\roslyn\roslyn-main\artifacts\bin\microsoft.visualstudio.languageservices.new.integrationtests\debug\net472\microsoft.visualstudio.languageservices.new.integrationtests.dll" id="d4462a48-215c-41ff-2ef2-6ffec678480e">
      <Execution id="5259ee63-2638-4c71-9bc5-083b1b949fd8" />
      <TestMethod codeBase="Q:\src\roslyn\roslyn-main\artifacts\bin\Microsoft.VisualStudio.LanguageServices.New.IntegrationTests\Debug\net472\Microsoft.VisualStudio.LanguageServices.New.IntegrationTests.dll" adapterTypeName="executor://xunit/VsTestRunner3/netfx/" className="Roslyn.VisualStudio.NewIntegrationTests.CSharp.CSharpAddMissingUsingsOnPaste" name="VerifyAddImportsOnPaste" />
    </UnitTest>
    <UnitTest name="Roslyn.VisualStudio.NewIntegrationTests.CSharp.CSharpArgumentProvider.TabTabCompleteObjectEquals (VS18)" storage="q:\src\roslyn\roslyn-main\artifacts\bin\microsoft.visualstudio.languageservices.new.integrationtests\debug\net472\microsoft.visualstudio.languageservices.new.integrationtests.dll" id="36ec3343-949b-616f-c4d5-b8e0111801e9">
      <Execution id="119ebd05-9146-4454-bb69-d089ae666224" />
      <TestMethod codeBase="Q:\src\roslyn\roslyn-main\artifacts\bin\Microsoft.VisualStudio.LanguageServices.New.IntegrationTests\Debug\net472\Microsoft.VisualStudio.LanguageServices.New.IntegrationTests.dll" adapterTypeName="executor://xunit/VsTestRunner3/netfx/" className="Roslyn.VisualStudio.NewIntegrationTests.CSharp.CSharpArgumentProvider" name="TabTabCompleteObjectEquals" />
    </UnitTest>
[...]
      <Execution id="8c02266b-ff62-482c-b88f-cbee26deb5a6" />
      <TestMethod codeBase="Q:\src\roslyn\roslyn-main\artifacts\bin\Microsoft.VisualStudio.LanguageServices.New.IntegrationTests\Debug\net472\Microsoft.VisualStudio.LanguageServices.New.IntegrationTests.dll" adapterTypeName="executor://xunit/VsTestRunner3/netfx/" className="Roslyn.VisualStudio.NewIntegrationTests.CSharp.CSharpAutomaticBraceCompletion" name="Braces_Overtyping_ObjectInitializer" />
    </UnitTest>
    <UnitTest name="Roslyn.VisualStudio.NewIntegrationTests.CSharp.CSharpAddMissingUsingsOnPaste.VerifyDisabled (VS18)" storage="q:\src\roslyn\roslyn-main\artifacts\bin\microsoft.visualstudio.languageservices.new.integrationtests\debug\net472\microsoft.visualstudio.languageservices.new.integrationtests.dll" id="fc6682f5-7e9a-2fab-2cab-bd300aba3a42">
      <Execution id="79089f61-d0e2-4a26-a8fa-af823ea3e18b" />
      <TestMethod codeBase="Q:\src\roslyn\roslyn-main\artifacts\bin\Microsoft.VisualStudio.LanguageServices.New.IntegrationTests\Debug\net472\Microsoft.VisualStudio.LanguageServices.New.IntegrationTests.dll" adapterTypeName="executor://xunit/VsTestRunner3/netfx/" className="Roslyn.VisualStudio.NewIntegrationTests.CSharp.CSharpAddMissingUsingsOnPaste" name="VerifyDisabled" />
    </UnitTest>
    <UnitTest name="Roslyn.VisualStudio.NewIntegrationTests.CSharp.CSharpArgumentProvider.SemicolonWithTabTabCompletion2 (VS18)" storage="q:\src\roslyn\roslyn-main\artifacts\bin\microsoft.visualstudio.languageservices.new.integrationtests\debug\net472\microsoft.visualstudio.languageservices.new.integrationtests.dll" id="a78310ae-425b-4dc5-0ccf-ced642d058bb">
      <Execution id="7d3b75f9-8670-4fba-8eb2-e665fbacdcc2" />
      <TestMethod codeBase="Q:\src\roslyn\roslyn-main\artifacts\bin\Microsoft.VisualStudio.LanguageServices.New.IntegrationTests\Debug\net472\Microsoft.VisualStudio.LanguageServices.New.IntegrationTests.dll" adapterTypeName="executor://xunit/VsTestRunner3/netfx/" className="Roslyn.VisualStudio.NewIntegrationTests.CSharp.CSharpArgumentProvider" name="SemicolonWithTabTabCompletion2" />
    </UnitTest>
    <UnitTest name="Roslyn.VisualStudio.NewIntegrationTests.CSharp.CSharpAutomaticBraceCompletion.CompleteStatementTriggersCompletion(showCompletionInArgumentLists: False) (VS18)" storage="q:\src\roslyn\roslyn-main\artifacts\bin\microsoft.visualstudio.languageservices.new.integrationtests\debug\net472\microsoft.visualstudio.languageservices.new.integrationtests.dll" id="0c0aa5ff-6965-bf33-1ceb-2ad9424cb6b0">
      <Execution id="8ba63af1-8477-4272-b642-d90989e52052" />
      <TestMethod codeBase="Q:\src\roslyn\roslyn-main\artifacts\bin\Microsoft.VisualStudio.LanguageServices.New.IntegrationTests\Debug\net472\Microsoft.VisualStudio.LanguageServices.New.IntegrationTests.dll" adapterTypeName="executor://xunit/VsTestRunner3/netfx/" className="Roslyn.VisualStudio.NewIntegrationTests.CSharp.CSharpAutomaticBraceCompletion" name="CompleteStatementTriggersCompletion" />
    </UnitTest>
    <UnitTest name="Roslyn.VisualStudio.NewIntegrationTests.CSharp.CSharpAutomaticBraceCompletion.Negative_NoCompletionInSingleLineComments(showCompletionInArgumentLists: False) (VS18)" storage="q:\src\roslyn\roslyn-main\artifacts\bin\microsoft.visualstudio.languageservices.new.integrationtests\debug\net472\microsoft.visualstudio.languageservices.new.integrationtests.dll" id="d70fecdc-d481-680a-1951-22087c2450ef">
      <Execution id="46901f73-7c37-4f12-9c0d-ebd12bec6ce0" />
      <TestMethod codeBase="Q:\src\roslyn\roslyn-main\artifacts\bin\Microsoft.VisualStudio.LanguageServices.New.IntegrationTests\Debug\net472\Microsoft.VisualStudio.LanguageServices.New.IntegrationTests.dll" adapterTypeName="executor://xunit/VsTestRunner3/netfx/" className="Roslyn.VisualStudio.NewIntegrationTests.CSharp.CSharpAutomaticBraceCompletion" name="Negative_NoCompletionInSingleLineComments" />
    </UnitTest>
    <UnitTest name="Roslyn.VisualStudio.NewIntegrationTests.CSharp.CSharpAutomaticBraceCompletion.Braces_OnReturnWithNonWhitespaceSpanInside(showCompletionInArgumentLists: False) (VS18)" storage="q:\src\roslyn\roslyn-main\artifacts\bin\microsoft.visualstudio.languageservices.new.integrationtests\debug\net472\microsoft.visualstudio.languageservices.new.integrationtests.dll" id="d235dcad-1111-fa8a-aff8-c693b391c3e2">
      <Execution id="29d190dc-9d27-43bf-a259-f27bf388d830" />
      <TestMethod codeBase="Q:\src\roslyn\roslyn-main\artifacts\bin\Microsoft.VisualStudio.LanguageServices.New.IntegrationTests\Debug\net472\Microsoft.VisualStudio.LanguageServices.New.IntegrationTests.dll" adapterTypeName="executor://xunit/VsTestRunner3/netfx/" className="Roslyn.VisualStudio.NewIntegrationTests.CSharp.CSharpAutomaticBraceCompletion" name="Braces_OnReturnWithNonWhitespaceSpanInside" />
    </UnitTest>
    <UnitTest name="Roslyn.VisualStudio.NewIntegrationTests.CSharp.CSharpAutomaticBraceCompletion.AutoBraceCompleteFormatsBracePairInClassDeclarationAndAutoProperty(showCompletionInArgumentLists: True) (VS18)" storage="q:\src\roslyn\roslyn-main\artifacts\bin\microsoft.visualstudio.languageservices.new.integrationtests\debug\net472\microsoft.visualstudio.languageservices.new.integrationtests.dll" id="e48e4906-6079-647b-5d6a-956e5710cee9">
      <Execution id="84a4bf9f-842d-4380-93ac-2a1846048f21" />
      <TestMethod codeBase="Q:\src\roslyn\roslyn-main\artifacts\bin\Microsoft.VisualStudio.LanguageServices.New.IntegrationTests\Debug\net472\Microsoft.VisualStudio.LanguageServices.New.IntegrationTests.dll" adapterTypeName="executor://xunit/VsTestRunner3/netfx/" className="Roslyn.VisualStudio.NewIntegrationTests.CSharp.CSharpAutomaticBraceCompletion" name="AutoBraceCompleteFormatsBracePairInClassDeclarationAndAutoProperty" />
    </UnitTest>
  </TestDefinitions>
  <TestEntries>
    <TestEntry testId="e48e4906-6079-647b-5d6a-956e5710cee9" executionId="84a4bf9f-842d-4380-93ac-2a1846048f21" testListId="8c84fa94-04c1-424b-9868-57a2d4851a1d" />
    <TestEntry testId="cac26334-a84d-b872-39cf-cbdf5eae4fe4" executionId="8c02266b-ff62-482c-b88f-cbee26deb5a6" testListId="8c84fa94-04c1-424b-9868-57a2d4851a1d" />
    <TestEntry testId="29b7f05f-a7c5-edad-07e8-72bd3677db62" executionId="09268ac0-a3b9-4733-8e76-917a75fa4dfb" testListId="8c84fa94-04c1-424b-9868-57a2d4851a1d" />
    <TestEntry testId="b0ec3952-6113-541a-f7ee-09262953206c" executionId="c2dac1a6-f48d-4267-a2ba-011a80b43b9c" testListId="8c84fa94-04c1-424b-9868-57a2d4851a1d" />
    <TestEntry testId="aa6ecf85-2e91-adc5-1add-d38e45ec476e" executionId="3d26ce29-f02c-47ff-a7ca-f9ae30694af5" testListId="8c84fa94-04c1-424b-9868-57a2d4851a1d" />
    <TestEntry testId="9436aa77-d6cd-1df5-70d3-85279e0ebf75" executionId="fa6b536d-84c8-45ef-9235-5cb1048ba785" testListId="8c84fa94-04c1-424b-9868-57a2d4851a1d" />
    <TestEntry testId="4f6c4b7e-cadf-d7f8-64ae-1556aae2e427" executionId="49d21694-ad10-496d-9062-155501f6e681" testListId="8c84fa94-04c1-424b-9868-57a2d4851a1d" />
    <TestEntry testId="0c0aa5ff-6965-bf33-1ceb-2ad9424cb6b0" executionId="8ba63af1-8477-4272-b642-d90989e52052" testListId="8c84fa94-04c1-424b-9868-57a2d4851a1d" />
    <TestEntry testId="f4790b05-cdb5-a452-f478-2dddfec158bb" executionId="1a3d4120-e2bd-499d-bc8d-8fc35d36962d" testListId="8c84fa94-04c1-424b-9868-57a2d4851a1d" />
    <TestEntry testId="d4462a48-215c-41ff-2ef2-6ffec678480e" executionId="5259ee63-2638-4c71-9bc5-083b1b949fd8" testListId="8c84fa94-04c1-424b-9868-57a2d4851a1d" />
    <TestEntry testId="d70fecdc-d481-680a-1951-22087c2450ef" executionId="46901f73-7c37-4f12-9c0d-ebd12bec6ce0" testListId="8c84fa94-04c1-424b-9868-57a2d4851a1d" />
    <TestEntry testId="e4d4e141-75f8-83c2-3813-8e56f36dd0be" executionId="f8aff1f4-0772-4ff7-8b51-62c734503a63" testListId="8c84fa94-04c1-424b-9868-57a2d4851a1d" />
    <TestEntry testId="ca120dfb-928e-46ee-85c3-2103d4612e42" executionId="de0a4184-eadc-492f-94cd-ddcf0fcd3f00" testListId="8c84fa94-04c1-424b-9868-57a2d4851a1d" />
    <TestEntry testId="f1c0ba52-9b4f-acb8-0905-c9cda69d7748" executionId="d2804a31-7557-447d-8454-dcb77fee9a02" testListId="8c84fa94-04c1-424b-9868-57a2d4851a1d" />
    <TestEntry testId="18eb0290-5c73-0339-dfc3-a347d6ad64f5" executionId="e378afad-8d7b-4ffd-9815-f26bf87159cd" testListId="8c84fa94-04c1-424b-9868-57a2d4851a1d" />
    <TestEntry testId="83fac7ed-e8c2-c899-fda5-19a45d1168d0" executionId="517bee5d-d27a-4f1b-bac9-983f8a34cbde" testListId="8c84fa94-04c1-424b-9868-57a2d4851a1d" />
    <TestEntry testId="6d5b43b1-30ae-7341-1b4d-6c2c09eea6d1" executionId="a5bb16d0-7c51-4270-afdf-8d9f27c33820" testListId="8c84fa94-04c1-424b-9868-57a2d4851a1d" />
    <TestEntry testId="f9c5606f-bade-d681-9cb7-1cb5708d30f1" executionId="8639c628-d140-4b60-9be5-dddcba1332e7" testListId="8c84fa94-04c1-424b-9868-57a2d4851a1d" />
    <TestEntry testId="28d9a008-85c1-3dc7-900f-4f2534d5bb2a" executionId="9336f2e6-d353-47fe-aa3d-501641e5913b" testListId="8c84fa94-04c1-424b-9868-57a2d4851a1d" />
    <TestEntry testId="f96373a7-e890-322f-4dae-13d8bed5f3b3" executionId="00ef78cf-8d72-42d9-abf0-c7a605a772c0" testListId="8c84fa94-04c1-424b-9868-57a2d4851a1d" />
    <TestEntry testId="fdb5a360-3e52-0333-dcb8-57ba3cdab53b" executionId="9120e195-0d01-4867-97c9-1f53fbceb503" testListId="8c84fa94-04c1-424b-9868-57a2d4851a1d" />
    <TestEntry testId="594c4671-9374-99b5-20e3-496a6c2b1247" executionId="5b54f1d2-b7cc-4e96-a25b-e4b79f66dc0c" testListId="8c84fa94-04c1-424b-9868-57a2d4851a1d" />
    <TestEntry testId="019b0be8-9f89-5817-dfe6-0a10ddee42f4" executionId="04ca4e94-b142-45b3-84f2-2d5f7d4cc22d" testListId="8c84fa94-04c1-424b-9868-57a2d4851a1d" />
    <TestEntry testId="52595781-c917-5dd4-5c23-4ac7af93eabe" executionId="5e418907-92ab-4983-9f58-56ec92a6512c" testListId="8c84fa94-04c1-424b-9868-57a2d4851a1d" />
    <TestEntry testId="8e19c3c9-587b-2b30-3f55-9cadadc989f2" executionId="01291ee2-9e83-4dd5-a79b-d7606d050503" testListId="8c84fa94-04c1-424b-9868-57a2d4851a1d" />
    <TestEntry testId="d89dfaa1-4f72-dd95-c006-9452f0cc1e49" executionId="dc024a71-f150-40a1-b704-cecb9a88f3af" testListId="8c84fa94-04c1-424b-9868-57a2d4851a1d" />
    <TestEntry testId="a95e7f1c-8a9c-6dd0-f036-6722fa571d93" executionId="261c0757-f029-4d06-b46a-9500d4c052fd" testListId="8c84fa94-04c1-424b-9868-57a2d4851a1d" />
    <TestEntry testId="0398a866-1e74-9e79-5c51-c70e0c399083" executionId="28205cd9-5634-43ba-8347-7f16cb8e0835" testListId="8c84fa94-04c1-424b-9868-57a2d4851a1d" />
    <TestEntry testId="964ae4c0-c220-bd58-50ed-8b328faaf369" executionId="79ebc2f3-5e73-4714-8c80-4d5b78cee48e" testListId="8c84fa94-04c1-424b-9868-57a2d4851a1d" />
    <TestEntry testId="378d85c9-2cc8-a268-cfe9-f5384b5ccdba" executionId="188271f8-8b4f-4171-8628-a2bcec505f7f" testListId="8c84fa94-04c1-424b-9868-57a2d4851a1d" />
    <TestEntry testId="1a8a3a57-ec73-7cb9-547e-0b068707db01" executionId="c7135bb2-9630-41f7-b13a-8833c6e86f7a" testListId="8c84fa94-04c1-424b-9868-57a2d4851a1d" />
    <TestEntry testId="7775e839-0dac-0fa4-cf2f-cc0ea4fe2a07" executionId="e8778142-5562-439f-ba05-835cb1a6f741" testListId="8c84fa94-04c1-424b-9868-57a2d4851a1d" />
    <TestEntry testId="fd22ead8-e940-b038-d390-9461753347ee" executionId="97c59b11-e109-4b43-9824-704f013db65a" testListId="8c84fa94-04c1-424b-9868-57a2d4851a1d" />
    <TestEntry testId="5c72e11d-8135-78bb-59da-494556ddb6ad" executionId="f7fb100e-8438-47d3-9051-a64c930f12aa" testListId="8c84fa94-04c1-424b-9868-57a2d4851a1d" />
    <TestEntry testId="abb4ce61-3092-4ba3-637e-9fe7f75f76db" executionId="83bd97cf-2ca9-472d-8b83-6281e6b45e38" testListId="8c84fa94-04c1-424b-9868-57a2d4851a1d" />
    <TestEntry testId="3fed2b45-a73b-e475-60fa-d6f8ab58765f" executionId="3ee2648e-585a-4390-b68f-d8102eee5175" testListId="8c84fa94-04c1-424b-9868-57a2d4851a1d" />
    <TestEntry testId="d963ef98-56ab-fa1f-6237-b39a50c79c3e" executionId="092b42d8-786d-430e-911e-f2f8ea99e2a9" testListId="8c84fa94-04c1-424b-9868-57a2d4851a1d" />
    <TestEntry testId="fc6682f5-7e9a-2fab-2cab-bd300aba3a42" executionId="79089f61-d0e2-4a26-a8fa-af823ea3e18b" testListId="8c84fa94-04c1-424b-9868-57a2d4851a1d" />
    <TestEntry testId="aec8fa8a-8919-999d-9354-9aaaedbc1194" executionId="e92a4d9e-7fd5-41ba-a9a3-45f59c45dea5" testListId="8c84fa94-04c1-424b-9868-57a2d4851a1d" />
    <TestEntry testId="a167298a-f64d-280f-8fa7-aa2bad2ec78d" executionId="cb5097ff-db49-41b1-b15c-c926a6383dd4" testListId="8c84fa94-04c1-424b-9868-57a2d4851a1d" />
    <TestEntry testId="19ccae13-0f22-ab82-28f3-1ed5e1a2c0e7" executionId="251ccf35-1ac6-43b5-9219-360224d64986" testListId="8c84fa94-04c1-424b-9868-57a2d4851a1d" />
    <TestEntry testId="83fac7ed-e8c2-c899-fda5-19a45d1168d0" executionId="37a7127c-be48-4015-abfd-21114109d2d8" testListId="8c84fa94-04c1-424b-9868-57a2d4851a1d" />
    <TestEntry testId="5be9943e-3de5-ab69-2eef-c154d713b33d" executionId="7875664a-e935-403a-b229-ab1cc2fccbbb" testListId="8c84fa94-04c1-424b-9868-57a2d4851a1d" />
    <TestEntry testId="d235dcad-1111-fa8a-aff8-c693b391c3e2" executionId="29d190dc-9d27-43bf-a259-f27bf388d830" testListId="8c84fa94-04c1-424b-9868-57a2d4851a1d" />
    <TestEntry testId="6ed2902f-bcbf-ca7d-ad7e-bf943eff6f73" executionId="f6da389d-082f-4aef-bb59-00509871cdac" testListId="8c84fa94-04c1-424b-9868-57a2d4851a1d" />
    <TestEntry testId="f5a4d222-3af2-06c6-5178-7e76d6c1c712" executionId="61741f2b-e5f4-481b-bee4-4d56cec8452f" testListId="8c84fa94-04c1-424b-9868-57a2d4851a1d" />
    <TestEntry testId="1edda68f-d08d-15fe-8363-0f2d4f412c86" executionId="11a9b0f5-b4b4-488d-b3b6-ca9b9c0f2a08" testListId="8c84fa94-04c1-424b-9868-57a2d4851a1d" />
    <TestEntry testId="aa3b7dab-007a-7017-b75b-4a1b0d5b2e16" executionId="7dab8233-1a50-4c3a-ba5a-e4236004a80c" testListId="8c84fa94-04c1-424b-9868-57a2d4851a1d" />
    <TestEntry testId="dd2325a7-9cdc-cd75-40be-6cda6adf0d7c" executionId="162b0283-a2ff-4617-b582-254571b4575c" testListId="8c84fa94-04c1-424b-9868-57a2d4851a1d" />
    <TestEntry testId="99646c87-b63a-25ee-3d05-e7279ff0c40a" executionId="8e6865f4-09e6-4f89-9069-ed2699daacac" testListId="8c84fa94-04c1-424b-9868-57a2d4851a1d" />
    <TestEntry testId="87e6211a-5562-182d-9bfd-f7062f87d470" executionId="d6f14a91-60e8-490b-b7fe-382cbb9758d8" testListId="8c84fa94-04c1-424b-9868-57a2d4851a1d" />
    <TestEntry testId="b415369a-b150-baee-bc0e-d3f992f04320" executionId="e87d9cf7-7912-4278-be2e-90512617e2dd" testListId="8c84fa94-04c1-424b-9868-57a2d4851a1d" />
    <TestEntry testId="c77acbbf-effa-155a-50bd-9ee54f22fda8" executionId="1d6370d1-ff02-41cb-8182-a977823cd789" testListId="8c84fa94-04c1-424b-9868-57a2d4851a1d" />
    <TestEntry testId="a9ffbcab-9192-9ec5-1b9a-25fee2b55aab" executionId="5418fe55-9933-42d7-a16a-a821a918d2d6" testListId="8c84fa94-04c1-424b-9868-57a2d4851a1d" />
    <TestEntry testId="36ec3343-949b-616f-c4d5-b8e0111801e9" executionId="119ebd05-9146-4454-bb69-d089ae666224" testListId="8c84fa94-04c1-424b-9868-57a2d4851a1d" />
    <TestEntry testId="34ce3c71-407b-ca49-cda3-0ec78b9dd8e7" executionId="dab78078-3a0f-4e96-bf2b-bc61d121b7b3" testListId="8c84fa94-04c1-424b-9868-57a2d4851a1d" />
    <TestEntry testId="9ac08a52-4b4a-3e6f-d054-0779ef41c4e7" executionId="2382b622-d86b-431a-8281-646b54c78cca" testListId="8c84fa94-04c1-424b-9868-57a2d4851a1d" />
    <TestEntry testId="7b0a7b9e-2d84-72e4-2e8f-6550237ffe0a" executionId="a21c6f6a-dc0e-4875-98a8-69bd2a577408" testListId="8c84fa94-04c1-424b-9868-57a2d4851a1d" />
    <TestEntry testId="1bc96c97-5b65-ef51-7b32-75ab17b36c4d" executionId="fbe72719-8888-4f69-afbc-e5430d57f4e6" testListId="8c84fa94-04c1-424b-9868-57a2d4851a1d" />
    <TestEntry testId="a9e8297a-bb10-ef52-abd8-6b04a3aa0a35" executionId="edc9dae6-be8a-4687-b8cd-6fd6dd44be67" testListId="8c84fa94-04c1-424b-9868-57a2d4851a1d" />
    <TestEntry testId="04f07a3f-01ea-6126-3bd7-15d7e75735fd" executionId="73e6d839-367b-4ac1-9f67-019fb4ae5485" testListId="8c84fa94-04c1-424b-9868-57a2d4851a1d" />
    <TestEntry testId="9f15d43d-82b9-8c46-24ce-c8c611814eb4" executionId="0fb45420-3110-4760-95ad-f2b9adff486a" testListId="8c84fa94-04c1-424b-9868-57a2d4851a1d" />
    <TestEntry testId="a78310ae-425b-4dc5-0ccf-ced642d058bb" executionId="7d3b75f9-8670-4fba-8eb2-e665fbacdcc2" testListId="8c84fa94-04c1-424b-9868-57a2d4851a1d" />
    <TestEntry testId="5a8645f0-b03f-5b8e-964e-18a829cad0b1" executionId="45d58036-84da-446c-8c04-e35b198ed0ea" testListId="8c84fa94-04c1-424b-9868-57a2d4851a1d" />
    <TestEntry testId="d1c2813b-bb7d-1d5c-859c-ef4697994e1d" executionId="2bbeeb68-3ea6-4a9e-90c8-34177340ecba" testListId="8c84fa94-04c1-424b-9868-57a2d4851a1d" />
    <TestEntry testId="192a3b93-6093-3a4a-5ab7-fa0de407c7cd" executionId="973fa46a-9972-484b-8be6-b042266dcc0a" testListId="8c84fa94-04c1-424b-9868-57a2d4851a1d" />
  </TestEntries>
  <TestLists>
    <TestList name="Results Not in a List" id="8c84fa94-04c1-424b-9868-57a2d4851a1d" />
    <TestList name="All Loaded Results" id="19431567-8539-422a-85d7-44ee4e166bda" />
  </TestLists>
  <ResultSummary outcome="Completed">
    <Counters total="66" executed="62" passed="62" failed="0" error="0" timeout="0" aborted="0" inconclusive="0" passedButRunAborted="0" notRunnable="0" notExecuted="0" disconnected="0" warning="0" completed="0" inProgress="0" pending="0" />
    <Output>
      <StdOut>[xUnit.net 00:00:00.01] xUnit.net VSTest Adapter v3.1.3+b1b99bdeb3 (64-bit .NET Framework 4.8.9345.0)&#xD;
[xUnit.net 00:00:01.57]   Starting:    Microsoft.VisualStudio.LanguageServices.New.IntegrationTests&#xD;
[xUnit.net 00:02:36.91]       https://github.com/dotnet/roslyn/issues/70671&#xD;
Test 'Roslyn.VisualStudio.NewIntegrationTests.CSharp.CSharpAutomaticBraceCompletion.SquareBracket_Insertion (VS18)' was skipped in the test run.&#xD;
[xUnit.net 00:02:54.88]       https://github.com/dotnet/roslyn/issues/63576&#xD;
Test 'Roslyn.VisualStudio.NewIntegrationTests.CSharp.CSharpAutomaticBraceCompletion.AngleBracket_PossibleGenerics_InsertionAndCompletion (VS18)' was skipped in the test run.&#xD;
[xUnit.net 00:03:00.94]       https://github.com/dotnet/roslyn/issues/70671&#xD;
Test 'Roslyn.VisualStudio.NewIntegrationTests.CSharp.CSharpAutomaticBraceCompletion.SquareBracket_Overtyping (VS18)' was skipped in the test run.&#xD;
[xUnit.net 00:03:31.93]       Test will automatically retry.&#xD;
Test 'Roslyn.VisualStudio.NewIntegrationTests.CSharp.CSharpAddMissingUsingsOnPaste.VerifyIndentation (VS18)' was skipped in the test run.&#xD;
[xUnit.net 00:06:03.37]   Finished:    Microsoft.VisualStudio.LanguageServices.New.IntegrationTests&#xD;
</StdOut>
    </Output>
    <RunInfos>
      <RunInfo computerName="CPC-mwiem-FX2AW" outcome="Warning" timestamp="2026-09-17T12:46:44.7066050-07:00">
        <Text>[xUnit.net 00:02:36.91]     Roslyn.VisualStudio.NewIntegrationTests.CSharp.CSharpAutomaticBraceCompletion.SquareBracket_Insertion (VS18) [SKIP]</Text>
      </RunInfo>
      <RunInfo computerName="CPC-mwiem-FX2AW" outcome="Warning" timestamp="2026-09-17T12:47:02.6748532-07:00">
        <Text>[xUnit.net 00:02:54.88]     Roslyn.VisualStudio.NewIntegrationTests.CSharp.CSharpAutomaticBraceCompletion.AngleBracket_PossibleGenerics_InsertionAndCompletion (VS18) [SKIP]</Text>
      </RunInfo>
      <RunInfo computerName="CPC-mwiem-FX2AW" outcome="Warning" timestamp="2026-09-17T12:47:08.7313426-07:00">
        <Text>[xUnit.net 00:03:00.94]     Roslyn.VisualStudio.NewIntegrationTests.CSharp.CSharpAutomaticBraceCompletion.SquareBracket_Overtyping (VS18) [SKIP]</Text>
      </RunInfo>
      <RunInfo computerName="CPC-mwiem-FX2AW" outcome="Warning" timestamp="2026-09-17T12:47:39.7235960-07:00">
        <Text>[xUnit.net 00:03:31.93]     Roslyn.VisualStudio.NewIntegrationTests.CSharp.CSharpAddMissingUsingsOnPaste.VerifyIndentation (VS18) [SKIP]</Text>
      </RunInfo>
    </RunInfos>
  </ResultSummary>
</TestRun>