Collection: Test collection for Microsoft.CodeAnalysis.VisualBasic.CommandLine.UnitTests.CommandLineTests

Test: Microsoft.CodeAnalysis.VisualBasic.CommandLine.UnitTests.CommandLineTests.VbRuntime
Exception Type: Xunit.Sdk.EqualException
Message:
Assert.Equal() Failure
           (pos 0)
Expected: src.vb(5) : error BC30455: Argument not súúú
Actual:   vbc : error BC36970: Failed to emit modulúúú
           (pos 0)
   at Microsoft.CodeAnalysis.VisualBasic.CommandLine.UnitTests.CommandLineTests.AssertOutput(String expected, String output, String fileName) in C:\Users\Adam\Source\Repos\roslyn-AdamSpeight2008\src\Compilers\VisualBasic\Test\CommandLine\CommandLineTests.vb:line 3890
   at Microsoft.CodeAnalysis.VisualBasic.CommandLine.UnitTests.CommandLineTests.AssertOutput(XElement expected, String output, String fileName) in C:\Users\Adam\Source\Repos\roslyn-AdamSpeight2008\src\Compilers\VisualBasic\Test\CommandLine\CommandLineTests.vb:line 3883
   at Microsoft.CodeAnalysis.VisualBasic.CommandLine.UnitTests.CommandLineTests.VbRuntime() in C:\Users\Adam\Source\Repos\roslyn-AdamSpeight2008\src\Compilers\VisualBasic\Test\CommandLine\CommandLineTests.vb:line 3637

Collection: Test collection for Microsoft.CodeAnalysis.VisualBasic.UnitTests.XmlLiteralTests

Test: Microsoft.CodeAnalysis.VisualBasic.UnitTests.XmlLiteralTests.ValueExtensionProperty_2
Exception Type: Xunit.Sdk.TrueException
Message:

MISSING ERROR MESSAGES:
BC30455: Argument not specified for parameter 'o' of 'Public Property Value(o As Object) As String'.
                                                   ~~~~~
BC30455: Argument not specified for parameter 'o' of 'Public Property Value(o As Object) As String'.
        _d.value = Nothing
           ~~~~~
UNEXPECTED ERROR MESSAGES:

Expected: True
Actual:   False
   at Microsoft.CodeAnalysis.VisualBasic.UnitTests.CompilationUtils.AssertTheseDiagnostics(ImmutableArray`1 errors, String expectedText, Boolean suppressInfos) in C:\Users\Adam\Source\Repos\roslyn-AdamSpeight2008\src\Compilers\Test\Utilities\VisualBasic\CompilationTestUtils.vb:line 885
   at Microsoft.CodeAnalysis.VisualBasic.UnitTests.CompilationUtils.AssertTheseDiagnostics(ImmutableArray`1 errors, XElement errs, Boolean suppressInfos) in C:\Users\Adam\Source\Repos\roslyn-AdamSpeight2008\src\Compilers\Test\Utilities\VisualBasic\CompilationTestUtils.vb:line 841
   at Microsoft.CodeAnalysis.VisualBasic.UnitTests.CompilationUtils.AssertTheseDiagnostics(Compilation compilation, XElement errs, Boolean suppressInfos) in C:\Users\Adam\Source\Repos\roslyn-AdamSpeight2008\src\Compilers\Test\Utilities\VisualBasic\CompilationTestUtils.vb:line 819
   at Microsoft.CodeAnalysis.VisualBasic.UnitTests.XmlLiteralTests.ValueExtensionProperty_2() in C:\Users\Adam\Source\Repos\roslyn-AdamSpeight2008\src\Compilers\VisualBasic\Test\Emit\XmlLiteralTests.vb:line 3089

Test: Microsoft.CodeAnalysis.VisualBasic.UnitTests.XmlLiteralTests.ValueExtensionPropertyAndExtensionMethod
Exception Type: Xunit.Sdk.TrueException
Message:

MISSING ERROR MESSAGES:
BC36586: Argument not specified for parameter 'y' of extension method 'Public Function Value(y As Object) As Object' defined in 'M'.
        Dim o = x.Value()
                  ~~~~~
UNEXPECTED ERROR MESSAGES:

Expected: True
Actual:   False
   at Microsoft.CodeAnalysis.VisualBasic.UnitTests.CompilationUtils.AssertTheseDiagnostics(ImmutableArray`1 errors, String expectedText, Boolean suppressInfos) in C:\Users\Adam\Source\Repos\roslyn-AdamSpeight2008\src\Compilers\Test\Utilities\VisualBasic\CompilationTestUtils.vb:line 885
   at Microsoft.CodeAnalysis.VisualBasic.UnitTests.CompilationUtils.AssertTheseDiagnostics(ImmutableArray`1 errors, XElement errs, Boolean suppressInfos) in C:\Users\Adam\Source\Repos\roslyn-AdamSpeight2008\src\Compilers\Test\Utilities\VisualBasic\CompilationTestUtils.vb:line 841
   at Microsoft.CodeAnalysis.VisualBasic.UnitTests.CompilationUtils.AssertTheseDiagnostics(Compilation compilation, XElement errs, Boolean suppressInfos) in C:\Users\Adam\Source\Repos\roslyn-AdamSpeight2008\src\Compilers\Test\Utilities\VisualBasic\CompilationTestUtils.vb:line 819
   at Microsoft.CodeAnalysis.VisualBasic.UnitTests.XmlLiteralTests.ValueExtensionPropertyAndExtensionMethod() in C:\Users\Adam\Source\Repos\roslyn-AdamSpeight2008\src\Compilers\VisualBasic\Test\Emit\XmlLiteralTests.vb:line 3217

Collection: Test collection for Microsoft.CodeAnalysis.VisualBasic.UnitTests.Semantics.AttributeTests_WellKnownAttributes

Test: Microsoft.CodeAnalysis.VisualBasic.UnitTests.Semantics.AttributeTests_WellKnownAttributes.TestInvalidSecurityActionErrors
Exception Type: Xunit.Sdk.TrueException
Message:

Expected:
    Diagnostic(ERRID.ERR_OmittedArgument2, "FileIOPermission").WithArguments("action", "Public Overloads Sub New(action As System.Security.Permissions.SecurityAction)"),
    Diagnostic(ERRID.ERR_SecurityAttributeInvalidActionTypeOrMethod, "DirectCast(0, SecurityAction)").WithArguments("MySecurityAttribute", "DirectCast(0, SecurityAction)"),
    Diagnostic(ERRID.ERR_SecurityAttributeInvalidActionTypeOrMethod, "DirectCast(11, SecurityAction)").WithArguments("MySecurityAttribute", "DirectCast(11, SecurityAction)"),
    Diagnostic(ERRID.ERR_SecurityAttributeInvalidActionTypeOrMethod, "DirectCast(-1, SecurityAction)").WithArguments("MySecurityAttribute", "DirectCast(-1, SecurityAction)"),
    Diagnostic(ERRID.ERR_SecurityAttributeInvalidActionTypeOrMethod, "DirectCast(0, SecurityAction)").WithArguments("FileIOPermission", "DirectCast(0, SecurityAction)"),
    Diagnostic(ERRID.ERR_SecurityAttributeInvalidActionTypeOrMethod, "DirectCast(11, SecurityAction)").WithArguments("FileIOPermission", "DirectCast(11, SecurityAction)"),
    Diagnostic(ERRID.ERR_SecurityAttributeInvalidActionTypeOrMethod, "DirectCast(-1, SecurityAction)").WithArguments("FileIOPermission", "DirectCast(-1, SecurityAction)"),
    Diagnostic(ERRID.ERR_InvalidAttributeUsage2, "FileIOPermission").WithArguments("FileIOPermissionAttribute", "Field")
Actual:
    Diagnostic(ERRID.ERR_SecurityAttributeInvalidActionTypeOrMethod, "DirectCast(0, SecurityAction)").WithArguments("MySecurityAttribute", "DirectCast(0, SecurityAction)").WithLocation(13, 26),
    Diagnostic(ERRID.ERR_SecurityAttributeInvalidActionTypeOrMethod, "DirectCast(11, SecurityAction)").WithArguments("MySecurityAttribute", "DirectCast(11, SecurityAction)").WithLocation(14, 26),
    Diagnostic(ERRID.ERR_SecurityAttributeInvalidActionTypeOrMethod, "DirectCast(-1, SecurityAction)").WithArguments("MySecurityAttribute", "DirectCast(-1, SecurityAction)").WithLocation(15, 26),
    Diagnostic(ERRID.ERR_SecurityAttributeInvalidActionTypeOrMethod, "DirectCast(0, SecurityAction)").WithArguments("FileIOPermission", "DirectCast(0, SecurityAction)").WithLocation(16, 23),
    Diagnostic(ERRID.ERR_SecurityAttributeInvalidActionTypeOrMethod, "DirectCast(11, SecurityAction)").WithArguments("FileIOPermission", "DirectCast(11, SecurityAction)").WithLocation(17, 23),
    Diagnostic(ERRID.ERR_SecurityAttributeInvalidActionTypeOrMethod, "DirectCast(-1, SecurityAction)").WithArguments("FileIOPermission", "DirectCast(-1, SecurityAction)").WithLocation(18, 23),
    Diagnostic(ERRID.ERR_InvalidAttributeUsage2, "FileIOPermission").WithArguments("FileIOPermissionAttribute", "Field").WithLocation(21, 10)
Diff:
++>     Diagnostic(ERRID.ERR_SecurityAttributeInvalidActionTypeOrMethod, "DirectCast(0, SecurityAction)").WithArguments("MySecurityAttribute", "DirectCast(0, SecurityAction)").WithLocation(13, 26),
++>     Diagnostic(ERRID.ERR_SecurityAttributeInvalidActionTypeOrMethod, "DirectCast(11, SecurityAction)").WithArguments("MySecurityAttribute", "DirectCast(11, SecurityAction)").WithLocation(14, 26),
++>     Diagnostic(ERRID.ERR_SecurityAttributeInvalidActionTypeOrMethod, "DirectCast(-1, SecurityAction)").WithArguments("MySecurityAttribute", "DirectCast(-1, SecurityAction)").WithLocation(15, 26),
++>     Diagnostic(ERRID.ERR_SecurityAttributeInvalidActionTypeOrMethod, "DirectCast(0, SecurityAction)").WithArguments("FileIOPermission", "DirectCast(0, SecurityAction)").WithLocation(16, 23),
++>     Diagnostic(ERRID.ERR_SecurityAttributeInvalidActionTypeOrMethod, "DirectCast(11, SecurityAction)").WithArguments("FileIOPermission", "DirectCast(11, SecurityAction)").WithLocation(17, 23),
++>     Diagnostic(ERRID.ERR_SecurityAttributeInvalidActionTypeOrMethod, "DirectCast(-1, SecurityAction)").WithArguments("FileIOPermission", "DirectCast(-1, SecurityAction)").WithLocation(18, 23),
++>     Diagnostic(ERRID.ERR_InvalidAttributeUsage2, "FileIOPermission").WithArguments("FileIOPermissionAttribute", "Field").WithLocation(21, 10)
-->     Diagnostic(ERRID.ERR_OmittedArgument2, "FileIOPermission").WithArguments("action", "Public Overloads Sub New(action As System.Security.Permissions.SecurityAction)"),
-->     Diagnostic(ERRID.ERR_SecurityAttributeInvalidActionTypeOrMethod, "DirectCast(0, SecurityAction)").WithArguments("MySecurityAttribute", "DirectCast(0, SecurityAction)"),
-->     Diagnostic(ERRID.ERR_SecurityAttributeInvalidActionTypeOrMethod, "DirectCast(11, SecurityAction)").WithArguments("MySecurityAttribute", "DirectCast(11, SecurityAction)"),
-->     Diagnostic(ERRID.ERR_SecurityAttributeInvalidActionTypeOrMethod, "DirectCast(-1, SecurityAction)").WithArguments("MySecurityAttribute", "DirectCast(-1, SecurityAction)"),
-->     Diagnostic(ERRID.ERR_SecurityAttributeInvalidActionTypeOrMethod, "DirectCast(0, SecurityAction)").WithArguments("FileIOPermission", "DirectCast(0, SecurityAction)"),
-->     Diagnostic(ERRID.ERR_SecurityAttributeInvalidActionTypeOrMethod, "DirectCast(11, SecurityAction)").WithArguments("FileIOPermission", "DirectCast(11, SecurityAction)"),
-->     Diagnostic(ERRID.ERR_SecurityAttributeInvalidActionTypeOrMethod, "DirectCast(-1, SecurityAction)").WithArguments("FileIOPermission", "DirectCast(-1, SecurityAction)"),
-->     Diagnostic(ERRID.ERR_InvalidAttributeUsage2, "FileIOPermission").WithArguments("FileIOPermissionAttribute", "Field")
Expected: True
Actual:   False
   at Microsoft.CodeAnalysis.DiagnosticExtensions.Verify(IEnumerable`1 actual, DiagnosticDescription[] expected, Boolean errorCodeOnly) in C:\Users\Adam\Source\Repos\roslyn-AdamSpeight2008\src\Test\Utilities\Shared\Diagnostics\DiagnosticExtensions.cs:line 84
   at Microsoft.CodeAnalysis.DiagnosticExtensions.Verify(IEnumerable`1 actual, DiagnosticDescription[] expected) in C:\Users\Adam\Source\Repos\roslyn-AdamSpeight2008\src\Test\Utilities\Shared\Diagnostics\DiagnosticExtensions.cs:line 46
   at Microsoft.CodeAnalysis.DiagnosticExtensions.Verify(ImmutableArray`1 actual, DiagnosticDescription[] expected) in C:\Users\Adam\Source\Repos\roslyn-AdamSpeight2008\src\Test\Utilities\Shared\Diagnostics\DiagnosticExtensions.cs:line 61
   at Microsoft.CodeAnalysis.VisualBasic.DiagnosticsExtensions.VerifyDiagnostics(VisualBasicCompilation c, DiagnosticDescription[] expected) in C:\Users\Adam\Source\Repos\roslyn-AdamSpeight2008\src\Compilers\Test\Utilities\VisualBasic\DiagnosticExtensions.vb:line 16
   at Microsoft.CodeAnalysis.VisualBasic.UnitTests.Semantics.AttributeTests_WellKnownAttributes.TestInvalidSecurityActionErrors() in C:\Users\Adam\Source\Repos\roslyn-AdamSpeight2008\src\Compilers\VisualBasic\Test\Emit\Attributes\AttributeTests_WellKnownAttributes.vb:line 3101

Collection: Test collection for Microsoft.CodeAnalysis.VisualBasic.UnitTests.Emit.OptionalArgumentsTests

Test: Microsoft.CodeAnalysis.VisualBasic.UnitTests.Emit.OptionalArgumentsTests.TestDateTimeMissingOptionalFromMetadata
Exception Type: Xunit.Sdk.TrueException
Message:

Expected:
    Diagnostic(ERRID.ERR_OmittedArgument2, "DateTimeUsingConstantAttribute").WithArguments("i", "Public Sub DateTimeUsingConstantAttribute(i As Date)")
Actual:
Diff:
-->     Diagnostic(ERRID.ERR_OmittedArgument2, "DateTimeUsingConstantAttribute").WithArguments("i", "Public Sub DateTimeUsingConstantAttribute(i As Date)")
Expected: True
Actual:   False
   at Microsoft.CodeAnalysis.DiagnosticExtensions.Verify(IEnumerable`1 actual, DiagnosticDescription[] expected, Boolean errorCodeOnly) in C:\Users\Adam\Source\Repos\roslyn-AdamSpeight2008\src\Test\Utilities\Shared\Diagnostics\DiagnosticExtensions.cs:line 84
   at Microsoft.CodeAnalysis.DiagnosticExtensions.Verify(IEnumerable`1 actual, DiagnosticDescription[] expected) in C:\Users\Adam\Source\Repos\roslyn-AdamSpeight2008\src\Test\Utilities\Shared\Diagnostics\DiagnosticExtensions.cs:line 46
   at Microsoft.CodeAnalysis.DiagnosticExtensions.Verify(ImmutableArray`1 actual, DiagnosticDescription[] expected) in C:\Users\Adam\Source\Repos\roslyn-AdamSpeight2008\src\Test\Utilities\Shared\Diagnostics\DiagnosticExtensions.cs:line 61
   at Microsoft.CodeAnalysis.VisualBasic.DiagnosticsExtensions.VerifyDiagnostics(VisualBasicCompilation c, DiagnosticDescription[] expected) in C:\Users\Adam\Source\Repos\roslyn-AdamSpeight2008\src\Compilers\Test\Utilities\VisualBasic\DiagnosticExtensions.vb:line 16
   at Microsoft.CodeAnalysis.VisualBasic.UnitTests.Emit.OptionalArgumentsTests.TestDateTimeMissingOptionalFromMetadata() in C:\Users\Adam\Source\Repos\roslyn-AdamSpeight2008\src\Compilers\VisualBasic\Test\Emit\Emit\OptionalArgumentsTests.vb:line 485

Test: Microsoft.CodeAnalysis.VisualBasic.UnitTests.Emit.OptionalArgumentsTests.TestDuplicateConstantAttributesSameValues
Exception Type: Xunit.Sdk.TrueException
Message:

MISSING ERROR MESSAGES:
BC30455: Argument not specified for parameter 'o' of 'Public Shared Function F2(o As Integer) As Object'.
        Report(C.F2())
                 ~~
BC30455: Argument not specified for parameter 'o' of 'Public Shared Function F5(o As Decimal) As Object'.
        Report(C.F5())
                 ~~
BC30455: Argument not specified for parameter 'o' of 'Public Shared Function F8(o As Date) As Object'.
        Report(C.F8().Ticks)
                 ~~
UNEXPECTED ERROR MESSAGES:

Expected: True
Actual:   False
   at Microsoft.CodeAnalysis.VisualBasic.UnitTests.CompilationUtils.AssertTheseDiagnostics(ImmutableArray`1 errors, String expectedText, Boolean suppressInfos) in C:\Users\Adam\Source\Repos\roslyn-AdamSpeight2008\src\Compilers\Test\Utilities\VisualBasic\CompilationTestUtils.vb:line 885
   at Microsoft.CodeAnalysis.VisualBasic.UnitTests.CompilationUtils.AssertTheseDiagnostics(ImmutableArray`1 errors, XElement errs, Boolean suppressInfos) in C:\Users\Adam\Source\Repos\roslyn-AdamSpeight2008\src\Compilers\Test\Utilities\VisualBasic\CompilationTestUtils.vb:line 841
   at Microsoft.CodeAnalysis.VisualBasic.UnitTests.CompilationUtils.AssertTheseDiagnostics(Compilation compilation, XElement errs, Boolean suppressInfos) in C:\Users\Adam\Source\Repos\roslyn-AdamSpeight2008\src\Compilers\Test\Utilities\VisualBasic\CompilationTestUtils.vb:line 819
   at Microsoft.CodeAnalysis.VisualBasic.UnitTests.Emit.OptionalArgumentsTests.TestDuplicateConstantAttributesSameValues() in C:\Users\Adam\Source\Repos\roslyn-AdamSpeight2008\src\Compilers\VisualBasic\Test\Emit\Emit\OptionalArgumentsTests.vb:line 926

Collection: Test collection for Microsoft.CodeAnalysis.VisualBasic.UnitTests.Semantics.AttributeTests

Test: Microsoft.CodeAnalysis.VisualBasic.UnitTests.Semantics.AttributeTests.AttributeNamedArgumentWithEvent
Exception Type: Xunit.Sdk.TrueException
Message:

MISSING ERROR MESSAGES:
BC30455: Argument not specified for parameter 't' of 'Public Sub New(t As Integer, [x As Integer = 1], [y As String = Nothing])'.
     ~~~~~~~~~~~
UNEXPECTED ERROR MESSAGES:

Expected: True
Actual:   False
   at Microsoft.CodeAnalysis.VisualBasic.UnitTests.CompilationUtils.AssertTheseDiagnostics(ImmutableArray`1 errors, String expectedText, Boolean suppressInfos) in C:\Users\Adam\Source\Repos\roslyn-AdamSpeight2008\src\Compilers\Test\Utilities\VisualBasic\CompilationTestUtils.vb:line 885
   at Microsoft.CodeAnalysis.VisualBasic.UnitTests.CompilationUtils.AssertTheseDiagnostics(ImmutableArray`1 errors, XElement errs, Boolean suppressInfos) in C:\Users\Adam\Source\Repos\roslyn-AdamSpeight2008\src\Compilers\Test\Utilities\VisualBasic\CompilationTestUtils.vb:line 841
   at Microsoft.CodeAnalysis.VisualBasic.UnitTests.CompilationUtils.AssertTheseDiagnostics(Compilation compilation, XElement errs, Boolean suppressInfos) in C:\Users\Adam\Source\Repos\roslyn-AdamSpeight2008\src\Compilers\Test\Utilities\VisualBasic\CompilationTestUtils.vb:line 819
   at Microsoft.CodeAnalysis.VisualBasic.UnitTests.Semantics.AttributeTests.AttributeNamedArgumentWithEvent() in C:\Users\Adam\Source\Repos\roslyn-AdamSpeight2008\src\Compilers\VisualBasic\Test\Emit\Attributes\AttributeTests.vb:line 3273

Collection: Test collection for Microsoft.CodeAnalysis.VisualBasic.UnitTests.NoPiaEmbedTypes

Test: Microsoft.CodeAnalysis.VisualBasic.UnitTests.NoPiaEmbedTypes.DefaultValueWithoutOptional_02b
Exception Type: System.NullReferenceException
Message:
System.NullReferenceException : Object reference not set to an instance of an object.
   at Microsoft.CodeAnalysis.VisualBasic.Symbols.ParameterSymbol.get_ExplicitDefaultValue() in C:\Users\Adam\Source\Repos\roslyn-AdamSpeight2008\src\Compilers\VisualBasic\Portable\Symbols\ParameterSymbol.vb:line 149
   at Microsoft.CodeAnalysis.VisualBasic.UnitTests.NoPiaEmbedTypes._Closure$__._Lambda$__69-0(ModuleSymbol module) in C:\Users\Adam\Source\Repos\roslyn-AdamSpeight2008\src\Compilers\VisualBasic\Test\Emit\Emit\NoPiaEmbedTypes.vb:line 4552
   at Microsoft.CodeAnalysis.VisualBasic.UnitTests.BasicTestBase._Closure$__2-0._Lambda$__0(IModuleSymbol m) in C:\Users\Adam\Source\Repos\roslyn-AdamSpeight2008\src\Compilers\Test\Utilities\VisualBasic\BasicTestBase.vb:line 26
   at Microsoft.CodeAnalysis.Test.Utilities.CommonTestBase.RunValidators(CompilationVerifier verifier, Action`1 assemblyValidator, Action`1 symbolValidator) in C:\Users\Adam\Source\Repos\roslyn-AdamSpeight2008\src\Test\Utilities\Desktop\CommonTestBase.cs:line 186
   at Microsoft.CodeAnalysis.Test.Utilities.CommonTestBase.Emit(Compilation compilation, IEnumerable`1 dependencies, IEnumerable`1 manifestResources, SignatureDescription[] expectedSignatures, String expectedOutput, Action`1 assemblyValidator, Action`1 symbolValidator, Boolean verify) in C:\Users\Adam\Source\Repos\roslyn-AdamSpeight2008\src\Test\Utilities\Desktop\CommonTestBase.cs:line 208
   at Microsoft.CodeAnalysis.Test.Utilities.CommonTestBase.CompileAndVerify(Compilation compilation, IEnumerable`1 manifestResources, IEnumerable`1 dependencies, Action`1 sourceSymbolValidator, Action`1 assemblyValidator, Action`1 symbolValidator, SignatureDescription[] expectedSignatures, String expectedOutput, Boolean verify) in C:\Users\Adam\Source\Repos\roslyn-AdamSpeight2008\src\Test\Utilities\Desktop\CommonTestBase.cs:line 129
   at Microsoft.CodeAnalysis.VisualBasic.UnitTests.BasicTestBase.CompileAndVerify(XElement source, IEnumerable`1 allReferences, String expectedOutput, IEnumerable`1 dependencies, Action`1 sourceSymbolValidator, Action`1 validator, Action`1 symbolValidator, SignatureDescription[] expectedSignatures, VisualBasicCompilationOptions options, VisualBasicParseOptions parseOptions, Boolean verify) in C:\Users\Adam\Source\Repos\roslyn-AdamSpeight2008\src\Compilers\Test\Utilities\VisualBasic\BasicTestBase.vb:line 164
   at Microsoft.CodeAnalysis.VisualBasic.UnitTests.BasicTestBase.CompileAndVerify(XElement source, String expectedOutput, MetadataReference[] additionalRefs, IEnumerable`1 dependencies, Action`1 sourceSymbolValidator, Action`1 validator, Action`1 symbolValidator, SignatureDescription[] expectedSignatures, VisualBasicCompilationOptions options, VisualBasicParseOptions parseOptions, Boolean verify, Boolean useLatestFramework) in C:\Users\Adam\Source\Repos\roslyn-AdamSpeight2008\src\Compilers\Test\Utilities\VisualBasic\BasicTestBase.vb:line 129
   at Microsoft.CodeAnalysis.VisualBasic.UnitTests.NoPiaEmbedTypes.DefaultValueWithoutOptional_02b() in C:\Users\Adam\Source\Repos\roslyn-AdamSpeight2008\src\Compilers\VisualBasic\Test\Emit\Emit\NoPiaEmbedTypes.vb:line 4541

Test: Microsoft.CodeAnalysis.VisualBasic.UnitTests.NoPiaEmbedTypes.DateTimeConstantAttribute_a
Exception Type: Xunit.Sdk.TrueException
Message:

MISSING ERROR MESSAGES:
BC30455: Argument not specified for parameter 'x' of 'Sub M(x As Date)'.
        x.M()
          ~
UNEXPECTED ERROR MESSAGES:

Expected: True
Actual:   False
   at Microsoft.CodeAnalysis.VisualBasic.UnitTests.CompilationUtils.AssertTheseDiagnostics(ImmutableArray`1 errors, String expectedText, Boolean suppressInfos) in C:\Users\Adam\Source\Repos\roslyn-AdamSpeight2008\src\Compilers\Test\Utilities\VisualBasic\CompilationTestUtils.vb:line 885
   at Microsoft.CodeAnalysis.VisualBasic.UnitTests.CompilationUtils.AssertTheseDiagnostics(ImmutableArray`1 errors, XElement errs, Boolean suppressInfos) in C:\Users\Adam\Source\Repos\roslyn-AdamSpeight2008\src\Compilers\Test\Utilities\VisualBasic\CompilationTestUtils.vb:line 841
   at Microsoft.CodeAnalysis.VisualBasic.UnitTests.CompilationUtils.AssertTheseDiagnostics(Compilation compilation, XElement errs, Boolean suppressInfos) in C:\Users\Adam\Source\Repos\roslyn-AdamSpeight2008\src\Compilers\Test\Utilities\VisualBasic\CompilationTestUtils.vb:line 819
   at Microsoft.CodeAnalysis.VisualBasic.UnitTests.NoPiaEmbedTypes.DateTimeConstantAttribute_a() in C:\Users\Adam\Source\Repos\roslyn-AdamSpeight2008\src\Compilers\VisualBasic\Test\Emit\Emit\NoPiaEmbedTypes.vb:line 2749

Test: Microsoft.CodeAnalysis.VisualBasic.UnitTests.NoPiaEmbedTypes.DecimalConstantAttribute_a
Exception Type: Xunit.Sdk.TrueException
Message:

MISSING ERROR MESSAGES:
BC30455: Argument not specified for parameter 'x' of 'Sub M1(x As Decimal)'.
        x.M1()
          ~~
BC30455: Argument not specified for parameter 'x' of 'Sub M2(x As Decimal)'.
        x.M2()
          ~~
UNEXPECTED ERROR MESSAGES:

Expected: True
Actual:   False
   at Microsoft.CodeAnalysis.VisualBasic.UnitTests.CompilationUtils.AssertTheseDiagnostics(ImmutableArray`1 errors, String expectedText, Boolean suppressInfos) in C:\Users\Adam\Source\Repos\roslyn-AdamSpeight2008\src\Compilers\Test\Utilities\VisualBasic\CompilationTestUtils.vb:line 885
   at Microsoft.CodeAnalysis.VisualBasic.UnitTests.CompilationUtils.AssertTheseDiagnostics(ImmutableArray`1 errors, XElement errs, Boolean suppressInfos) in C:\Users\Adam\Source\Repos\roslyn-AdamSpeight2008\src\Compilers\Test\Utilities\VisualBasic\CompilationTestUtils.vb:line 841
   at Microsoft.CodeAnalysis.VisualBasic.UnitTests.CompilationUtils.AssertTheseDiagnostics(Compilation compilation, XElement errs, Boolean suppressInfos) in C:\Users\Adam\Source\Repos\roslyn-AdamSpeight2008\src\Compilers\Test\Utilities\VisualBasic\CompilationTestUtils.vb:line 819
   at Microsoft.CodeAnalysis.VisualBasic.UnitTests.NoPiaEmbedTypes.DecimalConstantAttribute_a() in C:\Users\Adam\Source\Repos\roslyn-AdamSpeight2008\src\Compilers\VisualBasic\Test\Emit\Emit\NoPiaEmbedTypes.vb:line 2851

Test: Microsoft.CodeAnalysis.VisualBasic.UnitTests.NoPiaEmbedTypes.DefaultValueWithoutOptional_01a
Exception Type: Xunit.Sdk.ThrowsException
Message:
Assert.Throws() Failure
Expected: typeof(System.InvalidOperationException)
Actual:   typeof(System.NullReferenceException): Object reference not set to an instance of an object.
   at Microsoft.CodeAnalysis.VisualBasic.Symbols.ParameterSymbol.get_ExplicitDefaultValue() in C:\Users\Adam\Source\Repos\roslyn-AdamSpeight2008\src\Compilers\VisualBasic\Portable\Symbols\ParameterSymbol.vb:line 149
   at Microsoft.CodeAnalysis.VisualBasic.UnitTests.NoPiaEmbedTypes._Closure$__63-0._Lambda$__1() in C:\Users\Adam\Source\Repos\roslyn-AdamSpeight2008\src\Compilers\VisualBasic\Test\Emit\Emit\NoPiaEmbedTypes.vb:line 4334

Test: Microsoft.CodeAnalysis.VisualBasic.UnitTests.NoPiaEmbedTypes.DefaultValueWithoutOptional_01b
Exception Type: System.NullReferenceException
Message:
System.NullReferenceException : Object reference not set to an instance of an object.
   at Microsoft.CodeAnalysis.VisualBasic.Symbols.ParameterSymbol.get_ExplicitDefaultValue() in C:\Users\Adam\Source\Repos\roslyn-AdamSpeight2008\src\Compilers\VisualBasic\Portable\Symbols\ParameterSymbol.vb:line 149
   at Microsoft.CodeAnalysis.VisualBasic.UnitTests.NoPiaEmbedTypes._Closure$__._Lambda$__64-0(ModuleSymbol module) in C:\Users\Adam\Source\Repos\roslyn-AdamSpeight2008\src\Compilers\VisualBasic\Test\Emit\Emit\NoPiaEmbedTypes.vb:line 4404
   at Microsoft.CodeAnalysis.VisualBasic.UnitTests.BasicTestBase._Closure$__2-0._Lambda$__0(IModuleSymbol m) in C:\Users\Adam\Source\Repos\roslyn-AdamSpeight2008\src\Compilers\Test\Utilities\VisualBasic\BasicTestBase.vb:line 26
   at Microsoft.CodeAnalysis.Test.Utilities.CommonTestBase.RunValidators(CompilationVerifier verifier, Action`1 assemblyValidator, Action`1 symbolValidator) in C:\Users\Adam\Source\Repos\roslyn-AdamSpeight2008\src\Test\Utilities\Desktop\CommonTestBase.cs:line 186
   at Microsoft.CodeAnalysis.Test.Utilities.CommonTestBase.Emit(Compilation compilation, IEnumerable`1 dependencies, IEnumerable`1 manifestResources, SignatureDescription[] expectedSignatures, String expectedOutput, Action`1 assemblyValidator, Action`1 symbolValidator, Boolean verify) in C:\Users\Adam\Source\Repos\roslyn-AdamSpeight2008\src\Test\Utilities\Desktop\CommonTestBase.cs:line 208
   at Microsoft.CodeAnalysis.Test.Utilities.CommonTestBase.CompileAndVerify(Compilation compilation, IEnumerable`1 manifestResources, IEnumerable`1 dependencies, Action`1 sourceSymbolValidator, Action`1 assemblyValidator, Action`1 symbolValidator, SignatureDescription[] expectedSignatures, String expectedOutput, Boolean verify) in C:\Users\Adam\Source\Repos\roslyn-AdamSpeight2008\src\Test\Utilities\Desktop\CommonTestBase.cs:line 129
   at Microsoft.CodeAnalysis.VisualBasic.UnitTests.BasicTestBase.CompileAndVerify(XElement source, IEnumerable`1 allReferences, String expectedOutput, IEnumerable`1 dependencies, Action`1 sourceSymbolValidator, Action`1 validator, Action`1 symbolValidator, SignatureDescription[] expectedSignatures, VisualBasicCompilationOptions options, VisualBasicParseOptions parseOptions, Boolean verify) in C:\Users\Adam\Source\Repos\roslyn-AdamSpeight2008\src\Compilers\Test\Utilities\VisualBasic\BasicTestBase.vb:line 164
   at Microsoft.CodeAnalysis.VisualBasic.UnitTests.BasicTestBase.CompileAndVerify(XElement source, String expectedOutput, MetadataReference[] additionalRefs, IEnumerable`1 dependencies, Action`1 sourceSymbolValidator, Action`1 validator, Action`1 symbolValidator, SignatureDescription[] expectedSignatures, VisualBasicCompilationOptions options, VisualBasicParseOptions parseOptions, Boolean verify, Boolean useLatestFramework) in C:\Users\Adam\Source\Repos\roslyn-AdamSpeight2008\src\Compilers\Test\Utilities\VisualBasic\BasicTestBase.vb:line 129
   at Microsoft.CodeAnalysis.VisualBasic.UnitTests.NoPiaEmbedTypes.DefaultValueWithoutOptional_01b() in C:\Users\Adam\Source\Repos\roslyn-AdamSpeight2008\src\Compilers\VisualBasic\Test\Emit\Emit\NoPiaEmbedTypes.vb:line 4394

Test: Microsoft.CodeAnalysis.VisualBasic.UnitTests.NoPiaEmbedTypes.DefaultParameterValueAttribute_a
Exception Type: Xunit.Sdk.TrueException
Message:

MISSING ERROR MESSAGES:
BC30455: Argument not specified for parameter 'x' of 'Sub M(x As Decimal)'.
        x.M()
          ~
UNEXPECTED ERROR MESSAGES:

Expected: True
Actual:   False
   at Microsoft.CodeAnalysis.VisualBasic.UnitTests.CompilationUtils.AssertTheseDiagnostics(ImmutableArray`1 errors, String expectedText, Boolean suppressInfos) in C:\Users\Adam\Source\Repos\roslyn-AdamSpeight2008\src\Compilers\Test\Utilities\VisualBasic\CompilationTestUtils.vb:line 885
   at Microsoft.CodeAnalysis.VisualBasic.UnitTests.CompilationUtils.AssertTheseDiagnostics(ImmutableArray`1 errors, XElement errs, Boolean suppressInfos) in C:\Users\Adam\Source\Repos\roslyn-AdamSpeight2008\src\Compilers\Test\Utilities\VisualBasic\CompilationTestUtils.vb:line 841
   at Microsoft.CodeAnalysis.VisualBasic.UnitTests.CompilationUtils.AssertTheseDiagnostics(Compilation compilation, XElement errs, Boolean suppressInfos) in C:\Users\Adam\Source\Repos\roslyn-AdamSpeight2008\src\Compilers\Test\Utilities\VisualBasic\CompilationTestUtils.vb:line 819
   at Microsoft.CodeAnalysis.VisualBasic.UnitTests.NoPiaEmbedTypes.DefaultParameterValueAttribute_a() in C:\Users\Adam\Source\Repos\roslyn-AdamSpeight2008\src\Compilers\VisualBasic\Test\Emit\Emit\NoPiaEmbedTypes.vb:line 2958

Test: Microsoft.CodeAnalysis.VisualBasic.UnitTests.NoPiaEmbedTypes.DefaultParameterValueAttribute_b
Exception Type: Xunit.Sdk.TrueException
Message:

MISSING ERROR MESSAGES:
BC30455: Argument not specified for parameter 'x' of 'Sub M(x As Decimal)'.
        x.M()
          ~
UNEXPECTED ERROR MESSAGES:

Expected: True
Actual:   False
   at Microsoft.CodeAnalysis.VisualBasic.UnitTests.CompilationUtils.AssertTheseDiagnostics(ImmutableArray`1 errors, String expectedText, Boolean suppressInfos) in C:\Users\Adam\Source\Repos\roslyn-AdamSpeight2008\src\Compilers\Test\Utilities\VisualBasic\CompilationTestUtils.vb:line 885
   at Microsoft.CodeAnalysis.VisualBasic.UnitTests.CompilationUtils.AssertTheseDiagnostics(ImmutableArray`1 errors, XElement errs, Boolean suppressInfos) in C:\Users\Adam\Source\Repos\roslyn-AdamSpeight2008\src\Compilers\Test\Utilities\VisualBasic\CompilationTestUtils.vb:line 841
   at Microsoft.CodeAnalysis.VisualBasic.UnitTests.CompilationUtils.AssertTheseDiagnostics(Compilation compilation, XElement errs, Boolean suppressInfos) in C:\Users\Adam\Source\Repos\roslyn-AdamSpeight2008\src\Compilers\Test\Utilities\VisualBasic\CompilationTestUtils.vb:line 819
   at Microsoft.CodeAnalysis.VisualBasic.UnitTests.NoPiaEmbedTypes.DefaultParameterValueAttribute_b() in C:\Users\Adam\Source\Repos\roslyn-AdamSpeight2008\src\Compilers\VisualBasic\Test\Emit\Emit\NoPiaEmbedTypes.vb:line 3012

Test: Microsoft.CodeAnalysis.VisualBasic.UnitTests.NoPiaEmbedTypes.DefaultValueWithoutOptional_02a
Exception Type: Xunit.Sdk.ThrowsException
Message:
Assert.Throws() Failure
Expected: typeof(System.InvalidOperationException)
Actual:   typeof(System.NullReferenceException): Object reference not set to an instance of an object.
   at Microsoft.CodeAnalysis.VisualBasic.Symbols.ParameterSymbol.get_ExplicitDefaultValue() in C:\Users\Adam\Source\Repos\roslyn-AdamSpeight2008\src\Compilers\VisualBasic\Portable\Symbols\ParameterSymbol.vb:line 149
   at Microsoft.CodeAnalysis.VisualBasic.UnitTests.NoPiaEmbedTypes._Closure$__65-0._Lambda$__1() in C:\Users\Adam\Source\Repos\roslyn-AdamSpeight2008\src\Compilers\VisualBasic\Test\Emit\Emit\NoPiaEmbedTypes.vb:line 4475

Collection: Test collection for Microsoft.CodeAnalysis.VisualBasic.UnitTests.Semantics.NewOnInterfaceTests

Test: Microsoft.CodeAnalysis.VisualBasic.UnitTests.Semantics.NewOnInterfaceTests.NewOnCoClassInterface_NoDefaultConstructorError
Exception Type: Xunit.Sdk.TrueException
Message:

MISSING ERROR MESSAGES:
BC30455: Argument not specified for parameter 'i' of 'Public Sub New(i As Integer)'.
        Dim i = New IInterface()
                    ~~~~~~~~~~
UNEXPECTED ERROR MESSAGES:

Expected: True
Actual:   False
   at Microsoft.CodeAnalysis.VisualBasic.UnitTests.CompilationUtils.AssertTheseDiagnostics(ImmutableArray`1 errors, String expectedText, Boolean suppressInfos) in C:\Users\Adam\Source\Repos\roslyn-AdamSpeight2008\src\Compilers\Test\Utilities\VisualBasic\CompilationTestUtils.vb:line 885
   at Microsoft.CodeAnalysis.VisualBasic.UnitTests.CompilationUtils.AssertTheseDiagnostics(ImmutableArray`1 errors, XElement errs, Boolean suppressInfos) in C:\Users\Adam\Source\Repos\roslyn-AdamSpeight2008\src\Compilers\Test\Utilities\VisualBasic\CompilationTestUtils.vb:line 841
   at Microsoft.CodeAnalysis.VisualBasic.UnitTests.CompilationUtils.AssertTheseDiagnostics(Compilation compilation, XElement errs, Boolean suppressInfos) in C:\Users\Adam\Source\Repos\roslyn-AdamSpeight2008\src\Compilers\Test\Utilities\VisualBasic\CompilationTestUtils.vb:line 819
   at Microsoft.CodeAnalysis.VisualBasic.UnitTests.Semantics.NewOnInterfaceTests.NewOnCoClassInterface_NoDefaultConstructorError() in C:\Users\Adam\Source\Repos\roslyn-AdamSpeight2008\src\Compilers\VisualBasic\Test\Semantic\Semantics\NewOnInterfaceTests.vb:line 158

Collection: Test collection for Microsoft.CodeAnalysis.VisualBasic.UnitTests.Semantics.OptionalArgumentTests

Test: Microsoft.CodeAnalysis.VisualBasic.UnitTests.Semantics.OptionalArgumentTests.IsOptionalVsHasDefaultValue_UserDefinedStruct
Exception Type: Xunit.Sdk.ThrowsException
Message:
Assert.Throws() Failure
Expected: typeof(System.InvalidOperationException)
Actual:   typeof(System.ArgumentNullException): VisualBasicParseOptions is required.
Parameter name: opts
   at Microsoft.CodeAnalysis.VisualBasic.Syntax.InternalSyntax.Parser.CheckFeatureAvailability(Feature feature, VisualBasicParseOptions opts) in C:\Users\Adam\Source\Repos\roslyn-AdamSpeight2008\src\Compilers\VisualBasic\Portable\Parser\Parser.vb:line 6102
   at Microsoft.CodeAnalysis.VisualBasic.Symbols.ParameterSymbol.get_ExplicitDefaultValue() in C:\Users\Adam\Source\Repos\roslyn-AdamSpeight2008\src\Compilers\VisualBasic\Portable\Symbols\ParameterSymbol.vb:line 149
   at Microsoft.CodeAnalysis.VisualBasic.UnitTests.Semantics.OptionalArgumentTests._Closure$__42-0._Lambda$__4() in C:\Users\Adam\Source\Repos\roslyn-AdamSpeight2008\src\Compilers\VisualBasic\Test\Semantic\Semantics\OptionalArgumentTests.vb:line 2276

Test: Microsoft.CodeAnalysis.VisualBasic.UnitTests.Semantics.OptionalArgumentTests.IsOptionalVsHasDefaultValue_String
Exception Type: Xunit.Sdk.ThrowsException
Message:
Assert.Throws() Failure
Expected: typeof(System.InvalidOperationException)
Actual:   typeof(System.ArgumentNullException): VisualBasicParseOptions is required.
Parameter name: opts
   at Microsoft.CodeAnalysis.VisualBasic.Syntax.InternalSyntax.Parser.CheckFeatureAvailability(Feature feature, VisualBasicParseOptions opts) in C:\Users\Adam\Source\Repos\roslyn-AdamSpeight2008\src\Compilers\VisualBasic\Portable\Parser\Parser.vb:line 6102
   at Microsoft.CodeAnalysis.VisualBasic.Symbols.ParameterSymbol.get_ExplicitDefaultValue() in C:\Users\Adam\Source\Repos\roslyn-AdamSpeight2008\src\Compilers\VisualBasic\Portable\Symbols\ParameterSymbol.vb:line 149
   at Microsoft.CodeAnalysis.VisualBasic.UnitTests.Semantics.OptionalArgumentTests._Closure$__43-0._Lambda$__4() in C:\Users\Adam\Source\Repos\roslyn-AdamSpeight2008\src\Compilers\VisualBasic\Test\Semantic\Semantics\OptionalArgumentTests.vb:line 2363

Test: Microsoft.CodeAnalysis.VisualBasic.UnitTests.Semantics.OptionalArgumentTests.Bug578129
Exception Type: Xunit.Sdk.TrueException
Message:

MISSING ERROR MESSAGES:
BC30213: Comma or ')' expected.
UNEXPECTED ERROR MESSAGES:
BC30812: Optional parameters must specify a default value.
BC30451: 'A' is not declared. It may be inaccessible due to its protection level.

Expected: True
Actual:   False
   at Microsoft.CodeAnalysis.VisualBasic.UnitTests.CompilationUtils.AssertTheseDiagnostics(ImmutableArray`1 errors, String expectedText, Boolean suppressInfos) in C:\Users\Adam\Source\Repos\roslyn-AdamSpeight2008\src\Compilers\Test\Utilities\VisualBasic\CompilationTestUtils.vb:line 885
   at Microsoft.CodeAnalysis.VisualBasic.UnitTests.CompilationUtils.AssertTheseDiagnostics(ImmutableArray`1 errors, XElement errs, Boolean suppressInfos) in C:\Users\Adam\Source\Repos\roslyn-AdamSpeight2008\src\Compilers\Test\Utilities\VisualBasic\CompilationTestUtils.vb:line 841
   at Microsoft.CodeAnalysis.VisualBasic.UnitTests.CompilationUtils.AssertTheseDiagnostics(Compilation compilation, XElement errs, Boolean suppressInfos) in C:\Users\Adam\Source\Repos\roslyn-AdamSpeight2008\src\Compilers\Test\Utilities\VisualBasic\CompilationTestUtils.vb:line 819
   at Microsoft.CodeAnalysis.VisualBasic.UnitTests.Semantics.OptionalArgumentTests.Bug578129() in C:\Users\Adam\Source\Repos\roslyn-AdamSpeight2008\src\Compilers\VisualBasic\Test\Semantic\Semantics\OptionalArgumentTests.vb:line 1070

Test: Microsoft.CodeAnalysis.VisualBasic.UnitTests.Semantics.OptionalArgumentTests.TestEventWithOptionalInteger
Exception Type: Xunit.Sdk.TrueException
Message:

Expected:
    Diagnostic(ERRID.ERR_OptionalIllegal1, "Optional").WithArguments("Event"),
    Diagnostic(ERRID.ERR_OmittedArgument2, "RaiseEvent E()").WithArguments("I", "Public Event E(I As Integer)")
Actual:
    Diagnostic(ERRID.ERR_OptionalIllegal1, "Optional").WithArguments("Event").WithLocation(2, 13)
Diff:
++>     Diagnostic(ERRID.ERR_OptionalIllegal1, "Optional").WithArguments("Event").WithLocation(2, 13)
-->     Diagnostic(ERRID.ERR_OptionalIllegal1, "Optional").WithArguments("Event"),
-->     Diagnostic(ERRID.ERR_OmittedArgument2, "RaiseEvent E()").WithArguments("I", "Public Event E(I As Integer)")
Expected: True
Actual:   False
   at Microsoft.CodeAnalysis.DiagnosticExtensions.Verify(IEnumerable`1 actual, DiagnosticDescription[] expected, Boolean errorCodeOnly) in C:\Users\Adam\Source\Repos\roslyn-AdamSpeight2008\src\Test\Utilities\Shared\Diagnostics\DiagnosticExtensions.cs:line 84
   at Microsoft.CodeAnalysis.DiagnosticExtensions.Verify(IEnumerable`1 actual, DiagnosticDescription[] expected) in C:\Users\Adam\Source\Repos\roslyn-AdamSpeight2008\src\Test\Utilities\Shared\Diagnostics\DiagnosticExtensions.cs:line 46
   at Microsoft.CodeAnalysis.DiagnosticExtensions.Verify(ImmutableArray`1 actual, DiagnosticDescription[] expected) in C:\Users\Adam\Source\Repos\roslyn-AdamSpeight2008\src\Test\Utilities\Shared\Diagnostics\DiagnosticExtensions.cs:line 61
   at Microsoft.CodeAnalysis.VisualBasic.DiagnosticsExtensions.VerifyDiagnostics(VisualBasicCompilation c, DiagnosticDescription[] expected) in C:\Users\Adam\Source\Repos\roslyn-AdamSpeight2008\src\Compilers\Test\Utilities\VisualBasic\DiagnosticExtensions.vb:line 16
   at Microsoft.CodeAnalysis.VisualBasic.UnitTests.Semantics.OptionalArgumentTests.TestEventWithOptionalInteger() in C:\Users\Adam\Source\Repos\roslyn-AdamSpeight2008\src\Compilers\VisualBasic\Test\Semantic\Semantics\OptionalArgumentTests.vb:line 268

Test: Microsoft.CodeAnalysis.VisualBasic.UnitTests.Semantics.OptionalArgumentTests.IsOptionalVsHasDefaultValue_DateTime
Exception Type: Xunit.Sdk.ThrowsException
Message:
Assert.Throws() Failure
Expected: typeof(System.InvalidOperationException)
Actual:   typeof(System.ArgumentNullException): VisualBasicParseOptions is required.
Parameter name: opts
   at Microsoft.CodeAnalysis.VisualBasic.Syntax.InternalSyntax.Parser.CheckFeatureAvailability(Feature feature, VisualBasicParseOptions opts) in C:\Users\Adam\Source\Repos\roslyn-AdamSpeight2008\src\Compilers\VisualBasic\Portable\Parser\Parser.vb:line 6102
   at Microsoft.CodeAnalysis.VisualBasic.Symbols.ParameterSymbol.get_ExplicitDefaultValue() in C:\Users\Adam\Source\Repos\roslyn-AdamSpeight2008\src\Compilers\VisualBasic\Portable\Symbols\ParameterSymbol.vb:line 149
   at Microsoft.CodeAnalysis.VisualBasic.UnitTests.Semantics.OptionalArgumentTests._Closure$__45-0._Lambda$__4() in C:\Users\Adam\Source\Repos\roslyn-AdamSpeight2008\src\Compilers\VisualBasic\Test\Semantic\Semantics\OptionalArgumentTests.vb:line 2648

Test: Microsoft.CodeAnalysis.VisualBasic.UnitTests.Semantics.OptionalArgumentTests.OptionalWithNoDefaultValue
Exception Type: Xunit.Sdk.TrueException
Message:

Expected:
    Diagnostic(ERRID.ERR_OmittedArgument2, "Foo1").WithArguments("x", "Public Shared Sub Foo1(x As Object)"),
    Diagnostic(ERRID.ERR_OmittedArgument2, "Foo2").WithArguments("x", "Public Shared Sub Foo2(x As String)"),
    Diagnostic(ERRID.ERR_OmittedArgument2, "Foo3").WithArguments("x", "Public Shared Sub Foo3(x As Integer)")
Actual:
Diff:
-->     Diagnostic(ERRID.ERR_OmittedArgument2, "Foo1").WithArguments("x", "Public Shared Sub Foo1(x As Object)"),
-->     Diagnostic(ERRID.ERR_OmittedArgument2, "Foo2").WithArguments("x", "Public Shared Sub Foo2(x As String)"),
-->     Diagnostic(ERRID.ERR_OmittedArgument2, "Foo3").WithArguments("x", "Public Shared Sub Foo3(x As Integer)")
Expected: True
Actual:   False
   at Microsoft.CodeAnalysis.DiagnosticExtensions.Verify(IEnumerable`1 actual, DiagnosticDescription[] expected, Boolean errorCodeOnly) in C:\Users\Adam\Source\Repos\roslyn-AdamSpeight2008\src\Test\Utilities\Shared\Diagnostics\DiagnosticExtensions.cs:line 84
   at Microsoft.CodeAnalysis.DiagnosticExtensions.Verify(IEnumerable`1 actual, DiagnosticDescription[] expected) in C:\Users\Adam\Source\Repos\roslyn-AdamSpeight2008\src\Test\Utilities\Shared\Diagnostics\DiagnosticExtensions.cs:line 46
   at Microsoft.CodeAnalysis.DiagnosticExtensions.Verify(ImmutableArray`1 actual, DiagnosticDescription[] expected) in C:\Users\Adam\Source\Repos\roslyn-AdamSpeight2008\src\Test\Utilities\Shared\Diagnostics\DiagnosticExtensions.cs:line 61
   at Microsoft.CodeAnalysis.VisualBasic.DiagnosticsExtensions.VerifyDiagnostics(VisualBasicCompilation c, DiagnosticDescription[] expected) in C:\Users\Adam\Source\Repos\roslyn-AdamSpeight2008\src\Compilers\Test\Utilities\VisualBasic\DiagnosticExtensions.vb:line 16
   at Microsoft.CodeAnalysis.VisualBasic.UnitTests.Semantics.OptionalArgumentTests.OptionalWithNoDefaultValue() in C:\Users\Adam\Source\Repos\roslyn-AdamSpeight2008\src\Compilers\VisualBasic\Test\Semantic\Semantics\OptionalArgumentTests.vb:line 901

Test: Microsoft.CodeAnalysis.VisualBasic.UnitTests.Semantics.OptionalArgumentTests.IsOptionalVsHasDefaultValue_Decimal
Exception Type: Xunit.Sdk.ThrowsException
Message:
Assert.Throws() Failure
Expected: typeof(System.InvalidOperationException)
Actual:   typeof(System.ArgumentNullException): VisualBasicParseOptions is required.
Parameter name: opts
   at Microsoft.CodeAnalysis.VisualBasic.Syntax.InternalSyntax.Parser.CheckFeatureAvailability(Feature feature, VisualBasicParseOptions opts) in C:\Users\Adam\Source\Repos\roslyn-AdamSpeight2008\src\Compilers\VisualBasic\Portable\Parser\Parser.vb:line 6102
   at Microsoft.CodeAnalysis.VisualBasic.Symbols.ParameterSymbol.get_ExplicitDefaultValue() in C:\Users\Adam\Source\Repos\roslyn-AdamSpeight2008\src\Compilers\VisualBasic\Portable\Symbols\ParameterSymbol.vb:line 149
   at Microsoft.CodeAnalysis.VisualBasic.UnitTests.Semantics.OptionalArgumentTests._Closure$__44-0._Lambda$__4() in C:\Users\Adam\Source\Repos\roslyn-AdamSpeight2008\src\Compilers\VisualBasic\Test\Semantic\Semantics\OptionalArgumentTests.vb:line 2487

Test: Microsoft.CodeAnalysis.VisualBasic.UnitTests.Semantics.OptionalArgumentTests.OptionalWithIUnknownConstantAndIDispatchConstant
Exception Type: Xunit.Sdk.TrueException
Message:

Expected:
    Diagnostic(ERRID.ERR_OmittedArgument2, "M2").WithArguments("x", "Public Shared Sub M2(x As Object)"),
    Diagnostic(ERRID.ERR_OmittedArgument2, "M4").WithArguments("x", "Public Shared Sub M4(x As Object)"),
    Diagnostic(ERRID.ERR_OmittedArgument2, "M6").WithArguments("x", "Public Shared Sub M6(x As Object)"),
    Diagnostic(ERRID.ERR_OmittedArgument2, "M8").WithArguments("x", "Public Shared Sub M8(x As Object)")
Actual:
Diff:
-->     Diagnostic(ERRID.ERR_OmittedArgument2, "M2").WithArguments("x", "Public Shared Sub M2(x As Object)"),
-->     Diagnostic(ERRID.ERR_OmittedArgument2, "M4").WithArguments("x", "Public Shared Sub M4(x As Object)"),
-->     Diagnostic(ERRID.ERR_OmittedArgument2, "M6").WithArguments("x", "Public Shared Sub M6(x As Object)"),
-->     Diagnostic(ERRID.ERR_OmittedArgument2, "M8").WithArguments("x", "Public Shared Sub M8(x As Object)")
Expected: True
Actual:   False
   at Microsoft.CodeAnalysis.DiagnosticExtensions.Verify(IEnumerable`1 actual, DiagnosticDescription[] expected, Boolean errorCodeOnly) in C:\Users\Adam\Source\Repos\roslyn-AdamSpeight2008\src\Test\Utilities\Shared\Diagnostics\DiagnosticExtensions.cs:line 84
   at Microsoft.CodeAnalysis.DiagnosticExtensions.Verify(IEnumerable`1 actual, DiagnosticDescription[] expected) in C:\Users\Adam\Source\Repos\roslyn-AdamSpeight2008\src\Test\Utilities\Shared\Diagnostics\DiagnosticExtensions.cs:line 46
   at Microsoft.CodeAnalysis.DiagnosticExtensions.Verify(ImmutableArray`1 actual, DiagnosticDescription[] expected) in C:\Users\Adam\Source\Repos\roslyn-AdamSpeight2008\src\Test\Utilities\Shared\Diagnostics\DiagnosticExtensions.cs:line 61
   at Microsoft.CodeAnalysis.VisualBasic.DiagnosticsExtensions.VerifyDiagnostics(VisualBasicCompilation c, DiagnosticDescription[] expected) in C:\Users\Adam\Source\Repos\roslyn-AdamSpeight2008\src\Compilers\Test\Utilities\VisualBasic\DiagnosticExtensions.vb:line 16
   at Microsoft.CodeAnalysis.VisualBasic.UnitTests.Semantics.OptionalArgumentTests.OptionalWithIUnknownConstantAndIDispatchConstant() in C:\Users\Adam\Source\Repos\roslyn-AdamSpeight2008\src\Compilers\VisualBasic\Test\Semantic\Semantics\OptionalArgumentTests.vb:line 692

Test: Microsoft.CodeAnalysis.VisualBasic.UnitTests.Semantics.OptionalArgumentTests.IsOptionalVsHasDefaultValue_PrimitiveStruct
Exception Type: Xunit.Sdk.ThrowsException
Message:
Assert.Throws() Failure
Expected: typeof(System.InvalidOperationException)
Actual:   typeof(System.ArgumentNullException): VisualBasicParseOptions is required.
Parameter name: opts
   at Microsoft.CodeAnalysis.VisualBasic.Syntax.InternalSyntax.Parser.CheckFeatureAvailability(Feature feature, VisualBasicParseOptions opts) in C:\Users\Adam\Source\Repos\roslyn-AdamSpeight2008\src\Compilers\VisualBasic\Portable\Parser\Parser.vb:line 6102
   at Microsoft.CodeAnalysis.VisualBasic.Symbols.ParameterSymbol.get_ExplicitDefaultValue() in C:\Users\Adam\Source\Repos\roslyn-AdamSpeight2008\src\Compilers\VisualBasic\Portable\Symbols\ParameterSymbol.vb:line 149
   at Microsoft.CodeAnalysis.VisualBasic.UnitTests.Semantics.OptionalArgumentTests._Closure$__41-0._Lambda$__4() in C:\Users\Adam\Source\Repos\roslyn-AdamSpeight2008\src\Compilers\VisualBasic\Test\Semantic\Semantics\OptionalArgumentTests.vb:line 2165

Collection: Test collection for Microsoft.CodeAnalysis.VisualBasic.UnitTests.Semantics.MethodCalls

Test: Microsoft.CodeAnalysis.VisualBasic.UnitTests.Semantics.MethodCalls.NamedArgumentsAndOverriding
Exception Type: Xunit.Sdk.TrueException
Message:

MISSING ERROR MESSAGES:
BC30455: Argument not specified for parameter 'z' of 'Public Overrides Sub Foo(z As Integer)'.
           ~~~
BC30455: Argument not specified for parameter 'z' of 'Public Overrides Sub Foo(z As Integer)'.
           ~~~
BC30455: Argument not specified for parameter 't2' of 'Public Overrides Function fun1(Of T)(ByRef t2 As T) As Object'.
               ~~~~
UNEXPECTED ERROR MESSAGES:

Expected: True
Actual:   False
   at Microsoft.CodeAnalysis.VisualBasic.UnitTests.CompilationUtils.AssertTheseDiagnostics(ImmutableArray`1 errors, String expectedText, Boolean suppressInfos) in C:\Users\Adam\Source\Repos\roslyn-AdamSpeight2008\src\Compilers\Test\Utilities\VisualBasic\CompilationTestUtils.vb:line 885
   at Microsoft.CodeAnalysis.VisualBasic.UnitTests.CompilationUtils.AssertTheseDiagnostics(ImmutableArray`1 errors, XElement errs, Boolean suppressInfos) in C:\Users\Adam\Source\Repos\roslyn-AdamSpeight2008\src\Compilers\Test\Utilities\VisualBasic\CompilationTestUtils.vb:line 841
   at Microsoft.CodeAnalysis.VisualBasic.UnitTests.CompilationUtils.AssertTheseDiagnostics(Compilation compilation, XElement errs, Boolean suppressInfos) in C:\Users\Adam\Source\Repos\roslyn-AdamSpeight2008\src\Compilers\Test\Utilities\VisualBasic\CompilationTestUtils.vb:line 819
   at Microsoft.CodeAnalysis.VisualBasic.UnitTests.Semantics.MethodCalls.NamedArgumentsAndOverriding() in C:\Users\Adam\Source\Repos\roslyn-AdamSpeight2008\src\Compilers\VisualBasic\Test\Semantic\Semantics\MethodCalls.vb:line 4365

Collection: Test collection for Microsoft.CodeAnalysis.VisualBasic.UnitTests.BindingCollectionInitializerTests

Test: Microsoft.CodeAnalysis.VisualBasic.UnitTests.BindingCollectionInitializerTests.CollectionInitializerCollectionInitializerArityCheck
Exception Type: Xunit.Sdk.TrueException
Message:

MISSING ERROR MESSAGES:
BC30455: Argument not specified for parameter 'value' of 'Public Overloads Sub Add(key As String, value As Integer)'.
                                                          ~~~
UNEXPECTED ERROR MESSAGES:

Expected: True
Actual:   False
   at Microsoft.CodeAnalysis.VisualBasic.UnitTests.CompilationUtils.AssertTheseDiagnostics(ImmutableArray`1 errors, String expectedText, Boolean suppressInfos) in C:\Users\Adam\Source\Repos\roslyn-AdamSpeight2008\src\Compilers\Test\Utilities\VisualBasic\CompilationTestUtils.vb:line 885
   at Microsoft.CodeAnalysis.VisualBasic.UnitTests.CompilationUtils.AssertTheseDiagnostics(ImmutableArray`1 errors, XElement errs, Boolean suppressInfos) in C:\Users\Adam\Source\Repos\roslyn-AdamSpeight2008\src\Compilers\Test\Utilities\VisualBasic\CompilationTestUtils.vb:line 841
   at Microsoft.CodeAnalysis.VisualBasic.UnitTests.CompilationUtils.AssertTheseDiagnostics(Compilation compilation, XElement errs, Boolean suppressInfos) in C:\Users\Adam\Source\Repos\roslyn-AdamSpeight2008\src\Compilers\Test\Utilities\VisualBasic\CompilationTestUtils.vb:line 819
   at Microsoft.CodeAnalysis.VisualBasic.UnitTests.BindingCollectionInitializerTests.CollectionInitializerCollectionInitializerArityCheck() in C:\Users\Adam\Source\Repos\roslyn-AdamSpeight2008\src\Compilers\VisualBasic\Test\Semantic\Binding\BindingCollectionInitializerTests.vb:line 916

Collection: Test collection for Microsoft.CodeAnalysis.VisualBasic.UnitTests.Semantics.OverloadResolutionTests

Test: Microsoft.CodeAnalysis.VisualBasic.UnitTests.Semantics.OverloadResolutionTests.Diagnostics2
Exception Type: Xunit.Sdk.TrueException
Message:

MISSING ERROR MESSAGES:
    'Public Sub F1(x As Integer)': Argument not specified for parameter 'x'.
    'Public Sub F1(x As Long)': Argument not specified for parameter 'x'.
    'Public Sub F2(x As Integer, a As Integer, ParamArray y As Integer())': Argument not specified for parameter 'a'.
    'Public Sub F2(x As Long, ParamArray y As Integer())': Omitted argument cannot match a ParamArray parameter.
    'Public Sub F2(x As Integer, a As Integer, ParamArray y As Integer())': Argument not specified for parameter 'a'.
        F2(1, )
    'Public Sub F3(x As Long, y As Integer, z As Long)': Argument not specified for parameter 'y'.
    'Public Sub F3(x As Long, z As Long, y As Integer)': Parameter 'z' already has a matching omitted argument.
    'Public Sub F3(x As Long, z As Long, y As Integer)': Argument not specified for parameter 'y'.
        F3(1, , z:=1)
    'Public Sub F3(x As Long, y As Integer, z As Long)': Argument not specified for parameter 'z'.
    'Public Sub F3(x As Long, z As Long, y As Integer)': Argument not specified for parameter 'y'.
UNEXPECTED ERROR MESSAGES:

Expected: True
Actual:   False
   at Microsoft.CodeAnalysis.VisualBasic.UnitTests.CompilationUtils.AssertTheseDiagnostics(ImmutableArray`1 errors, String expectedText, Boolean suppressInfos) in C:\Users\Adam\Source\Repos\roslyn-AdamSpeight2008\src\Compilers\Test\Utilities\VisualBasic\CompilationTestUtils.vb:line 885
   at Microsoft.CodeAnalysis.VisualBasic.UnitTests.CompilationUtils.AssertTheseDiagnostics(ImmutableArray`1 errors, XElement errs, Boolean suppressInfos) in C:\Users\Adam\Source\Repos\roslyn-AdamSpeight2008\src\Compilers\Test\Utilities\VisualBasic\CompilationTestUtils.vb:line 841
   at Microsoft.CodeAnalysis.VisualBasic.UnitTests.CompilationUtils.AssertTheseDiagnostics(Compilation compilation, XElement errs, Boolean suppressInfos) in C:\Users\Adam\Source\Repos\roslyn-AdamSpeight2008\src\Compilers\Test\Utilities\VisualBasic\CompilationTestUtils.vb:line 819
   at Microsoft.CodeAnalysis.VisualBasic.UnitTests.Semantics.OverloadResolutionTests.Diagnostics2() in C:\Users\Adam\Source\Repos\roslyn-AdamSpeight2008\src\Compilers\VisualBasic\Test\Semantic\Semantics\OverloadResolution.vb:line 3650

Test: Microsoft.CodeAnalysis.VisualBasic.UnitTests.Semantics.OverloadResolutionTests.Diagnostics1
Exception Type: Xunit.Sdk.TrueException
Message:

MISSING ERROR MESSAGES:
BC30455: Argument not specified for parameter 'x' of 'Public Sub F1(Of Integer)(x As Integer)'.
        F1(Of Integer)()
        ~~~~~~~~~~~~~~
BC30455: Argument not specified for parameter 'x' of 'Public Sub F4(x As Integer, ParamArray y As Integer())'.
        F4()
BC30455: Argument not specified for parameter 'x' of 'Public Sub F4(x As Integer, ParamArray y As Integer())'.
BC30455: Argument not specified for parameter 'x' of 'Public Sub F3(x As Integer)'.
BC30455: Argument not specified for parameter 'x' of 'Public Sub F3(x As Integer)'.
BC30455: Argument not specified for parameter 'x' of 'Public Sub F4(x As Integer, ParamArray y As Integer())'.
BC30455: Argument not specified for parameter 'y' of 'Public Sub F5(x As Integer, y As Integer)'.
UNEXPECTED ERROR MESSAGES:

Expected: True
Actual:   False
   at Microsoft.CodeAnalysis.VisualBasic.UnitTests.CompilationUtils.AssertTheseDiagnostics(ImmutableArray`1 errors, String expectedText, Boolean suppressInfos) in C:\Users\Adam\Source\Repos\roslyn-AdamSpeight2008\src\Compilers\Test\Utilities\VisualBasic\CompilationTestUtils.vb:line 885
   at Microsoft.CodeAnalysis.VisualBasic.UnitTests.CompilationUtils.AssertTheseDiagnostics(ImmutableArray`1 errors, XElement errs, Boolean suppressInfos) in C:\Users\Adam\Source\Repos\roslyn-AdamSpeight2008\src\Compilers\Test\Utilities\VisualBasic\CompilationTestUtils.vb:line 841
   at Microsoft.CodeAnalysis.VisualBasic.UnitTests.CompilationUtils.AssertTheseDiagnostics(Compilation compilation, XElement errs, Boolean suppressInfos) in C:\Users\Adam\Source\Repos\roslyn-AdamSpeight2008\src\Compilers\Test\Utilities\VisualBasic\CompilationTestUtils.vb:line 819
   at Microsoft.CodeAnalysis.VisualBasic.UnitTests.Semantics.OverloadResolutionTests.Diagnostics1() in C:\Users\Adam\Source\Repos\roslyn-AdamSpeight2008\src\Compilers\VisualBasic\Test\Semantic\Semantics\OverloadResolution.vb:line 3452

Test: Microsoft.CodeAnalysis.VisualBasic.UnitTests.Semantics.OverloadResolutionTests.BasicTests
Exception Type: Xunit.Sdk.EqualException
Message:
Assert.Equal() Failure
Expected: ArgumentMismatch
Actual:   Applicable
   at Microsoft.CodeAnalysis.VisualBasic.UnitTests.Semantics.OverloadResolutionTests.BasicTests() in C:\Users\Adam\Source\Repos\roslyn-AdamSpeight2008\src\Compilers\VisualBasic\Test\Semantic\Semantics\OverloadResolution.vb:line 594

Test: Microsoft.CodeAnalysis.VisualBasic.UnitTests.Semantics.OverloadResolutionTests.Bug1034429
Exception Type: Xunit.Sdk.TrueException
Message:

MISSING ERROR MESSAGES:
BC30455: Argument not specified for parameter 'p1' of 'Public Sub New(p1 As Integer, ParamArray p2 As SecurityAction)'.
BC30455: Argument not specified for parameter 'p1' of 'Public Sub New(p1 As Integer, ParamArray p2 As SecurityAction, p3 As String)'.
BC30455: Argument not specified for parameter 'p2' of 'Public Sub New(p1 As Integer, ParamArray p2 As SecurityAction, p3 As String)'.
BC30455: Argument not specified for parameter 'p3' of 'Public Sub New(p1 As Integer, ParamArray p2 As SecurityAction, p3 As String)'.
UNEXPECTED ERROR MESSAGES:

Expected: True
Actual:   False
   at Microsoft.CodeAnalysis.VisualBasic.UnitTests.CompilationUtils.AssertTheseDiagnostics(ImmutableArray`1 errors, String expectedText, Boolean suppressInfos) in C:\Users\Adam\Source\Repos\roslyn-AdamSpeight2008\src\Compilers\Test\Utilities\VisualBasic\CompilationTestUtils.vb:line 885
   at Microsoft.CodeAnalysis.VisualBasic.UnitTests.CompilationUtils.AssertTheseDiagnostics(ImmutableArray`1 errors, XElement errs, Boolean suppressInfos) in C:\Users\Adam\Source\Repos\roslyn-AdamSpeight2008\src\Compilers\Test\Utilities\VisualBasic\CompilationTestUtils.vb:line 841
   at Microsoft.CodeAnalysis.VisualBasic.UnitTests.CompilationUtils.AssertTheseDiagnostics(Compilation compilation, XElement errs, Boolean suppressInfos) in C:\Users\Adam\Source\Repos\roslyn-AdamSpeight2008\src\Compilers\Test\Utilities\VisualBasic\CompilationTestUtils.vb:line 819
   at Microsoft.CodeAnalysis.VisualBasic.UnitTests.Semantics.OverloadResolutionTests.Bug1034429() in C:\Users\Adam\Source\Repos\roslyn-AdamSpeight2008\src\Compilers\VisualBasic\Test\Semantic\Semantics\OverloadResolution.vb:line 5428

Collection: Test collection for Microsoft.CodeAnalysis.VisualBasic.UnitTests.Semantics.SemanticModelTests

Test: Microsoft.CodeAnalysis.VisualBasic.UnitTests.Semantics.SemanticModelTests.ObjectMembersOnInterfaces2
Exception Type: Xunit.Sdk.TrueException
Message:

MISSING ERROR MESSAGES:
BC30455: Argument not specified for parameter 'x' of 'Function GetHashCode(x As Integer) As Integer'.
        x.GetHashCode()
          ~~~~~~~~~~~
UNEXPECTED ERROR MESSAGES:

Expected: True
Actual:   False
   at Microsoft.CodeAnalysis.VisualBasic.UnitTests.CompilationUtils.AssertTheseDiagnostics(ImmutableArray`1 errors, String expectedText, Boolean suppressInfos) in C:\Users\Adam\Source\Repos\roslyn-AdamSpeight2008\src\Compilers\Test\Utilities\VisualBasic\CompilationTestUtils.vb:line 885
   at Microsoft.CodeAnalysis.VisualBasic.UnitTests.CompilationUtils.AssertTheseDiagnostics(ImmutableArray`1 errors, XElement errs, Boolean suppressInfos) in C:\Users\Adam\Source\Repos\roslyn-AdamSpeight2008\src\Compilers\Test\Utilities\VisualBasic\CompilationTestUtils.vb:line 841
   at Microsoft.CodeAnalysis.VisualBasic.UnitTests.CompilationUtils.AssertTheseDiagnostics(Compilation compilation, XElement errs, Boolean suppressInfos) in C:\Users\Adam\Source\Repos\roslyn-AdamSpeight2008\src\Compilers\Test\Utilities\VisualBasic\CompilationTestUtils.vb:line 819
   at Microsoft.CodeAnalysis.VisualBasic.UnitTests.Semantics.SemanticModelTests.ObjectMembersOnInterfaces2() in C:\Users\Adam\Source\Repos\roslyn-AdamSpeight2008\src\Compilers\VisualBasic\Test\Semantic\Compilation\SemanticModelLookupSymbolsAPITests.vb:line 550

Collection: Test collection for Microsoft.CodeAnalysis.VisualBasic.UnitTests.Binder_Expressions_Tests

Test: Microsoft.CodeAnalysis.VisualBasic.UnitTests.Binder_Expressions_Tests.ColorColorPropertyWithParam
Exception Type: Xunit.Sdk.TrueException
Message:

MISSING ERROR MESSAGES:
BC30455: Argument not specified for parameter 'a' of 'Public Overridable ReadOnly Property TypeSubstitution(a As Integer) As TypeSubstitution'.
         Return TypeSubstitution.Create()
                ~~~~~~~~~~~~~~~~
UNEXPECTED ERROR MESSAGES:

Expected: True
Actual:   False
   at Microsoft.CodeAnalysis.VisualBasic.UnitTests.CompilationUtils.AssertTheseDiagnostics(ImmutableArray`1 errors, String expectedText, Boolean suppressInfos) in C:\Users\Adam\Source\Repos\roslyn-AdamSpeight2008\src\Compilers\Test\Utilities\VisualBasic\CompilationTestUtils.vb:line 885
   at Microsoft.CodeAnalysis.VisualBasic.UnitTests.CompilationUtils.AssertTheseDiagnostics(ImmutableArray`1 errors, XElement errs, Boolean suppressInfos) in C:\Users\Adam\Source\Repos\roslyn-AdamSpeight2008\src\Compilers\Test\Utilities\VisualBasic\CompilationTestUtils.vb:line 841
   at Microsoft.CodeAnalysis.VisualBasic.UnitTests.CompilationUtils.AssertTheseDiagnostics(Compilation compilation, XElement errs, Boolean suppressInfos) in C:\Users\Adam\Source\Repos\roslyn-AdamSpeight2008\src\Compilers\Test\Utilities\VisualBasic\CompilationTestUtils.vb:line 819
   at Microsoft.CodeAnalysis.VisualBasic.UnitTests.Binder_Expressions_Tests.ColorColorPropertyWithParam() in C:\Users\Adam\Source\Repos\roslyn-AdamSpeight2008\src\Compilers\VisualBasic\Test\Semantic\Binding\Binder_Expressions_Tests.vb:line 2446

Test: Microsoft.CodeAnalysis.VisualBasic.UnitTests.Binder_Expressions_Tests.Bug4250
Exception Type: Xunit.Sdk.TrueException
Message:

MISSING ERROR MESSAGES:
BC30455: Argument not specified for parameter 'x' of 'Public Function Foo(x As Integer) As Integer'.
    System.Console.WriteLine(Foo.ToString)
                             ~~~
UNEXPECTED ERROR MESSAGES:

Expected: True
Actual:   False
   at Microsoft.CodeAnalysis.VisualBasic.UnitTests.CompilationUtils.AssertTheseDiagnostics(ImmutableArray`1 errors, String expectedText, Boolean suppressInfos) in C:\Users\Adam\Source\Repos\roslyn-AdamSpeight2008\src\Compilers\Test\Utilities\VisualBasic\CompilationTestUtils.vb:line 885
   at Microsoft.CodeAnalysis.VisualBasic.UnitTests.CompilationUtils.AssertTheseDiagnostics(ImmutableArray`1 errors, XElement errs, Boolean suppressInfos) in C:\Users\Adam\Source\Repos\roslyn-AdamSpeight2008\src\Compilers\Test\Utilities\VisualBasic\CompilationTestUtils.vb:line 841
   at Microsoft.CodeAnalysis.VisualBasic.UnitTests.CompilationUtils.AssertTheseDiagnostics(Compilation compilation, XElement errs, Boolean suppressInfos) in C:\Users\Adam\Source\Repos\roslyn-AdamSpeight2008\src\Compilers\Test\Utilities\VisualBasic\CompilationTestUtils.vb:line 819
   at Microsoft.CodeAnalysis.VisualBasic.UnitTests.Binder_Expressions_Tests.Bug4250() in C:\Users\Adam\Source\Repos\roslyn-AdamSpeight2008\src\Compilers\VisualBasic\Test\Semantic\Binding\Binder_Expressions_Tests.vb:line 1009

Test: Microsoft.CodeAnalysis.VisualBasic.UnitTests.Binder_Expressions_Tests.ColorColor1
Exception Type: Xunit.Sdk.TrueException
Message:

MISSING ERROR MESSAGES:
BC30455: Argument not specified for parameter 'x' of 'Public ReadOnly Property color(x As Integer) As Color'.
        dim a = color.G(1)          ' error, missing parameter to color property
                ~~~~~
BC30455: Argument not specified for parameter 'x' of 'Public ReadOnly Property color(x As Integer) As Color'.
        Return color.G(of Long)(1)          ' error, missing parameter to color property
               ~~~~~
UNEXPECTED ERROR MESSAGES:

Expected: True
Actual:   False
   at Microsoft.CodeAnalysis.VisualBasic.UnitTests.CompilationUtils.AssertTheseDiagnostics(ImmutableArray`1 errors, String expectedText, Boolean suppressInfos) in C:\Users\Adam\Source\Repos\roslyn-AdamSpeight2008\src\Compilers\Test\Utilities\VisualBasic\CompilationTestUtils.vb:line 885
   at Microsoft.CodeAnalysis.VisualBasic.UnitTests.CompilationUtils.AssertTheseDiagnostics(ImmutableArray`1 errors, XElement errs, Boolean suppressInfos) in C:\Users\Adam\Source\Repos\roslyn-AdamSpeight2008\src\Compilers\Test\Utilities\VisualBasic\CompilationTestUtils.vb:line 841
   at Microsoft.CodeAnalysis.VisualBasic.UnitTests.CompilationUtils.AssertTheseDiagnostics(Compilation compilation, XElement errs, Boolean suppressInfos) in C:\Users\Adam\Source\Repos\roslyn-AdamSpeight2008\src\Compilers\Test\Utilities\VisualBasic\CompilationTestUtils.vb:line 819
   at Microsoft.CodeAnalysis.VisualBasic.UnitTests.Binder_Expressions_Tests.ColorColor1() in C:\Users\Adam\Source\Repos\roslyn-AdamSpeight2008\src\Compilers\VisualBasic\Test\Semantic\Binding\Binder_Expressions_Tests.vb:line 1344

Test: Microsoft.CodeAnalysis.VisualBasic.UnitTests.Binder_Expressions_Tests.ColorColorOverloadedErr
Exception Type: Xunit.Sdk.TrueException
Message:

MISSING ERROR MESSAGES:
BC30455: Argument not specified for parameter 'x' of 'Public ReadOnly Property Color(x As Integer) As Module1.Color'.
            c1 = Color.G(1)          ' missing parameter x
                 ~~~~~
BC30455: Argument not specified for parameter 'x' of 'Public ReadOnly Property Color(x As Integer) As Module1.Color'.
            c1 = Color.G()          ' missing parameter x
                 ~~~~~
UNEXPECTED ERROR MESSAGES:

Expected: True
Actual:   False
   at Microsoft.CodeAnalysis.VisualBasic.UnitTests.CompilationUtils.AssertTheseDiagnostics(ImmutableArray`1 errors, String expectedText, Boolean suppressInfos) in C:\Users\Adam\Source\Repos\roslyn-AdamSpeight2008\src\Compilers\Test\Utilities\VisualBasic\CompilationTestUtils.vb:line 885
   at Microsoft.CodeAnalysis.VisualBasic.UnitTests.CompilationUtils.AssertTheseDiagnostics(ImmutableArray`1 errors, XElement errs, Boolean suppressInfos) in C:\Users\Adam\Source\Repos\roslyn-AdamSpeight2008\src\Compilers\Test\Utilities\VisualBasic\CompilationTestUtils.vb:line 841
   at Microsoft.CodeAnalysis.VisualBasic.UnitTests.CompilationUtils.AssertTheseDiagnostics(Compilation compilation, XElement errs, Boolean suppressInfos) in C:\Users\Adam\Source\Repos\roslyn-AdamSpeight2008\src\Compilers\Test\Utilities\VisualBasic\CompilationTestUtils.vb:line 819
   at Microsoft.CodeAnalysis.VisualBasic.UnitTests.Binder_Expressions_Tests.ColorColorOverloadedErr() in C:\Users\Adam\Source\Repos\roslyn-AdamSpeight2008\src\Compilers\VisualBasic\Test\Semantic\Binding\Binder_Expressions_Tests.vb:line 1595

Collection: Test collection for Microsoft.CodeAnalysis.VisualBasic.UnitTests.Semantics.NoncompliantOverloadingInMetadata

Test: Microsoft.CodeAnalysis.VisualBasic.UnitTests.Semantics.NoncompliantOverloadingInMetadata.MembersDifferByKindAndAccessibility_2
Exception Type: Xunit.Sdk.TrueException
Message:

MISSING ERROR MESSAGES:
BC30455: Argument not specified for parameter 'x' of 'Public Overloads Function aA1(x As Integer) As String'.
            System.Console.WriteLine(Aa1)
                                     ~~~
BC30455: Argument not specified for parameter 'x' of 'Public Overloads Function aA2(x As Integer) As String'.
            System.Console.WriteLine(aA2)
                                     ~~~
BC30455: Argument not specified for parameter 'x' of 'Public Overloads Function aA3(x As Integer) As String'.
            System.Console.WriteLine(Aa3)
                                     ~~~
BC30455: Argument not specified for parameter 'x' of 'Public Overloads Function aA4(x As Integer) As String'.
            System.Console.WriteLine(Aa4)
                                     ~~~
BC30455: Argument not specified for parameter 'x' of 'Public Overloads Function aA5(x As Integer) As String'.
            System.Console.WriteLine(aA5)
                                     ~~~
BC30455: Argument not specified for parameter 'x' of 'Public Overloads Function aA6(x As Integer) As String'.
            System.Console.WriteLine(aA6)
                                     ~~~
BC30455: Argument not specified for parameter 'x' of 'Public Overloads Function aA1(x As Integer) As String'.
        System.Console.WriteLine(c.Aa1)
                                   ~~~
BC30455: Argument not specified for parameter 'x' of 'Public Overloads Function aA2(x As Integer) As String'.
        System.Console.WriteLine(c.aA2)
                                   ~~~
BC30455: Argument not specified for parameter 'x' of 'Public Overloads Function aA3(x As Integer) As String'.
        System.Console.WriteLine(c.Aa3)
                                   ~~~
BC30455: Argument not specified for parameter 'x' of 'Public Overloads Function aA4(x As Integer) As String'.
        System.Console.WriteLine(c.Aa4)
                                   ~~~
BC30455: Argument not specified for parameter 'x' of 'Public Overloads Function aA5(x As Integer) As String'.
        System.Console.WriteLine(c.aA5)
                                   ~~~
BC30455: Argument not specified for parameter 'x' of 'Public Overloads Function aA6(x As Integer) As String'.
        System.Console.WriteLine(c.aA6)
                                   ~~~
UNEXPECTED ERROR MESSAGES:

Expected: True
Actual:   False
   at Microsoft.CodeAnalysis.VisualBasic.UnitTests.CompilationUtils.AssertTheseDiagnostics(ImmutableArray`1 errors, String expectedText, Boolean suppressInfos) in C:\Users\Adam\Source\Repos\roslyn-AdamSpeight2008\src\Compilers\Test\Utilities\VisualBasic\CompilationTestUtils.vb:line 885
   at Microsoft.CodeAnalysis.VisualBasic.UnitTests.CompilationUtils.AssertTheseDiagnostics(ImmutableArray`1 errors, XElement errs, Boolean suppressInfos) in C:\Users\Adam\Source\Repos\roslyn-AdamSpeight2008\src\Compilers\Test\Utilities\VisualBasic\CompilationTestUtils.vb:line 841
   at Microsoft.CodeAnalysis.VisualBasic.UnitTests.CompilationUtils.AssertTheseDiagnostics(Compilation compilation, XElement errs, Boolean suppressInfos) in C:\Users\Adam\Source\Repos\roslyn-AdamSpeight2008\src\Compilers\Test\Utilities\VisualBasic\CompilationTestUtils.vb:line 819
   at Microsoft.CodeAnalysis.VisualBasic.UnitTests.Semantics.NoncompliantOverloadingInMetadata.MembersDifferByKindAndAccessibility_2() in C:\Users\Adam\Source\Repos\roslyn-AdamSpeight2008\src\Compilers\VisualBasic\Test\Semantic\Semantics\NoncompliantOverloadingInMetadata.vb:line 4783

Collection: Test collection for Microsoft.CodeAnalysis.VisualBasic.UnitTests.Semantics.OptionalArgumentTests_ImplicitDefaultValue

Test: Microsoft.CodeAnalysis.VisualBasic.UnitTests.Semantics.OptionalArgumentTests_ImplicitDefaultValue.TestCallerFilePath1
Exception Type: Microsoft.CodeAnalysis.Test.Utilities.EmitException
Message:
Microsoft.CodeAnalysis.Test.Utilities.EmitException : Emit Failed, binaries saved to: 
C:\Users\Adam\AppData\Local\Temp\
C:\filename(8) : error BC30812: Optional parameters must specify a default value.
C:\filename(8) : error BC30201: Expression expected.

   at Microsoft.CodeAnalysis.Test.Utilities.HostedRuntimeEnvironment.Emit(Compilation mainCompilation, IEnumerable`1 manifestResources, Boolean usePdbForDebugging) in C:\Users\Adam\Source\Repos\roslyn-AdamSpeight2008\src\Test\Utilities\Desktop\HostedRuntimeEnvironment.cs:line 229
   at Microsoft.CodeAnalysis.Test.Utilities.CommonTestBase.CompilationVerifier.Emit(IRuntimeEnvironment testEnvironment, IEnumerable`1 manifestResources) in C:\Users\Adam\Source\Repos\roslyn-AdamSpeight2008\src\Test\Utilities\Desktop\CommonTestBase.CompilationVerifier.cs:line 128
   at Microsoft.CodeAnalysis.Test.Utilities.CommonTestBase.CompilationVerifier.Emit(String expectedOutput, IEnumerable`1 manifestResources, Boolean peVerify, SignatureDescription[] expectedSignatures) in C:\Users\Adam\Source\Repos\roslyn-AdamSpeight2008\src\Test\Utilities\Desktop\CommonTestBase.CompilationVerifier.cs:line 94
   at Microsoft.CodeAnalysis.Test.Utilities.CommonTestBase.Emit(Compilation compilation, IEnumerable`1 dependencies, IEnumerable`1 manifestResources, SignatureDescription[] expectedSignatures, String expectedOutput, Action`1 assemblyValidator, Action`1 symbolValidator, Boolean verify) in C:\Users\Adam\Source\Repos\roslyn-AdamSpeight2008\src\Test\Utilities\Desktop\CommonTestBase.cs:line 204
   at Microsoft.CodeAnalysis.Test.Utilities.CommonTestBase.CompileAndVerify(Compilation compilation, IEnumerable`1 manifestResources, IEnumerable`1 dependencies, Action`1 sourceSymbolValidator, Action`1 assemblyValidator, Action`1 symbolValidator, SignatureDescription[] expectedSignatures, String expectedOutput, Boolean verify) in C:\Users\Adam\Source\Repos\roslyn-AdamSpeight2008\src\Test\Utilities\Desktop\CommonTestBase.cs:line 129
   at Microsoft.CodeAnalysis.VisualBasic.UnitTests.BasicTestBase.CompileAndVerify(Compilation compilation, IEnumerable`1 manifestResources, IEnumerable`1 dependencies, Action`1 sourceSymbolValidator, Action`1 validator, Action`1 symbolValidator, SignatureDescription[] expectedSignatures, String expectedOutput, Boolean verify) in C:\Users\Adam\Source\Repos\roslyn-AdamSpeight2008\src\Compilers\Test\Utilities\VisualBasic\BasicTestBase.vb:line 77
   at Microsoft.CodeAnalysis.VisualBasic.UnitTests.Semantics.OptionalArgumentTests_ImplicitDefaultValue.TestCallerFilePath1() in C:\Users\Adam\Source\Repos\roslyn-AdamSpeight2008\src\Compilers\VisualBasic\Test\Semantic\Semantics\OptionalArgumentTests_ImplicitDefaultValue.vb:line 2004

Test: Microsoft.CodeAnalysis.VisualBasic.UnitTests.Semantics.OptionalArgumentTests_ImplicitDefaultValue.IsOptionalVsHasDefaultValue_String
Exception Type: System.ArgumentNullException
Message:
System.ArgumentNullException : VisualBasicParseOptions is required.
Parameter name: opts
   at Microsoft.CodeAnalysis.VisualBasic.Syntax.InternalSyntax.Parser.CheckFeatureAvailability(Feature feature, VisualBasicParseOptions opts) in C:\Users\Adam\Source\Repos\roslyn-AdamSpeight2008\src\Compilers\VisualBasic\Portable\Parser\Parser.vb:line 6102
   at Microsoft.CodeAnalysis.VisualBasic.Symbols.ParameterSymbol.get_ExplicitDefaultValue() in C:\Users\Adam\Source\Repos\roslyn-AdamSpeight2008\src\Compilers\VisualBasic\Portable\Symbols\ParameterSymbol.vb:line 149
   at Microsoft.CodeAnalysis.VisualBasic.UnitTests.Semantics.OptionalArgumentTests_ImplicitDefaultValue._Closure$__45-0._Lambda$__1(ModuleSymbol module) in C:\Users\Adam\Source\Repos\roslyn-AdamSpeight2008\src\Compilers\VisualBasic\Test\Semantic\Semantics\OptionalArgumentTests_ImplicitDefaultValue.vb:line 2384
   at Microsoft.CodeAnalysis.VisualBasic.UnitTests.BasicTestBase._Closure$__2-0._Lambda$__0(IModuleSymbol m) in C:\Users\Adam\Source\Repos\roslyn-AdamSpeight2008\src\Compilers\Test\Utilities\VisualBasic\BasicTestBase.vb:line 26
   at Microsoft.CodeAnalysis.Test.Utilities.CommonTestBase.CompileAndVerify(Compilation compilation, IEnumerable`1 manifestResources, IEnumerable`1 dependencies, Action`1 sourceSymbolValidator, Action`1 assemblyValidator, Action`1 symbolValidator, SignatureDescription[] expectedSignatures, String expectedOutput, Boolean verify) in C:\Users\Adam\Source\Repos\roslyn-AdamSpeight2008\src\Test\Utilities\Desktop\CommonTestBase.cs:line 124
   at Microsoft.CodeAnalysis.VisualBasic.UnitTests.BasicTestBase.CompileAndVerify(XElement source, IEnumerable`1 allReferences, String expectedOutput, IEnumerable`1 dependencies, Action`1 sourceSymbolValidator, Action`1 validator, Action`1 symbolValidator, SignatureDescription[] expectedSignatures, VisualBasicCompilationOptions options, VisualBasicParseOptions parseOptions, Boolean verify) in C:\Users\Adam\Source\Repos\roslyn-AdamSpeight2008\src\Compilers\Test\Utilities\VisualBasic\BasicTestBase.vb:line 164
   at Microsoft.CodeAnalysis.VisualBasic.UnitTests.Semantics.OptionalArgumentTests_ImplicitDefaultValue.IsOptionalVsHasDefaultValue_String() in C:\Users\Adam\Source\Repos\roslyn-AdamSpeight2008\src\Compilers\VisualBasic\Test\Semantic\Semantics\OptionalArgumentTests_ImplicitDefaultValue.vb:line 2459

Test: Microsoft.CodeAnalysis.VisualBasic.UnitTests.Semantics.OptionalArgumentTests_ImplicitDefaultValue.OptionalWithNoDefaultValue
Exception Type: Microsoft.CodeAnalysis.Test.Utilities.ExecutionException
Message:
Microsoft.CodeAnalysis.Test.Utilities.ExecutionException : 
Execution failed for assembly 'C:\Users\Adam\AppData\Local\Temp\'.
Expected: nothing
nothing
0

Actual:   System.Reflection.Missing
nothing
0


   at Microsoft.CodeAnalysis.Test.Utilities.HostedRuntimeEnvironment.Execute(String moduleName, String expectedOutput) in C:\Users\Adam\Source\Repos\roslyn-AdamSpeight2008\src\Test\Utilities\Desktop\HostedRuntimeEnvironment.cs:line 263
   at Microsoft.CodeAnalysis.Test.Utilities.CommonTestBase.CompilationVerifier.Emit(String expectedOutput, IEnumerable`1 manifestResources, Boolean peVerify, SignatureDescription[] expectedSignatures) in C:\Users\Adam\Source\Repos\roslyn-AdamSpeight2008\src\Test\Utilities\Desktop\CommonTestBase.CompilationVerifier.cs:line 109
   at Microsoft.CodeAnalysis.Test.Utilities.CommonTestBase.Emit(Compilation compilation, IEnumerable`1 dependencies, IEnumerable`1 manifestResources, SignatureDescription[] expectedSignatures, String expectedOutput, Action`1 assemblyValidator, Action`1 symbolValidator, Boolean verify) in C:\Users\Adam\Source\Repos\roslyn-AdamSpeight2008\src\Test\Utilities\Desktop\CommonTestBase.cs:line 204
   at Microsoft.CodeAnalysis.Test.Utilities.CommonTestBase.CompileAndVerify(Compilation compilation, IEnumerable`1 manifestResources, IEnumerable`1 dependencies, Action`1 sourceSymbolValidator, Action`1 assemblyValidator, Action`1 symbolValidator, SignatureDescription[] expectedSignatures, String expectedOutput, Boolean verify) in C:\Users\Adam\Source\Repos\roslyn-AdamSpeight2008\src\Test\Utilities\Desktop\CommonTestBase.cs:line 129
   at Microsoft.CodeAnalysis.VisualBasic.UnitTests.BasicTestBase.CompileAndVerify(XElement source, IEnumerable`1 allReferences, String expectedOutput, IEnumerable`1 dependencies, Action`1 sourceSymbolValidator, Action`1 validator, Action`1 symbolValidator, SignatureDescription[] expectedSignatures, VisualBasicCompilationOptions options, VisualBasicParseOptions parseOptions, Boolean verify) in C:\Users\Adam\Source\Repos\roslyn-AdamSpeight2008\src\Compilers\Test\Utilities\VisualBasic\BasicTestBase.vb:line 164
   at Microsoft.CodeAnalysis.VisualBasic.UnitTests.BasicTestBase.CompileAndVerify(XElement source, String expectedOutput, MetadataReference[] additionalRefs, IEnumerable`1 dependencies, Action`1 sourceSymbolValidator, Action`1 validator, Action`1 symbolValidator, SignatureDescription[] expectedSignatures, VisualBasicCompilationOptions options, VisualBasicParseOptions parseOptions, Boolean verify, Boolean useLatestFramework) in C:\Users\Adam\Source\Repos\roslyn-AdamSpeight2008\src\Compilers\Test\Utilities\VisualBasic\BasicTestBase.vb:line 129
   at Microsoft.CodeAnalysis.VisualBasic.UnitTests.Semantics.OptionalArgumentTests_ImplicitDefaultValue.OptionalWithNoDefaultValue() in C:\Users\Adam\Source\Repos\roslyn-AdamSpeight2008\src\Compilers\VisualBasic\Test\Semantic\Semantics\OptionalArgumentTests_ImplicitDefaultValue.vb:line 926

Test: Microsoft.CodeAnalysis.VisualBasic.UnitTests.Semantics.OptionalArgumentTests_ImplicitDefaultValue.OptionalWithIUnknownConstantAndIDispatchConstant
Exception Type: System.Runtime.Serialization.SerializationException
Message:
System.Runtime.Serialization.SerializationException : Type 'Xunit.Sdk.TrueException' in Assembly 'xunit.assert, Version=2.1.0.3179, Culture=neutral, PublicKeyToken=8d05b1bb7a6fdb6c' is not marked as serializable.

Server stack trace: 
   at System.Runtime.Serialization.Formatters.Binary.WriteObjectInfo.InitSerialize(Object obj, ISurrogateSelector surrogateSelector, StreamingContext context, SerObjectInfoInit serObjectInfoInit, IFormatterConverter converter, ObjectWriter objectWriter, SerializationBinder binder)
   at System.Runtime.Serialization.Formatters.Binary.ObjectWriter.Write(WriteObjectInfo objectInfo, NameInfo memberNameInfo, NameInfo typeNameInfo)
   at System.Runtime.Serialization.Formatters.Binary.ObjectWriter.Serialize(Object graph, Header[] inHeaders, __BinaryWriter serWriter, Boolean fCheck)
   at System.Runtime.Serialization.Formatters.Binary.BinaryFormatter.Serialize(Stream serializationStream, Object graph, Header[] headers, Boolean fCheck)
   at System.Runtime.Remoting.Channels.CrossAppDomainSerializer.SerializeMessageParts(ArrayList argsToSerialize)
   at System.Runtime.Remoting.Messaging.SmuggledMethodReturnMessage..ctor(IMethodReturnMessage mrm)
   at System.Runtime.Remoting.Messaging.SmuggledMethodReturnMessage.SmuggleIfPossible(IMessage msg)
   at System.Runtime.Remoting.Channels.CrossAppDomainSink.DoDispatch(Byte[] reqStmBuff, SmuggledMethodCallMessage smuggledMcm, SmuggledMethodReturnMessage& smuggledMrm)
   at System.Runtime.Remoting.Channels.CrossAppDomainSink.DoTransitionDispatchCallback(Object[] args)

Exception rethrown at [0]: 
   at System.Runtime.Remoting.Proxies.RealProxy.HandleReturnMessage(IMessage reqMsg, IMessage retMsg)
   at System.Runtime.Remoting.Proxies.RealProxy.PrivateInvoke(MessageData& msgData, Int32 type)
   at Microsoft.CodeAnalysis.Test.Utilities.RuntimeAssemblyManager.Execute(String moduleName, Int32 expectedOutputLength, String& output)
   at Microsoft.CodeAnalysis.Test.Utilities.HostedRuntimeEnvironment.Execute(String moduleName, Int32 expectedOutputLength, String& processOutput) in C:\Users\Adam\Source\Repos\roslyn-AdamSpeight2008\src\Test\Utilities\Desktop\HostedRuntimeEnvironment.cs:line 239
   at Microsoft.CodeAnalysis.Test.Utilities.HostedRuntimeEnvironment.Execute(String moduleName, String expectedOutput) in C:\Users\Adam\Source\Repos\roslyn-AdamSpeight2008\src\Test\Utilities\Desktop\HostedRuntimeEnvironment.cs:line 257
   at Microsoft.CodeAnalysis.Test.Utilities.CommonTestBase.CompilationVerifier.Emit(String expectedOutput, IEnumerable`1 manifestResources, Boolean peVerify, SignatureDescription[] expectedSignatures) in C:\Users\Adam\Source\Repos\roslyn-AdamSpeight2008\src\Test\Utilities\Desktop\CommonTestBase.CompilationVerifier.cs:line 109
   at Microsoft.CodeAnalysis.Test.Utilities.CommonTestBase.Emit(Compilation compilation, IEnumerable`1 dependencies, IEnumerable`1 manifestResources, SignatureDescription[] expectedSignatures, String expectedOutput, Action`1 assemblyValidator, Action`1 symbolValidator, Boolean verify) in C:\Users\Adam\Source\Repos\roslyn-AdamSpeight2008\src\Test\Utilities\Desktop\CommonTestBase.cs:line 204
   at Microsoft.CodeAnalysis.Test.Utilities.CommonTestBase.CompileAndVerify(Compilation compilation, IEnumerable`1 manifestResources, IEnumerable`1 dependencies, Action`1 sourceSymbolValidator, Action`1 assemblyValidator, Action`1 symbolValidator, SignatureDescription[] expectedSignatures, String expectedOutput, Boolean verify) in C:\Users\Adam\Source\Repos\roslyn-AdamSpeight2008\src\Test\Utilities\Desktop\CommonTestBase.cs:line 129
   at Microsoft.CodeAnalysis.VisualBasic.UnitTests.BasicTestBase.CompileAndVerify(XElement source, IEnumerable`1 allReferences, String expectedOutput, IEnumerable`1 dependencies, Action`1 sourceSymbolValidator, Action`1 validator, Action`1 symbolValidator, SignatureDescription[] expectedSignatures, VisualBasicCompilationOptions options, VisualBasicParseOptions parseOptions, Boolean verify) in C:\Users\Adam\Source\Repos\roslyn-AdamSpeight2008\src\Compilers\Test\Utilities\VisualBasic\BasicTestBase.vb:line 164
   at Microsoft.CodeAnalysis.VisualBasic.UnitTests.BasicTestBase.CompileAndVerify(XElement source, String expectedOutput, MetadataReference[] additionalRefs, IEnumerable`1 dependencies, Action`1 sourceSymbolValidator, Action`1 validator, Action`1 symbolValidator, SignatureDescription[] expectedSignatures, VisualBasicCompilationOptions options, VisualBasicParseOptions parseOptions, Boolean verify, Boolean useLatestFramework) in C:\Users\Adam\Source\Repos\roslyn-AdamSpeight2008\src\Compilers\Test\Utilities\VisualBasic\BasicTestBase.vb:line 129
   at Microsoft.CodeAnalysis.VisualBasic.UnitTests.Semantics.OptionalArgumentTests_ImplicitDefaultValue.OptionalWithIUnknownConstantAndIDispatchConstant() in C:\Users\Adam\Source\Repos\roslyn-AdamSpeight2008\src\Compilers\VisualBasic\Test\Semantic\Semantics\OptionalArgumentTests_ImplicitDefaultValue.vb:line 713

Test: Microsoft.CodeAnalysis.VisualBasic.UnitTests.Semantics.OptionalArgumentTests_ImplicitDefaultValue.IsOptionalVsHasDefaultValue_Decimal
Exception Type: System.ArgumentNullException
Message:
System.ArgumentNullException : VisualBasicParseOptions is required.
Parameter name: opts
   at Microsoft.CodeAnalysis.VisualBasic.Syntax.InternalSyntax.Parser.CheckFeatureAvailability(Feature feature, VisualBasicParseOptions opts) in C:\Users\Adam\Source\Repos\roslyn-AdamSpeight2008\src\Compilers\VisualBasic\Portable\Parser\Parser.vb:line 6102
   at Microsoft.CodeAnalysis.VisualBasic.Symbols.ParameterSymbol.get_ExplicitDefaultValue() in C:\Users\Adam\Source\Repos\roslyn-AdamSpeight2008\src\Compilers\VisualBasic\Portable\Symbols\ParameterSymbol.vb:line 149
   at Microsoft.CodeAnalysis.VisualBasic.UnitTests.Semantics.OptionalArgumentTests_ImplicitDefaultValue._Closure$__46-0._Lambda$__1(ModuleSymbol module) in C:\Users\Adam\Source\Repos\roslyn-AdamSpeight2008\src\Compilers\VisualBasic\Test\Semantic\Semantics\OptionalArgumentTests_ImplicitDefaultValue.vb:line 2515
   at Microsoft.CodeAnalysis.VisualBasic.UnitTests.BasicTestBase._Closure$__2-0._Lambda$__0(IModuleSymbol m) in C:\Users\Adam\Source\Repos\roslyn-AdamSpeight2008\src\Compilers\Test\Utilities\VisualBasic\BasicTestBase.vb:line 26
   at Microsoft.CodeAnalysis.Test.Utilities.CommonTestBase.CompileAndVerify(Compilation compilation, IEnumerable`1 manifestResources, IEnumerable`1 dependencies, Action`1 sourceSymbolValidator, Action`1 assemblyValidator, Action`1 symbolValidator, SignatureDescription[] expectedSignatures, String expectedOutput, Boolean verify) in C:\Users\Adam\Source\Repos\roslyn-AdamSpeight2008\src\Test\Utilities\Desktop\CommonTestBase.cs:line 124
   at Microsoft.CodeAnalysis.VisualBasic.UnitTests.BasicTestBase.CompileAndVerify(XElement source, IEnumerable`1 allReferences, String expectedOutput, IEnumerable`1 dependencies, Action`1 sourceSymbolValidator, Action`1 validator, Action`1 symbolValidator, SignatureDescription[] expectedSignatures, VisualBasicCompilationOptions options, VisualBasicParseOptions parseOptions, Boolean verify) in C:\Users\Adam\Source\Repos\roslyn-AdamSpeight2008\src\Compilers\Test\Utilities\VisualBasic\BasicTestBase.vb:line 164
   at Microsoft.CodeAnalysis.VisualBasic.UnitTests.Semantics.OptionalArgumentTests_ImplicitDefaultValue.IsOptionalVsHasDefaultValue_Decimal() in C:\Users\Adam\Source\Repos\roslyn-AdamSpeight2008\src\Compilers\VisualBasic\Test\Semantic\Semantics\OptionalArgumentTests_ImplicitDefaultValue.vb:line 2624

Test: Microsoft.CodeAnalysis.VisualBasic.UnitTests.Semantics.OptionalArgumentTests_ImplicitDefaultValue.OptionalNullableIntegerWithNothingValue
Exception Type: Microsoft.CodeAnalysis.Test.Utilities.EmitException
Message:
Microsoft.CodeAnalysis.Test.Utilities.EmitException : Emit Failed, binaries saved to: 
C:\Users\Adam\AppData\Local\Temp\
a.vb(4) : error BC30812: Optional parameters must specify a default value.
a.vb(4) : error BC30201: Expression expected.

   at Microsoft.CodeAnalysis.Test.Utilities.HostedRuntimeEnvironment.Emit(Compilation mainCompilation, IEnumerable`1 manifestResources, Boolean usePdbForDebugging) in C:\Users\Adam\Source\Repos\roslyn-AdamSpeight2008\src\Test\Utilities\Desktop\HostedRuntimeEnvironment.cs:line 229
   at Microsoft.CodeAnalysis.Test.Utilities.CommonTestBase.CompilationVerifier.Emit(IRuntimeEnvironment testEnvironment, IEnumerable`1 manifestResources) in C:\Users\Adam\Source\Repos\roslyn-AdamSpeight2008\src\Test\Utilities\Desktop\CommonTestBase.CompilationVerifier.cs:line 128
   at Microsoft.CodeAnalysis.Test.Utilities.CommonTestBase.CompilationVerifier.Emit(String expectedOutput, IEnumerable`1 manifestResources, Boolean peVerify, SignatureDescription[] expectedSignatures) in C:\Users\Adam\Source\Repos\roslyn-AdamSpeight2008\src\Test\Utilities\Desktop\CommonTestBase.CompilationVerifier.cs:line 94
   at Microsoft.CodeAnalysis.Test.Utilities.CommonTestBase.Emit(Compilation compilation, IEnumerable`1 dependencies, IEnumerable`1 manifestResources, SignatureDescription[] expectedSignatures, String expectedOutput, Action`1 assemblyValidator, Action`1 symbolValidator, Boolean verify) in C:\Users\Adam\Source\Repos\roslyn-AdamSpeight2008\src\Test\Utilities\Desktop\CommonTestBase.cs:line 204
   at Microsoft.CodeAnalysis.Test.Utilities.CommonTestBase.CompileAndVerify(Compilation compilation, IEnumerable`1 manifestResources, IEnumerable`1 dependencies, Action`1 sourceSymbolValidator, Action`1 assemblyValidator, Action`1 symbolValidator, SignatureDescription[] expectedSignatures, String expectedOutput, Boolean verify) in C:\Users\Adam\Source\Repos\roslyn-AdamSpeight2008\src\Test\Utilities\Desktop\CommonTestBase.cs:line 129
   at Microsoft.CodeAnalysis.VisualBasic.UnitTests.BasicTestBase.CompileAndVerify(XElement source, IEnumerable`1 allReferences, String expectedOutput, IEnumerable`1 dependencies, Action`1 sourceSymbolValidator, Action`1 validator, Action`1 symbolValidator, SignatureDescription[] expectedSignatures, VisualBasicCompilationOptions options, VisualBasicParseOptions parseOptions, Boolean verify) in C:\Users\Adam\Source\Repos\roslyn-AdamSpeight2008\src\Compilers\Test\Utilities\VisualBasic\BasicTestBase.vb:line 164
   at Microsoft.CodeAnalysis.VisualBasic.UnitTests.BasicTestBase.CompileAndVerify(XElement source, String expectedOutput, MetadataReference[] additionalRefs, IEnumerable`1 dependencies, Action`1 sourceSymbolValidator, Action`1 validator, Action`1 symbolValidator, SignatureDescription[] expectedSignatures, VisualBasicCompilationOptions options, VisualBasicParseOptions parseOptions, Boolean verify, Boolean useLatestFramework) in C:\Users\Adam\Source\Repos\roslyn-AdamSpeight2008\src\Compilers\Test\Utilities\VisualBasic\BasicTestBase.vb:line 129
   at Microsoft.CodeAnalysis.VisualBasic.UnitTests.BasicTestBase.CompileAndVerify(XElement source, XCData expectedOutput, MetadataReference[] additionalRefs, IEnumerable`1 dependencies, Action`1 sourceSymbolValidator, Action`1 validator, Action`1 symbolValidator, SignatureDescription[] expectedSignatures, VisualBasicCompilationOptions options, VisualBasicParseOptions parseOptions, Boolean verify) in C:\Users\Adam\Source\Repos\roslyn-AdamSpeight2008\src\Compilers\Test\Utilities\VisualBasic\BasicTestBase.vb:line 51
   at Microsoft.CodeAnalysis.VisualBasic.UnitTests.Semantics.OptionalArgumentTests_ImplicitDefaultValue.OptionalNullableIntegerWithNothingValue() in C:\Users\Adam\Source\Repos\roslyn-AdamSpeight2008\src\Compilers\VisualBasic\Test\Semantic\Semantics\OptionalArgumentTests_ImplicitDefaultValue.vb:line 432

Test: Microsoft.CodeAnalysis.VisualBasic.UnitTests.Semantics.OptionalArgumentTests_ImplicitDefaultValue.IsOptionalVsHasDefaultValue_DateTime
Exception Type: System.ArgumentNullException
Message:
System.ArgumentNullException : VisualBasicParseOptions is required.
Parameter name: opts
   at Microsoft.CodeAnalysis.VisualBasic.Syntax.InternalSyntax.Parser.CheckFeatureAvailability(Feature feature, VisualBasicParseOptions opts) in C:\Users\Adam\Source\Repos\roslyn-AdamSpeight2008\src\Compilers\VisualBasic\Portable\Parser\Parser.vb:line 6102
   at Microsoft.CodeAnalysis.VisualBasic.Symbols.ParameterSymbol.get_ExplicitDefaultValue() in C:\Users\Adam\Source\Repos\roslyn-AdamSpeight2008\src\Compilers\VisualBasic\Portable\Symbols\ParameterSymbol.vb:line 149
   at Microsoft.CodeAnalysis.VisualBasic.UnitTests.Semantics.OptionalArgumentTests_ImplicitDefaultValue._Closure$__47-0._Lambda$__1(ModuleSymbol module) in C:\Users\Adam\Source\Repos\roslyn-AdamSpeight2008\src\Compilers\VisualBasic\Test\Semantic\Semantics\OptionalArgumentTests_ImplicitDefaultValue.vb:line 2677
   at Microsoft.CodeAnalysis.VisualBasic.UnitTests.BasicTestBase._Closure$__2-0._Lambda$__0(IModuleSymbol m) in C:\Users\Adam\Source\Repos\roslyn-AdamSpeight2008\src\Compilers\Test\Utilities\VisualBasic\BasicTestBase.vb:line 26
   at Microsoft.CodeAnalysis.Test.Utilities.CommonTestBase.CompileAndVerify(Compilation compilation, IEnumerable`1 manifestResources, IEnumerable`1 dependencies, Action`1 sourceSymbolValidator, Action`1 assemblyValidator, Action`1 symbolValidator, SignatureDescription[] expectedSignatures, String expectedOutput, Boolean verify) in C:\Users\Adam\Source\Repos\roslyn-AdamSpeight2008\src\Test\Utilities\Desktop\CommonTestBase.cs:line 124
   at Microsoft.CodeAnalysis.VisualBasic.UnitTests.BasicTestBase.CompileAndVerify(XElement source, IEnumerable`1 allReferences, String expectedOutput, IEnumerable`1 dependencies, Action`1 sourceSymbolValidator, Action`1 validator, Action`1 symbolValidator, SignatureDescription[] expectedSignatures, VisualBasicCompilationOptions options, VisualBasicParseOptions parseOptions, Boolean verify) in C:\Users\Adam\Source\Repos\roslyn-AdamSpeight2008\src\Compilers\Test\Utilities\VisualBasic\BasicTestBase.vb:line 164
   at Microsoft.CodeAnalysis.VisualBasic.UnitTests.Semantics.OptionalArgumentTests_ImplicitDefaultValue.IsOptionalVsHasDefaultValue_DateTime() in C:\Users\Adam\Source\Repos\roslyn-AdamSpeight2008\src\Compilers\VisualBasic\Test\Semantic\Semantics\OptionalArgumentTests_ImplicitDefaultValue.vb:line 2766

Test: Microsoft.CodeAnalysis.VisualBasic.UnitTests.Semantics.OptionalArgumentTests_ImplicitDefaultValue.TestOptionalOnGenericMethod
Exception Type: Microsoft.CodeAnalysis.Test.Utilities.EmitException
Message:
Microsoft.CodeAnalysis.Test.Utilities.EmitException : Emit Failed, binaries saved to: 
C:\Users\Adam\AppData\Local\Temp\
a.vb(4) : error BC30812: Optional parameters must specify a default value.
a.vb(4) : error BC30201: Expression expected.

   at Microsoft.CodeAnalysis.Test.Utilities.HostedRuntimeEnvironment.Emit(Compilation mainCompilation, IEnumerable`1 manifestResources, Boolean usePdbForDebugging) in C:\Users\Adam\Source\Repos\roslyn-AdamSpeight2008\src\Test\Utilities\Desktop\HostedRuntimeEnvironment.cs:line 229
   at Microsoft.CodeAnalysis.Test.Utilities.CommonTestBase.CompilationVerifier.Emit(IRuntimeEnvironment testEnvironment, IEnumerable`1 manifestResources) in C:\Users\Adam\Source\Repos\roslyn-AdamSpeight2008\src\Test\Utilities\Desktop\CommonTestBase.CompilationVerifier.cs:line 128
   at Microsoft.CodeAnalysis.Test.Utilities.CommonTestBase.CompilationVerifier.Emit(String expectedOutput, IEnumerable`1 manifestResources, Boolean peVerify, SignatureDescription[] expectedSignatures) in C:\Users\Adam\Source\Repos\roslyn-AdamSpeight2008\src\Test\Utilities\Desktop\CommonTestBase.CompilationVerifier.cs:line 94
   at Microsoft.CodeAnalysis.Test.Utilities.CommonTestBase.Emit(Compilation compilation, IEnumerable`1 dependencies, IEnumerable`1 manifestResources, SignatureDescription[] expectedSignatures, String expectedOutput, Action`1 assemblyValidator, Action`1 symbolValidator, Boolean verify) in C:\Users\Adam\Source\Repos\roslyn-AdamSpeight2008\src\Test\Utilities\Desktop\CommonTestBase.cs:line 204
   at Microsoft.CodeAnalysis.Test.Utilities.CommonTestBase.CompileAndVerify(Compilation compilation, IEnumerable`1 manifestResources, IEnumerable`1 dependencies, Action`1 sourceSymbolValidator, Action`1 assemblyValidator, Action`1 symbolValidator, SignatureDescription[] expectedSignatures, String expectedOutput, Boolean verify) in C:\Users\Adam\Source\Repos\roslyn-AdamSpeight2008\src\Test\Utilities\Desktop\CommonTestBase.cs:line 129
   at Microsoft.CodeAnalysis.VisualBasic.UnitTests.BasicTestBase.CompileAndVerify(XElement source, IEnumerable`1 allReferences, String expectedOutput, IEnumerable`1 dependencies, Action`1 sourceSymbolValidator, Action`1 validator, Action`1 symbolValidator, SignatureDescription[] expectedSignatures, VisualBasicCompilationOptions options, VisualBasicParseOptions parseOptions, Boolean verify) in C:\Users\Adam\Source\Repos\roslyn-AdamSpeight2008\src\Compilers\Test\Utilities\VisualBasic\BasicTestBase.vb:line 164
   at Microsoft.CodeAnalysis.VisualBasic.UnitTests.BasicTestBase.CompileAndVerify(XElement source, String expectedOutput, MetadataReference[] additionalRefs, IEnumerable`1 dependencies, Action`1 sourceSymbolValidator, Action`1 validator, Action`1 symbolValidator, SignatureDescription[] expectedSignatures, VisualBasicCompilationOptions options, VisualBasicParseOptions parseOptions, Boolean verify, Boolean useLatestFramework) in C:\Users\Adam\Source\Repos\roslyn-AdamSpeight2008\src\Compilers\Test\Utilities\VisualBasic\BasicTestBase.vb:line 129
   at Microsoft.CodeAnalysis.VisualBasic.UnitTests.Semantics.OptionalArgumentTests_ImplicitDefaultValue.TestOptionalOnGenericMethod() in C:\Users\Adam\Source\Repos\roslyn-AdamSpeight2008\src\Compilers\VisualBasic\Test\Semantic\Semantics\OptionalArgumentTests_ImplicitDefaultValue.vb:line 47

Test: Microsoft.CodeAnalysis.VisualBasic.UnitTests.Semantics.OptionalArgumentTests_ImplicitDefaultValue.IsOptionalVsHasDefaultValue_UserDefinedStruct
Exception Type: System.ArgumentNullException
Message:
System.ArgumentNullException : VisualBasicParseOptions is required.
Parameter name: opts
   at Microsoft.CodeAnalysis.VisualBasic.Syntax.InternalSyntax.Parser.CheckFeatureAvailability(Feature feature, VisualBasicParseOptions opts) in C:\Users\Adam\Source\Repos\roslyn-AdamSpeight2008\src\Compilers\VisualBasic\Portable\Parser\Parser.vb:line 6102
   at Microsoft.CodeAnalysis.VisualBasic.Symbols.ParameterSymbol.get_ExplicitDefaultValue() in C:\Users\Adam\Source\Repos\roslyn-AdamSpeight2008\src\Compilers\VisualBasic\Portable\Symbols\ParameterSymbol.vb:line 149
   at Microsoft.CodeAnalysis.VisualBasic.UnitTests.Semantics.OptionalArgumentTests_ImplicitDefaultValue._Closure$__44-0._Lambda$__1(ModuleSymbol module) in C:\Users\Adam\Source\Repos\roslyn-AdamSpeight2008\src\Compilers\VisualBasic\Test\Semantic\Semantics\OptionalArgumentTests_ImplicitDefaultValue.vb:line 2294
   at Microsoft.CodeAnalysis.VisualBasic.UnitTests.BasicTestBase._Closure$__2-0._Lambda$__0(IModuleSymbol m) in C:\Users\Adam\Source\Repos\roslyn-AdamSpeight2008\src\Compilers\Test\Utilities\VisualBasic\BasicTestBase.vb:line 26
   at Microsoft.CodeAnalysis.Test.Utilities.CommonTestBase.CompileAndVerify(Compilation compilation, IEnumerable`1 manifestResources, IEnumerable`1 dependencies, Action`1 sourceSymbolValidator, Action`1 assemblyValidator, Action`1 symbolValidator, SignatureDescription[] expectedSignatures, String expectedOutput, Boolean verify) in C:\Users\Adam\Source\Repos\roslyn-AdamSpeight2008\src\Test\Utilities\Desktop\CommonTestBase.cs:line 124
   at Microsoft.CodeAnalysis.VisualBasic.UnitTests.BasicTestBase.CompileAndVerify(XElement source, IEnumerable`1 allReferences, String expectedOutput, IEnumerable`1 dependencies, Action`1 sourceSymbolValidator, Action`1 validator, Action`1 symbolValidator, SignatureDescription[] expectedSignatures, VisualBasicCompilationOptions options, VisualBasicParseOptions parseOptions, Boolean verify) in C:\Users\Adam\Source\Repos\roslyn-AdamSpeight2008\src\Compilers\Test\Utilities\VisualBasic\BasicTestBase.vb:line 164
   at Microsoft.CodeAnalysis.VisualBasic.UnitTests.Semantics.OptionalArgumentTests_ImplicitDefaultValue.IsOptionalVsHasDefaultValue_UserDefinedStruct() in C:\Users\Adam\Source\Repos\roslyn-AdamSpeight2008\src\Compilers\VisualBasic\Test\Semantic\Semantics\OptionalArgumentTests_ImplicitDefaultValue.vb:line 2338

Test: Microsoft.CodeAnalysis.VisualBasic.UnitTests.Semantics.OptionalArgumentTests_ImplicitDefaultValue.TestCallerFilePath2
Exception Type: Microsoft.CodeAnalysis.Test.Utilities.EmitException
Message:
Microsoft.CodeAnalysis.Test.Utilities.EmitException : Emit Failed, binaries saved to: 
C:\Users\Adam\AppData\Local\Temp\
C:\filename(8) : error BC30812: Optional parameters must specify a default value.
C:\filename(8) : error BC30201: Expression expected.

   at Microsoft.CodeAnalysis.Test.Utilities.HostedRuntimeEnvironment.Emit(Compilation mainCompilation, IEnumerable`1 manifestResources, Boolean usePdbForDebugging) in C:\Users\Adam\Source\Repos\roslyn-AdamSpeight2008\src\Test\Utilities\Desktop\HostedRuntimeEnvironment.cs:line 229
   at Microsoft.CodeAnalysis.Test.Utilities.CommonTestBase.CompilationVerifier.Emit(IRuntimeEnvironment testEnvironment, IEnumerable`1 manifestResources) in C:\Users\Adam\Source\Repos\roslyn-AdamSpeight2008\src\Test\Utilities\Desktop\CommonTestBase.CompilationVerifier.cs:line 128
   at Microsoft.CodeAnalysis.Test.Utilities.CommonTestBase.CompilationVerifier.Emit(String expectedOutput, IEnumerable`1 manifestResources, Boolean peVerify, SignatureDescription[] expectedSignatures) in C:\Users\Adam\Source\Repos\roslyn-AdamSpeight2008\src\Test\Utilities\Desktop\CommonTestBase.CompilationVerifier.cs:line 94
   at Microsoft.CodeAnalysis.Test.Utilities.CommonTestBase.Emit(Compilation compilation, IEnumerable`1 dependencies, IEnumerable`1 manifestResources, SignatureDescription[] expectedSignatures, String expectedOutput, Action`1 assemblyValidator, Action`1 symbolValidator, Boolean verify) in C:\Users\Adam\Source\Repos\roslyn-AdamSpeight2008\src\Test\Utilities\Desktop\CommonTestBase.cs:line 204
   at Microsoft.CodeAnalysis.Test.Utilities.CommonTestBase.CompileAndVerify(Compilation compilation, IEnumerable`1 manifestResources, IEnumerable`1 dependencies, Action`1 sourceSymbolValidator, Action`1 assemblyValidator, Action`1 symbolValidator, SignatureDescription[] expectedSignatures, String expectedOutput, Boolean verify) in C:\Users\Adam\Source\Repos\roslyn-AdamSpeight2008\src\Test\Utilities\Desktop\CommonTestBase.cs:line 129
   at Microsoft.CodeAnalysis.VisualBasic.UnitTests.BasicTestBase.CompileAndVerify(Compilation compilation, IEnumerable`1 manifestResources, IEnumerable`1 dependencies, Action`1 sourceSymbolValidator, Action`1 validator, Action`1 symbolValidator, SignatureDescription[] expectedSignatures, String expectedOutput, Boolean verify) in C:\Users\Adam\Source\Repos\roslyn-AdamSpeight2008\src\Compilers\Test\Utilities\VisualBasic\BasicTestBase.vb:line 77
   at Microsoft.CodeAnalysis.VisualBasic.UnitTests.Semantics.OptionalArgumentTests_ImplicitDefaultValue.TestCallerFilePath2() in C:\Users\Adam\Source\Repos\roslyn-AdamSpeight2008\src\Compilers\VisualBasic\Test\Semantic\Semantics\OptionalArgumentTests_ImplicitDefaultValue.vb:line 2089

Test: Microsoft.CodeAnalysis.VisualBasic.UnitTests.Semantics.OptionalArgumentTests_ImplicitDefaultValue.CallerInfo5
Exception Type: Microsoft.CodeAnalysis.Test.Utilities.ExecutionException
Message:
Microsoft.CodeAnalysis.Test.Utilities.ExecutionException : 
Execution failed for assembly 'C:\Users\Adam\AppData\Local\Temp\'.
Expected: 1: 21
0: 22
2: 23
3: 23
4: 27
5: 30
6: 33
Actual:   1: 0
0: 0
2: 0
3: 0
4: 0
5: 0
6: 0


   at Microsoft.CodeAnalysis.Test.Utilities.HostedRuntimeEnvironment.Execute(String moduleName, String expectedOutput) in C:\Users\Adam\Source\Repos\roslyn-AdamSpeight2008\src\Test\Utilities\Desktop\HostedRuntimeEnvironment.cs:line 263
   at Microsoft.CodeAnalysis.Test.Utilities.CommonTestBase.CompilationVerifier.Emit(String expectedOutput, IEnumerable`1 manifestResources, Boolean peVerify, SignatureDescription[] expectedSignatures) in C:\Users\Adam\Source\Repos\roslyn-AdamSpeight2008\src\Test\Utilities\Desktop\CommonTestBase.CompilationVerifier.cs:line 109
   at Microsoft.CodeAnalysis.Test.Utilities.CommonTestBase.Emit(Compilation compilation, IEnumerable`1 dependencies, IEnumerable`1 manifestResources, SignatureDescription[] expectedSignatures, String expectedOutput, Action`1 assemblyValidator, Action`1 symbolValidator, Boolean verify) in C:\Users\Adam\Source\Repos\roslyn-AdamSpeight2008\src\Test\Utilities\Desktop\CommonTestBase.cs:line 204
   at Microsoft.CodeAnalysis.Test.Utilities.CommonTestBase.CompileAndVerify(Compilation compilation, IEnumerable`1 manifestResources, IEnumerable`1 dependencies, Action`1 sourceSymbolValidator, Action`1 assemblyValidator, Action`1 symbolValidator, SignatureDescription[] expectedSignatures, String expectedOutput, Boolean verify) in C:\Users\Adam\Source\Repos\roslyn-AdamSpeight2008\src\Test\Utilities\Desktop\CommonTestBase.cs:line 129
   at Microsoft.CodeAnalysis.VisualBasic.UnitTests.BasicTestBase.CompileAndVerify(Compilation compilation, IEnumerable`1 manifestResources, IEnumerable`1 dependencies, Action`1 sourceSymbolValidator, Action`1 validator, Action`1 symbolValidator, SignatureDescription[] expectedSignatures, String expectedOutput, Boolean verify) in C:\Users\Adam\Source\Repos\roslyn-AdamSpeight2008\src\Compilers\Test\Utilities\VisualBasic\BasicTestBase.vb:line 77
   at Microsoft.CodeAnalysis.VisualBasic.UnitTests.Semantics.OptionalArgumentTests_ImplicitDefaultValue.CallerInfo5() in C:\Users\Adam\Source\Repos\roslyn-AdamSpeight2008\src\Compilers\VisualBasic\Test\Semantic\Semantics\OptionalArgumentTests_ImplicitDefaultValue.vb:line 1868

Test: Microsoft.CodeAnalysis.VisualBasic.UnitTests.Semantics.OptionalArgumentTests_ImplicitDefaultValue.CallerInfo6
Exception Type: Microsoft.CodeAnalysis.Test.Utilities.ExecutionException
Message:
Microsoft.CodeAnalysis.Test.Utilities.ExecutionException : 
Execution failed for assembly 'C:\Users\Adam\AppData\Local\Temp\'.
Expected:  x: 14
y: 15

Actual:   x: 0
y: 0


   at Microsoft.CodeAnalysis.Test.Utilities.HostedRuntimeEnvironment.Execute(String moduleName, String expectedOutput) in C:\Users\Adam\Source\Repos\roslyn-AdamSpeight2008\src\Test\Utilities\Desktop\HostedRuntimeEnvironment.cs:line 263
   at Microsoft.CodeAnalysis.Test.Utilities.CommonTestBase.CompilationVerifier.Emit(String expectedOutput, IEnumerable`1 manifestResources, Boolean peVerify, SignatureDescription[] expectedSignatures) in C:\Users\Adam\Source\Repos\roslyn-AdamSpeight2008\src\Test\Utilities\Desktop\CommonTestBase.CompilationVerifier.cs:line 109
   at Microsoft.CodeAnalysis.Test.Utilities.CommonTestBase.Emit(Compilation compilation, IEnumerable`1 dependencies, IEnumerable`1 manifestResources, SignatureDescription[] expectedSignatures, String expectedOutput, Action`1 assemblyValidator, Action`1 symbolValidator, Boolean verify) in C:\Users\Adam\Source\Repos\roslyn-AdamSpeight2008\src\Test\Utilities\Desktop\CommonTestBase.cs:line 204
   at Microsoft.CodeAnalysis.Test.Utilities.CommonTestBase.CompileAndVerify(Compilation compilation, IEnumerable`1 manifestResources, IEnumerable`1 dependencies, Action`1 sourceSymbolValidator, Action`1 assemblyValidator, Action`1 symbolValidator, SignatureDescription[] expectedSignatures, String expectedOutput, Boolean verify) in C:\Users\Adam\Source\Repos\roslyn-AdamSpeight2008\src\Test\Utilities\Desktop\CommonTestBase.cs:line 129
   at Microsoft.CodeAnalysis.VisualBasic.UnitTests.BasicTestBase.CompileAndVerify(Compilation compilation, IEnumerable`1 manifestResources, IEnumerable`1 dependencies, Action`1 sourceSymbolValidator, Action`1 validator, Action`1 symbolValidator, SignatureDescription[] expectedSignatures, String expectedOutput, Boolean verify) in C:\Users\Adam\Source\Repos\roslyn-AdamSpeight2008\src\Compilers\Test\Utilities\VisualBasic\BasicTestBase.vb:line 77
   at Microsoft.CodeAnalysis.VisualBasic.UnitTests.Semantics.OptionalArgumentTests_ImplicitDefaultValue.CallerInfo6() in C:\Users\Adam\Source\Repos\roslyn-AdamSpeight2008\src\Compilers\VisualBasic\Test\Semantic\Semantics\OptionalArgumentTests_ImplicitDefaultValue.vb:line 1906

Test: Microsoft.CodeAnalysis.VisualBasic.UnitTests.Semantics.OptionalArgumentTests_ImplicitDefaultValue.IsOptionalVsHasDefaultValue_PrimitiveStruct
Exception Type: System.ArgumentNullException
Message:
System.ArgumentNullException : VisualBasicParseOptions is required.
Parameter name: opts
   at Microsoft.CodeAnalysis.VisualBasic.Syntax.InternalSyntax.Parser.CheckFeatureAvailability(Feature feature, VisualBasicParseOptions opts) in C:\Users\Adam\Source\Repos\roslyn-AdamSpeight2008\src\Compilers\VisualBasic\Portable\Parser\Parser.vb:line 6102
   at Microsoft.CodeAnalysis.VisualBasic.Symbols.ParameterSymbol.get_ExplicitDefaultValue() in C:\Users\Adam\Source\Repos\roslyn-AdamSpeight2008\src\Compilers\VisualBasic\Portable\Symbols\ParameterSymbol.vb:line 149
   at Microsoft.CodeAnalysis.VisualBasic.UnitTests.Semantics.OptionalArgumentTests_ImplicitDefaultValue._Closure$__43-0._Lambda$__1(ModuleSymbol module) in C:\Users\Adam\Source\Repos\roslyn-AdamSpeight2008\src\Compilers\VisualBasic\Test\Semantic\Semantics\OptionalArgumentTests_ImplicitDefaultValue.vb:line 2182
   at Microsoft.CodeAnalysis.VisualBasic.UnitTests.BasicTestBase._Closure$__2-0._Lambda$__0(IModuleSymbol m) in C:\Users\Adam\Source\Repos\roslyn-AdamSpeight2008\src\Compilers\Test\Utilities\VisualBasic\BasicTestBase.vb:line 26
   at Microsoft.CodeAnalysis.Test.Utilities.CommonTestBase.CompileAndVerify(Compilation compilation, IEnumerable`1 manifestResources, IEnumerable`1 dependencies, Action`1 sourceSymbolValidator, Action`1 assemblyValidator, Action`1 symbolValidator, SignatureDescription[] expectedSignatures, String expectedOutput, Boolean verify) in C:\Users\Adam\Source\Repos\roslyn-AdamSpeight2008\src\Test\Utilities\Desktop\CommonTestBase.cs:line 124
   at Microsoft.CodeAnalysis.VisualBasic.UnitTests.BasicTestBase.CompileAndVerify(XElement source, IEnumerable`1 allReferences, String expectedOutput, IEnumerable`1 dependencies, Action`1 sourceSymbolValidator, Action`1 validator, Action`1 symbolValidator, SignatureDescription[] expectedSignatures, VisualBasicCompilationOptions options, VisualBasicParseOptions parseOptions, Boolean verify) in C:\Users\Adam\Source\Repos\roslyn-AdamSpeight2008\src\Compilers\Test\Utilities\VisualBasic\BasicTestBase.vb:line 164
   at Microsoft.CodeAnalysis.VisualBasic.UnitTests.Semantics.OptionalArgumentTests_ImplicitDefaultValue.IsOptionalVsHasDefaultValue_PrimitiveStruct() in C:\Users\Adam\Source\Repos\roslyn-AdamSpeight2008\src\Compilers\VisualBasic\Test\Semantic\Semantics\OptionalArgumentTests_ImplicitDefaultValue.vb:line 2251

Test: Microsoft.CodeAnalysis.VisualBasic.UnitTests.Semantics.OptionalArgumentTests_ImplicitDefaultValue.OptionalWithMarshallAs
Exception Type: Microsoft.CodeAnalysis.Test.Utilities.ExecutionException
Message:
Microsoft.CodeAnalysis.Test.Utilities.ExecutionException : 
Execution failed for assembly 'C:\Users\Adam\AppData\Local\Temp\'.
Expected: 
1
2
3
4
5
6
7
8

Actual:   1
2
3
4
5
6
System.Runtime.InteropServices.DispatchWrapper
System.Runtime.InteropServices.DispatchWrapper


   at Microsoft.CodeAnalysis.Test.Utilities.HostedRuntimeEnvironment.Execute(String moduleName, String expectedOutput) in C:\Users\Adam\Source\Repos\roslyn-AdamSpeight2008\src\Test\Utilities\Desktop\HostedRuntimeEnvironment.cs:line 263
   at Microsoft.CodeAnalysis.Test.Utilities.CommonTestBase.CompilationVerifier.Emit(String expectedOutput, IEnumerable`1 manifestResources, Boolean peVerify, SignatureDescription[] expectedSignatures) in C:\Users\Adam\Source\Repos\roslyn-AdamSpeight2008\src\Test\Utilities\Desktop\CommonTestBase.CompilationVerifier.cs:line 109
   at Microsoft.CodeAnalysis.Test.Utilities.CommonTestBase.Emit(Compilation compilation, IEnumerable`1 dependencies, IEnumerable`1 manifestResources, SignatureDescription[] expectedSignatures, String expectedOutput, Action`1 assemblyValidator, Action`1 symbolValidator, Boolean verify) in C:\Users\Adam\Source\Repos\roslyn-AdamSpeight2008\src\Test\Utilities\Desktop\CommonTestBase.cs:line 204
   at Microsoft.CodeAnalysis.Test.Utilities.CommonTestBase.CompileAndVerify(Compilation compilation, IEnumerable`1 manifestResources, IEnumerable`1 dependencies, Action`1 sourceSymbolValidator, Action`1 assemblyValidator, Action`1 symbolValidator, SignatureDescription[] expectedSignatures, String expectedOutput, Boolean verify) in C:\Users\Adam\Source\Repos\roslyn-AdamSpeight2008\src\Test\Utilities\Desktop\CommonTestBase.cs:line 129
   at Microsoft.CodeAnalysis.VisualBasic.UnitTests.BasicTestBase.CompileAndVerify(XElement source, IEnumerable`1 allReferences, String expectedOutput, IEnumerable`1 dependencies, Action`1 sourceSymbolValidator, Action`1 validator, Action`1 symbolValidator, SignatureDescription[] expectedSignatures, VisualBasicCompilationOptions options, VisualBasicParseOptions parseOptions, Boolean verify) in C:\Users\Adam\Source\Repos\roslyn-AdamSpeight2008\src\Compilers\Test\Utilities\VisualBasic\BasicTestBase.vb:line 164
   at Microsoft.CodeAnalysis.VisualBasic.UnitTests.BasicTestBase.CompileAndVerify(XElement source, String expectedOutput, MetadataReference[] additionalRefs, IEnumerable`1 dependencies, Action`1 sourceSymbolValidator, Action`1 validator, Action`1 symbolValidator, SignatureDescription[] expectedSignatures, VisualBasicCompilationOptions options, VisualBasicParseOptions parseOptions, Boolean verify, Boolean useLatestFramework) in C:\Users\Adam\Source\Repos\roslyn-AdamSpeight2008\src\Compilers\Test\Utilities\VisualBasic\BasicTestBase.vb:line 129
   at Microsoft.CodeAnalysis.VisualBasic.UnitTests.Semantics.OptionalArgumentTests_ImplicitDefaultValue.OptionalWithMarshallAs() in C:\Users\Adam\Source\Repos\roslyn-AdamSpeight2008\src\Compilers\VisualBasic\Test\Semantic\Semantics\OptionalArgumentTests_ImplicitDefaultValue.vb:line 862

Collection: Test collection for Microsoft.CodeAnalysis.VisualBasic.UnitTests.BindingErrorTests

Test: Microsoft.CodeAnalysis.VisualBasic.UnitTests.BindingErrorTests.BC30455ERR_OmittedArgument2_1
Exception Type: Xunit.Sdk.TrueException
Message:

MISSING ERROR MESSAGES:
BC30455: Argument not specified for parameter 'offset' of 'Public Overloads Sub New(offset As Integer)'.
               <System.Runtime.InteropServices.FieldOffset()>
                                               ~~~~~~~~~~~
UNEXPECTED ERROR MESSAGES:

Expected: True
Actual:   False
   at Microsoft.CodeAnalysis.VisualBasic.UnitTests.CompilationUtils.AssertTheseDiagnostics(ImmutableArray`1 errors, String expectedText, Boolean suppressInfos) in C:\Users\Adam\Source\Repos\roslyn-AdamSpeight2008\src\Compilers\Test\Utilities\VisualBasic\CompilationTestUtils.vb:line 885
   at Microsoft.CodeAnalysis.VisualBasic.UnitTests.CompilationUtils.AssertTheseDiagnostics(ImmutableArray`1 errors, XElement errs, Boolean suppressInfos) in C:\Users\Adam\Source\Repos\roslyn-AdamSpeight2008\src\Compilers\Test\Utilities\VisualBasic\CompilationTestUtils.vb:line 841
   at Microsoft.CodeAnalysis.VisualBasic.UnitTests.CompilationUtils.AssertTheseDiagnostics(Compilation compilation, XElement errs, Boolean suppressInfos) in C:\Users\Adam\Source\Repos\roslyn-AdamSpeight2008\src\Compilers\Test\Utilities\VisualBasic\CompilationTestUtils.vb:line 819
   at Microsoft.CodeAnalysis.VisualBasic.UnitTests.BindingErrorTests.BC30455ERR_OmittedArgument2_1() in C:\Users\Adam\Source\Repos\roslyn-AdamSpeight2008\src\Compilers\VisualBasic\Test\Semantic\Binding\BindingErrorTests.vb:line 6871

Test: Microsoft.CodeAnalysis.VisualBasic.UnitTests.BindingErrorTests.Bug573728
Exception Type: Xunit.Sdk.TrueException
Message:

MISSING ERROR MESSAGES:
BC30455: Argument not specified for parameter 'i' of 'D'.
        o()
        ~
UNEXPECTED ERROR MESSAGES:

Expected: True
Actual:   False
   at Microsoft.CodeAnalysis.VisualBasic.UnitTests.CompilationUtils.AssertTheseDiagnostics(ImmutableArray`1 errors, String expectedText, Boolean suppressInfos) in C:\Users\Adam\Source\Repos\roslyn-AdamSpeight2008\src\Compilers\Test\Utilities\VisualBasic\CompilationTestUtils.vb:line 885
   at Microsoft.CodeAnalysis.VisualBasic.UnitTests.CompilationUtils.AssertTheseDiagnostics(ImmutableArray`1 errors, XElement errs, Boolean suppressInfos) in C:\Users\Adam\Source\Repos\roslyn-AdamSpeight2008\src\Compilers\Test\Utilities\VisualBasic\CompilationTestUtils.vb:line 841
   at Microsoft.CodeAnalysis.VisualBasic.UnitTests.CompilationUtils.AssertTheseDiagnostics(Compilation compilation, XElement errs, Boolean suppressInfos) in C:\Users\Adam\Source\Repos\roslyn-AdamSpeight2008\src\Compilers\Test\Utilities\VisualBasic\CompilationTestUtils.vb:line 819
   at Microsoft.CodeAnalysis.VisualBasic.UnitTests.BindingErrorTests.Bug573728() in C:\Users\Adam\Source\Repos\roslyn-AdamSpeight2008\src\Compilers\VisualBasic\Test\Semantic\Binding\BindingErrorTests.vb:line 24371

Test: Microsoft.CodeAnalysis.VisualBasic.UnitTests.BindingErrorTests.BC30272ERR_NamedParamNotFound2
Exception Type: Xunit.Sdk.TrueException
Message:

Expected:
    Diagnostic(ERRID.ERR_NamedParamNotFound2, "t1").WithArguments("t1", "Public Overloads Sub Foo(y1 As Integer)"),
    Diagnostic(ERRID.ERR_OmittedArgument2, "Foo").WithArguments("y1", "Public Overloads Sub Foo(y1 As Integer)")
Actual:
    Diagnostic(ERRID.ERR_NamedParamNotFound2, "t1").WithArguments("t1", "Public Overloads Sub Foo(y1 As Integer)").WithLocation(17, 30)
Diff:
++>     Diagnostic(ERRID.ERR_NamedParamNotFound2, "t1").WithArguments("t1", "Public Overloads Sub Foo(y1 As Integer)").WithLocation(17, 30)
-->     Diagnostic(ERRID.ERR_NamedParamNotFound2, "t1").WithArguments("t1", "Public Overloads Sub Foo(y1 As Integer)"),
-->     Diagnostic(ERRID.ERR_OmittedArgument2, "Foo").WithArguments("y1", "Public Overloads Sub Foo(y1 As Integer)")
Expected: True
Actual:   False
   at Microsoft.CodeAnalysis.DiagnosticExtensions.Verify(IEnumerable`1 actual, DiagnosticDescription[] expected, Boolean errorCodeOnly) in C:\Users\Adam\Source\Repos\roslyn-AdamSpeight2008\src\Test\Utilities\Shared\Diagnostics\DiagnosticExtensions.cs:line 84
   at Microsoft.CodeAnalysis.DiagnosticExtensions.Verify(IEnumerable`1 actual, DiagnosticDescription[] expected) in C:\Users\Adam\Source\Repos\roslyn-AdamSpeight2008\src\Test\Utilities\Shared\Diagnostics\DiagnosticExtensions.cs:line 46
   at Microsoft.CodeAnalysis.DiagnosticExtensions.Verify(ImmutableArray`1 actual, DiagnosticDescription[] expected) in C:\Users\Adam\Source\Repos\roslyn-AdamSpeight2008\src\Test\Utilities\Shared\Diagnostics\DiagnosticExtensions.cs:line 61
   at Microsoft.CodeAnalysis.VisualBasic.DiagnosticsExtensions.VerifyDiagnostics(VisualBasicCompilation c, DiagnosticDescription[] expected) in C:\Users\Adam\Source\Repos\roslyn-AdamSpeight2008\src\Compilers\Test\Utilities\VisualBasic\DiagnosticExtensions.vb:line 16
   at Microsoft.CodeAnalysis.VisualBasic.UnitTests.BindingErrorTests.BC30272ERR_NamedParamNotFound2() in C:\Users\Adam\Source\Repos\roslyn-AdamSpeight2008\src\Compilers\VisualBasic\Test\Semantic\Binding\BindingErrorTests.vb:line 3807

Test: Microsoft.CodeAnalysis.VisualBasic.UnitTests.BindingErrorTests.BC30455ERR_OmittedArgument2
Exception Type: Xunit.Sdk.TrueException
Message:

MISSING ERROR MESSAGES:
BC30455: Argument not specified for parameter 'y' of 'Public ReadOnly Default Property P(x As Object, y As Object) As Object'.
                    N(x!Q)
                      ~~~
UNEXPECTED ERROR MESSAGES:

Expected: True
Actual:   False
   at Microsoft.CodeAnalysis.VisualBasic.UnitTests.CompilationUtils.AssertTheseDiagnostics(ImmutableArray`1 errors, String expectedText, Boolean suppressInfos) in C:\Users\Adam\Source\Repos\roslyn-AdamSpeight2008\src\Compilers\Test\Utilities\VisualBasic\CompilationTestUtils.vb:line 885
   at Microsoft.CodeAnalysis.VisualBasic.UnitTests.CompilationUtils.AssertTheseDiagnostics(ImmutableArray`1 errors, XElement errs, Boolean suppressInfos) in C:\Users\Adam\Source\Repos\roslyn-AdamSpeight2008\src\Compilers\Test\Utilities\VisualBasic\CompilationTestUtils.vb:line 841
   at Microsoft.CodeAnalysis.VisualBasic.UnitTests.CompilationUtils.AssertTheseDiagnostics(Compilation compilation, XElement errs, Boolean suppressInfos) in C:\Users\Adam\Source\Repos\roslyn-AdamSpeight2008\src\Compilers\Test\Utilities\VisualBasic\CompilationTestUtils.vb:line 819
   at Microsoft.CodeAnalysis.VisualBasic.UnitTests.BindingErrorTests.BC30455ERR_OmittedArgument2() in C:\Users\Adam\Source\Repos\roslyn-AdamSpeight2008\src\Compilers\VisualBasic\Test\Semantic\Binding\BindingErrorTests.vb:line 6852

Collection: Test collection for Microsoft.CodeAnalysis.VisualBasic.UnitTests.Semantics.QueryExpressions

Test: Microsoft.CodeAnalysis.VisualBasic.UnitTests.Semantics.QueryExpressions.RangeVariableNameInference1
Exception Type: Xunit.Sdk.TrueException
Message:

MISSING ERROR MESSAGES:
BC36586: Argument not specified for parameter 'index' of extension method 'Public Function ElementAtOrDefault(index As Integer) As XElement' defined in 'Enumerable'.
        o = From a In x Select y = 1, x.<Elem2>()
                                        ~~~~~~~
BC36586: Argument not specified for parameter 'index' of extension method 'Public Function ElementAtOrDefault(index As Integer) As XElement' defined in 'Enumerable'.
        o = From a In x Select y = 1, x...<Elem2>()
                                          ~~~~~~~
UNEXPECTED ERROR MESSAGES:

Expected: True
Actual:   False
   at Microsoft.CodeAnalysis.VisualBasic.UnitTests.CompilationUtils.AssertTheseDiagnostics(ImmutableArray`1 errors, String expectedText, Boolean suppressInfos) in C:\Users\Adam\Source\Repos\roslyn-AdamSpeight2008\src\Compilers\Test\Utilities\VisualBasic\CompilationTestUtils.vb:line 885
   at Microsoft.CodeAnalysis.VisualBasic.UnitTests.CompilationUtils.AssertTheseDiagnostics(ImmutableArray`1 errors, XElement errs, Boolean suppressInfos) in C:\Users\Adam\Source\Repos\roslyn-AdamSpeight2008\src\Compilers\Test\Utilities\VisualBasic\CompilationTestUtils.vb:line 841
   at Microsoft.CodeAnalysis.VisualBasic.UnitTests.CompilationUtils.AssertTheseDiagnostics(Compilation compilation, XElement errs, Boolean suppressInfos) in C:\Users\Adam\Source\Repos\roslyn-AdamSpeight2008\src\Compilers\Test\Utilities\VisualBasic\CompilationTestUtils.vb:line 819
   at Microsoft.CodeAnalysis.VisualBasic.UnitTests.Semantics.QueryExpressions.RangeVariableNameInference1() in C:\Users\Adam\Source\Repos\roslyn-AdamSpeight2008\src\Compilers\VisualBasic\Test\Semantic\Semantics\QueryExpressions.vb:line 9937

Collection: Test collection for Microsoft.CodeAnalysis.VisualBasic.UnitTests.GenericConstraintTests

Test: Microsoft.CodeAnalysis.VisualBasic.UnitTests.GenericConstraintTests.MemberLookupClassAndInterfaceConstraints
Exception Type: Xunit.Sdk.TrueException
Message:

MISSING ERROR MESSAGES:
BC30455: Argument not specified for parameter 'y' of 'Public ReadOnly Default Property PD(x As Object, y As Object) As Object'.
                         ~~
BC30455: Argument not specified for parameter 'y' of 'Public ReadOnly Default Property PD(x As Object, y As Object) As Object'.
                         ~~
BC30455: Argument not specified for parameter 'y' of 'Public ReadOnly Default Property PD(x As Object, y As Object) As Object'.
                         ~~
UNEXPECTED ERROR MESSAGES:

Expected: True
Actual:   False
   at Microsoft.CodeAnalysis.VisualBasic.UnitTests.CompilationUtils.AssertTheseDiagnostics(ImmutableArray`1 errors, String expectedText, Boolean suppressInfos) in C:\Users\Adam\Source\Repos\roslyn-AdamSpeight2008\src\Compilers\Test\Utilities\VisualBasic\CompilationTestUtils.vb:line 885
   at Microsoft.CodeAnalysis.VisualBasic.UnitTests.CompilationUtils.AssertTheseDiagnostics(ImmutableArray`1 errors, XElement errs, Boolean suppressInfos) in C:\Users\Adam\Source\Repos\roslyn-AdamSpeight2008\src\Compilers\Test\Utilities\VisualBasic\CompilationTestUtils.vb:line 841
   at Microsoft.CodeAnalysis.VisualBasic.UnitTests.CompilationUtils.AssertTheseDiagnostics(Compilation compilation, XElement errs, Boolean suppressInfos) in C:\Users\Adam\Source\Repos\roslyn-AdamSpeight2008\src\Compilers\Test\Utilities\VisualBasic\CompilationTestUtils.vb:line 819
   at Microsoft.CodeAnalysis.VisualBasic.UnitTests.GenericConstraintTests.MemberLookupClassAndInterfaceConstraints() in C:\Users\Adam\Source\Repos\roslyn-AdamSpeight2008\src\Compilers\VisualBasic\Test\Symbol\SymbolsTests\GenericConstraintTests.vb:line 1731

Test: Microsoft.CodeAnalysis.VisualBasic.UnitTests.GenericConstraintTests.DefaultProperty
Exception Type: Xunit.Sdk.TrueException
Message:

MISSING ERROR MESSAGES:
BC30455: Argument not specified for parameter 'y' of 'Public ReadOnly Default Property P(x As Integer, y As Integer) As Object'.
        _2(o) = _2(x, y)
        ~~
BC30455: Argument not specified for parameter 'y' of 'Public ReadOnly Default Property P(x As Integer, y As Integer) As Object'.
        _3(o) = _3(x, y)
        ~~
BC30455: Argument not specified for parameter 'y' of 'Public ReadOnly Default Property P(x As Integer, y As Integer) As Object'.
        _4(o) = _4(x, y)
        ~~
UNEXPECTED ERROR MESSAGES:

Expected: True
Actual:   False
   at Microsoft.CodeAnalysis.VisualBasic.UnitTests.CompilationUtils.AssertTheseDiagnostics(ImmutableArray`1 errors, String expectedText, Boolean suppressInfos) in C:\Users\Adam\Source\Repos\roslyn-AdamSpeight2008\src\Compilers\Test\Utilities\VisualBasic\CompilationTestUtils.vb:line 885
   at Microsoft.CodeAnalysis.VisualBasic.UnitTests.CompilationUtils.AssertTheseDiagnostics(ImmutableArray`1 errors, XElement errs, Boolean suppressInfos) in C:\Users\Adam\Source\Repos\roslyn-AdamSpeight2008\src\Compilers\Test\Utilities\VisualBasic\CompilationTestUtils.vb:line 841
   at Microsoft.CodeAnalysis.VisualBasic.UnitTests.CompilationUtils.AssertTheseDiagnostics(Compilation compilation, XElement errs, Boolean suppressInfos) in C:\Users\Adam\Source\Repos\roslyn-AdamSpeight2008\src\Compilers\Test\Utilities\VisualBasic\CompilationTestUtils.vb:line 819
   at Microsoft.CodeAnalysis.VisualBasic.UnitTests.GenericConstraintTests.DefaultProperty() in C:\Users\Adam\Source\Repos\roslyn-AdamSpeight2008\src\Compilers\VisualBasic\Test\Symbol\SymbolsTests\GenericConstraintTests.vb:line 970

Test: Microsoft.CodeAnalysis.VisualBasic.UnitTests.GenericConstraintTests.MemberLookupOrder
Exception Type: Xunit.Sdk.TrueException
Message:

MISSING ERROR MESSAGES:
BC30455: Argument not specified for parameter 'y' of 'Public ReadOnly Property P(x As Object, y As Object) As Object'.
        o = _6.P(Nothing)
               ~
BC30455: Argument not specified for parameter 'y' of 'Public ReadOnly Property P(x As Object, y As Object) As Object'.
        o = _7.P(Nothing)
               ~
UNEXPECTED ERROR MESSAGES:

Expected: True
Actual:   False
   at Microsoft.CodeAnalysis.VisualBasic.UnitTests.CompilationUtils.AssertTheseDiagnostics(ImmutableArray`1 errors, String expectedText, Boolean suppressInfos) in C:\Users\Adam\Source\Repos\roslyn-AdamSpeight2008\src\Compilers\Test\Utilities\VisualBasic\CompilationTestUtils.vb:line 885
   at Microsoft.CodeAnalysis.VisualBasic.UnitTests.CompilationUtils.AssertTheseDiagnostics(ImmutableArray`1 errors, XElement errs, Boolean suppressInfos) in C:\Users\Adam\Source\Repos\roslyn-AdamSpeight2008\src\Compilers\Test\Utilities\VisualBasic\CompilationTestUtils.vb:line 841
   at Microsoft.CodeAnalysis.VisualBasic.UnitTests.CompilationUtils.AssertTheseDiagnostics(Compilation compilation, XElement errs, Boolean suppressInfos) in C:\Users\Adam\Source\Repos\roslyn-AdamSpeight2008\src\Compilers\Test\Utilities\VisualBasic\CompilationTestUtils.vb:line 819
   at Microsoft.CodeAnalysis.VisualBasic.UnitTests.GenericConstraintTests.MemberLookupOrder() in C:\Users\Adam\Source\Repos\roslyn-AdamSpeight2008\src\Compilers\VisualBasic\Test\Symbol\SymbolsTests\GenericConstraintTests.vb:line 1439

Test: Microsoft.CodeAnalysis.VisualBasic.UnitTests.GenericConstraintTests.DefaultPropertyAmbiguous
Exception Type: Xunit.Sdk.TrueException
Message:

MISSING ERROR MESSAGES:
BC30455: Argument not specified for parameter 'y' of 'Public Default Property C(x As Object, y As Object) As Object'.
        o = _5(o)
UNEXPECTED ERROR MESSAGES:

Expected: True
Actual:   False
   at Microsoft.CodeAnalysis.VisualBasic.UnitTests.CompilationUtils.AssertTheseDiagnostics(ImmutableArray`1 errors, String expectedText, Boolean suppressInfos) in C:\Users\Adam\Source\Repos\roslyn-AdamSpeight2008\src\Compilers\Test\Utilities\VisualBasic\CompilationTestUtils.vb:line 885
   at Microsoft.CodeAnalysis.VisualBasic.UnitTests.CompilationUtils.AssertTheseDiagnostics(ImmutableArray`1 errors, XElement errs, Boolean suppressInfos) in C:\Users\Adam\Source\Repos\roslyn-AdamSpeight2008\src\Compilers\Test\Utilities\VisualBasic\CompilationTestUtils.vb:line 841
   at Microsoft.CodeAnalysis.VisualBasic.UnitTests.CompilationUtils.AssertTheseDiagnostics(Compilation compilation, XElement errs, Boolean suppressInfos) in C:\Users\Adam\Source\Repos\roslyn-AdamSpeight2008\src\Compilers\Test\Utilities\VisualBasic\CompilationTestUtils.vb:line 819
   at Microsoft.CodeAnalysis.VisualBasic.UnitTests.GenericConstraintTests.DefaultPropertyAmbiguous() in C:\Users\Adam\Source\Repos\roslyn-AdamSpeight2008\src\Compilers\VisualBasic\Test\Symbol\SymbolsTests\GenericConstraintTests.vb:line 1192

Collection: Test collection for Microsoft.CodeAnalysis.VisualBasic.UnitTests.MethodTests

Test: Microsoft.CodeAnalysis.VisualBasic.UnitTests.MethodTests.ProbableExtensionMethod
Exception Type: Xunit.Sdk.TrueException
Message:

MISSING ERROR MESSAGES:
BC30455: Argument not specified for parameter 'this' of 'Public Sub badext1(this As C1)'.
        badext1()
        ~~~~~~~
BC30455: Argument not specified for parameter 'this' of 'Public Sub badext2(this As C1)'.
        badext2()
        ~~~~~~~
BC30455: Argument not specified for parameter 'this' of 'Public Sub badext4(this As C1)'.
        badext4()
        ~~~~~~~
BC30455: Argument not specified for parameter 'this' of 'Public Sub badext5(this As C1)'.
        badext5()
        ~~~~~~~
BC30455: Argument not specified for parameter 'this' of 'Public Declare Ansi Sub badext6 Lib "foo" (this As C1)'.
        badext6()
        ~~~~~~~
UNEXPECTED ERROR MESSAGES:

Expected: True
Actual:   False
   at Microsoft.CodeAnalysis.VisualBasic.UnitTests.CompilationUtils.AssertTheseDiagnostics(ImmutableArray`1 errors, String expectedText, Boolean suppressInfos) in C:\Users\Adam\Source\Repos\roslyn-AdamSpeight2008\src\Compilers\Test\Utilities\VisualBasic\CompilationTestUtils.vb:line 885
   at Microsoft.CodeAnalysis.VisualBasic.UnitTests.CompilationUtils.AssertTheseDiagnostics(ImmutableArray`1 errors, XElement errs, Boolean suppressInfos) in C:\Users\Adam\Source\Repos\roslyn-AdamSpeight2008\src\Compilers\Test\Utilities\VisualBasic\CompilationTestUtils.vb:line 841
   at Microsoft.CodeAnalysis.VisualBasic.UnitTests.CompilationUtils.AssertTheseDiagnostics(Compilation compilation, XElement errs, Boolean suppressInfos) in C:\Users\Adam\Source\Repos\roslyn-AdamSpeight2008\src\Compilers\Test\Utilities\VisualBasic\CompilationTestUtils.vb:line 819
   at Microsoft.CodeAnalysis.VisualBasic.UnitTests.MethodTests.ProbableExtensionMethod() in C:\Users\Adam\Source\Repos\roslyn-AdamSpeight2008\src\Compilers\VisualBasic\Test\Symbol\SymbolsTests\Source\MethodTests.vb:line 1660

Collection: Test collection for Microsoft.CodeAnalysis.VisualBasic.UnitTests.PEParameterSymbolTests

Test: Microsoft.CodeAnalysis.VisualBasic.UnitTests.PEParameterSymbolTests.NoParameterNames
Exception Type: Xunit.Sdk.TrueException
Message:

MISSING ERROR MESSAGES:
BC30455: Argument not specified for parameter 'Param' of 'Sub M(Param As Object, Param As Object)'.
          ~
UNEXPECTED ERROR MESSAGES:

Expected: True
Actual:   False
   at Microsoft.CodeAnalysis.VisualBasic.UnitTests.CompilationUtils.AssertTheseDiagnostics(ImmutableArray`1 errors, String expectedText, Boolean suppressInfos) in C:\Users\Adam\Source\Repos\roslyn-AdamSpeight2008\src\Compilers\Test\Utilities\VisualBasic\CompilationTestUtils.vb:line 885
   at Microsoft.CodeAnalysis.VisualBasic.UnitTests.CompilationUtils.AssertTheseDiagnostics(ImmutableArray`1 errors, XElement errs, Boolean suppressInfos) in C:\Users\Adam\Source\Repos\roslyn-AdamSpeight2008\src\Compilers\Test\Utilities\VisualBasic\CompilationTestUtils.vb:line 841
   at Microsoft.CodeAnalysis.VisualBasic.UnitTests.CompilationUtils.AssertTheseDiagnostics(Compilation compilation, XElement errs, Boolean suppressInfos) in C:\Users\Adam\Source\Repos\roslyn-AdamSpeight2008\src\Compilers\Test\Utilities\VisualBasic\CompilationTestUtils.vb:line 819
   at Microsoft.CodeAnalysis.VisualBasic.UnitTests.PEParameterSymbolTests.NoParameterNames() in C:\Users\Adam\Source\Repos\roslyn-AdamSpeight2008\src\Compilers\VisualBasic\Test\Symbol\SymbolsTests\Metadata\PE\PEParameterSymbolTests.vb:line 43

Collection: Test collection for Microsoft.CodeAnalysis.VisualBasic.UnitTests.PropertyTests

Test: Microsoft.CodeAnalysis.VisualBasic.UnitTests.PropertyTests.DifferentAccessorSignatures_Optional
Exception Type: Xunit.Sdk.TrueException
Message:

MISSING ERROR MESSAGES:
BC30455: Argument not specified for parameter 'y' of 'Public Property P2(x As Object, y As Object) As Object'.
        v = o.P2(v)
              ~~
BC30455: Argument not specified for parameter 'y' of 'Public Property P2(x As Object, y As Object) As Object'.
        o.P2(v) = v
          ~~
BC30455: Argument not specified for parameter 'y' of 'Public Property P3(x As Object, y As Object) As Object'.
        v = o.P3(v)
              ~~
BC30455: Argument not specified for parameter 'y' of 'Public Property P3(x As Object, y As Object) As Object'.
        o.P3(v) = v
          ~~
UNEXPECTED ERROR MESSAGES:

Expected: True
Actual:   False
   at Microsoft.CodeAnalysis.VisualBasic.UnitTests.CompilationUtils.AssertTheseDiagnostics(ImmutableArray`1 errors, String expectedText, Boolean suppressInfos) in C:\Users\Adam\Source\Repos\roslyn-AdamSpeight2008\src\Compilers\Test\Utilities\VisualBasic\CompilationTestUtils.vb:line 885
   at Microsoft.CodeAnalysis.VisualBasic.UnitTests.CompilationUtils.AssertTheseDiagnostics(ImmutableArray`1 errors, XElement errs, Boolean suppressInfos) in C:\Users\Adam\Source\Repos\roslyn-AdamSpeight2008\src\Compilers\Test\Utilities\VisualBasic\CompilationTestUtils.vb:line 841
   at Microsoft.CodeAnalysis.VisualBasic.UnitTests.CompilationUtils.AssertTheseDiagnostics(Compilation compilation, XElement errs, Boolean suppressInfos) in C:\Users\Adam\Source\Repos\roslyn-AdamSpeight2008\src\Compilers\Test\Utilities\VisualBasic\CompilationTestUtils.vb:line 819
   at Microsoft.CodeAnalysis.VisualBasic.UnitTests.PropertyTests.DifferentAccessorSignatures_Optional() in C:\Users\Adam\Source\Repos\roslyn-AdamSpeight2008\src\Compilers\VisualBasic\Test\Symbol\SymbolsTests\Source\PropertyTests.vb:line 7082

Test: Microsoft.CodeAnalysis.VisualBasic.UnitTests.PropertyTests.DistinctOptionalParameterValues
Exception Type: Xunit.Sdk.TrueException
Message:

MISSING ERROR MESSAGES:
BC30455: Argument not specified for parameter 'y' of 'Public MustOverride Overrides Default Property P(x As Integer, y As Integer) As Integer'.
        a(0) = a(0)
        ~
BC30455: Argument not specified for parameter 'y' of 'Public MustOverride Overrides Default Property P(x As Integer, y As Integer) As Integer'.
        a(0) = a(0)
               ~
BC30455: Argument not specified for parameter 'y' of 'Public MustOverride Overrides Default Property P(x As Integer, y As Integer) As Integer'.
        a(1) += 1
        ~
BC30455: Argument not specified for parameter 'y' of 'Public MustOverride Overrides Default Property P(x As Integer, y As Integer) As Integer'.
        [ByRef](a.P(2))
                  ~
UNEXPECTED ERROR MESSAGES:

Expected: True
Actual:   False
   at Microsoft.CodeAnalysis.VisualBasic.UnitTests.CompilationUtils.AssertTheseDiagnostics(ImmutableArray`1 errors, String expectedText, Boolean suppressInfos) in C:\Users\Adam\Source\Repos\roslyn-AdamSpeight2008\src\Compilers\Test\Utilities\VisualBasic\CompilationTestUtils.vb:line 885
   at Microsoft.CodeAnalysis.VisualBasic.UnitTests.CompilationUtils.AssertTheseDiagnostics(ImmutableArray`1 errors, XElement errs, Boolean suppressInfos) in C:\Users\Adam\Source\Repos\roslyn-AdamSpeight2008\src\Compilers\Test\Utilities\VisualBasic\CompilationTestUtils.vb:line 841
   at Microsoft.CodeAnalysis.VisualBasic.UnitTests.CompilationUtils.AssertTheseDiagnostics(Compilation compilation, XElement errs, Boolean suppressInfos) in C:\Users\Adam\Source\Repos\roslyn-AdamSpeight2008\src\Compilers\Test\Utilities\VisualBasic\CompilationTestUtils.vb:line 819
   at Microsoft.CodeAnalysis.VisualBasic.UnitTests.PropertyTests.DistinctOptionalParameterValues() in C:\Users\Adam\Source\Repos\roslyn-AdamSpeight2008\src\Compilers\VisualBasic\Test\Symbol\SymbolsTests\Source\PropertyTests.vb:line 7160

Test: Microsoft.CodeAnalysis.VisualBasic.UnitTests.PropertyTests.DistinctOptionalParameterValues_AdditionalOptional
Exception Type: Xunit.Sdk.TrueException
Message:

MISSING ERROR MESSAGES:
BC30455: Argument not specified for parameter 'y' of 'Public MustOverride Overrides Property P(x As Integer, y As Integer) As Integer'.
        o.P(1) = o.P(0)
          ~
BC30455: Argument not specified for parameter 'y' of 'Public MustOverride Overrides Property P(x As Integer, y As Integer) As Integer'.
        o.P(1) = o.P(0)
                   ~
BC30455: Argument not specified for parameter 'y' of 'Public MustOverride Overrides Property P(x As Integer, y As Integer) As Integer'.
        o.P(2) += 1
          ~
BC30455: Argument not specified for parameter 'y' of 'Public MustOverride Overrides Property P(x As Integer, y As Integer) As Integer'.
        [ByVal](o.P(4))
                  ~
BC30455: Argument not specified for parameter 'y' of 'Public MustOverride Overrides Property P(x As Integer, y As Integer) As Integer'.
        [ByRef](o.P(5))
                  ~
BC30455: Argument not specified for parameter 'y' of 'Public MustOverride Overrides Property Q(x As Integer, y As Integer) As Integer'.
        o.Q(1) = o.Q(0)
          ~
BC30455: Argument not specified for parameter 'y' of 'Public MustOverride Overrides Property Q(x As Integer, y As Integer) As Integer'.
        o.Q(1) = o.Q(0)
                   ~
BC30455: Argument not specified for parameter 'y' of 'Public MustOverride Overrides Property Q(x As Integer, y As Integer) As Integer'.
        o.Q(2) += 1
          ~
BC30455: Argument not specified for parameter 'y' of 'Public MustOverride Overrides Property Q(x As Integer, y As Integer) As Integer'.
        [ByVal](o.Q(4))
                  ~
BC30455: Argument not specified for parameter 'y' of 'Public MustOverride Overrides Property Q(x As Integer, y As Integer) As Integer'.
        [ByRef](o.Q(5))
                  ~
UNEXPECTED ERROR MESSAGES:

Expected: True
Actual:   False
   at Microsoft.CodeAnalysis.VisualBasic.UnitTests.CompilationUtils.AssertTheseDiagnostics(ImmutableArray`1 errors, String expectedText, Boolean suppressInfos) in C:\Users\Adam\Source\Repos\roslyn-AdamSpeight2008\src\Compilers\Test\Utilities\VisualBasic\CompilationTestUtils.vb:line 885
   at Microsoft.CodeAnalysis.VisualBasic.UnitTests.CompilationUtils.AssertTheseDiagnostics(ImmutableArray`1 errors, XElement errs, Boolean suppressInfos) in C:\Users\Adam\Source\Repos\roslyn-AdamSpeight2008\src\Compilers\Test\Utilities\VisualBasic\CompilationTestUtils.vb:line 841
   at Microsoft.CodeAnalysis.VisualBasic.UnitTests.CompilationUtils.AssertTheseDiagnostics(Compilation compilation, XElement errs, Boolean suppressInfos) in C:\Users\Adam\Source\Repos\roslyn-AdamSpeight2008\src\Compilers\Test\Utilities\VisualBasic\CompilationTestUtils.vb:line 819
   at Microsoft.CodeAnalysis.VisualBasic.UnitTests.PropertyTests.DistinctOptionalParameterValues_AdditionalOptional() in C:\Users\Adam\Source\Repos\roslyn-AdamSpeight2008\src\Compilers\VisualBasic\Test\Symbol\SymbolsTests\Source\PropertyTests.vb:line 7316

Test: Microsoft.CodeAnalysis.VisualBasic.UnitTests.PropertyTests.DefaultPropertiesDerivedTypes
Exception Type: Xunit.Sdk.TrueException
Message:

MISSING ERROR MESSAGES:
BC30455: Argument not specified for parameter 'y' of 'Public Overloads ReadOnly Default Property G(x As Object, y As Object) As Object'.
        value = b2(1)
                ~~
UNEXPECTED ERROR MESSAGES:

Expected: True
Actual:   False
   at Microsoft.CodeAnalysis.VisualBasic.UnitTests.CompilationUtils.AssertTheseDiagnostics(ImmutableArray`1 errors, String expectedText, Boolean suppressInfos) in C:\Users\Adam\Source\Repos\roslyn-AdamSpeight2008\src\Compilers\Test\Utilities\VisualBasic\CompilationTestUtils.vb:line 885
   at Microsoft.CodeAnalysis.VisualBasic.UnitTests.CompilationUtils.AssertTheseDiagnostics(ImmutableArray`1 errors, XElement errs, Boolean suppressInfos) in C:\Users\Adam\Source\Repos\roslyn-AdamSpeight2008\src\Compilers\Test\Utilities\VisualBasic\CompilationTestUtils.vb:line 841
   at Microsoft.CodeAnalysis.VisualBasic.UnitTests.CompilationUtils.AssertTheseDiagnostics(Compilation compilation, XElement errs, Boolean suppressInfos) in C:\Users\Adam\Source\Repos\roslyn-AdamSpeight2008\src\Compilers\Test\Utilities\VisualBasic\CompilationTestUtils.vb:line 819
   at Microsoft.CodeAnalysis.VisualBasic.UnitTests.PropertyTests.DefaultPropertiesDerivedTypes() in C:\Users\Adam\Source\Repos\roslyn-AdamSpeight2008\src\Compilers\VisualBasic\Test\Symbol\SymbolsTests\Source\PropertyTests.vb:line 2458

Test: Microsoft.CodeAnalysis.VisualBasic.UnitTests.PropertyTests.DifferentAccessorSignatures_NamedArguments_2
Exception Type: Xunit.Sdk.TrueException
Message:

MISSING ERROR MESSAGES:
BC30455: Argument not specified for parameter 'Param' of 'Public Property P(one As Object, Param As Object) As Integer'.
          ~
BC30455: Argument not specified for parameter 'Param' of 'Public Property P(one As Object, Param As Object) As Integer'.
          ~
UNEXPECTED ERROR MESSAGES:

Expected: True
Actual:   False
   at Microsoft.CodeAnalysis.VisualBasic.UnitTests.CompilationUtils.AssertTheseDiagnostics(ImmutableArray`1 errors, String expectedText, Boolean suppressInfos) in C:\Users\Adam\Source\Repos\roslyn-AdamSpeight2008\src\Compilers\Test\Utilities\VisualBasic\CompilationTestUtils.vb:line 885
   at Microsoft.CodeAnalysis.VisualBasic.UnitTests.CompilationUtils.AssertTheseDiagnostics(ImmutableArray`1 errors, XElement errs, Boolean suppressInfos) in C:\Users\Adam\Source\Repos\roslyn-AdamSpeight2008\src\Compilers\Test\Utilities\VisualBasic\CompilationTestUtils.vb:line 841
   at Microsoft.CodeAnalysis.VisualBasic.UnitTests.CompilationUtils.AssertTheseDiagnostics(Compilation compilation, XElement errs, Boolean suppressInfos) in C:\Users\Adam\Source\Repos\roslyn-AdamSpeight2008\src\Compilers\Test\Utilities\VisualBasic\CompilationTestUtils.vb:line 819
   at Microsoft.CodeAnalysis.VisualBasic.UnitTests.PropertyTests.DifferentAccessorSignatures_NamedArguments_2() in C:\Users\Adam\Source\Repos\roslyn-AdamSpeight2008\src\Compilers\VisualBasic\Test\Symbol\SymbolsTests\Source\PropertyTests.vb:line 6558

Test: Microsoft.CodeAnalysis.VisualBasic.UnitTests.PropertyTests.DistinctOptionalParameterValues_BadValue
Exception Type: Xunit.Sdk.TrueException
Message:

MISSING ERROR MESSAGES:
BC30455: Argument not specified for parameter 'y' of 'Public MustOverride Overrides Property P(x As Integer, y As Integer) As Integer'.
        o.P(1) = o.P(0)
          ~
BC30455: Argument not specified for parameter 'y' of 'Public MustOverride Overrides Property P(x As Integer, y As Integer) As Integer'.
        o.P(1) = o.P(0)
                   ~
BC30455: Argument not specified for parameter 'y' of 'Public MustOverride Overrides Property P(x As Integer, y As Integer) As Integer'.
        o.P(2) += 1
          ~
BC30455: Argument not specified for parameter 'y' of 'Public MustOverride Overrides Property Q(x As Integer, y As Integer) As Integer'.
        o.Q(1) = o.Q(0)
          ~
BC30455: Argument not specified for parameter 'y' of 'Public MustOverride Overrides Property Q(x As Integer, y As Integer) As Integer'.
        o.Q(1) = o.Q(0)
                   ~
BC30455: Argument not specified for parameter 'y' of 'Public MustOverride Overrides Property Q(x As Integer, y As Integer) As Integer'.
        o.Q(2) += 1
          ~
UNEXPECTED ERROR MESSAGES:

Expected: True
Actual:   False
   at Microsoft.CodeAnalysis.VisualBasic.UnitTests.CompilationUtils.AssertTheseDiagnostics(ImmutableArray`1 errors, String expectedText, Boolean suppressInfos) in C:\Users\Adam\Source\Repos\roslyn-AdamSpeight2008\src\Compilers\Test\Utilities\VisualBasic\CompilationTestUtils.vb:line 885
   at Microsoft.CodeAnalysis.VisualBasic.UnitTests.CompilationUtils.AssertTheseDiagnostics(ImmutableArray`1 errors, XElement errs, Boolean suppressInfos) in C:\Users\Adam\Source\Repos\roslyn-AdamSpeight2008\src\Compilers\Test\Utilities\VisualBasic\CompilationTestUtils.vb:line 841
   at Microsoft.CodeAnalysis.VisualBasic.UnitTests.CompilationUtils.AssertTheseDiagnostics(Compilation compilation, XElement errs, Boolean suppressInfos) in C:\Users\Adam\Source\Repos\roslyn-AdamSpeight2008\src\Compilers\Test\Utilities\VisualBasic\CompilationTestUtils.vb:line 819
   at Microsoft.CodeAnalysis.VisualBasic.UnitTests.PropertyTests.DistinctOptionalParameterValues_BadValue() in C:\Users\Adam\Source\Repos\roslyn-AdamSpeight2008\src\Compilers\VisualBasic\Test\Symbol\SymbolsTests\Source\PropertyTests.vb:line 7232

Test: Microsoft.CodeAnalysis.VisualBasic.UnitTests.PropertyTests.DefaultPropertiesWithShadowingMethod
Exception Type: Xunit.Sdk.TrueException
Message:

MISSING ERROR MESSAGES:
BC30455: Argument not specified for parameter 'y' of 'Public Overloads ReadOnly Default Property F(x As Object, y As Object) As Object'.
        value = c1(1)
                ~~
UNEXPECTED ERROR MESSAGES:

Expected: True
Actual:   False
   at Microsoft.CodeAnalysis.VisualBasic.UnitTests.CompilationUtils.AssertTheseDiagnostics(ImmutableArray`1 errors, String expectedText, Boolean suppressInfos) in C:\Users\Adam\Source\Repos\roslyn-AdamSpeight2008\src\Compilers\Test\Utilities\VisualBasic\CompilationTestUtils.vb:line 885
   at Microsoft.CodeAnalysis.VisualBasic.UnitTests.CompilationUtils.AssertTheseDiagnostics(ImmutableArray`1 errors, XElement errs, Boolean suppressInfos) in C:\Users\Adam\Source\Repos\roslyn-AdamSpeight2008\src\Compilers\Test\Utilities\VisualBasic\CompilationTestUtils.vb:line 841
   at Microsoft.CodeAnalysis.VisualBasic.UnitTests.CompilationUtils.AssertTheseDiagnostics(Compilation compilation, XElement errs, Boolean suppressInfos) in C:\Users\Adam\Source\Repos\roslyn-AdamSpeight2008\src\Compilers\Test\Utilities\VisualBasic\CompilationTestUtils.vb:line 819
   at Microsoft.CodeAnalysis.VisualBasic.UnitTests.PropertyTests.DefaultPropertiesWithShadowingMethod() in C:\Users\Adam\Source\Repos\roslyn-AdamSpeight2008\src\Compilers\VisualBasic\Test\Symbol\SymbolsTests\Source\PropertyTests.vb:line 2522

Test: Microsoft.CodeAnalysis.VisualBasic.UnitTests.PropertyTests.DifferentAccessorSignatures_NamedArguments_1
Exception Type: Xunit.Sdk.TrueException
Message:

MISSING ERROR MESSAGES:
BC30455: Argument not specified for parameter 'Param' of 'Public Property P(Param As Object, Param As Object) As Integer'.
          ~
BC30455: Argument not specified for parameter 'Param' of 'Public Property P(Param As Object, Param As Object) As Integer'.
          ~
BC30455: Argument not specified for parameter 'Param' of 'Public Property P(Param As Object, Param As Object) As Integer'.
BC30455: Argument not specified for parameter 'Param' of 'Public Property P(Param As Object, Param As Object) As Integer'.
UNEXPECTED ERROR MESSAGES:

Expected: True
Actual:   False
   at Microsoft.CodeAnalysis.VisualBasic.UnitTests.CompilationUtils.AssertTheseDiagnostics(ImmutableArray`1 errors, String expectedText, Boolean suppressInfos) in C:\Users\Adam\Source\Repos\roslyn-AdamSpeight2008\src\Compilers\Test\Utilities\VisualBasic\CompilationTestUtils.vb:line 885
   at Microsoft.CodeAnalysis.VisualBasic.UnitTests.CompilationUtils.AssertTheseDiagnostics(ImmutableArray`1 errors, XElement errs, Boolean suppressInfos) in C:\Users\Adam\Source\Repos\roslyn-AdamSpeight2008\src\Compilers\Test\Utilities\VisualBasic\CompilationTestUtils.vb:line 841
   at Microsoft.CodeAnalysis.VisualBasic.UnitTests.CompilationUtils.AssertTheseDiagnostics(Compilation compilation, XElement errs, Boolean suppressInfos) in C:\Users\Adam\Source\Repos\roslyn-AdamSpeight2008\src\Compilers\Test\Utilities\VisualBasic\CompilationTestUtils.vb:line 819
   at Microsoft.CodeAnalysis.VisualBasic.UnitTests.PropertyTests.DifferentAccessorSignatures_NamedArguments_1() in C:\Users\Adam\Source\Repos\roslyn-AdamSpeight2008\src\Compilers\VisualBasic\Test\Symbol\SymbolsTests\Source\PropertyTests.vb:line 6496

Test: Microsoft.CodeAnalysis.VisualBasic.UnitTests.PropertyTests.DefaultPropertyOfParameterlessElementAtOrDefault01
Exception Type: Xunit.Sdk.TrueException
Message:

MISSING ERROR MESSAGES:
BC30455: Argument not specified for parameter 'o' of 'Public ReadOnly Default Property P(o As Object) As Object'.
        value = _1()()
                ~~~~
BC30455: Argument not specified for parameter 'o' of 'D'.
        value = _3()()
                ~~~~
UNEXPECTED ERROR MESSAGES:

Expected: True
Actual:   False
   at Microsoft.CodeAnalysis.VisualBasic.UnitTests.CompilationUtils.AssertTheseDiagnostics(ImmutableArray`1 errors, String expectedText, Boolean suppressInfos) in C:\Users\Adam\Source\Repos\roslyn-AdamSpeight2008\src\Compilers\Test\Utilities\VisualBasic\CompilationTestUtils.vb:line 885
   at Microsoft.CodeAnalysis.VisualBasic.UnitTests.CompilationUtils.AssertTheseDiagnostics(ImmutableArray`1 errors, XElement errs, Boolean suppressInfos) in C:\Users\Adam\Source\Repos\roslyn-AdamSpeight2008\src\Compilers\Test\Utilities\VisualBasic\CompilationTestUtils.vb:line 841
   at Microsoft.CodeAnalysis.VisualBasic.UnitTests.CompilationUtils.AssertTheseDiagnostics(Compilation compilation, XElement errs, Boolean suppressInfos) in C:\Users\Adam\Source\Repos\roslyn-AdamSpeight2008\src\Compilers\Test\Utilities\VisualBasic\CompilationTestUtils.vb:line 819
   at Microsoft.CodeAnalysis.VisualBasic.UnitTests.PropertyTests.DefaultPropertyOfParameterlessElementAtOrDefault01() in C:\Users\Adam\Source\Repos\roslyn-AdamSpeight2008\src\Compilers\VisualBasic\Test\Symbol\SymbolsTests\Source\PropertyTests.vb:line 3253

Collection: Test collection for Microsoft.CodeAnalysis.VisualBasic.UnitTests.ExtensionMethods.LookupAndInvocation

Test: Microsoft.CodeAnalysis.VisualBasic.UnitTests.ExtensionMethods.LookupAndInvocation.NestedClasses1
Exception Type: Xunit.Sdk.TrueException
Message:

MISSING ERROR MESSAGES:
BC30455: Argument not specified for parameter 'x' of 'Public Sub Test3(x As C2)'.
            Test3() 'C3
            ~~~~~
UNEXPECTED ERROR MESSAGES:

Expected: True
Actual:   False
   at Microsoft.CodeAnalysis.VisualBasic.UnitTests.CompilationUtils.AssertTheseDiagnostics(ImmutableArray`1 errors, String expectedText, Boolean suppressInfos) in C:\Users\Adam\Source\Repos\roslyn-AdamSpeight2008\src\Compilers\Test\Utilities\VisualBasic\CompilationTestUtils.vb:line 885
   at Microsoft.CodeAnalysis.VisualBasic.UnitTests.CompilationUtils.AssertTheseDiagnostics(ImmutableArray`1 errors, XElement errs, Boolean suppressInfos) in C:\Users\Adam\Source\Repos\roslyn-AdamSpeight2008\src\Compilers\Test\Utilities\VisualBasic\CompilationTestUtils.vb:line 841
   at Microsoft.CodeAnalysis.VisualBasic.UnitTests.CompilationUtils.AssertTheseDiagnostics(Compilation compilation, XElement errs, Boolean suppressInfos) in C:\Users\Adam\Source\Repos\roslyn-AdamSpeight2008\src\Compilers\Test\Utilities\VisualBasic\CompilationTestUtils.vb:line 819
   at Microsoft.CodeAnalysis.VisualBasic.UnitTests.ExtensionMethods.LookupAndInvocation.NestedClasses1() in C:\Users\Adam\Source\Repos\roslyn-AdamSpeight2008\src\Compilers\VisualBasic\Test\Symbol\SymbolsTests\ExtensionMethods\LookupAndInvocation.vb:line 2137

Test: Microsoft.CodeAnalysis.VisualBasic.UnitTests.ExtensionMethods.LookupAndInvocation.Diagnostics1
Exception Type: Xunit.Sdk.TrueException
Message:

MISSING ERROR MESSAGES:
BC36586: Argument not specified for parameter 'x' of extension method 'Public Sub F1(x As Integer)' defined in 'Module1'.
        System.Console.WriteLine(1.F1())
                                   ~~
BC36586: Argument not specified for parameter 'y' of extension method 'Public Sub F2(x As Integer, y As Integer)' defined in 'Module1'.
                                   ~~
UNEXPECTED ERROR MESSAGES:

Expected: True
Actual:   False
   at Microsoft.CodeAnalysis.VisualBasic.UnitTests.CompilationUtils.AssertTheseDiagnostics(ImmutableArray`1 errors, String expectedText, Boolean suppressInfos) in C:\Users\Adam\Source\Repos\roslyn-AdamSpeight2008\src\Compilers\Test\Utilities\VisualBasic\CompilationTestUtils.vb:line 885
   at Microsoft.CodeAnalysis.VisualBasic.UnitTests.CompilationUtils.AssertTheseDiagnostics(ImmutableArray`1 errors, XElement errs, Boolean suppressInfos) in C:\Users\Adam\Source\Repos\roslyn-AdamSpeight2008\src\Compilers\Test\Utilities\VisualBasic\CompilationTestUtils.vb:line 841
   at Microsoft.CodeAnalysis.VisualBasic.UnitTests.CompilationUtils.AssertTheseDiagnostics(Compilation compilation, XElement errs, Boolean suppressInfos) in C:\Users\Adam\Source\Repos\roslyn-AdamSpeight2008\src\Compilers\Test\Utilities\VisualBasic\CompilationTestUtils.vb:line 819
   at Microsoft.CodeAnalysis.VisualBasic.UnitTests.ExtensionMethods.LookupAndInvocation.Diagnostics1() in C:\Users\Adam\Source\Repos\roslyn-AdamSpeight2008\src\Compilers\VisualBasic\Test\Symbol\SymbolsTests\ExtensionMethods\LookupAndInvocation.vb:line 2687

Collection: Test collection for Microsoft.CodeAnalysis.VisualBasic.UnitTests.GroupClassTests

Test: Microsoft.CodeAnalysis.VisualBasic.UnitTests.GroupClassTests.DefaultInstanceAlias1
Exception Type: Xunit.Sdk.TrueException
Message:

MISSING ERROR MESSAGES:
BC30455: Argument not specified for parameter 'x' of 'Public Default Property P3(x As Integer) As Integer'.
            Dim x108 = Form2()
                       ~~~~~
BC30455: Argument not specified for parameter 'x' of 'Public Default Property P3(x As Integer) As Integer'.
            Form2() = x107
UNEXPECTED ERROR MESSAGES:

Expected: True
Actual:   False
   at Microsoft.CodeAnalysis.VisualBasic.UnitTests.CompilationUtils.AssertTheseDiagnostics(ImmutableArray`1 errors, String expectedText, Boolean suppressInfos) in C:\Users\Adam\Source\Repos\roslyn-AdamSpeight2008\src\Compilers\Test\Utilities\VisualBasic\CompilationTestUtils.vb:line 885
   at Microsoft.CodeAnalysis.VisualBasic.UnitTests.CompilationUtils.AssertTheseDiagnostics(ImmutableArray`1 errors, XElement errs, Boolean suppressInfos) in C:\Users\Adam\Source\Repos\roslyn-AdamSpeight2008\src\Compilers\Test\Utilities\VisualBasic\CompilationTestUtils.vb:line 841
   at Microsoft.CodeAnalysis.VisualBasic.UnitTests.CompilationUtils.AssertTheseDiagnostics(Compilation compilation, XElement errs, Boolean suppressInfos) in C:\Users\Adam\Source\Repos\roslyn-AdamSpeight2008\src\Compilers\Test\Utilities\VisualBasic\CompilationTestUtils.vb:line 819
   at Microsoft.CodeAnalysis.VisualBasic.UnitTests.GroupClassTests.DefaultInstanceAlias1() in C:\Users\Adam\Source\Repos\roslyn-AdamSpeight2008\src\Compilers\VisualBasic\Test\Symbol\SymbolsTests\Source\GroupClassTests.vb:line 2402

Collection: Test collection for Microsoft.CodeAnalysis.VisualBasic.UnitTests.OverridesTests

Test: Microsoft.CodeAnalysis.VisualBasic.UnitTests.OverridesTests.PropertyShadows
Exception Type: Xunit.Sdk.TrueException
Message:

MISSING ERROR MESSAGES:
BC30455: Argument not specified for parameter 'y' of 'ReadOnly Default Property P(x As Integer, y As Integer) As Object'.
        value = c.P(3)
                  ~
BC30455: Argument not specified for parameter 'y' of 'ReadOnly Default Property P(x As Integer, y As Integer) As Object'.
        value = c(3)
                ~
BC30455: Argument not specified for parameter 'y' of 'Property Q(x As Integer, y As Integer) As Object'.
        c.Q(3) = value
          ~
UNEXPECTED ERROR MESSAGES:

Expected: True
Actual:   False
   at Microsoft.CodeAnalysis.VisualBasic.UnitTests.CompilationUtils.AssertTheseDiagnostics(ImmutableArray`1 errors, String expectedText, Boolean suppressInfos) in C:\Users\Adam\Source\Repos\roslyn-AdamSpeight2008\src\Compilers\Test\Utilities\VisualBasic\CompilationTestUtils.vb:line 885
   at Microsoft.CodeAnalysis.VisualBasic.UnitTests.CompilationUtils.AssertTheseDiagnostics(ImmutableArray`1 errors, XElement errs, Boolean suppressInfos) in C:\Users\Adam\Source\Repos\roslyn-AdamSpeight2008\src\Compilers\Test\Utilities\VisualBasic\CompilationTestUtils.vb:line 841
   at Microsoft.CodeAnalysis.VisualBasic.UnitTests.CompilationUtils.AssertTheseDiagnostics(Compilation compilation, XElement errs, Boolean suppressInfos) in C:\Users\Adam\Source\Repos\roslyn-AdamSpeight2008\src\Compilers\Test\Utilities\VisualBasic\CompilationTestUtils.vb:line 819
   at Microsoft.CodeAnalysis.VisualBasic.UnitTests.OverridesTests.PropertyShadows() in C:\Users\Adam\Source\Repos\roslyn-AdamSpeight2008\src\Compilers\VisualBasic\Test\Symbol\SymbolsTests\Source\OverridesTests.vb:line 1835

Test: Microsoft.CodeAnalysis.VisualBasic.UnitTests.OverridesTests.ShadowsNotOverloads
Exception Type: Xunit.Sdk.TrueException
Message:

MISSING ERROR MESSAGES:
BC30455: Argument not specified for parameter 'y' of 'Public Sub M1(x As Integer, y As Integer)'.
        o.M1(1)
          ~~
BC30455: Argument not specified for parameter 'y' of 'Public ReadOnly Property P1(x As Integer, y As Integer) As Object'.
        value = o.P1(1)
                  ~~
UNEXPECTED ERROR MESSAGES:

Expected: True
Actual:   False
   at Microsoft.CodeAnalysis.VisualBasic.UnitTests.CompilationUtils.AssertTheseDiagnostics(ImmutableArray`1 errors, String expectedText, Boolean suppressInfos) in C:\Users\Adam\Source\Repos\roslyn-AdamSpeight2008\src\Compilers\Test\Utilities\VisualBasic\CompilationTestUtils.vb:line 885
   at Microsoft.CodeAnalysis.VisualBasic.UnitTests.CompilationUtils.AssertTheseDiagnostics(ImmutableArray`1 errors, XElement errs, Boolean suppressInfos) in C:\Users\Adam\Source\Repos\roslyn-AdamSpeight2008\src\Compilers\Test\Utilities\VisualBasic\CompilationTestUtils.vb:line 841
   at Microsoft.CodeAnalysis.VisualBasic.UnitTests.CompilationUtils.AssertTheseDiagnostics(Compilation compilation, XElement errs, Boolean suppressInfos) in C:\Users\Adam\Source\Repos\roslyn-AdamSpeight2008\src\Compilers\Test\Utilities\VisualBasic\CompilationTestUtils.vb:line 819
   at Microsoft.CodeAnalysis.VisualBasic.UnitTests.OverridesTests.ShadowsNotOverloads() in C:\Users\Adam\Source\Repos\roslyn-AdamSpeight2008\src\Compilers\VisualBasic\Test\Symbol\SymbolsTests\Source\OverridesTests.vb:line 1898

Test: Microsoft.CodeAnalysis.VisualBasic.UnitTests.OverridesTests.HideBySig
Exception Type: Xunit.Sdk.TrueException
Message:

MISSING ERROR MESSAGES:
BC30455: Argument not specified for parameter 'y' of 'Public Function G(x As Object, y As Object) As Object'.
        value = b.G(Nothing)
                  ~
BC30455: Argument not specified for parameter 'y' of 'Public ReadOnly Property Q(x As Object, y As Object) As Object'.
        value = b.Q(Nothing)
                  ~
UNEXPECTED ERROR MESSAGES:

Expected: True
Actual:   False
   at Microsoft.CodeAnalysis.VisualBasic.UnitTests.CompilationUtils.AssertTheseDiagnostics(ImmutableArray`1 errors, String expectedText, Boolean suppressInfos) in C:\Users\Adam\Source\Repos\roslyn-AdamSpeight2008\src\Compilers\Test\Utilities\VisualBasic\CompilationTestUtils.vb:line 885
   at Microsoft.CodeAnalysis.VisualBasic.UnitTests.CompilationUtils.AssertTheseDiagnostics(ImmutableArray`1 errors, XElement errs, Boolean suppressInfos) in C:\Users\Adam\Source\Repos\roslyn-AdamSpeight2008\src\Compilers\Test\Utilities\VisualBasic\CompilationTestUtils.vb:line 841
   at Microsoft.CodeAnalysis.VisualBasic.UnitTests.CompilationUtils.AssertTheseDiagnostics(Compilation compilation, XElement errs, Boolean suppressInfos) in C:\Users\Adam\Source\Repos\roslyn-AdamSpeight2008\src\Compilers\Test\Utilities\VisualBasic\CompilationTestUtils.vb:line 819
   at Microsoft.CodeAnalysis.VisualBasic.UnitTests.OverridesTests.HideBySig() in C:\Users\Adam\Source\Repos\roslyn-AdamSpeight2008\src\Compilers\VisualBasic\Test\Symbol\SymbolsTests\Source\OverridesTests.vb:line 2155

Collection: Test collection for Microsoft.CodeAnalysis.VisualBasic.UnitTests.ComClassTests

Test: Microsoft.CodeAnalysis.VisualBasic.UnitTests.ComClassTests.Test_ERR_ComClassAndReservedAttribute1_ComVisible
Exception Type: Xunit.Sdk.TrueException
Message:

MISSING ERROR MESSAGES:
BC30455: Argument not specified for parameter 'visibility' of 'Public Overloads Sub New(visibility As Boolean)'.
<Microsoft.VisualBasic.ComClass(), ComVisible()>
                                   ~~~~~~~~~~
UNEXPECTED ERROR MESSAGES:

Expected: True
Actual:   False
   at Microsoft.CodeAnalysis.VisualBasic.UnitTests.CompilationUtils.AssertTheseDiagnostics(ImmutableArray`1 errors, String expectedText, Boolean suppressInfos) in C:\Users\Adam\Source\Repos\roslyn-AdamSpeight2008\src\Compilers\Test\Utilities\VisualBasic\CompilationTestUtils.vb:line 885
   at Microsoft.CodeAnalysis.VisualBasic.UnitTests.CompilationUtils.AssertTheseDiagnostics(ImmutableArray`1 errors, XElement errs, Boolean suppressInfos) in C:\Users\Adam\Source\Repos\roslyn-AdamSpeight2008\src\Compilers\Test\Utilities\VisualBasic\CompilationTestUtils.vb:line 841
   at Microsoft.CodeAnalysis.VisualBasic.UnitTests.CompilationUtils.AssertTheseDeclarationDiagnostics(VisualBasicCompilation compilation, XElement errs, Boolean suppressInfos) in C:\Users\Adam\Source\Repos\roslyn-AdamSpeight2008\src\Compilers\Test\Utilities\VisualBasic\CompilationTestUtils.vb:line 756
   at Microsoft.CodeAnalysis.VisualBasic.UnitTests.ComClassTests.Test_ERR_ComClassAndReservedAttribute1_ComVisible() in C:\Users\Adam\Source\Repos\roslyn-AdamSpeight2008\src\Compilers\VisualBasic\Test\Symbol\SymbolsTests\Source\ComClassTests.vb:line 2167

Collection: Test collection for Microsoft.CodeAnalysis.VisualBasic.UnitTests.ScannerTests

Test: Microsoft.CodeAnalysis.VisualBasic.UnitTests.ScannerTests.Scanner_IntegerLiteralToken
Exception Type: Xunit.Sdk.EqualException
Message:
Assert.Equal() Failure
                                  (pos 28)
Expected: úúú36716: Visual Basic VisualBasic14 does not support digit sepaúúú
Actual:   úúú36716: Visual Basic 14.0 does not support digit separators.
                                  (pos 28)
   at Microsoft.CodeAnalysis.VisualBasic.UnitTests.ScannerTests.Scanner_IntegerLiteralToken() in C:\Users\Adam\Source\Repos\roslyn-AdamSpeight2008\src\Compilers\VisualBasic\Test\Syntax\Scanner\ScannerTests.vb:line 706

Collection: Test collection for Microsoft.CodeAnalysis.Editor.VisualBasic.UnitTests.Diagnostics.GenerateConstructor.GenerateConstructorTests

Test: Microsoft.CodeAnalysis.Editor.VisualBasic.UnitTests.Diagnostics.GenerateConstructor.GenerateConstructorTests.TestOfferDefaultConstructorWhenOverloadExists
Exception Type: Xunit.Sdk.NotNullException
Message:
Assert.NotNull() Failure
   at Microsoft.CodeAnalysis.Editor.UnitTests.CodeActions.AbstractCodeActionOrUserDiagnosticTest.<VerifyInputsAndGetOperationsAsync>d__20.MoveNext() in C:\Users\Adam\Source\Repos\roslyn-AdamSpeight2008\src\EditorFeatures\Test\CodeActions\AbstractCodeActionOrUserDiagnosticTest.cs:line 317
--- End of stack trace from previous location where exception was thrown ---
   at System.Runtime.CompilerServices.TaskAwaiter.ThrowForNonSuccess(Task task)
   at System.Runtime.CompilerServices.TaskAwaiter.HandleNonSuccessAndDebuggerNotification(Task task)
   at System.Runtime.CompilerServices.TaskAwaiter`1.GetResult()
   at Microsoft.CodeAnalysis.Editor.UnitTests.CodeActions.AbstractCodeActionOrUserDiagnosticTest.<TestActionsAsync>d__15.MoveNext() in C:\Users\Adam\Source\Repos\roslyn-AdamSpeight2008\src\EditorFeatures\Test\CodeActions\AbstractCodeActionOrUserDiagnosticTest.cs:line 222
--- End of stack trace from previous location where exception was thrown ---
   at System.Runtime.CompilerServices.TaskAwaiter.ThrowForNonSuccess(Task task)
   at System.Runtime.CompilerServices.TaskAwaiter.HandleNonSuccessAndDebuggerNotification(Task task)
   at System.Runtime.CompilerServices.TaskAwaiter`1.GetResult()
   at Microsoft.CodeAnalysis.Editor.UnitTests.CodeActions.AbstractCodeActionOrUserDiagnosticTest.<TestAsync>d__14.MoveNext() in C:\Users\Adam\Source\Repos\roslyn-AdamSpeight2008\src\EditorFeatures\Test\CodeActions\AbstractCodeActionOrUserDiagnosticTest.cs:line 206
--- End of stack trace from previous location where exception was thrown ---
   at System.Runtime.CompilerServices.TaskAwaiter.ThrowForNonSuccess(Task task)
   at System.Runtime.CompilerServices.TaskAwaiter.HandleNonSuccessAndDebuggerNotification(Task task)
   at System.Runtime.CompilerServices.TaskAwaiter.GetResult()
   at Microsoft.CodeAnalysis.Editor.UnitTests.CodeActions.AbstractCodeActionOrUserDiagnosticTest.<TestAsync>d__13.MoveNext() in C:\Users\Adam\Source\Repos\roslyn-AdamSpeight2008\src\EditorFeatures\Test\CodeActions\AbstractCodeActionOrUserDiagnosticTest.cs:line 175
--- End of stack trace from previous location where exception was thrown ---
   at System.Runtime.CompilerServices.TaskAwaiter.ThrowForNonSuccess(Task task)
   at System.Runtime.CompilerServices.TaskAwaiter.HandleNonSuccessAndDebuggerNotification(Task task)
   at System.Runtime.CompilerServices.TaskAwaiter.GetResult()
   at Microsoft.CodeAnalysis.Editor.UnitTests.CodeActions.AbstractCodeActionOrUserDiagnosticTest.<TestAsync>d__12.MoveNext() in C:\Users\Adam\Source\Repos\roslyn-AdamSpeight2008\src\EditorFeatures\Test\CodeActions\AbstractCodeActionOrUserDiagnosticTest.cs:line 162
--- End of stack trace from previous location where exception was thrown ---
   at System.Runtime.CompilerServices.TaskAwaiter.ThrowForNonSuccess(Task task)
   at System.Runtime.CompilerServices.TaskAwaiter.HandleNonSuccessAndDebuggerNotification(Task task)
   at System.Runtime.CompilerServices.TaskAwaiter.GetResult()
   at Microsoft.CodeAnalysis.Editor.VisualBasic.UnitTests.Diagnostics.GenerateConstructor.GenerateConstructorTests.VB$StateMachine_6_TestOfferDefaultConstructorWhenOverloadExists.MoveNext() in C:\Users\Adam\Source\Repos\roslyn-AdamSpeight2008\src\EditorFeatures\VisualBasicTest\Diagnostics\GenerateConstructor\GenerateConstructorTests.vb:line 47
--- End of stack trace from previous location where exception was thrown ---
   at System.Runtime.CompilerServices.TaskAwaiter.ThrowForNonSuccess(Task task)
   at System.Runtime.CompilerServices.TaskAwaiter.HandleNonSuccessAndDebuggerNotification(Task task)
--- End of stack trace from previous location where exception was thrown ---
   at System.Runtime.CompilerServices.TaskAwaiter.ThrowForNonSuccess(Task task)
   at System.Runtime.CompilerServices.TaskAwaiter.HandleNonSuccessAndDebuggerNotification(Task task)
--- End of stack trace from previous location where exception was thrown ---
   at System.Runtime.CompilerServices.TaskAwaiter.ThrowForNonSuccess(Task task)
   at System.Runtime.CompilerServices.TaskAwaiter.HandleNonSuccessAndDebuggerNotification(Task task)

Collection: Test collection for Microsoft.CodeAnalysis.Editor.VisualBasic.UnitTests.Diagnostics.GenerateMethod.GenerateMethodTests

Test: Microsoft.CodeAnalysis.Editor.VisualBasic.UnitTests.Diagnostics.GenerateMethod.GenerateMethodTests.TestGenerateMethodForDifferentParameterName
Exception Type: Xunit.Sdk.NotNullException
Message:
Assert.NotNull() Failure
   at Microsoft.CodeAnalysis.Editor.UnitTests.CodeActions.AbstractCodeActionOrUserDiagnosticTest.<VerifyInputsAndGetOperationsAsync>d__20.MoveNext() in C:\Users\Adam\Source\Repos\roslyn-AdamSpeight2008\src\EditorFeatures\Test\CodeActions\AbstractCodeActionOrUserDiagnosticTest.cs:line 317
--- End of stack trace from previous location where exception was thrown ---
   at System.Runtime.CompilerServices.TaskAwaiter.ThrowForNonSuccess(Task task)
   at System.Runtime.CompilerServices.TaskAwaiter.HandleNonSuccessAndDebuggerNotification(Task task)
   at System.Runtime.CompilerServices.TaskAwaiter`1.GetResult()
   at Microsoft.CodeAnalysis.Editor.UnitTests.CodeActions.AbstractCodeActionOrUserDiagnosticTest.<TestActionsAsync>d__15.MoveNext() in C:\Users\Adam\Source\Repos\roslyn-AdamSpeight2008\src\EditorFeatures\Test\CodeActions\AbstractCodeActionOrUserDiagnosticTest.cs:line 222
--- End of stack trace from previous location where exception was thrown ---
   at System.Runtime.CompilerServices.TaskAwaiter.ThrowForNonSuccess(Task task)
   at System.Runtime.CompilerServices.TaskAwaiter.HandleNonSuccessAndDebuggerNotification(Task task)
   at System.Runtime.CompilerServices.TaskAwaiter`1.GetResult()
   at Microsoft.CodeAnalysis.Editor.UnitTests.CodeActions.AbstractCodeActionOrUserDiagnosticTest.<TestAsync>d__14.MoveNext() in C:\Users\Adam\Source\Repos\roslyn-AdamSpeight2008\src\EditorFeatures\Test\CodeActions\AbstractCodeActionOrUserDiagnosticTest.cs:line 206
--- End of stack trace from previous location where exception was thrown ---
   at System.Runtime.CompilerServices.TaskAwaiter.ThrowForNonSuccess(Task task)
   at System.Runtime.CompilerServices.TaskAwaiter.HandleNonSuccessAndDebuggerNotification(Task task)
   at System.Runtime.CompilerServices.TaskAwaiter.GetResult()
   at Microsoft.CodeAnalysis.Editor.UnitTests.CodeActions.AbstractCodeActionOrUserDiagnosticTest.<TestAsync>d__13.MoveNext() in C:\Users\Adam\Source\Repos\roslyn-AdamSpeight2008\src\EditorFeatures\Test\CodeActions\AbstractCodeActionOrUserDiagnosticTest.cs:line 175
--- End of stack trace from previous location where exception was thrown ---
   at System.Runtime.CompilerServices.TaskAwaiter.ThrowForNonSuccess(Task task)
   at System.Runtime.CompilerServices.TaskAwaiter.HandleNonSuccessAndDebuggerNotification(Task task)
   at System.Runtime.CompilerServices.TaskAwaiter.GetResult()
   at Microsoft.CodeAnalysis.Editor.UnitTests.CodeActions.AbstractCodeActionOrUserDiagnosticTest.<TestAsync>d__12.MoveNext() in C:\Users\Adam\Source\Repos\roslyn-AdamSpeight2008\src\EditorFeatures\Test\CodeActions\AbstractCodeActionOrUserDiagnosticTest.cs:line 162
--- End of stack trace from previous location where exception was thrown ---
   at System.Runtime.CompilerServices.TaskAwaiter.ThrowForNonSuccess(Task task)
   at System.Runtime.CompilerServices.TaskAwaiter.HandleNonSuccessAndDebuggerNotification(Task task)
   at System.Runtime.CompilerServices.TaskAwaiter.GetResult()
   at Microsoft.CodeAnalysis.Editor.VisualBasic.UnitTests.Diagnostics.GenerateMethod.GenerateMethodTests.VB$StateMachine_102_TestGenerateMethodForDifferentParameterName.MoveNext() in C:\Users\Adam\Source\Repos\roslyn-AdamSpeight2008\src\EditorFeatures\VisualBasicTest\Diagnostics\GenerateMethod\GenerateMethodTests.vb:line 1049
--- End of stack trace from previous location where exception was thrown ---
   at System.Runtime.CompilerServices.TaskAwaiter.ThrowForNonSuccess(Task task)
   at System.Runtime.CompilerServices.TaskAwaiter.HandleNonSuccessAndDebuggerNotification(Task task)
--- End of stack trace from previous location where exception was thrown ---
   at System.Runtime.CompilerServices.TaskAwaiter.ThrowForNonSuccess(Task task)
   at System.Runtime.CompilerServices.TaskAwaiter.HandleNonSuccessAndDebuggerNotification(Task task)
--- End of stack trace from previous location where exception was thrown ---
   at System.Runtime.CompilerServices.TaskAwaiter.ThrowForNonSuccess(Task task)
   at System.Runtime.CompilerServices.TaskAwaiter.HandleNonSuccessAndDebuggerNotification(Task task)

Test: Microsoft.CodeAnalysis.Editor.VisualBasic.UnitTests.Diagnostics.GenerateMethod.GenerateMethodTests.TestGenerateMethodWithLambda_3
Exception Type: Xunit.Sdk.NotNullException
Message:
Assert.NotNull() Failure
   at Microsoft.CodeAnalysis.Editor.UnitTests.CodeActions.AbstractCodeActionOrUserDiagnosticTest.<VerifyInputsAndGetOperationsAsync>d__20.MoveNext() in C:\Users\Adam\Source\Repos\roslyn-AdamSpeight2008\src\EditorFeatures\Test\CodeActions\AbstractCodeActionOrUserDiagnosticTest.cs:line 317
--- End of stack trace from previous location where exception was thrown ---
   at System.Runtime.CompilerServices.TaskAwaiter.ThrowForNonSuccess(Task task)
   at System.Runtime.CompilerServices.TaskAwaiter.HandleNonSuccessAndDebuggerNotification(Task task)
   at System.Runtime.CompilerServices.TaskAwaiter`1.GetResult()
   at Microsoft.CodeAnalysis.Editor.UnitTests.CodeActions.AbstractCodeActionOrUserDiagnosticTest.<TestActionsAsync>d__15.MoveNext() in C:\Users\Adam\Source\Repos\roslyn-AdamSpeight2008\src\EditorFeatures\Test\CodeActions\AbstractCodeActionOrUserDiagnosticTest.cs:line 222
--- End of stack trace from previous location where exception was thrown ---
   at System.Runtime.CompilerServices.TaskAwaiter.ThrowForNonSuccess(Task task)
   at System.Runtime.CompilerServices.TaskAwaiter.HandleNonSuccessAndDebuggerNotification(Task task)
   at System.Runtime.CompilerServices.TaskAwaiter`1.GetResult()
   at Microsoft.CodeAnalysis.Editor.UnitTests.CodeActions.AbstractCodeActionOrUserDiagnosticTest.<TestAsync>d__14.MoveNext() in C:\Users\Adam\Source\Repos\roslyn-AdamSpeight2008\src\EditorFeatures\Test\CodeActions\AbstractCodeActionOrUserDiagnosticTest.cs:line 206
--- End of stack trace from previous location where exception was thrown ---
   at System.Runtime.CompilerServices.TaskAwaiter.ThrowForNonSuccess(Task task)
   at System.Runtime.CompilerServices.TaskAwaiter.HandleNonSuccessAndDebuggerNotification(Task task)
   at System.Runtime.CompilerServices.TaskAwaiter.GetResult()
   at Microsoft.CodeAnalysis.Editor.UnitTests.CodeActions.AbstractCodeActionOrUserDiagnosticTest.<TestAsync>d__13.MoveNext() in C:\Users\Adam\Source\Repos\roslyn-AdamSpeight2008\src\EditorFeatures\Test\CodeActions\AbstractCodeActionOrUserDiagnosticTest.cs:line 175
--- End of stack trace from previous location where exception was thrown ---
   at System.Runtime.CompilerServices.TaskAwaiter.ThrowForNonSuccess(Task task)
   at System.Runtime.CompilerServices.TaskAwaiter.HandleNonSuccessAndDebuggerNotification(Task task)
   at System.Runtime.CompilerServices.TaskAwaiter.GetResult()
   at Microsoft.CodeAnalysis.Editor.UnitTests.CodeActions.AbstractCodeActionOrUserDiagnosticTest.<TestAsync>d__12.MoveNext() in C:\Users\Adam\Source\Repos\roslyn-AdamSpeight2008\src\EditorFeatures\Test\CodeActions\AbstractCodeActionOrUserDiagnosticTest.cs:line 162
--- End of stack trace from previous location where exception was thrown ---
   at System.Runtime.CompilerServices.TaskAwaiter.ThrowForNonSuccess(Task task)
   at System.Runtime.CompilerServices.TaskAwaiter.HandleNonSuccessAndDebuggerNotification(Task task)
   at System.Runtime.CompilerServices.TaskAwaiter.GetResult()
   at Microsoft.CodeAnalysis.Editor.VisualBasic.UnitTests.Diagnostics.GenerateMethod.GenerateMethodTests.VB$StateMachine_101_TestGenerateMethodWithLambda_3.MoveNext() in C:\Users\Adam\Source\Repos\roslyn-AdamSpeight2008\src\EditorFeatures\VisualBasicTest\Diagnostics\GenerateMethod\GenerateMethodTests.vb:line 1011
--- End of stack trace from previous location where exception was thrown ---
   at System.Runtime.CompilerServices.TaskAwaiter.ThrowForNonSuccess(Task task)
   at System.Runtime.CompilerServices.TaskAwaiter.HandleNonSuccessAndDebuggerNotification(Task task)
--- End of stack trace from previous location where exception was thrown ---
   at System.Runtime.CompilerServices.TaskAwaiter.ThrowForNonSuccess(Task task)
   at System.Runtime.CompilerServices.TaskAwaiter.HandleNonSuccessAndDebuggerNotification(Task task)
--- End of stack trace from previous location where exception was thrown ---
   at System.Runtime.CompilerServices.TaskAwaiter.ThrowForNonSuccess(Task task)
   at System.Runtime.CompilerServices.TaskAwaiter.HandleNonSuccessAndDebuggerNotification(Task task)

Failure Count: 82
 