### ISSUE TITLE
Gold bar is presented following hardware failure (transient bit flip)

### ISSUE THREAD

**Issue by vsfeedback** [dotnet/roslyn#52732]
_This issue has been moved from [a ticket on Developer Community](https://developercommunity2.visualstudio.com/t/CodeLens-loses-its-funtionality/1298828)._

---
[severity:It's more difficult to complete my work] [regression] [worked-in:16.8.3]
Right after a few seconds that i open the project, i get an error yellow bar that contains an error in <Show StackTrace> with following message:

```
StreamJsonRpc.ConnectionLostException : The JSON-RPC connection with the remote party was lost before the request could complete.
   at async StreamJsonRpc.JsonRpc.InvokeCoreAsync(<Unknown Parameters>)
   at async StreamJsonRpc.JsonRpc.InvokeCoreAsync[TResult](<Unknown Parameters>)
   at async Microsoft.CodeAnalysis.Remote.RemoteEndPoint.InvokeAsync[T](<Unknown Parameters>)
```

After getting this error, CodeLens loses its functionality and i'll get " - references " overall the project, even i can check for passed tests in CodeLens line.

I've searched many times, but got no solution

---
#### Feedback Bot on 12/30/2020, 05:39 PM: 

<p>We have directed your feedback to the appropriate engineering team for further evaluation. The team will review the feedback and notify you about the next steps.</p>

#### Javier Enrique De la Garza Sanchez [MSFT] on 1/4/2021, 07:15 AM: 

<p>Thank you for your feedback. Could you share some additional information to help us investigate the problem further?</p>
<p>The issue looks to be caused by a component running outside of the main devenv process. Please follow the steps laid out here <a target='_blank' href="https://docs.microsoft.com/en-us/visualstudio/ide/how-to-increase-chances-of-performance-issue-being-fixed?view=vs-2019#out-of-process-issues">https://docs.microsoft.com/en-us/visualstudio/ide/how-to-increase-chances-of-performance-issue-being-fixed?view=vs-2019#out-of-process-issues</a> and upload the vslogs to this ticket for further investigation.</p>
<p>We look forward to hearing from you.</p>
<p>Thanks,<br>
Javier</p>

#### Feedback Bot on 1/12/2021, 07:23 PM: 

We will close this report in 14 days because we don’t have enough information to investigate further. To keep the problem open, please provide the requested details.

#### Arash Shabbeh on 1/30/2021, 00:06 AM: 

<p>How can i share need information and logs to you to find a workaround ? ( Sorry for late answer, i didn't get any notification or email, earlier )</p>

#### Arash Shabbeh on 1/30/2021, 00:11 AM: 

(private comment, text removed)
#### Arash Shabbeh on 2/3/2021, 04:03 AM: 

<p>It took more than 4 days i didn't get any response from your team ! Is anybody there ?</p>

#### Feedback Bot on 2/4/2021, 11:17 AM: 

<p>This issue is currently being investigated. Our team will get back to you if either more information is needed, a workaround is available, or the issue is resolved.</p>

#### Ryan Toth [MSFT] on 2/4/2021, 11:45 AM: 

<p>Hello,</p>
<p>The uploaded file did not contain the requested information. Could you please delete the folder under %temp%/servicehub/logs, then please follow the steps laid out here <a target='_blank' href="https://docs.microsoft.com/en-us/visualstudio/ide/how-to-increase-chances-of-performance-issue-being-fixed?view=vs-2019#out-of-process-issues">https://docs.microsoft.com/en-us/visualstudio/ide/how-to-increase-chances-of-performance-issue-being-fixed?view=vs-2019#out-of-process-issues</a> and upload the vslogs to this ticket for further investigation.</p>
<p>We look forward to hearing from you.</p>
<p>Thanks,<br>
Ryan</p>

#### Arash Shabbeh on 2/4/2021, 02:12 PM: 

<p>Let’s try to check it out !<br>
<a target='_blank' href="https://aka.ms/dc/file?name=B5cfacc790c974e0a87c33b3cd8fc953e637480731766604597_vslogs.zip&amp;tid=5cfacc790c974e0a87c33b3cd8fc953e637480731766604597">vslogs.zip</a></p>

#### Ryan Toth [MSFT] on 2/4/2021, 02:34 PM: 

(private comment, text removed)
#### Arash Shabbeh on 2/5/2021, 03:09 AM: 

(private comment, text removed)
#### Ryan Toth [MSFT] on 2/5/2021, 07:52 AM: 

(private comment, text removed)
#### Arash Shabbeh on 2/5/2021, 00:14 PM: 

(private comment, text removed)
#### Ryan Toth [MSFT] on 2/5/2021, 00:51 PM: 

(private comment, text removed)
#### Arash Shabbeh on 2/5/2021, 01:57 PM: 

(private comment, text removed)
#### Arash Shabbeh on 2/5/2021, 02:01 PM: 

(private comment, text removed)
#### Ryan Toth [MSFT] on 2/5/2021, 02:06 PM: 

(private comment, text removed)
#### Arash Shabbeh on 2/6/2021, 00:42 AM: 

(private comment, text removed)
#### Ryan Toth [MSFT] on 2/8/2021, 08:10 AM: 

<p>Thank you for sharing the dump! Based on what I found in it I’ve moved ownership of the bug to another team. They should be able to solve the issue with the information you provided and give guidance related to any potential workarounds.</p>
<p>Thank you,<br>
Ryan</p>

#### Arash Shabbeh on 2/8/2021, 03:09 PM: 

<p>Thanks a lot for your consideration.</p>

#### Arash Shabbeh on 2/11/2021, 02:26 PM: 

<p>I’ve got new kind of this error in 16.8.5 release.</p>
<p>Exactly steps are as the same of above. But it seems has more useful Stack trace.</p>
<p>In VS Gold bar :</p>
<pre><code><span class="hljs-selector-tag">StreamJsonRpc</span><span class="hljs-selector-class">.ConnectionLostException</span> : <span class="hljs-selector-tag">The</span> <span class="hljs-selector-tag">JSON-RPC</span> <span class="hljs-selector-tag">connection</span> <span class="hljs-selector-tag">with</span> <span class="hljs-selector-tag">the</span> <span class="hljs-selector-tag">remote</span> <span class="hljs-selector-tag">party</span> <span class="hljs-selector-tag">was</span> <span class="hljs-selector-tag">lost</span> <span class="hljs-selector-tag">before</span> <span class="hljs-selector-tag">the</span> <span class="hljs-selector-tag">request</span> <span class="hljs-selector-tag">could</span> <span class="hljs-selector-tag">complete</span>. <span class="hljs-selector-tag">---</span>&gt; <span class="hljs-selector-tag">System</span><span class="hljs-selector-class">.OperationCanceledException</span> : <span class="hljs-selector-tag">The</span> <span class="hljs-selector-tag">operation</span> <span class="hljs-selector-tag">was</span> <span class="hljs-selector-tag">canceled</span>.
   <span class="hljs-selector-tag">at</span> <span class="hljs-selector-tag">System</span><span class="hljs-selector-class">.Threading</span><span class="hljs-selector-class">.CancellationToken</span><span class="hljs-selector-class">.ThrowOperationCanceledException</span>()
   <span class="hljs-selector-tag">at</span> <span class="hljs-selector-tag">async</span> <span class="hljs-selector-tag">StreamJsonRpc</span><span class="hljs-selector-class">.MessageHandlerBase</span><span class="hljs-selector-class">.WriteAsync</span>()
   <span class="hljs-selector-tag">at</span> <span class="hljs-selector-tag">async</span> <span class="hljs-selector-tag">StreamJsonRpc</span><span class="hljs-selector-class">.JsonRpc</span><span class="hljs-selector-class">.TransmitAsync</span>()
   <span class="hljs-selector-tag">at</span> <span class="hljs-selector-tag">System</span><span class="hljs-selector-class">.Threading</span><span class="hljs-selector-class">.Tasks</span><span class="hljs-selector-class">.ValueTask</span><span class="hljs-selector-class">.ThrowIfCompletedUnsuccessfully</span>()
   <span class="hljs-selector-tag">at</span> <span class="hljs-selector-tag">async</span> <span class="hljs-selector-tag">StreamJsonRpc</span><span class="hljs-selector-class">.JsonRpc</span><span class="hljs-selector-class">.InvokeCoreAsync</span>()
   <span class="hljs-selector-tag">---</span> <span class="hljs-selector-tag">End</span> <span class="hljs-selector-tag">of</span> <span class="hljs-selector-tag">inner</span> <span class="hljs-selector-tag">exception</span> <span class="hljs-selector-tag">stack</span> <span class="hljs-selector-tag">trace</span> <span class="hljs-selector-tag">---</span>
   <span class="hljs-selector-tag">at</span> <span class="hljs-selector-tag">async</span> <span class="hljs-selector-tag">StreamJsonRpc</span><span class="hljs-selector-class">.JsonRpc</span><span class="hljs-selector-class">.InvokeCoreAsync</span>()
   <span class="hljs-selector-tag">at</span> <span class="hljs-selector-tag">async</span> <span class="hljs-selector-tag">StreamJsonRpc</span><span class="hljs-selector-class">.JsonRpc</span><span class="hljs-selector-class">.InvokeCoreAsync</span><span class="hljs-selector-attr">[TResult]</span>()
   <span class="hljs-selector-tag">at</span> <span class="hljs-selector-tag">async</span> <span class="hljs-selector-tag">Microsoft</span><span class="hljs-selector-class">.CodeAnalysis</span><span class="hljs-selector-class">.Remote</span><span class="hljs-selector-class">.RemoteEndPoint</span><span class="hljs-selector-class">.InvokeAsync</span><span class="hljs-selector-attr">[T]</span>()
</code></pre>
<p>In Windows Event Viewer:</p>
<pre><code><span class="hljs-selector-tag">Application</span>: <span class="hljs-selector-tag">ServiceHub</span><span class="hljs-selector-class">.RoslynCodeAnalysisService</span><span class="hljs-selector-class">.exe</span>
<span class="hljs-selector-tag">Framework</span> <span class="hljs-selector-tag">Version</span>: <span class="hljs-selector-tag">v4</span><span class="hljs-selector-class">.0</span><span class="hljs-selector-class">.30319</span>
<span class="hljs-selector-tag">Description</span>: <span class="hljs-selector-tag">The</span> <span class="hljs-selector-tag">application</span> <span class="hljs-selector-tag">requested</span> <span class="hljs-selector-tag">process</span> <span class="hljs-selector-tag">termination</span> <span class="hljs-selector-tag">through</span> <span class="hljs-selector-tag">System</span><span class="hljs-selector-class">.Environment</span><span class="hljs-selector-class">.FailFast</span>(<span class="hljs-selector-tag">string</span> <span class="hljs-selector-tag">message</span>).
<span class="hljs-selector-tag">Message</span>: <span class="hljs-selector-tag">System</span><span class="hljs-selector-class">.ArrayTypeMismatchException</span>: <span class="hljs-selector-tag">Source</span> <span class="hljs-selector-tag">array</span> <span class="hljs-selector-tag">type</span> <span class="hljs-selector-tag">cannot</span> <span class="hljs-selector-tag">be</span> <span class="hljs-selector-tag">assigned</span> <span class="hljs-selector-tag">to</span> <span class="hljs-selector-tag">destination</span> <span class="hljs-selector-tag">array</span> <span class="hljs-selector-tag">type</span>.
   <span class="hljs-selector-tag">at</span> <span class="hljs-selector-tag">System</span><span class="hljs-selector-class">.Array</span><span class="hljs-selector-class">.Copy</span>(<span class="hljs-selector-tag">Array</span> <span class="hljs-selector-tag">sourceArray</span>, <span class="hljs-selector-tag">Int32</span> <span class="hljs-selector-tag">sourceIndex</span>, <span class="hljs-selector-tag">Array</span> <span class="hljs-selector-tag">destinationArray</span>, <span class="hljs-selector-tag">Int32</span> <span class="hljs-selector-tag">destinationIndex</span>, <span class="hljs-selector-tag">Int32</span> <span class="hljs-selector-tag">length</span>, <span class="hljs-selector-tag">Boolean</span> <span class="hljs-selector-tag">reliable</span>)
   <span class="hljs-selector-tag">at</span> <span class="hljs-selector-tag">System</span><span class="hljs-selector-class">.Array</span><span class="hljs-selector-class">.Copy</span>(<span class="hljs-selector-tag">Array</span> <span class="hljs-selector-tag">sourceArray</span>, <span class="hljs-selector-tag">Array</span> <span class="hljs-selector-tag">destinationArray</span>, <span class="hljs-selector-tag">Int32</span> <span class="hljs-selector-tag">length</span>)
   <span class="hljs-selector-tag">at</span> <span class="hljs-selector-tag">System</span><span class="hljs-selector-class">.Collections</span><span class="hljs-selector-class">.Immutable</span><span class="hljs-selector-class">.ImmutableArray</span>`1<span class="hljs-selector-class">.InsertRange</span>(<span class="hljs-selector-tag">Int32</span> <span class="hljs-selector-tag">index</span>, <span class="hljs-selector-tag">ImmutableArray</span>`1 <span class="hljs-selector-tag">items</span>)
   <span class="hljs-selector-tag">at</span> <span class="hljs-selector-tag">Microsoft</span><span class="hljs-selector-class">.CodeAnalysis</span><span class="hljs-selector-class">.Diagnostics</span><span class="hljs-selector-class">.AnalyzerActions</span><span class="hljs-selector-class">.Append</span>(<span class="hljs-selector-tag">AnalyzerActions</span>&amp; <span class="hljs-selector-tag">otherActions</span>, <span class="hljs-selector-tag">Boolean</span> <span class="hljs-selector-tag">appendSymbolStartAndSymbolEndActions</span>)
   <span class="hljs-selector-tag">at</span> <span class="hljs-selector-tag">Microsoft</span><span class="hljs-selector-class">.CodeAnalysis</span><span class="hljs-selector-class">.Diagnostics</span><span class="hljs-selector-class">.AnalyzerDriver</span><span class="hljs-selector-class">.d__145</span><span class="hljs-selector-class">.MoveNext</span>()
<span class="hljs-selector-tag">---</span> <span class="hljs-selector-tag">End</span> <span class="hljs-selector-tag">of</span> <span class="hljs-selector-tag">stack</span> <span class="hljs-selector-tag">trace</span> <span class="hljs-selector-tag">from</span> <span class="hljs-selector-tag">previous</span> <span class="hljs-selector-tag">location</span> <span class="hljs-selector-tag">where</span> <span class="hljs-selector-tag">exception</span> <span class="hljs-selector-tag">was</span> <span class="hljs-selector-tag">thrown</span> <span class="hljs-selector-tag">---</span>
   <span class="hljs-selector-tag">at</span> <span class="hljs-selector-tag">System</span><span class="hljs-selector-class">.Runtime</span><span class="hljs-selector-class">.ExceptionServices</span><span class="hljs-selector-class">.ExceptionDispatchInfo</span><span class="hljs-selector-class">.Throw</span>()
   <span class="hljs-selector-tag">at</span> <span class="hljs-selector-tag">System</span><span class="hljs-selector-class">.Runtime</span><span class="hljs-selector-class">.CompilerServices</span><span class="hljs-selector-class">.TaskAwaiter</span><span class="hljs-selector-class">.HandleNonSuccessAndDebuggerNotification</span>(<span class="hljs-selector-tag">Task</span> <span class="hljs-selector-tag">task</span>)
   <span class="hljs-selector-tag">at</span> <span class="hljs-selector-tag">Microsoft</span><span class="hljs-selector-class">.CodeAnalysis</span><span class="hljs-selector-class">.Diagnostics</span><span class="hljs-selector-class">.AnalyzerDriver</span>.&lt;&gt;<span class="hljs-selector-tag">c__DisplayClass84_0</span><span class="hljs-selector-class">.d</span><span class="hljs-selector-class">.MoveNext</span>()
<span class="hljs-selector-tag">---</span> <span class="hljs-selector-tag">End</span> <span class="hljs-selector-tag">of</span> <span class="hljs-selector-tag">stack</span> <span class="hljs-selector-tag">trace</span> <span class="hljs-selector-tag">from</span> <span class="hljs-selector-tag">previous</span> <span class="hljs-selector-tag">location</span> <span class="hljs-selector-tag">where</span> <span class="hljs-selector-tag">exception</span> <span class="hljs-selector-tag">was</span> <span class="hljs-selector-tag">thrown</span> <span class="hljs-selector-tag">---</span>
   <span class="hljs-selector-tag">at</span> <span class="hljs-selector-tag">System</span><span class="hljs-selector-class">.Runtime</span><span class="hljs-selector-class">.ExceptionServices</span><span class="hljs-selector-class">.ExceptionDispatchInfo</span><span class="hljs-selector-class">.Throw</span>()
   <span class="hljs-selector-tag">at</span> <span class="hljs-selector-tag">System</span><span class="hljs-selector-class">.Runtime</span><span class="hljs-selector-class">.CompilerServices</span><span class="hljs-selector-class">.TaskAwaiter</span><span class="hljs-selector-class">.HandleNonSuccessAndDebuggerNotification</span>(<span class="hljs-selector-tag">Task</span> <span class="hljs-selector-tag">task</span>)
   <span class="hljs-selector-tag">at</span> <span class="hljs-selector-tag">Microsoft</span><span class="hljs-selector-class">.CodeAnalysis</span><span class="hljs-selector-class">.Diagnostics</span><span class="hljs-selector-class">.CompilationWithAnalyzers</span><span class="hljs-selector-class">.d__70</span><span class="hljs-selector-class">.MoveNext</span>()
<span class="hljs-selector-tag">Stack</span>:
   <span class="hljs-selector-tag">at</span> <span class="hljs-selector-tag">System</span><span class="hljs-selector-class">.Environment</span><span class="hljs-selector-class">.FailFast</span>(<span class="hljs-selector-tag">System</span><span class="hljs-selector-class">.String</span>, <span class="hljs-selector-tag">System</span><span class="hljs-selector-class">.Exception</span>)
   <span class="hljs-selector-tag">at</span> <span class="hljs-selector-tag">Microsoft</span><span class="hljs-selector-class">.CodeAnalysis</span><span class="hljs-selector-class">.FailFast</span><span class="hljs-selector-class">.OnFatalException</span>(<span class="hljs-selector-tag">System</span><span class="hljs-selector-class">.Exception</span>)
   <span class="hljs-selector-tag">at</span> <span class="hljs-selector-tag">Microsoft</span><span class="hljs-selector-class">.CodeAnalysis</span><span class="hljs-selector-class">.FatalError</span><span class="hljs-selector-class">.ReportUnlessCanceled</span>(<span class="hljs-selector-tag">System</span><span class="hljs-selector-class">.Exception</span>)
   <span class="hljs-selector-tag">at</span> <span class="hljs-selector-tag">Microsoft</span><span class="hljs-selector-class">.CodeAnalysis</span><span class="hljs-selector-class">.Diagnostics</span><span class="hljs-selector-class">.CompilationWithAnalyzers</span>+<span class="hljs-selector-tag">d__70</span><span class="hljs-selector-class">.MoveNext</span>()
   <span class="hljs-selector-tag">at</span> <span class="hljs-selector-tag">System</span><span class="hljs-selector-class">.Runtime</span><span class="hljs-selector-class">.ExceptionServices</span><span class="hljs-selector-class">.ExceptionDispatchInfo</span><span class="hljs-selector-class">.Throw</span>()
   <span class="hljs-selector-tag">at</span> <span class="hljs-selector-tag">System</span><span class="hljs-selector-class">.Runtime</span><span class="hljs-selector-class">.CompilerServices</span><span class="hljs-selector-class">.TaskAwaiter</span><span class="hljs-selector-class">.HandleNonSuccessAndDebuggerNotification</span>(<span class="hljs-selector-tag">System</span><span class="hljs-selector-class">.Threading</span><span class="hljs-selector-class">.Tasks</span><span class="hljs-selector-class">.Task</span>)
   <span class="hljs-selector-tag">at</span> <span class="hljs-selector-tag">Microsoft</span><span class="hljs-selector-class">.CodeAnalysis</span><span class="hljs-selector-class">.Diagnostics</span><span class="hljs-selector-class">.CompilationWithAnalyzers</span>+<span class="hljs-selector-tag">d__70</span><span class="hljs-selector-class">.MoveNext</span>()
   <span class="hljs-selector-tag">at</span> <span class="hljs-selector-tag">System</span><span class="hljs-selector-class">.Threading</span><span class="hljs-selector-class">.ExecutionContext</span><span class="hljs-selector-class">.RunInternal</span>(<span class="hljs-selector-tag">System</span><span class="hljs-selector-class">.Threading</span><span class="hljs-selector-class">.ExecutionContext</span>, <span class="hljs-selector-tag">System</span><span class="hljs-selector-class">.Threading</span><span class="hljs-selector-class">.ContextCallback</span>, <span class="hljs-selector-tag">System</span><span class="hljs-selector-class">.Object</span>, <span class="hljs-selector-tag">Boolean</span>)
   <span class="hljs-selector-tag">at</span> <span class="hljs-selector-tag">System</span><span class="hljs-selector-class">.Threading</span><span class="hljs-selector-class">.ExecutionContext</span><span class="hljs-selector-class">.Run</span>(<span class="hljs-selector-tag">System</span><span class="hljs-selector-class">.Threading</span><span class="hljs-selector-class">.ExecutionContext</span>, <span class="hljs-selector-tag">System</span><span class="hljs-selector-class">.Threading</span><span class="hljs-selector-class">.ContextCallback</span>, <span class="hljs-selector-tag">System</span><span class="hljs-selector-class">.Object</span>, <span class="hljs-selector-tag">Boolean</span>)
   <span class="hljs-selector-tag">at</span> <span class="hljs-selector-tag">System</span><span class="hljs-selector-class">.Runtime</span><span class="hljs-selector-class">.CompilerServices</span><span class="hljs-selector-class">.AsyncMethodBuilderCore</span>+<span class="hljs-selector-tag">MoveNextRunner</span><span class="hljs-selector-class">.Run</span>()
   <span class="hljs-selector-tag">at</span> <span class="hljs-selector-tag">System</span><span class="hljs-selector-class">.Threading</span><span class="hljs-selector-class">.Tasks</span><span class="hljs-selector-class">.AwaitTaskContinuation</span><span class="hljs-selector-class">.RunOrScheduleAction</span>(<span class="hljs-selector-tag">System</span><span class="hljs-selector-class">.Action</span>, <span class="hljs-selector-tag">Boolean</span>, <span class="hljs-selector-tag">System</span><span class="hljs-selector-class">.Threading</span><span class="hljs-selector-class">.Tasks</span><span class="hljs-selector-class">.Task</span> <span class="hljs-selector-tag">ByRef</span>)
   <span class="hljs-selector-tag">at</span> <span class="hljs-selector-tag">System</span><span class="hljs-selector-class">.Threading</span><span class="hljs-selector-class">.Tasks</span><span class="hljs-selector-class">.Task</span><span class="hljs-selector-class">.FinishContinuations</span>()
   <span class="hljs-selector-tag">at</span> <span class="hljs-selector-tag">System</span><span class="hljs-selector-class">.Threading</span><span class="hljs-selector-class">.Tasks</span><span class="hljs-selector-class">.Task</span><span class="hljs-selector-class">.Finish</span>(<span class="hljs-selector-tag">Boolean</span>)
   <span class="hljs-selector-tag">at</span> <span class="hljs-selector-tag">System</span><span class="hljs-selector-class">.Threading</span><span class="hljs-selector-class">.Tasks</span><span class="hljs-selector-class">.Task</span>`1<span class="hljs-selector-attr">[[System.Threading.Tasks.VoidTaskResult, mscorlib, Version=4.0.0.0, Culture=neutral, PublicKeyToken=b77a5c561934e089]</span>]<span class="hljs-selector-class">.TrySetException</span>(<span class="hljs-selector-tag">System</span><span class="hljs-selector-class">.Object</span>)
   <span class="hljs-selector-tag">at</span> <span class="hljs-selector-tag">System</span><span class="hljs-selector-class">.Threading</span><span class="hljs-selector-class">.Tasks</span><span class="hljs-selector-class">.UnwrapPromise</span>`1<span class="hljs-selector-attr">[[System.Threading.Tasks.VoidTaskResult, mscorlib, Version=4.0.0.0, Culture=neutral, PublicKeyToken=b77a5c561934e089]</span>]<span class="hljs-selector-class">.TrySetFromTask</span>(<span class="hljs-selector-tag">System</span><span class="hljs-selector-class">.Threading</span><span class="hljs-selector-class">.Tasks</span><span class="hljs-selector-class">.Task</span>, <span class="hljs-selector-tag">Boolean</span>)
   <span class="hljs-selector-tag">at</span> <span class="hljs-selector-tag">System</span><span class="hljs-selector-class">.Threading</span><span class="hljs-selector-class">.Tasks</span><span class="hljs-selector-class">.UnwrapPromise</span>`1<span class="hljs-selector-attr">[[System.Threading.Tasks.VoidTaskResult, mscorlib, Version=4.0.0.0, Culture=neutral, PublicKeyToken=b77a5c561934e089]</span>]<span class="hljs-selector-class">.ProcessInnerTask</span>(<span class="hljs-selector-tag">System</span><span class="hljs-selector-class">.Threading</span><span class="hljs-selector-class">.Tasks</span><span class="hljs-selector-class">.Task</span>)
   <span class="hljs-selector-tag">at</span> <span class="hljs-selector-tag">System</span><span class="hljs-selector-class">.Threading</span><span class="hljs-selector-class">.Tasks</span><span class="hljs-selector-class">.UnwrapPromise</span>`1<span class="hljs-selector-attr">[[System.Threading.Tasks.VoidTaskResult, mscorlib, Version=4.0.0.0, Culture=neutral, PublicKeyToken=b77a5c561934e089]</span>]<span class="hljs-selector-class">.ProcessCompletedOuterTask</span>(<span class="hljs-selector-tag">System</span><span class="hljs-selector-class">.Threading</span><span class="hljs-selector-class">.Tasks</span><span class="hljs-selector-class">.Task</span>)
   <span class="hljs-selector-tag">at</span> <span class="hljs-selector-tag">System</span><span class="hljs-selector-class">.Threading</span><span class="hljs-selector-class">.Tasks</span><span class="hljs-selector-class">.UnwrapPromise</span>`1<span class="hljs-selector-attr">[[System.Threading.Tasks.VoidTaskResult, mscorlib, Version=4.0.0.0, Culture=neutral, PublicKeyToken=b77a5c561934e089]</span>]<span class="hljs-selector-class">.Invoke</span>(<span class="hljs-selector-tag">System</span><span class="hljs-selector-class">.Threading</span><span class="hljs-selector-class">.Tasks</span><span class="hljs-selector-class">.Task</span>)
   <span class="hljs-selector-tag">at</span> <span class="hljs-selector-tag">System</span><span class="hljs-selector-class">.Threading</span><span class="hljs-selector-class">.Tasks</span><span class="hljs-selector-class">.Task</span><span class="hljs-selector-class">.FinishContinuations</span>()
   <span class="hljs-selector-tag">at</span> <span class="hljs-selector-tag">System</span><span class="hljs-selector-class">.Threading</span><span class="hljs-selector-class">.Tasks</span><span class="hljs-selector-class">.Task</span><span class="hljs-selector-class">.Finish</span>(<span class="hljs-selector-tag">Boolean</span>)
   <span class="hljs-selector-tag">at</span> <span class="hljs-selector-tag">System</span><span class="hljs-selector-class">.Threading</span><span class="hljs-selector-class">.Tasks</span><span class="hljs-selector-class">.Task</span><span class="hljs-selector-class">.ExecuteWithThreadLocal</span>(<span class="hljs-selector-tag">System</span><span class="hljs-selector-class">.Threading</span><span class="hljs-selector-class">.Tasks</span><span class="hljs-selector-class">.Task</span> <span class="hljs-selector-tag">ByRef</span>)
   <span class="hljs-selector-tag">at</span> <span class="hljs-selector-tag">System</span><span class="hljs-selector-class">.Threading</span><span class="hljs-selector-class">.Tasks</span><span class="hljs-selector-class">.Task</span><span class="hljs-selector-class">.ExecuteEntry</span>(<span class="hljs-selector-tag">Boolean</span>)
   <span class="hljs-selector-tag">at</span> <span class="hljs-selector-tag">System</span><span class="hljs-selector-class">.Threading</span><span class="hljs-selector-class">.ThreadPoolWorkQueue</span><span class="hljs-selector-class">.Dispatch</span>()
</code></pre>
<p>This is really bad for me. It avoids me to run tests and quickly recognize classes and functions by colors, and also Access to codelens references.<br>
Do I need to do anything after updating from 16.8.4 to this version ?</p>

#### Feedback Bot on 3/18/2021, 10:11 AM: 

<p>We have directed your feedback to the appropriate engineering team for further evaluation. The team will review the feedback and notify you about the next steps.</p>

#### Feedback Bot on 4/5/2021, 09:32 AM: 

<p>This issue is currently being investigated. Our team will get back to you if either more information is needed, a workaround is available, or the issue is resolved.</p>

---
#### Feedback Bot solved on 1/27/2021, 10:32 PM, 0 votes: 

We are unable to investigate this issue further without the additional information requested. If you are able to provide more information, you can request the issue being reactivate below. See our [guidelines](https://aka.ms/vsfeedbackguidelines) for further information about our process.

#### Arash Shabbeh on 1/30/2021, 00:27 AM: 

<p>I've added new information about the above issue in comments. please check it out &lt;3</p>

**Comment by sharwell** [comment]
The following is a summary of the investigation provided by @ChrisAhna:

The problem happened during the `AnalyzerActions.Append` call made in this fragment of code from `AnalyzerDriver.GetAnalyzerActionsAsync`:

https://github.com/dotnet/roslyn/blob/9ed4b774d20940880de8df1ca8b07508aa01c8cd/src/Compilers/Core/Portable/DiagnosticAnalyzer/AnalyzerDriver.cs#L1963-L1964

Running `kn` in the dump file, this call shows up as the call from frame 06 to frame 05:

```
...
05 000000b1`4dd3d260 00007ffd`0917f57e Microsoft_CodeAnalysis_ni!Microsoft.CodeAnalysis.Diagnostics.AnalyzerActions.Append(Microsoft.CodeAnalysis.Diagnostics.AnalyzerActions ByRef, Boolean)+0x3ec
                     ↑↑↑↑↑↑↑↑↑↑↑↑↑↑↑↑↑
06 000000b1`4dd3d3d0 00007ffd`2a41df60 Microsoft_CodeAnalysis_ni!Microsoft.CodeAnalysis.Diagnostics.AnalyzerDriver+<GetAnalyzerActionsAsync>d__145.MoveNext()+0x53e
...
```

The address marked with `↑` is the return address from `AnalyzerActions.Append` back to `AnalyzerDriver.GetAnalyzerActionsAsync`.  Running `!U` on this address shows all of the native code for the `MoveNext` function in the async state machine that drives `GetAnalyzerActionsAsync`.  This generates a lot of output, but shows the code that ran leading up to the `AnalyzerActions.Append` call.  Here is a listing of that code with a bunch of inline comments describing some relevant details (and note that I did some extra checks to ensure that all of this runs before each call, as opposed to having paths that branch into the middle of this section and therefore skip the early parts):

```
0:040> !U 00007ffd`0917f57e
preJIT generated code
Microsoft.CodeAnalysis.Diagnostics.AnalyzerDriver+<GetAnalyzerActionsAsync>d__145.MoveNext()
Begin 00007ffd0917f040, size 6f0
00007ffd`0917f040 55              push    rbp
...

    //
    // As described below, at the time of the call, the "otherActions" struct
    // passed to AnalyzerActions.Append is stored in the slots starting at
    // [rbp-150].
    //
    // The AnalyzerActions struct is 0x90 bytes in size (which equates to
    // 0x12 qwords).  The code below takes the AnalyzerAction struct instance
    // stored at [rbp-768] and copies it into the slots at [rbp-150].
    //
    // The C# fragment above shows that a single "analyzerActions" is loaded,
    // immediately passed by-reference to AnalyzerActions.Append, and the not
    // used beyond that point.  I don't know why the compiled code makes two
    // copies of the struct content as part of this process, but would guess
    // it has something to do with the overall control flow being complicated
    // because the "analyzerActions" is loaded at an await point as opposed
    // to being loaded by a "normal" call.
    //
    // In any case, the result is that the AnalyzerActions.Append call occurs
    // at a point where there are two copies of the "otherActions" struct on
    // the local stack frame, one at [rbp-768] and one at [rbp-150].
    //

00007ffd`0917f539 488dbdb0feffff  lea     rdi,[rbp-150h]
00007ffd`0917f540 488db598f8ffff  lea     rsi,[rbp-768h]
00007ffd`0917f547 b912000000      mov     ecx,12h
00007ffd`0917f54c f348a5          rep movs qword ptr [rdi],qword ptr [rsi]

    //
    // The AnalyzerActions.Append function has the following signature:
    //
    //      public readonly AnalyzerActions Append(in AnalyzerActions otherActions, bool appendSymbolStartAndSymbolEndActions = true)
    //
    // AnalyzerActions is a struct, so "this" is a struct, and the return
    // value is also a struct.  On amd64, the first four arguments are passed
    // in rcx/rdx/r8/r9.  In this case, the specific calling convention that
    // CLR uses for managed code means the arguments are passed:
    //
    //      rcx: Supplies the "this" argument, which in this case is a pointer to
    //          the "allAnalyzerActions" variable.
    //
    //      rdx: Supplies a pointer to the buffer where the return value should be
    //          stored.  This also points to "allAnalyzerActions variable" since that
    //          is where the callsite stores the result (as shown in the C# fragment
    //          above).
    //
    //      r8: Supplies the "otherActions" argument.  This argument is an
    //          instance of the AnalyzerActions struct that is passed by-reference
    //          (due to being an "in" argument), meaning the caller passes a pointer
    //          to the struct instance being passed.
    //
    //      r9: Supplies the "appendSymbolStartAndSymbolEndActions" argument,
    //          which will be 0x1 in this case (since the callsite doesn't specify a
    //          value, meaning the default "true" value will be used.
    //
    // "allAnalyzerActions" is a local variable in GetAnalyzerActionsAsync,
    // but the async state machine transformation means it is physically a
    // field on the state machine structure.  In this case, the pointer to
    // the state machine structure is stored in [rbp+10] (this can be seen in
    // the early part of the !U output).
    //

        //
        // Load rcx with a pointer to the "allAnalyzerActions" variable (stored
        // at offset 0x40 in the state machine).
        //

00007ffd`0917f54f 488b4d10        mov     rcx,qword ptr [rbp+10h]
00007ffd`0917f553 3909            cmp     dword ptr [rcx],ecx
00007ffd`0917f555 488b4d10        mov     rcx,qword ptr [rbp+10h]
00007ffd`0917f559 4883c140        add     rcx,40h

        //
        // Load rdx with a pointer to the "allAnalyzerActions" variable (stored
        // at offset 0x40 in the state machine).
        //

00007ffd`0917f55d 488b5510        mov     rdx,qword ptr [rbp+10h]
00007ffd`0917f561 3912            cmp     dword ptr [rdx],edx
00007ffd`0917f563 488b5510        mov     rdx,qword ptr [rbp+10h]
00007ffd`0917f567 4883c240        add     rdx,40h

        //
        // Load r8 with a pointer to [rbp-150].  This implies that the
        // "otherActions" struct passed to the AnalyzerActions.Append is stored
        // in the current stack frame starting at the [rbp-150] slot.
        //

00007ffd`0917f56b 4c8d85b0feffff  lea     r8,[rbp-150h]

        //
        // Load r9 with 0x1.
        //

00007ffd`0917f572 41b901000000    mov     r9d,1

        //
        // Make the call to AnalyzerActions.Append.
        //

00007ffd`0917f578 ff153a5cc3ff    call    qword ptr [Microsoft_CodeAnalysis_ni+0x3351b8 (00007ffd`08db51b8)] (Microsoft.CodeAnalysis.Diagnostics.AnalyzerActions.Append(Microsoft.CodeAnalysis.Diagnostics.AnalyzerActions ByRef, Boolean), mdToken: 000000000600236b)

    //
    // The crash happened inside of the preceding call, which is why this
    // return address is still on the stack at crash time.
    //

>>> 00007ffd`0917f57e 488b4d10        mov     rcx,qword ptr [rbp+10h]
...
```

For this investigation, the important thing is that each time this `AnalyzerActions.Append` call executes, the local stack frame contains two copies of the `otherActions` struct, one at [rbp-150] and one at [rbp-768].

The `MoveNext` function is frame 06 (as shown above), so `.frame /c 06` makes the associated rbp available.  Since `AnalyzerActions.Append` doesn’t modify the `otherActions` argument (and therefore doesn’t modify the buffer at [rbp-150]), the two copies should always be identical.  That said, using XOR to check for differences shows that the 3rd-to-last entry differs in a single bit position:

```
0:040> .frame /c 06
rip=00007ffd0917f57e rsp=000000b14dd3d3d0 rbp=000000b14dd3dca0
Microsoft_CodeAnalysis_ni!Microsoft.CodeAnalysis.Diagnostics.AnalyzerDriver+<GetAnalyzerActionsAsync>d__145.MoveNext()+0x53e:
00007ffd`0917f57e 488b4d10        mov     rcx,qword ptr [rbp+10h] ss:000000b1`4dd3dcb0=0000026ee2d18bb0

0:040> ?@rbp-150
Evaluate expression: 761514941264 = 000000b1`4dd3db50

0:040> ?@rbp-768
Evaluate expression: 761514939704 = 000000b1`4dd3d538

0:040> .cxr
Resetting default scope

0:040> as /x RbpMinus150 000000b1`4dd3db50

0:040> as /x RbpMinus768 000000b1`4dd3d538

0:040> .for (r$t0 = 0; @$t0 < 0x90; r$t0 = (@$t0 + 8)) { r$t1=poi(@$t0 + ${RbpMinus150}); r$t2=poi(@$t0 + ${RbpMinus768}); ?(@$t1 ^ @$t2); }
Evaluate expression: 0 = 00000000`00000000
Evaluate expression: 0 = 00000000`00000000
Evaluate expression: 0 = 00000000`00000000
Evaluate expression: 0 = 00000000`00000000
Evaluate expression: 0 = 00000000`00000000
Evaluate expression: 0 = 00000000`00000000
Evaluate expression: 0 = 00000000`00000000
Evaluate expression: 0 = 00000000`00000000
Evaluate expression: 0 = 00000000`00000000
Evaluate expression: 0 = 00000000`00000000
Evaluate expression: 0 = 00000000`00000000
Evaluate expression: 0 = 00000000`00000000
Evaluate expression: 0 = 00000000`00000000
Evaluate expression: 0 = 00000000`00000000
Evaluate expression: 0 = 00000000`00000000
Evaluate expression: 33554432 = 00000000`02000000
↑↑↑↑↑↑↑↑↑↑↑↑↑↑↑↑↑↑↑↑↑↑↑↑↑↑↑↑↑↑↑↑↑↑↑↑↑↑↑↑↑↑↑↑↑↑↑↑↑
Evaluate expression: 0 = 00000000`00000000
Evaluate expression: 0 = 00000000`00000000
```

The differing fields are at offset 0x78 within the 0x90 byte structure.  Looking at the full values:

```
0:040> ?poi(78+${RbpMinus150})
Evaluate expression: 2675166405344 = 0000026e`dc57e2e0
                                               ↑

0:040> ?poi(78+${RbpMinus768})
Evaluate expression: 2675199959776 = 0000026e`de57e2e0
                                               ↑
```

The exact point where the dump file was collected doesn’t make it easy to see the exact state that was loaded into the processor when the AccessViolationException fault occurred.  That said, all of this exact state is available inline within the FaultingExceptionFrame that CLR establishes when dispatching the fault:

```
0:040> !clrstack
OS Thread Id: 0x2aec (40)
        Child SP               IP Call Site
000000b14dd3ccf0 00007ffd5a94a839 [FaultingExceptionFrame: 000000b14dd3ccf0]
...

0:040> dt clr!FaultingExceptionFrame 000000b14dd3ccf0
   ...
   +0x020 m_ctx            : _CONTEXT

0:040> .cxr 20+000000b14dd3ccf0
rax=0000026ede57e2e0 rbx=0000026ee2e08c50 rcx=000000b14dd3d288
rdx=00007ffd08b37638 rsi=0000000000000001 rdi=0000026edc57e2e0
rip=00007ffcccfc3e5d rsp=000000b14dd3d1f0 rbp=0000000000000001
r8=0000000000000001  r9=0000026edc57e2e0 r10=0000000000000008
r11=000000b14dd3d1c0 r12=000000b14dd3fa01 r13=000000b14dd3f070
r14=000000b14dd3d310 r15=0000026ee009b478
iopl=0         nv up ei pl nz na po nc
cs=0033  ss=002b  ds=002b  es=002b  fs=0053  gs=002b             efl=00010206
System_Collections_Immutable!System.Collections.Immutable.ImmutableArray`1[[System.__Canon, mscorlib]].InsertRange(Int32, System.Collections.Immutable.ImmutableArray`1<System.__Canon>)+0x1d:
00007ffc`ccfc3e5d 448b7708        mov     r14d,dword ptr [rdi+8] ds:0000026e`dc57e2e8=????????
```

The rdi value that caused the crash exactly matches the value found at offset 0x78 in the `otherActions` struct at [rbp-150] (as shown above).  That said, the value found at offset 0x78 in the struct at [rbp-768] is a valid reference to exactly the type of object that we’d expect to see in the faulting code:

```
0:040> !lno 0000026e`de57e2e0
Current: 0000026ede57e2e0           24 (0x18)   Microsoft.CodeAnalysis.Diagnostics.OperationBlockAnalyzerAction[]
```

So the evidence says all of the following things:

* [rbp-150] holds the `otherActions` struct, it was copied from [rbp-768] immediately before the `AnalyzerActions.Append` call, and the copies at [rbp-150] and [rbp-678] really should be identical in all cases.
* In this dump file, the field at offset 0x78 differs between the two, but only differs in a single bit position (i.e., bit position 25, i.e., bitmask 0x02000000).
* The offset 0x78 value in the [rbp-768] struct is a valid reference to an object of the expected type, but the offset 0x78 value in the [rbp-150] struct is an invalid pointer that refers to an unmapped part of the address space.

Since all of this is happening in "ordinary" C# code (as opposed to C# code driving intricate cross-thread interactions, etc), and since we haven’t been seeing crashes like this from other customers, the most likely explanation is that the "off by one bit" reference found at offset 0x78 in the [rbp-150] struct was generated by some transient hardware error that occurred during or near the `rep movs` instruction that copied the [rbp-768] buffer over into the slots at [rbp-150].

We can take a closer look if this customer (or any other customer) sees different machines run into similar crashes in the same code.  Otherwise, there isn’t any more investigation that we can do at this point.

**Comment by iamr8** [comment]
Hi, i am the developer that opened this issue in Developer Community

Yes, unfortunately after trying to reproduce this issue in another machine, i got this is caused by my own machine's hardware, and new machine got no error. But I don't know exactly which hardware is corrupted to fix it.

Thanks for your consideration 🙏🏽
